[0.256s] DEBUG:colcon:Command line arguments: ['/usr/bin/colcon', 'build', '--symlink-install']
[0.256s] DEBUG:colcon:Parsed command line arguments: Namespace(log_base=None, log_level=None, verb_name='build', build_base='build', install_base='install', merge_install=False, symlink_install=True, test_result_base=None, continue_on_error=False, executor='parallel', parallel_workers=3, event_handlers=None, ignore_user_meta=False, metas=['./colcon.meta'], base_paths=['.'], packages_ignore=None, packages_ignore_regex=None, paths=None, packages_up_to=None, packages_up_to_regex=None, packages_above=None, packages_above_and_dependencies=None, packages_above_depth=None, packages_select_by_dep=None, packages_skip_by_dep=None, packages_skip_up_to=None, packages_select_build_failed=False, packages_skip_build_finished=False, packages_select_test_failures=False, packages_skip_test_passed=False, packages_select=None, packages_skip=None, packages_select_regex=None, packages_skip_regex=None, packages_start=None, packages_end=None, allow_overriding=[], cmake_args=None, cmake_target=None, cmake_target_skip_unavailable=False, cmake_clean_cache=False, cmake_clean_first=False, cmake_force_configure=False, ament_cmake_args=None, catkin_cmake_args=None, catkin_skip_building_tests=False, verb_parser=<colcon_defaults.argument_parser.defaults.DefaultArgumentsDecorator object at 0x72f399013d60>, verb_extension=<colcon_core.verb.build.BuildVerb object at 0x72f399013910>, main=<bound method BuildVerb.main of <colcon_core.verb.build.BuildVerb object at 0x72f399013910>>)
[0.637s] Level 1:colcon.colcon_core.package_discovery:discover_packages(colcon_meta) check parameters
[0.638s] Level 1:colcon.colcon_core.package_discovery:discover_packages(recursive) check parameters
[0.638s] Level 1:colcon.colcon_core.package_discovery:discover_packages(ignore) check parameters
[0.638s] Level 1:colcon.colcon_core.package_discovery:discover_packages(path) check parameters
[0.638s] Level 1:colcon.colcon_core.package_discovery:discover_packages(colcon_meta) discover
[0.638s] Level 1:colcon.colcon_core.package_discovery:discover_packages(recursive) discover
[0.638s] INFO:colcon.colcon_core.package_discovery:Crawling recursively for packages in '/home/primerobotics/BuddyArm'
[0.638s] Level 1:colcon.colcon_core.package_identification:_identify(.) by extensions ['ignore', 'ignore_ament_install']
[0.638s] Level 1:colcon.colcon_core.package_identification:_identify(.) by extension 'ignore'
[0.638s] Level 1:colcon.colcon_core.package_identification:_identify(.) by extension 'ignore_ament_install'
[0.638s] Level 1:colcon.colcon_core.package_identification:_identify(.) by extensions ['colcon_pkg']
[0.639s] Level 1:colcon.colcon_core.package_identification:_identify(.) by extension 'colcon_pkg'
[0.639s] Level 1:colcon.colcon_core.package_identification:_identify(.) by extensions ['colcon_meta']
[0.639s] Level 1:colcon.colcon_core.package_identification:_identify(.) by extension 'colcon_meta'
[0.639s] Level 1:colcon.colcon_core.package_identification:_identify(.) by extensions ['ros']
[0.639s] Level 1:colcon.colcon_core.package_identification:_identify(.) by extension 'ros'
[0.668s] Level 1:colcon.colcon_core.package_identification:_identify(.) by extensions ['cmake', 'python']
[0.668s] Level 1:colcon.colcon_core.package_identification:_identify(.) by extension 'cmake'
[0.668s] Level 1:colcon.colcon_core.package_identification:_identify(.) by extension 'python'
[0.668s] Level 1:colcon.colcon_core.package_identification:_identify(.) by extensions ['python_setup_py']
[0.668s] Level 1:colcon.colcon_core.package_identification:_identify(.) by extension 'python_setup_py'
[0.669s] Level 1:colcon.colcon_core.package_identification:_identify(build) by extensions ['ignore', 'ignore_ament_install']
[0.669s] Level 1:colcon.colcon_core.package_identification:_identify(build) by extension 'ignore'
[0.669s] Level 1:colcon.colcon_core.package_identification:_identify(build) ignored
[0.669s] Level 1:colcon.colcon_core.package_identification:_identify(install) by extensions ['ignore', 'ignore_ament_install']
[0.669s] Level 1:colcon.colcon_core.package_identification:_identify(install) by extension 'ignore'
[0.669s] Level 1:colcon.colcon_core.package_identification:_identify(install) ignored
[0.669s] Level 1:colcon.colcon_core.package_identification:_identify(log) by extensions ['ignore', 'ignore_ament_install']
[0.670s] Level 1:colcon.colcon_core.package_identification:_identify(log) by extension 'ignore'
[0.670s] Level 1:colcon.colcon_core.package_identification:_identify(log) ignored
[0.670s] Level 1:colcon.colcon_core.package_identification:_identify(src) by extensions ['ignore', 'ignore_ament_install']
[0.670s] Level 1:colcon.colcon_core.package_identification:_identify(src) by extension 'ignore'
[0.670s] Level 1:colcon.colcon_core.package_identification:_identify(src) by extension 'ignore_ament_install'
[0.670s] Level 1:colcon.colcon_core.package_identification:_identify(src) by extensions ['colcon_pkg']
[0.670s] Level 1:colcon.colcon_core.package_identification:_identify(src) by extension 'colcon_pkg'
[0.670s] Level 1:colcon.colcon_core.package_identification:_identify(src) by extensions ['colcon_meta']
[0.670s] Level 1:colcon.colcon_core.package_identification:_identify(src) by extension 'colcon_meta'
[0.670s] Level 1:colcon.colcon_core.package_identification:_identify(src) by extensions ['ros']
[0.670s] Level 1:colcon.colcon_core.package_identification:_identify(src) by extension 'ros'
[0.671s] Level 1:colcon.colcon_core.package_identification:_identify(src) by extensions ['cmake', 'python']
[0.671s] Level 1:colcon.colcon_core.package_identification:_identify(src) by extension 'cmake'
[0.671s] Level 1:colcon.colcon_core.package_identification:_identify(src) by extension 'python'
[0.671s] Level 1:colcon.colcon_core.package_identification:_identify(src) by extensions ['python_setup_py']
[0.671s] Level 1:colcon.colcon_core.package_identification:_identify(src) by extension 'python_setup_py'
[0.671s] Level 1:colcon.colcon_core.package_identification:_identify(src/arm_controller) by extensions ['ignore', 'ignore_ament_install']
[0.671s] Level 1:colcon.colcon_core.package_identification:_identify(src/arm_controller) by extension 'ignore'
[0.671s] Level 1:colcon.colcon_core.package_identification:_identify(src/arm_controller) by extension 'ignore_ament_install'
[0.671s] Level 1:colcon.colcon_core.package_identification:_identify(src/arm_controller) by extensions ['colcon_pkg']
[0.672s] Level 1:colcon.colcon_core.package_identification:_identify(src/arm_controller) by extension 'colcon_pkg'
[0.672s] Level 1:colcon.colcon_core.package_identification:_identify(src/arm_controller) by extensions ['colcon_meta']
[0.672s] Level 1:colcon.colcon_core.package_identification:_identify(src/arm_controller) by extension 'colcon_meta'
[0.672s] Level 1:colcon.colcon_core.package_identification:_identify(src/arm_controller) by extensions ['ros']
[0.672s] Level 1:colcon.colcon_core.package_identification:_identify(src/arm_controller) by extension 'ros'
[0.677s] DEBUG:colcon.colcon_core.package_identification:Package 'src/arm_controller' with type 'ros.ament_cmake' and name 'arm_controller'
[0.677s] Level 1:colcon.colcon_core.package_identification:_identify(src/buddy_arm_bringup) by extensions ['ignore', 'ignore_ament_install']
[0.678s] Level 1:colcon.colcon_core.package_identification:_identify(src/buddy_arm_bringup) by extension 'ignore'
[0.678s] Level 1:colcon.colcon_core.package_identification:_identify(src/buddy_arm_bringup) by extension 'ignore_ament_install'
[0.678s] Level 1:colcon.colcon_core.package_identification:_identify(src/buddy_arm_bringup) by extensions ['colcon_pkg']
[0.678s] Level 1:colcon.colcon_core.package_identification:_identify(src/buddy_arm_bringup) by extension 'colcon_pkg'
[0.678s] Level 1:colcon.colcon_core.package_identification:_identify(src/buddy_arm_bringup) by extensions ['colcon_meta']
[0.678s] Level 1:colcon.colcon_core.package_identification:_identify(src/buddy_arm_bringup) by extension 'colcon_meta'
[0.678s] Level 1:colcon.colcon_core.package_identification:_identify(src/buddy_arm_bringup) by extensions ['ros']
[0.678s] Level 1:colcon.colcon_core.package_identification:_identify(src/buddy_arm_bringup) by extension 'ros'
[0.679s] DEBUG:colcon.colcon_core.package_identification:Package 'src/buddy_arm_bringup' with type 'ros.ament_cmake' and name 'buddy_arm_bringup'
[0.679s] Level 1:colcon.colcon_core.package_identification:_identify(src/buddy_arm_description) by extensions ['ignore', 'ignore_ament_install']
[0.680s] Level 1:colcon.colcon_core.package_identification:_identify(src/buddy_arm_description) by extension 'ignore'
[0.680s] Level 1:colcon.colcon_core.package_identification:_identify(src/buddy_arm_description) by extension 'ignore_ament_install'
[0.680s] Level 1:colcon.colcon_core.package_identification:_identify(src/buddy_arm_description) by extensions ['colcon_pkg']
[0.680s] Level 1:colcon.colcon_core.package_identification:_identify(src/buddy_arm_description) by extension 'colcon_pkg'
[0.680s] Level 1:colcon.colcon_core.package_identification:_identify(src/buddy_arm_description) by extensions ['colcon_meta']
[0.680s] Level 1:colcon.colcon_core.package_identification:_identify(src/buddy_arm_description) by extension 'colcon_meta'
[0.680s] Level 1:colcon.colcon_core.package_identification:_identify(src/buddy_arm_description) by extensions ['ros']
[0.680s] Level 1:colcon.colcon_core.package_identification:_identify(src/buddy_arm_description) by extension 'ros'
[0.681s] DEBUG:colcon.colcon_core.package_identification:Package 'src/buddy_arm_description' with type 'ros.ament_cmake' and name 'buddy_arm_description'
[0.681s] Level 1:colcon.colcon_core.package_identification:_identify(src/buddy_arm_moveit) by extensions ['ignore', 'ignore_ament_install']
[0.682s] Level 1:colcon.colcon_core.package_identification:_identify(src/buddy_arm_moveit) by extension 'ignore'
[0.682s] Level 1:colcon.colcon_core.package_identification:_identify(src/buddy_arm_moveit) by extension 'ignore_ament_install'
[0.682s] Level 1:colcon.colcon_core.package_identification:_identify(src/buddy_arm_moveit) by extensions ['colcon_pkg']
[0.682s] Level 1:colcon.colcon_core.package_identification:_identify(src/buddy_arm_moveit) by extension 'colcon_pkg'
[0.682s] Level 1:colcon.colcon_core.package_identification:_identify(src/buddy_arm_moveit) by extensions ['colcon_meta']
[0.682s] Level 1:colcon.colcon_core.package_identification:_identify(src/buddy_arm_moveit) by extension 'colcon_meta'
[0.682s] Level 1:colcon.colcon_core.package_identification:_identify(src/buddy_arm_moveit) by extensions ['ros']
[0.682s] Level 1:colcon.colcon_core.package_identification:_identify(src/buddy_arm_moveit) by extension 'ros'
[0.684s] DEBUG:colcon.colcon_core.package_identification:Package 'src/buddy_arm_moveit' with type 'ros.ament_cmake' and name 'buddy_arm_moveit'
[0.684s] Level 1:colcon.colcon_core.package_discovery:discover_packages(recursive) using defaults
[0.684s] Level 1:colcon.colcon_core.package_discovery:discover_packages(ignore) discover
[0.684s] Level 1:colcon.colcon_core.package_discovery:discover_packages(ignore) using defaults
[0.684s] Level 1:colcon.colcon_core.package_discovery:discover_packages(path) discover
[0.684s] Level 1:colcon.colcon_core.package_discovery:discover_packages(path) using defaults
[0.724s] Level 1:colcon.colcon_core.package_discovery:discover_packages(prefix_path) check parameters
[0.724s] Level 1:colcon.colcon_core.package_discovery:discover_packages(prefix_path) discover
[0.733s] DEBUG:colcon.colcon_installed_package_information.package_discovery:Found 330 installed packages in /opt/ros/humble
[0.759s] Level 1:colcon.colcon_core.package_discovery:discover_packages(prefix_path) using defaults
[0.868s] Level 5:colcon.colcon_core.verb:set package 'arm_controller' build argument 'cmake_args' from command line to 'None'
[0.868s] Level 5:colcon.colcon_core.verb:set package 'arm_controller' build argument 'cmake_target' from command line to 'None'
[0.868s] Level 5:colcon.colcon_core.verb:set package 'arm_controller' build argument 'cmake_target_skip_unavailable' from command line to 'False'
[0.868s] Level 5:colcon.colcon_core.verb:set package 'arm_controller' build argument 'cmake_clean_cache' from command line to 'False'
[0.868s] Level 5:colcon.colcon_core.verb:set package 'arm_controller' build argument 'cmake_clean_first' from command line to 'False'
[0.869s] Level 5:colcon.colcon_core.verb:set package 'arm_controller' build argument 'cmake_force_configure' from command line to 'False'
[0.869s] Level 5:colcon.colcon_core.verb:set package 'arm_controller' build argument 'ament_cmake_args' from command line to 'None'
[0.869s] Level 5:colcon.colcon_core.verb:set package 'arm_controller' build argument 'catkin_cmake_args' from command line to 'None'
[0.869s] Level 5:colcon.colcon_core.verb:set package 'arm_controller' build argument 'catkin_skip_building_tests' from command line to 'False'
[0.869s] DEBUG:colcon.colcon_core.verb:Building package 'arm_controller' with the following arguments: {'ament_cmake_args': None, 'build_base': '/home/primerobotics/BuddyArm/build/arm_controller', 'catkin_cmake_args': None, 'catkin_skip_building_tests': False, 'cmake_args': None, 'cmake_clean_cache': False, 'cmake_clean_first': False, 'cmake_force_configure': False, 'cmake_target': None, 'cmake_target_skip_unavailable': False, 'install_base': '/home/primerobotics/BuddyArm/install/arm_controller', 'merge_install': False, 'path': '/home/primerobotics/BuddyArm/src/arm_controller', 'symlink_install': True, 'test_result_base': None}
[0.870s] Level 5:colcon.colcon_core.verb:set package 'buddy_arm_bringup' build argument 'cmake_args' from command line to 'None'
[0.870s] Level 5:colcon.colcon_core.verb:set package 'buddy_arm_bringup' build argument 'cmake_target' from command line to 'None'
[0.870s] Level 5:colcon.colcon_core.verb:set package 'buddy_arm_bringup' build argument 'cmake_target_skip_unavailable' from command line to 'False'
[0.870s] Level 5:colcon.colcon_core.verb:set package 'buddy_arm_bringup' build argument 'cmake_clean_cache' from command line to 'False'
[0.870s] Level 5:colcon.colcon_core.verb:set package 'buddy_arm_bringup' build argument 'cmake_clean_first' from command line to 'False'
[0.870s] Level 5:colcon.colcon_core.verb:set package 'buddy_arm_bringup' build argument 'cmake_force_configure' from command line to 'False'
[0.870s] Level 5:colcon.colcon_core.verb:set package 'buddy_arm_bringup' build argument 'ament_cmake_args' from command line to 'None'
[0.870s] Level 5:colcon.colcon_core.verb:set package 'buddy_arm_bringup' build argument 'catkin_cmake_args' from command line to 'None'
[0.870s] Level 5:colcon.colcon_core.verb:set package 'buddy_arm_bringup' build argument 'catkin_skip_building_tests' from command line to 'False'
[0.870s] DEBUG:colcon.colcon_core.verb:Building package 'buddy_arm_bringup' with the following arguments: {'ament_cmake_args': None, 'build_base': '/home/primerobotics/BuddyArm/build/buddy_arm_bringup', 'catkin_cmake_args': None, 'catkin_skip_building_tests': False, 'cmake_args': None, 'cmake_clean_cache': False, 'cmake_clean_first': False, 'cmake_force_configure': False, 'cmake_target': None, 'cmake_target_skip_unavailable': False, 'install_base': '/home/primerobotics/BuddyArm/install/buddy_arm_bringup', 'merge_install': False, 'path': '/home/primerobotics/BuddyArm/src/buddy_arm_bringup', 'symlink_install': True, 'test_result_base': None}
[0.871s] Level 5:colcon.colcon_core.verb:set package 'buddy_arm_description' build argument 'cmake_args' from command line to 'None'
[0.871s] Level 5:colcon.colcon_core.verb:set package 'buddy_arm_description' build argument 'cmake_target' from command line to 'None'
[0.871s] Level 5:colcon.colcon_core.verb:set package 'buddy_arm_description' build argument 'cmake_target_skip_unavailable' from command line to 'False'
[0.871s] Level 5:colcon.colcon_core.verb:set package 'buddy_arm_description' build argument 'cmake_clean_cache' from command line to 'False'
[0.871s] Level 5:colcon.colcon_core.verb:set package 'buddy_arm_description' build argument 'cmake_clean_first' from command line to 'False'
[0.871s] Level 5:colcon.colcon_core.verb:set package 'buddy_arm_description' build argument 'cmake_force_configure' from command line to 'False'
[0.871s] Level 5:colcon.colcon_core.verb:set package 'buddy_arm_description' build argument 'ament_cmake_args' from command line to 'None'
[0.872s] Level 5:colcon.colcon_core.verb:set package 'buddy_arm_description' build argument 'catkin_cmake_args' from command line to 'None'
[0.872s] Level 5:colcon.colcon_core.verb:set package 'buddy_arm_description' build argument 'catkin_skip_building_tests' from command line to 'False'
[0.872s] DEBUG:colcon.colcon_core.verb:Building package 'buddy_arm_description' with the following arguments: {'ament_cmake_args': None, 'build_base': '/home/primerobotics/BuddyArm/build/buddy_arm_description', 'catkin_cmake_args': None, 'catkin_skip_building_tests': False, 'cmake_args': None, 'cmake_clean_cache': False, 'cmake_clean_first': False, 'cmake_force_configure': False, 'cmake_target': None, 'cmake_target_skip_unavailable': False, 'install_base': '/home/primerobotics/BuddyArm/install/buddy_arm_description', 'merge_install': False, 'path': '/home/primerobotics/BuddyArm/src/buddy_arm_description', 'symlink_install': True, 'test_result_base': None}
[0.873s] Level 5:colcon.colcon_core.verb:set package 'buddy_arm_moveit' build argument 'cmake_args' from command line to 'None'
[0.873s] Level 5:colcon.colcon_core.verb:set package 'buddy_arm_moveit' build argument 'cmake_target' from command line to 'None'
[0.873s] Level 5:colcon.colcon_core.verb:set package 'buddy_arm_moveit' build argument 'cmake_target_skip_unavailable' from command line to 'False'
[0.873s] Level 5:colcon.colcon_core.verb:set package 'buddy_arm_moveit' build argument 'cmake_clean_cache' from command line to 'False'
[0.873s] Level 5:colcon.colcon_core.verb:set package 'buddy_arm_moveit' build argument 'cmake_clean_first' from command line to 'False'
[0.873s] Level 5:colcon.colcon_core.verb:set package 'buddy_arm_moveit' build argument 'cmake_force_configure' from command line to 'False'
[0.873s] Level 5:colcon.colcon_core.verb:set package 'buddy_arm_moveit' build argument 'ament_cmake_args' from command line to 'None'
[0.873s] Level 5:colcon.colcon_core.verb:set package 'buddy_arm_moveit' build argument 'catkin_cmake_args' from command line to 'None'
[0.873s] Level 5:colcon.colcon_core.verb:set package 'buddy_arm_moveit' build argument 'catkin_skip_building_tests' from command line to 'False'
[0.873s] DEBUG:colcon.colcon_core.verb:Building package 'buddy_arm_moveit' with the following arguments: {'ament_cmake_args': None, 'build_base': '/home/primerobotics/BuddyArm/build/buddy_arm_moveit', 'catkin_cmake_args': None, 'catkin_skip_building_tests': False, 'cmake_args': None, 'cmake_clean_cache': False, 'cmake_clean_first': False, 'cmake_force_configure': False, 'cmake_target': None, 'cmake_target_skip_unavailable': False, 'install_base': '/home/primerobotics/BuddyArm/install/buddy_arm_moveit', 'merge_install': False, 'path': '/home/primerobotics/BuddyArm/src/buddy_arm_moveit', 'symlink_install': True, 'test_result_base': None}
[0.874s] INFO:colcon.colcon_core.executor:Executing jobs using 'parallel' executor
[0.876s] DEBUG:colcon.colcon_parallel_executor.executor.parallel:run_until_complete
[0.878s] INFO:colcon.colcon_ros.task.ament_cmake.build:Building ROS package in '/home/primerobotics/BuddyArm/src/arm_controller' with build type 'ament_cmake'
[0.879s] INFO:colcon.colcon_cmake.task.cmake.build:Building CMake package in '/home/primerobotics/BuddyArm/src/arm_controller'
[0.900s] INFO:colcon.colcon_core.plugin_system:Skipping extension 'colcon_core.shell.bat': Not used on non-Windows systems
[0.900s] INFO:colcon.colcon_core.shell:Skip shell extension 'powershell' for command environment: Not usable outside of PowerShell
[0.900s] DEBUG:colcon.colcon_core.shell:Skip shell extension 'dsv' for command environment
[0.912s] INFO:colcon.colcon_ros.task.ament_cmake.build:Building ROS package in '/home/primerobotics/BuddyArm/src/buddy_arm_bringup' with build type 'ament_cmake'
[0.912s] INFO:colcon.colcon_cmake.task.cmake.build:Building CMake package in '/home/primerobotics/BuddyArm/src/buddy_arm_bringup'
[0.913s] INFO:colcon.colcon_core.shell:Skip shell extension 'powershell' for command environment: Not usable outside of PowerShell
[0.913s] DEBUG:colcon.colcon_core.shell:Skip shell extension 'dsv' for command environment
[0.921s] INFO:colcon.colcon_ros.task.ament_cmake.build:Building ROS package in '/home/primerobotics/BuddyArm/src/buddy_arm_description' with build type 'ament_cmake'
[0.921s] INFO:colcon.colcon_cmake.task.cmake.build:Building CMake package in '/home/primerobotics/BuddyArm/src/buddy_arm_description'
[0.922s] INFO:colcon.colcon_core.shell:Skip shell extension 'powershell' for command environment: Not usable outside of PowerShell
[0.922s] DEBUG:colcon.colcon_core.shell:Skip shell extension 'dsv' for command environment
[0.957s] DEBUG:colcon.colcon_core.event_handler.log_command:Invoking command in '/home/primerobotics/BuddyArm/build/arm_controller': CMAKE_PREFIX_PATH=/opt/ros/humble /usr/bin/cmake /home/primerobotics/BuddyArm/src/arm_controller -DAMENT_CMAKE_SYMLINK_INSTALL=1 -DCMAKE_INSTALL_PREFIX=/home/primerobotics/BuddyArm/install/arm_controller
[0.958s] DEBUG:colcon.colcon_core.event_handler.log_command:Invoking command in '/home/primerobotics/BuddyArm/build/buddy_arm_bringup': CMAKE_PREFIX_PATH=/opt/ros/humble /usr/bin/cmake /home/primerobotics/BuddyArm/src/buddy_arm_bringup -DAMENT_CMAKE_SYMLINK_INSTALL=1 -DCMAKE_INSTALL_PREFIX=/home/primerobotics/BuddyArm/install/buddy_arm_bringup
[0.989s] DEBUG:colcon.colcon_core.event_handler.log_command:Invoking command in '/home/primerobotics/BuddyArm/build/buddy_arm_description': CMAKE_PREFIX_PATH=/opt/ros/humble /usr/bin/cmake /home/primerobotics/BuddyArm/src/buddy_arm_description -DAMENT_CMAKE_SYMLINK_INSTALL=1 -DCMAKE_INSTALL_PREFIX=/home/primerobotics/BuddyArm/install/buddy_arm_description
[3.635s] DEBUG:colcon.colcon_core.event_handler.log_command:Invoked command in '/home/primerobotics/BuddyArm/build/buddy_arm_description' returned '0': CMAKE_PREFIX_PATH=/opt/ros/humble /usr/bin/cmake /home/primerobotics/BuddyArm/src/buddy_arm_description -DAMENT_CMAKE_SYMLINK_INSTALL=1 -DCMAKE_INSTALL_PREFIX=/home/primerobotics/BuddyArm/install/buddy_arm_description
[3.646s] DEBUG:colcon.colcon_core.event_handler.log_command:Invoking command in '/home/primerobotics/BuddyArm/build/buddy_arm_description': CMAKE_PREFIX_PATH=/opt/ros/humble /usr/bin/cmake --build /home/primerobotics/BuddyArm/build/buddy_arm_description -- -j3 -l3
[3.725s] DEBUG:colcon.colcon_core.event_handler.log_command:Invoked command in '/home/primerobotics/BuddyArm/build/buddy_arm_bringup' returned '0': CMAKE_PREFIX_PATH=/opt/ros/humble /usr/bin/cmake /home/primerobotics/BuddyArm/src/buddy_arm_bringup -DAMENT_CMAKE_SYMLINK_INSTALL=1 -DCMAKE_INSTALL_PREFIX=/home/primerobotics/BuddyArm/install/buddy_arm_bringup
[3.726s] DEBUG:colcon.colcon_core.event_handler.log_command:Invoking command in '/home/primerobotics/BuddyArm/build/buddy_arm_bringup': CMAKE_PREFIX_PATH=/opt/ros/humble /usr/bin/cmake --build /home/primerobotics/BuddyArm/build/buddy_arm_bringup -- -j3 -l3
[3.732s] DEBUG:colcon.colcon_core.event_handler.log_command:Invoked command in '/home/primerobotics/BuddyArm/build/buddy_arm_description' returned '0': CMAKE_PREFIX_PATH=/opt/ros/humble /usr/bin/cmake --build /home/primerobotics/BuddyArm/build/buddy_arm_description -- -j3 -l3
[3.814s] DEBUG:colcon.colcon_core.event_handler.log_command:Invoking command in '/home/primerobotics/BuddyArm/build/buddy_arm_description': CMAKE_PREFIX_PATH=/opt/ros/humble /usr/bin/cmake --install /home/primerobotics/BuddyArm/build/buddy_arm_description
[3.826s] DEBUG:colcon.colcon_core.event_handler.log_command:Invoked command in '/home/primerobotics/BuddyArm/build/buddy_arm_bringup' returned '0': CMAKE_PREFIX_PATH=/opt/ros/humble /usr/bin/cmake --build /home/primerobotics/BuddyArm/build/buddy_arm_bringup -- -j3 -l3
[3.917s] DEBUG:colcon.colcon_core.event_handler.log_command:Invoking command in '/home/primerobotics/BuddyArm/build/buddy_arm_bringup': CMAKE_PREFIX_PATH=/opt/ros/humble /usr/bin/cmake --install /home/primerobotics/BuddyArm/build/buddy_arm_bringup
[4.313s] Level 1:colcon.colcon_core.environment:create_environment_scripts_only(buddy_arm_bringup)
[4.314s] DEBUG:colcon.colcon_core.event_handler.log_command:Invoked command in '/home/primerobotics/BuddyArm/build/buddy_arm_bringup' returned '0': CMAKE_PREFIX_PATH=/opt/ros/humble /usr/bin/cmake --install /home/primerobotics/BuddyArm/build/buddy_arm_bringup
[4.364s] Level 1:colcon.colcon_core.environment:checking '/home/primerobotics/BuddyArm/install/buddy_arm_bringup' for CMake module files
[4.365s] Level 1:colcon.colcon_core.environment:checking '/home/primerobotics/BuddyArm/install/buddy_arm_bringup' for CMake config files
[4.366s] Level 1:colcon.colcon_core.shell:create_environment_hook('buddy_arm_bringup', 'cmake_prefix_path')
[4.367s] INFO:colcon.colcon_core.shell:Creating environment hook '/home/primerobotics/BuddyArm/install/buddy_arm_bringup/share/buddy_arm_bringup/hook/cmake_prefix_path.ps1'
[4.372s] INFO:colcon.colcon_core.shell:Creating environment descriptor '/home/primerobotics/BuddyArm/install/buddy_arm_bringup/share/buddy_arm_bringup/hook/cmake_prefix_path.dsv'
[4.376s] INFO:colcon.colcon_core.shell:Creating environment hook '/home/primerobotics/BuddyArm/install/buddy_arm_bringup/share/buddy_arm_bringup/hook/cmake_prefix_path.sh'
[4.380s] Level 1:colcon.colcon_core.environment:checking '/home/primerobotics/BuddyArm/install/buddy_arm_bringup/bin'
[4.380s] Level 1:colcon.colcon_core.environment:checking '/home/primerobotics/BuddyArm/install/buddy_arm_bringup/lib/pkgconfig/buddy_arm_bringup.pc'
[4.381s] Level 1:colcon.colcon_core.environment:checking '/home/primerobotics/BuddyArm/install/buddy_arm_bringup/lib/python3.10/site-packages'
[4.386s] Level 1:colcon.colcon_core.environment:checking '/home/primerobotics/BuddyArm/install/buddy_arm_bringup/bin'
[4.388s] INFO:colcon.colcon_core.shell:Creating package script '/home/primerobotics/BuddyArm/install/buddy_arm_bringup/share/buddy_arm_bringup/package.ps1'
[4.392s] INFO:colcon.colcon_core.shell:Creating package descriptor '/home/primerobotics/BuddyArm/install/buddy_arm_bringup/share/buddy_arm_bringup/package.dsv'
[4.397s] INFO:colcon.colcon_core.shell:Creating package script '/home/primerobotics/BuddyArm/install/buddy_arm_bringup/share/buddy_arm_bringup/package.sh'
[4.402s] INFO:colcon.colcon_core.shell:Creating package script '/home/primerobotics/BuddyArm/install/buddy_arm_bringup/share/buddy_arm_bringup/package.bash'
[4.407s] INFO:colcon.colcon_core.shell:Creating package script '/home/primerobotics/BuddyArm/install/buddy_arm_bringup/share/buddy_arm_bringup/package.zsh'
[4.417s] Level 1:colcon.colcon_core.environment:create_file_with_runtime_dependencies(/home/primerobotics/BuddyArm/install/buddy_arm_bringup/share/colcon-core/packages/buddy_arm_bringup)
[4.497s] Level 1:colcon.colcon_core.environment:create_environment_scripts_only(buddy_arm_description)
[4.500s] Level 1:colcon.colcon_core.environment:checking '/home/primerobotics/BuddyArm/install/buddy_arm_description' for CMake module files
[4.501s] Level 1:colcon.colcon_core.environment:checking '/home/primerobotics/BuddyArm/install/buddy_arm_description' for CMake config files
[4.502s] Level 1:colcon.colcon_core.shell:create_environment_hook('buddy_arm_description', 'cmake_prefix_path')
[4.503s] INFO:colcon.colcon_core.shell:Creating environment hook '/home/primerobotics/BuddyArm/install/buddy_arm_description/share/buddy_arm_description/hook/cmake_prefix_path.ps1'
[4.499s] DEBUG:colcon.colcon_core.event_handler.log_command:Invoked command in '/home/primerobotics/BuddyArm/build/buddy_arm_description' returned '0': CMAKE_PREFIX_PATH=/opt/ros/humble /usr/bin/cmake --install /home/primerobotics/BuddyArm/build/buddy_arm_description
[4.504s] INFO:colcon.colcon_core.shell:Creating environment descriptor '/home/primerobotics/BuddyArm/install/buddy_arm_description/share/buddy_arm_description/hook/cmake_prefix_path.dsv'
[4.505s] INFO:colcon.colcon_core.shell:Creating environment hook '/home/primerobotics/BuddyArm/install/buddy_arm_description/share/buddy_arm_description/hook/cmake_prefix_path.sh'
[4.506s] Level 1:colcon.colcon_core.environment:checking '/home/primerobotics/BuddyArm/install/buddy_arm_description/bin'
[4.507s] Level 1:colcon.colcon_core.environment:checking '/home/primerobotics/BuddyArm/install/buddy_arm_description/lib/pkgconfig/buddy_arm_description.pc'
[4.507s] Level 1:colcon.colcon_core.environment:checking '/home/primerobotics/BuddyArm/install/buddy_arm_description/lib/python3.10/site-packages'
[4.511s] Level 1:colcon.colcon_core.environment:checking '/home/primerobotics/BuddyArm/install/buddy_arm_description/bin'
[4.513s] INFO:colcon.colcon_core.shell:Creating package script '/home/primerobotics/BuddyArm/install/buddy_arm_description/share/buddy_arm_description/package.ps1'
[4.515s] INFO:colcon.colcon_core.shell:Creating package descriptor '/home/primerobotics/BuddyArm/install/buddy_arm_description/share/buddy_arm_description/package.dsv'
[4.517s] INFO:colcon.colcon_core.shell:Creating package script '/home/primerobotics/BuddyArm/install/buddy_arm_description/share/buddy_arm_description/package.sh'
[4.518s] INFO:colcon.colcon_core.shell:Creating package script '/home/primerobotics/BuddyArm/install/buddy_arm_description/share/buddy_arm_description/package.bash'
[4.519s] INFO:colcon.colcon_core.shell:Creating package script '/home/primerobotics/BuddyArm/install/buddy_arm_description/share/buddy_arm_description/package.zsh'
[4.520s] Level 1:colcon.colcon_core.environment:create_file_with_runtime_dependencies(/home/primerobotics/BuddyArm/install/buddy_arm_description/share/colcon-core/packages/buddy_arm_description)
[4.533s] Level 1:colcon.colcon_core.environment:create_environment_scripts_only(buddy_arm_bringup)
[4.534s] Level 1:colcon.colcon_core.environment:checking '/home/primerobotics/BuddyArm/install/buddy_arm_bringup' for CMake module files
[4.536s] Level 1:colcon.colcon_core.environment:checking '/home/primerobotics/BuddyArm/install/buddy_arm_bringup' for CMake config files
[4.537s] Level 1:colcon.colcon_core.shell:create_environment_hook('buddy_arm_bringup', 'cmake_prefix_path')
[4.538s] INFO:colcon.colcon_core.shell:Creating environment hook '/home/primerobotics/BuddyArm/install/buddy_arm_bringup/share/buddy_arm_bringup/hook/cmake_prefix_path.ps1'
[4.544s] INFO:colcon.colcon_core.shell:Creating environment descriptor '/home/primerobotics/BuddyArm/install/buddy_arm_bringup/share/buddy_arm_bringup/hook/cmake_prefix_path.dsv'
[4.545s] INFO:colcon.colcon_core.shell:Creating environment hook '/home/primerobotics/BuddyArm/install/buddy_arm_bringup/share/buddy_arm_bringup/hook/cmake_prefix_path.sh'
[4.547s] Level 1:colcon.colcon_core.environment:checking '/home/primerobotics/BuddyArm/install/buddy_arm_bringup/bin'
[4.547s] Level 1:colcon.colcon_core.environment:checking '/home/primerobotics/BuddyArm/install/buddy_arm_bringup/lib/pkgconfig/buddy_arm_bringup.pc'
[4.548s] Level 1:colcon.colcon_core.environment:checking '/home/primerobotics/BuddyArm/install/buddy_arm_bringup/lib/python3.10/site-packages'
[4.550s] Level 1:colcon.colcon_core.environment:checking '/home/primerobotics/BuddyArm/install/buddy_arm_bringup/bin'
[4.552s] INFO:colcon.colcon_core.shell:Creating package script '/home/primerobotics/BuddyArm/install/buddy_arm_bringup/share/buddy_arm_bringup/package.ps1'
[4.554s] INFO:colcon.colcon_core.shell:Creating package descriptor '/home/primerobotics/BuddyArm/install/buddy_arm_bringup/share/buddy_arm_bringup/package.dsv'
[4.557s] INFO:colcon.colcon_core.shell:Creating package script '/home/primerobotics/BuddyArm/install/buddy_arm_bringup/share/buddy_arm_bringup/package.sh'
[4.559s] INFO:colcon.colcon_core.shell:Creating package script '/home/primerobotics/BuddyArm/install/buddy_arm_bringup/share/buddy_arm_bringup/package.bash'
[4.560s] INFO:colcon.colcon_core.shell:Creating package script '/home/primerobotics/BuddyArm/install/buddy_arm_bringup/share/buddy_arm_bringup/package.zsh'
[4.560s] Level 1:colcon.colcon_core.environment:create_file_with_runtime_dependencies(/home/primerobotics/BuddyArm/install/buddy_arm_bringup/share/colcon-core/packages/buddy_arm_bringup)
[4.561s] INFO:colcon.colcon_ros.task.ament_cmake.build:Building ROS package in '/home/primerobotics/BuddyArm/src/buddy_arm_moveit' with build type 'ament_cmake'
[4.561s] INFO:colcon.colcon_cmake.task.cmake.build:Building CMake package in '/home/primerobotics/BuddyArm/src/buddy_arm_moveit'
[4.562s] INFO:colcon.colcon_core.shell:Skip shell extension 'powershell' for command environment: Not usable outside of PowerShell
[4.562s] DEBUG:colcon.colcon_core.shell:Skip shell extension 'dsv' for command environment
[4.608s] DEBUG:colcon.colcon_core.event_handler.log_command:Invoking command in '/home/primerobotics/BuddyArm/build/buddy_arm_moveit': CMAKE_PREFIX_PATH=/opt/ros/humble /usr/bin/cmake /home/primerobotics/BuddyArm/src/buddy_arm_moveit -DAMENT_CMAKE_SYMLINK_INSTALL=1 -DCMAKE_INSTALL_PREFIX=/home/primerobotics/BuddyArm/install/buddy_arm_moveit
[4.639s] Level 1:colcon.colcon_core.environment:create_environment_scripts_only(buddy_arm_description)
[4.645s] Level 1:colcon.colcon_core.environment:checking '/home/primerobotics/BuddyArm/install/buddy_arm_description' for CMake module files
[4.646s] Level 1:colcon.colcon_core.environment:checking '/home/primerobotics/BuddyArm/install/buddy_arm_description' for CMake config files
[4.647s] Level 1:colcon.colcon_core.shell:create_environment_hook('buddy_arm_description', 'cmake_prefix_path')
[4.648s] INFO:colcon.colcon_core.shell:Creating environment hook '/home/primerobotics/BuddyArm/install/buddy_arm_description/share/buddy_arm_description/hook/cmake_prefix_path.ps1'
[4.652s] INFO:colcon.colcon_core.shell:Creating environment descriptor '/home/primerobotics/BuddyArm/install/buddy_arm_description/share/buddy_arm_description/hook/cmake_prefix_path.dsv'
[4.653s] INFO:colcon.colcon_core.shell:Creating environment hook '/home/primerobotics/BuddyArm/install/buddy_arm_description/share/buddy_arm_description/hook/cmake_prefix_path.sh'
[4.654s] Level 1:colcon.colcon_core.environment:checking '/home/primerobotics/BuddyArm/install/buddy_arm_description/bin'
[4.663s] Level 1:colcon.colcon_core.environment:checking '/home/primerobotics/BuddyArm/install/buddy_arm_description/lib/pkgconfig/buddy_arm_description.pc'
[4.665s] Level 1:colcon.colcon_core.environment:checking '/home/primerobotics/BuddyArm/install/buddy_arm_description/lib/python3.10/site-packages'
[4.666s] Level 1:colcon.colcon_core.environment:checking '/home/primerobotics/BuddyArm/install/buddy_arm_description/bin'
[4.667s] INFO:colcon.colcon_core.shell:Creating package script '/home/primerobotics/BuddyArm/install/buddy_arm_description/share/buddy_arm_description/package.ps1'
[4.669s] INFO:colcon.colcon_core.shell:Creating package descriptor '/home/primerobotics/BuddyArm/install/buddy_arm_description/share/buddy_arm_description/package.dsv'
[4.670s] INFO:colcon.colcon_core.shell:Creating package script '/home/primerobotics/BuddyArm/install/buddy_arm_description/share/buddy_arm_description/package.sh'
[4.671s] INFO:colcon.colcon_core.shell:Creating package script '/home/primerobotics/BuddyArm/install/buddy_arm_description/share/buddy_arm_description/package.bash'
[4.672s] INFO:colcon.colcon_core.shell:Creating package script '/home/primerobotics/BuddyArm/install/buddy_arm_description/share/buddy_arm_description/package.zsh'
[4.674s] Level 1:colcon.colcon_core.environment:create_file_with_runtime_dependencies(/home/primerobotics/BuddyArm/install/buddy_arm_description/share/colcon-core/packages/buddy_arm_description)
[6.220s] DEBUG:colcon.colcon_core.event_handler.log_command:Invoked command in '/home/primerobotics/BuddyArm/build/buddy_arm_moveit' returned '0': CMAKE_PREFIX_PATH=/opt/ros/humble /usr/bin/cmake /home/primerobotics/BuddyArm/src/buddy_arm_moveit -DAMENT_CMAKE_SYMLINK_INSTALL=1 -DCMAKE_INSTALL_PREFIX=/home/primerobotics/BuddyArm/install/buddy_arm_moveit
[6.221s] DEBUG:colcon.colcon_core.event_handler.log_command:Invoking command in '/home/primerobotics/BuddyArm/build/buddy_arm_moveit': CMAKE_PREFIX_PATH=/opt/ros/humble /usr/bin/cmake --build /home/primerobotics/BuddyArm/build/buddy_arm_moveit -- -j3 -l3
[6.312s] DEBUG:colcon.colcon_core.event_handler.log_command:Invoked command in '/home/primerobotics/BuddyArm/build/buddy_arm_moveit' returned '0': CMAKE_PREFIX_PATH=/opt/ros/humble /usr/bin/cmake --build /home/primerobotics/BuddyArm/build/buddy_arm_moveit -- -j3 -l3
[6.368s] DEBUG:colcon.colcon_core.event_handler.log_command:Invoking command in '/home/primerobotics/BuddyArm/build/buddy_arm_moveit': CMAKE_PREFIX_PATH=/opt/ros/humble /usr/bin/cmake --install /home/primerobotics/BuddyArm/build/buddy_arm_moveit
[6.826s] Level 1:colcon.colcon_core.environment:create_environment_scripts_only(buddy_arm_moveit)
[6.827s] DEBUG:colcon.colcon_core.event_handler.log_command:Invoked command in '/home/primerobotics/BuddyArm/build/buddy_arm_moveit' returned '0': CMAKE_PREFIX_PATH=/opt/ros/humble /usr/bin/cmake --install /home/primerobotics/BuddyArm/build/buddy_arm_moveit
[6.829s] Level 1:colcon.colcon_core.environment:checking '/home/primerobotics/BuddyArm/install/buddy_arm_moveit' for CMake module files
[6.831s] Level 1:colcon.colcon_core.environment:checking '/home/primerobotics/BuddyArm/install/buddy_arm_moveit' for CMake config files
[6.832s] Level 1:colcon.colcon_core.shell:create_environment_hook('buddy_arm_moveit', 'cmake_prefix_path')
[6.833s] INFO:colcon.colcon_core.shell:Creating environment hook '/home/primerobotics/BuddyArm/install/buddy_arm_moveit/share/buddy_arm_moveit/hook/cmake_prefix_path.ps1'
[6.834s] INFO:colcon.colcon_core.shell:Creating environment descriptor '/home/primerobotics/BuddyArm/install/buddy_arm_moveit/share/buddy_arm_moveit/hook/cmake_prefix_path.dsv'
[6.837s] INFO:colcon.colcon_core.shell:Creating environment hook '/home/primerobotics/BuddyArm/install/buddy_arm_moveit/share/buddy_arm_moveit/hook/cmake_prefix_path.sh'
[6.839s] Level 1:colcon.colcon_core.environment:checking '/home/primerobotics/BuddyArm/install/buddy_arm_moveit/bin'
[6.840s] Level 1:colcon.colcon_core.environment:checking '/home/primerobotics/BuddyArm/install/buddy_arm_moveit/lib/pkgconfig/buddy_arm_moveit.pc'
[6.841s] Level 1:colcon.colcon_core.environment:checking '/home/primerobotics/BuddyArm/install/buddy_arm_moveit/lib/python3.10/site-packages'
[6.841s] Level 1:colcon.colcon_core.environment:checking '/home/primerobotics/BuddyArm/install/buddy_arm_moveit/bin'
[6.843s] INFO:colcon.colcon_core.shell:Creating package script '/home/primerobotics/BuddyArm/install/buddy_arm_moveit/share/buddy_arm_moveit/package.ps1'
[6.844s] INFO:colcon.colcon_core.shell:Creating package descriptor '/home/primerobotics/BuddyArm/install/buddy_arm_moveit/share/buddy_arm_moveit/package.dsv'
[6.845s] INFO:colcon.colcon_core.shell:Creating package script '/home/primerobotics/BuddyArm/install/buddy_arm_moveit/share/buddy_arm_moveit/package.sh'
[6.847s] INFO:colcon.colcon_core.shell:Creating package script '/home/primerobotics/BuddyArm/install/buddy_arm_moveit/share/buddy_arm_moveit/package.bash'
[6.852s] INFO:colcon.colcon_core.shell:Creating package script '/home/primerobotics/BuddyArm/install/buddy_arm_moveit/share/buddy_arm_moveit/package.zsh'
[6.853s] Level 1:colcon.colcon_core.environment:create_file_with_runtime_dependencies(/home/primerobotics/BuddyArm/install/buddy_arm_moveit/share/colcon-core/packages/buddy_arm_moveit)
[6.919s] Level 1:colcon.colcon_core.environment:create_environment_scripts_only(buddy_arm_moveit)
[6.920s] Level 1:colcon.colcon_core.environment:checking '/home/primerobotics/BuddyArm/install/buddy_arm_moveit' for CMake module files
[6.922s] Level 1:colcon.colcon_core.environment:checking '/home/primerobotics/BuddyArm/install/buddy_arm_moveit' for CMake config files
[6.923s] Level 1:colcon.colcon_core.shell:create_environment_hook('buddy_arm_moveit', 'cmake_prefix_path')
[6.924s] INFO:colcon.colcon_core.shell:Creating environment hook '/home/primerobotics/BuddyArm/install/buddy_arm_moveit/share/buddy_arm_moveit/hook/cmake_prefix_path.ps1'
[6.925s] INFO:colcon.colcon_core.shell:Creating environment descriptor '/home/primerobotics/BuddyArm/install/buddy_arm_moveit/share/buddy_arm_moveit/hook/cmake_prefix_path.dsv'
[6.926s] INFO:colcon.colcon_core.shell:Creating environment hook '/home/primerobotics/BuddyArm/install/buddy_arm_moveit/share/buddy_arm_moveit/hook/cmake_prefix_path.sh'
[6.928s] Level 1:colcon.colcon_core.environment:checking '/home/primerobotics/BuddyArm/install/buddy_arm_moveit/bin'
[6.929s] Level 1:colcon.colcon_core.environment:checking '/home/primerobotics/BuddyArm/install/buddy_arm_moveit/lib/pkgconfig/buddy_arm_moveit.pc'
[6.930s] Level 1:colcon.colcon_core.environment:checking '/home/primerobotics/BuddyArm/install/buddy_arm_moveit/lib/python3.10/site-packages'
[6.931s] Level 1:colcon.colcon_core.environment:checking '/home/primerobotics/BuddyArm/install/buddy_arm_moveit/bin'
[6.932s] INFO:colcon.colcon_core.shell:Creating package script '/home/primerobotics/BuddyArm/install/buddy_arm_moveit/share/buddy_arm_moveit/package.ps1'
[6.934s] INFO:colcon.colcon_core.shell:Creating package descriptor '/home/primerobotics/BuddyArm/install/buddy_arm_moveit/share/buddy_arm_moveit/package.dsv'
[6.935s] INFO:colcon.colcon_core.shell:Creating package script '/home/primerobotics/BuddyArm/install/buddy_arm_moveit/share/buddy_arm_moveit/package.sh'
[6.937s] INFO:colcon.colcon_core.shell:Creating package script '/home/primerobotics/BuddyArm/install/buddy_arm_moveit/share/buddy_arm_moveit/package.bash'
[6.938s] INFO:colcon.colcon_core.shell:Creating package script '/home/primerobotics/BuddyArm/install/buddy_arm_moveit/share/buddy_arm_moveit/package.zsh'
[6.940s] Level 1:colcon.colcon_core.environment:create_file_with_runtime_dependencies(/home/primerobotics/BuddyArm/install/buddy_arm_moveit/share/colcon-core/packages/buddy_arm_moveit)
[8.899s] DEBUG:colcon.colcon_core.event_handler.log_command:Invoked command in '/home/primerobotics/BuddyArm/build/arm_controller' returned '0': CMAKE_PREFIX_PATH=/opt/ros/humble /usr/bin/cmake /home/primerobotics/BuddyArm/src/arm_controller -DAMENT_CMAKE_SYMLINK_INSTALL=1 -DCMAKE_INSTALL_PREFIX=/home/primerobotics/BuddyArm/install/arm_controller
[8.900s] DEBUG:colcon.colcon_core.event_handler.log_command:Invoking command in '/home/primerobotics/BuddyArm/build/arm_controller': CMAKE_PREFIX_PATH=/opt/ros/humble /usr/bin/cmake --build /home/primerobotics/BuddyArm/build/arm_controller -- -j3 -l3
[32.746s] DEBUG:colcon.colcon_core.event_handler.log_command:Invoked command in '/home/primerobotics/BuddyArm/build/arm_controller' returned '0': CMAKE_PREFIX_PATH=/opt/ros/humble /usr/bin/cmake --build /home/primerobotics/BuddyArm/build/arm_controller -- -j3 -l3
[32.802s] DEBUG:colcon.colcon_core.event_handler.log_command:Invoking command in '/home/primerobotics/BuddyArm/build/arm_controller': CMAKE_PREFIX_PATH=/opt/ros/humble /usr/bin/cmake --install /home/primerobotics/BuddyArm/build/arm_controller
[33.487s] Level 1:colcon.colcon_core.environment:create_environment_scripts_only(arm_controller)
[33.487s] Level 1:colcon.colcon_core.environment:checking '/home/primerobotics/BuddyArm/install/arm_controller' for CMake module files
[33.489s] Level 1:colcon.colcon_core.environment:checking '/home/primerobotics/BuddyArm/install/arm_controller' for CMake config files
[33.490s] Level 1:colcon.colcon_core.shell:create_environment_hook('arm_controller', 'cmake_prefix_path')
[33.491s] INFO:colcon.colcon_core.shell:Creating environment hook '/home/primerobotics/BuddyArm/install/arm_controller/share/arm_controller/hook/cmake_prefix_path.ps1'
[33.491s] INFO:colcon.colcon_core.shell:Creating environment descriptor '/home/primerobotics/BuddyArm/install/arm_controller/share/arm_controller/hook/cmake_prefix_path.dsv'
[33.492s] DEBUG:colcon.colcon_core.event_handler.log_command:Invoked command in '/home/primerobotics/BuddyArm/build/arm_controller' returned '0': CMAKE_PREFIX_PATH=/opt/ros/humble /usr/bin/cmake --install /home/primerobotics/BuddyArm/build/arm_controller
[33.493s] INFO:colcon.colcon_core.shell:Creating environment hook '/home/primerobotics/BuddyArm/install/arm_controller/share/arm_controller/hook/cmake_prefix_path.sh'
[33.494s] Level 1:colcon.colcon_core.environment:checking '/home/primerobotics/BuddyArm/install/arm_controller/lib'
[33.494s] Level 1:colcon.colcon_core.shell:create_environment_hook('arm_controller', 'ld_library_path_lib')
[33.494s] INFO:colcon.colcon_core.shell:Creating environment hook '/home/primerobotics/BuddyArm/install/arm_controller/share/arm_controller/hook/ld_library_path_lib.ps1'
[33.495s] INFO:colcon.colcon_core.shell:Creating environment descriptor '/home/primerobotics/BuddyArm/install/arm_controller/share/arm_controller/hook/ld_library_path_lib.dsv'
[33.496s] INFO:colcon.colcon_core.shell:Creating environment hook '/home/primerobotics/BuddyArm/install/arm_controller/share/arm_controller/hook/ld_library_path_lib.sh'
[33.496s] Level 1:colcon.colcon_core.environment:checking '/home/primerobotics/BuddyArm/install/arm_controller/bin'
[33.496s] Level 1:colcon.colcon_core.environment:checking '/home/primerobotics/BuddyArm/install/arm_controller/lib/pkgconfig/arm_controller.pc'
[33.497s] Level 1:colcon.colcon_core.environment:checking '/home/primerobotics/BuddyArm/install/arm_controller/lib/python3.10/site-packages'
[33.497s] Level 1:colcon.colcon_core.environment:checking '/home/primerobotics/BuddyArm/install/arm_controller/bin'
[33.498s] INFO:colcon.colcon_core.shell:Creating package script '/home/primerobotics/BuddyArm/install/arm_controller/share/arm_controller/package.ps1'
[33.499s] INFO:colcon.colcon_core.shell:Creating package descriptor '/home/primerobotics/BuddyArm/install/arm_controller/share/arm_controller/package.dsv'
[33.501s] INFO:colcon.colcon_core.shell:Creating package script '/home/primerobotics/BuddyArm/install/arm_controller/share/arm_controller/package.sh'
[33.502s] INFO:colcon.colcon_core.shell:Creating package script '/home/primerobotics/BuddyArm/install/arm_controller/share/arm_controller/package.bash'
[33.503s] INFO:colcon.colcon_core.shell:Creating package script '/home/primerobotics/BuddyArm/install/arm_controller/share/arm_controller/package.zsh'
[33.504s] Level 1:colcon.colcon_core.environment:create_file_with_runtime_dependencies(/home/primerobotics/BuddyArm/install/arm_controller/share/colcon-core/packages/arm_controller)
[33.562s] Level 1:colcon.colcon_core.environment:create_environment_scripts_only(arm_controller)
[33.563s] Level 1:colcon.colcon_core.environment:checking '/home/primerobotics/BuddyArm/install/arm_controller' for CMake module files
[33.564s] Level 1:colcon.colcon_core.environment:checking '/home/primerobotics/BuddyArm/install/arm_controller' for CMake config files
[33.565s] Level 1:colcon.colcon_core.shell:create_environment_hook('arm_controller', 'cmake_prefix_path')
[33.566s] INFO:colcon.colcon_core.shell:Creating environment hook '/home/primerobotics/BuddyArm/install/arm_controller/share/arm_controller/hook/cmake_prefix_path.ps1'
[33.567s] INFO:colcon.colcon_core.shell:Creating environment descriptor '/home/primerobotics/BuddyArm/install/arm_controller/share/arm_controller/hook/cmake_prefix_path.dsv'
[33.568s] INFO:colcon.colcon_core.shell:Creating environment hook '/home/primerobotics/BuddyArm/install/arm_controller/share/arm_controller/hook/cmake_prefix_path.sh'
[33.569s] Level 1:colcon.colcon_core.environment:checking '/home/primerobotics/BuddyArm/install/arm_controller/lib'
[33.570s] Level 1:colcon.colcon_core.shell:create_environment_hook('arm_controller', 'ld_library_path_lib')
[33.570s] INFO:colcon.colcon_core.shell:Creating environment hook '/home/primerobotics/BuddyArm/install/arm_controller/share/arm_controller/hook/ld_library_path_lib.ps1'
[33.571s] INFO:colcon.colcon_core.shell:Creating environment descriptor '/home/primerobotics/BuddyArm/install/arm_controller/share/arm_controller/hook/ld_library_path_lib.dsv'
[33.572s] INFO:colcon.colcon_core.shell:Creating environment hook '/home/primerobotics/BuddyArm/install/arm_controller/share/arm_controller/hook/ld_library_path_lib.sh'
[33.574s] Level 1:colcon.colcon_core.environment:checking '/home/primerobotics/BuddyArm/install/arm_controller/bin'
[33.575s] Level 1:colcon.colcon_core.environment:checking '/home/primerobotics/BuddyArm/install/arm_controller/lib/pkgconfig/arm_controller.pc'
[33.575s] Level 1:colcon.colcon_core.environment:checking '/home/primerobotics/BuddyArm/install/arm_controller/lib/python3.10/site-packages'
[33.577s] Level 1:colcon.colcon_core.environment:checking '/home/primerobotics/BuddyArm/install/arm_controller/bin'
[33.578s] INFO:colcon.colcon_core.shell:Creating package script '/home/primerobotics/BuddyArm/install/arm_controller/share/arm_controller/package.ps1'
[33.580s] INFO:colcon.colcon_core.shell:Creating package descriptor '/home/primerobotics/BuddyArm/install/arm_controller/share/arm_controller/package.dsv'
[33.582s] INFO:colcon.colcon_core.shell:Creating package script '/home/primerobotics/BuddyArm/install/arm_controller/share/arm_controller/package.sh'
[33.584s] INFO:colcon.colcon_core.shell:Creating package script '/home/primerobotics/BuddyArm/install/arm_controller/share/arm_controller/package.bash'
[33.588s] INFO:colcon.colcon_core.shell:Creating package script '/home/primerobotics/BuddyArm/install/arm_controller/share/arm_controller/package.zsh'
[33.591s] Level 1:colcon.colcon_core.environment:create_file_with_runtime_dependencies(/home/primerobotics/BuddyArm/install/arm_controller/share/colcon-core/packages/arm_controller)
[33.594s] DEBUG:colcon.colcon_parallel_executor.executor.parallel:closing loop
[33.595s] DEBUG:colcon.colcon_parallel_executor.executor.parallel:loop closed
[33.595s] DEBUG:colcon.colcon_parallel_executor.executor.parallel:run_until_complete finished with '0'
[33.595s] DEBUG:colcon.colcon_core.event_reactor:joining thread
[33.680s] INFO:colcon.colcon_core.plugin_system:Skipping extension 'colcon_notification.desktop_notification.terminal_notifier': Not used on non-Darwin systems
[33.681s] INFO:colcon.colcon_core.plugin_system:Skipping extension 'colcon_notification.desktop_notification.win32': Not used on non-Windows systems
[33.681s] INFO:colcon.colcon_notification.desktop_notification:Sending desktop notification using 'notify2'
[33.717s] DEBUG:colcon.colcon_core.event_reactor:joined thread
[33.718s] INFO:colcon.colcon_core.shell:Creating prefix script '/home/primerobotics/BuddyArm/install/local_setup.ps1'
[33.725s] INFO:colcon.colcon_core.shell:Creating prefix util module '/home/primerobotics/BuddyArm/install/_local_setup_util_ps1.py'
[33.732s] INFO:colcon.colcon_core.shell:Creating prefix chain script '/home/primerobotics/BuddyArm/install/setup.ps1'
[33.745s] INFO:colcon.colcon_core.shell:Creating prefix script '/home/primerobotics/BuddyArm/install/local_setup.sh'
[33.748s] INFO:colcon.colcon_core.shell:Creating prefix util module '/home/primerobotics/BuddyArm/install/_local_setup_util_sh.py'
[33.749s] INFO:colcon.colcon_core.shell:Creating prefix chain script '/home/primerobotics/BuddyArm/install/setup.sh'
[33.753s] INFO:colcon.colcon_core.shell:Creating prefix script '/home/primerobotics/BuddyArm/install/local_setup.bash'
[33.756s] INFO:colcon.colcon_core.shell:Creating prefix chain script '/home/primerobotics/BuddyArm/install/setup.bash'
[33.759s] INFO:colcon.colcon_core.shell:Creating prefix script '/home/primerobotics/BuddyArm/install/local_setup.zsh'
[33.762s] INFO:colcon.colcon_core.shell:Creating prefix chain script '/home/primerobotics/BuddyArm/install/setup.zsh'
