[0.041s] Invoking command in '/home/primerobotics/BuddyArm/build/buddy_arm_moveit': CMAKE_PREFIX_PATH=/opt/ros/humble /usr/bin/cmake --build /home/primerobotics/BuddyArm/build/buddy_arm_moveit -- -j3 -l3
[0.130s] Invoked command in '/home/primerobotics/BuddyArm/build/buddy_arm_moveit' returned '0': CMAKE_PREFIX_PATH=/opt/ros/humble /usr/bin/cmake --build /home/primerobotics/BuddyArm/build/buddy_arm_moveit -- -j3 -l3
[0.179s] Invoking command in '/home/primerobotics/BuddyArm/build/buddy_arm_moveit': CMAKE_PREFIX_PATH=/opt/ros/humble /usr/bin/cmake --install /home/primerobotics/BuddyArm/build/buddy_arm_moveit
[0.195s] -- Install configuration: ""
[0.198s] -- Execute custom install script
[0.208s] -- Up-to-date symlink: /home/primerobotics/BuddyArm/install/buddy_arm_moveit/share/buddy_arm_moveit/launch/moveit.launch.py
[0.209s] -- Up-to-date symlink: /home/primerobotics/BuddyArm/install/buddy_arm_moveit/share/buddy_arm_moveit/config/arm.srdf
[0.209s] -- Up-to-date symlink: /home/primerobotics/BuddyArm/install/buddy_arm_moveit/share/buddy_arm_moveit/config/initial_positions.yaml
[0.210s] -- Up-to-date symlink: /home/primerobotics/BuddyArm/install/buddy_arm_moveit/share/buddy_arm_moveit/config/joint_limits.yaml
[0.211s] -- Up-to-date symlink: /home/primerobotics/BuddyArm/install/buddy_arm_moveit/share/buddy_arm_moveit/config/kinematics.yaml
[0.215s] -- Up-to-date symlink: /home/primerobotics/BuddyArm/install/buddy_arm_moveit/share/buddy_arm_moveit/config/moveit.rviz
[0.217s] -- Up-to-date symlink: /home/primerobotics/BuddyArm/install/buddy_arm_moveit/share/buddy_arm_moveit/config/moveit_controllers.yaml
[0.218s] -- Up-to-date symlink: /home/primerobotics/BuddyArm/install/buddy_arm_moveit/share/buddy_arm_moveit/config/pilz_cartesian_limits.yaml
[0.219s] -- Up-to-date symlink: /home/primerobotics/BuddyArm/install/buddy_arm_moveit/share/ament_index/resource_index/package_run_dependencies/buddy_arm_moveit
[0.220s] -- Up-to-date symlink: /home/primerobotics/BuddyArm/install/buddy_arm_moveit/share/ament_index/resource_index/parent_prefix_path/buddy_arm_moveit
[0.221s] -- Up-to-date symlink: /home/primerobotics/BuddyArm/install/buddy_arm_moveit/share/buddy_arm_moveit/environment/ament_prefix_path.sh
[0.221s] -- Up-to-date symlink: /home/primerobotics/BuddyArm/install/buddy_arm_moveit/share/buddy_arm_moveit/environment/ament_prefix_path.dsv
[0.222s] -- Up-to-date symlink: /home/primerobotics/BuddyArm/install/buddy_arm_moveit/share/buddy_arm_moveit/environment/path.sh
[0.223s] -- Up-to-date symlink: /home/primerobotics/BuddyArm/install/buddy_arm_moveit/share/buddy_arm_moveit/environment/path.dsv
[0.224s] -- Up-to-date symlink: /home/primerobotics/BuddyArm/install/buddy_arm_moveit/share/buddy_arm_moveit/local_setup.bash
[0.225s] -- Up-to-date symlink: /home/primerobotics/BuddyArm/install/buddy_arm_moveit/share/buddy_arm_moveit/local_setup.sh
[0.226s] -- Up-to-date symlink: /home/primerobotics/BuddyArm/install/buddy_arm_moveit/share/buddy_arm_moveit/local_setup.zsh
[0.227s] -- Up-to-date symlink: /home/primerobotics/BuddyArm/install/buddy_arm_moveit/share/buddy_arm_moveit/local_setup.dsv
[0.228s] -- Symlinking: /home/primerobotics/BuddyArm/install/buddy_arm_moveit/share/buddy_arm_moveit/package.dsv
[0.250s] -- Up-to-date symlink: /home/primerobotics/BuddyArm/install/buddy_arm_moveit/share/ament_index/resource_index/packages/buddy_arm_moveit
[0.251s] -- Up-to-date symlink: /home/primerobotics/BuddyArm/install/buddy_arm_moveit/share/buddy_arm_moveit/cmake/buddy_arm_moveitConfig.cmake
[0.252s] -- Up-to-date symlink: /home/primerobotics/BuddyArm/install/buddy_arm_moveit/share/buddy_arm_moveit/cmake/buddy_arm_moveitConfig-version.cmake
[0.252s] -- Up-to-date symlink: /home/primerobotics/BuddyArm/install/buddy_arm_moveit/share/buddy_arm_moveit/package.xml
[0.259s] Invoked command in '/home/primerobotics/BuddyArm/build/buddy_arm_moveit' returned '0': CMAKE_PREFIX_PATH=/opt/ros/humble /usr/bin/cmake --install /home/primerobotics/BuddyArm/build/buddy_arm_moveit
