[0.056s] Invoking command in '/home/primerobotics/BuddyArm/build/arm_controller': CMAKE_PREFIX_PATH=/opt/ros/humble /usr/bin/cmake --build /home/primerobotics/BuddyArm/build/arm_controller -- -j3 -l3
[0.292s] [35m[1mConsolidate compiler generated dependencies of target arm_controller[0m
[0.346s] [  0%] Built target ament_cmake_python_symlink_arm_controller
[0.364s] [ 50%] Built target arm_controller
[0.369s] [100%] Built target slider_control
[1.286s] running egg_info
[1.288s] writing arm_controller.egg-info/PKG-INFO
[1.288s] writing dependency_links to arm_controller.egg-info/dependency_links.txt
[1.289s] writing top-level names to arm_controller.egg-info/top_level.txt
[1.297s] reading manifest file 'arm_controller.egg-info/SOURCES.txt'
[1.299s] writing manifest file 'arm_controller.egg-info/SOURCES.txt'
[1.368s] [100%] Built target ament_cmake_python_build_arm_controller_egg
[1.389s] Invoked command in '/home/primerobotics/BuddyArm/build/arm_controller' returned '0': CMAKE_PREFIX_PATH=/opt/ros/humble /usr/bin/cmake --build /home/primerobotics/BuddyArm/build/arm_controller -- -j3 -l3
[1.465s] Invoking command in '/home/primerobotics/BuddyArm/build/arm_controller': CMAKE_PREFIX_PATH=/opt/ros/humble /usr/bin/cmake --install /home/primerobotics/BuddyArm/build/arm_controller
[1.478s] -- Install configuration: ""
[1.480s] -- Execute custom install script
[1.481s] -- Up-to-date symlink: /home/primerobotics/BuddyArm/install/arm_controller/share/arm_controller/environment/pythonpath.sh
[1.481s] -- Up-to-date symlink: /home/primerobotics/BuddyArm/install/arm_controller/share/arm_controller/environment/pythonpath.dsv
[1.484s] -- Up-to-date symlink: /home/primerobotics/BuddyArm/install/arm_controller/local/lib/python3.10/dist-packages/arm_controller-0.0.0-py3.10.egg-info/PKG-INFO
[1.484s] -- Up-to-date symlink: /home/primerobotics/BuddyArm/install/arm_controller/local/lib/python3.10/dist-packages/arm_controller-0.0.0-py3.10.egg-info/SOURCES.txt
[1.486s] -- Up-to-date symlink: /home/primerobotics/BuddyArm/install/arm_controller/local/lib/python3.10/dist-packages/arm_controller-0.0.0-py3.10.egg-info/dependency_links.txt
[1.486s] -- Up-to-date symlink: /home/primerobotics/BuddyArm/install/arm_controller/local/lib/python3.10/dist-packages/arm_controller-0.0.0-py3.10.egg-info/top_level.txt
[1.487s] -- Up-to-date symlink: /home/primerobotics/BuddyArm/install/arm_controller/local/lib/python3.10/dist-packages/arm_controller/__init__.py
[1.488s] -- Up-to-date symlink: /home/primerobotics/BuddyArm/install/arm_controller/local/lib/python3.10/dist-packages/arm_controller/joint_slider.py
[1.490s] -- Up-to-date symlink: /home/primerobotics/BuddyArm/install/arm_controller/lib/arm_controller/slider_control
[1.492s] -- Up-to-date symlink: /home/primerobotics/BuddyArm/install/arm_controller/lib/arm_controller/joint_slider.py
[1.492s] -- Up-to-date symlink: /home/primerobotics/BuddyArm/install/arm_controller/share/arm_controller//arm_controller.xml
[1.494s] -- Up-to-date symlink: /home/primerobotics/BuddyArm/install/arm_controller/lib/libarm_controller.so
[1.496s] -- Up-to-date symlink: /home/primerobotics/BuddyArm/install/arm_controller/include/arm_controller/arm_interface.hpp
[1.496s] -- Up-to-date symlink: /home/primerobotics/BuddyArm/install/arm_controller/include/arm_controller/visibility_control.h
[1.497s] -- Up-to-date symlink: /home/primerobotics/BuddyArm/install/arm_controller/share/arm_controller/config/robotarm_controllers.yaml
[1.497s] -- Up-to-date symlink: /home/primerobotics/BuddyArm/install/arm_controller/share/arm_controller/launch/controller.launch.py
[1.498s] -- Up-to-date symlink: /home/primerobotics/BuddyArm/install/arm_controller/share/arm_controller/launch/joint_slide.launch.py
[1.499s] -- Up-to-date symlink: /home/primerobotics/BuddyArm/install/arm_controller/share/arm_controller/environment/library_path.sh
[1.500s] -- Up-to-date symlink: /home/primerobotics/BuddyArm/install/arm_controller/share/arm_controller/environment/library_path.dsv
[1.501s] -- Up-to-date symlink: /home/primerobotics/BuddyArm/install/arm_controller/share/ament_index/resource_index/package_run_dependencies/arm_controller
[1.502s] -- Up-to-date symlink: /home/primerobotics/BuddyArm/install/arm_controller/share/ament_index/resource_index/parent_prefix_path/arm_controller
[1.502s] -- Up-to-date symlink: /home/primerobotics/BuddyArm/install/arm_controller/share/arm_controller/environment/ament_prefix_path.sh
[1.503s] -- Up-to-date symlink: /home/primerobotics/BuddyArm/install/arm_controller/share/arm_controller/environment/ament_prefix_path.dsv
[1.504s] -- Up-to-date symlink: /home/primerobotics/BuddyArm/install/arm_controller/share/arm_controller/environment/path.sh
[1.505s] -- Up-to-date symlink: /home/primerobotics/BuddyArm/install/arm_controller/share/arm_controller/environment/path.dsv
[1.505s] -- Up-to-date symlink: /home/primerobotics/BuddyArm/install/arm_controller/share/arm_controller/local_setup.bash
[1.507s] -- Up-to-date symlink: /home/primerobotics/BuddyArm/install/arm_controller/share/arm_controller/local_setup.sh
[1.507s] -- Up-to-date symlink: /home/primerobotics/BuddyArm/install/arm_controller/share/arm_controller/local_setup.zsh
[1.508s] -- Up-to-date symlink: /home/primerobotics/BuddyArm/install/arm_controller/share/arm_controller/local_setup.dsv
[1.508s] -- Symlinking: /home/primerobotics/BuddyArm/install/arm_controller/share/arm_controller/package.dsv
[1.539s] -- Up-to-date symlink: /home/primerobotics/BuddyArm/install/arm_controller/share/ament_index/resource_index/packages/arm_controller
[1.539s] -- Up-to-date symlink: /home/primerobotics/BuddyArm/install/arm_controller/share/ament_index/resource_index/hardware_interface__pluginlib__plugin/arm_controller
[1.542s] -- Up-to-date symlink: /home/primerobotics/BuddyArm/install/arm_controller/share/arm_controller/cmake/ament_cmake_export_include_directories-extras.cmake
[1.550s] -- Up-to-date symlink: /home/primerobotics/BuddyArm/install/arm_controller/share/arm_controller/cmake/ament_cmake_export_libraries-extras.cmake
[1.552s] -- Up-to-date symlink: /home/primerobotics/BuddyArm/install/arm_controller/share/arm_controller/cmake/ament_cmake_export_dependencies-extras.cmake
[1.552s] -- Up-to-date symlink: /home/primerobotics/BuddyArm/install/arm_controller/share/arm_controller/cmake/arm_controllerConfig.cmake
[1.554s] -- Up-to-date symlink: /home/primerobotics/BuddyArm/install/arm_controller/share/arm_controller/cmake/arm_controllerConfig-version.cmake
[1.554s] -- Up-to-date symlink: /home/primerobotics/BuddyArm/install/arm_controller/share/arm_controller/package.xml
[1.627s] Listing '/home/primerobotics/BuddyArm/install/arm_controller/local/lib/python3.10/dist-packages/arm_controller'...
[1.655s] Invoked command in '/home/primerobotics/BuddyArm/build/arm_controller' returned '0': CMAKE_PREFIX_PATH=/opt/ros/humble /usr/bin/cmake --install /home/primerobotics/BuddyArm/build/arm_controller
