[0.042s] Invoking command in '/home/primerobotics/BuddyArm/build/buddy_arm_bringup': CMAKE_PREFIX_PATH=/opt/ros/humble /usr/bin/cmake --build /home/primerobotics/BuddyArm/build/buddy_arm_bringup -- -j3 -l3
[0.236s] Invoked command in '/home/primerobotics/BuddyArm/build/buddy_arm_bringup' returned '0': CMAKE_PREFIX_PATH=/opt/ros/humble /usr/bin/cmake --build /home/primerobotics/BuddyArm/build/buddy_arm_bringup -- -j3 -l3
[0.322s] Invoking command in '/home/primerobotics/BuddyArm/build/buddy_arm_bringup': CMAKE_PREFIX_PATH=/opt/ros/humble /usr/bin/cmake --install /home/primerobotics/BuddyArm/build/buddy_arm_bringup
[0.362s] -- Install configuration: ""
[0.366s] -- Execute custom install script
[0.368s] -- Up-to-date symlink: /home/primerobotics/BuddyArm/install/buddy_arm_bringup/share/buddy_arm_bringup/launch/hardware.launch.py
[0.368s] -- Up-to-date symlink: /home/primerobotics/BuddyArm/install/buddy_arm_bringup/share/buddy_arm_bringup/launch/simulation.launch.py
[0.369s] -- Up-to-date symlink: /home/primerobotics/BuddyArm/install/buddy_arm_bringup/share/ament_index/resource_index/package_run_dependencies/buddy_arm_bringup
[0.371s] -- Up-to-date symlink: /home/primerobotics/BuddyArm/install/buddy_arm_bringup/share/ament_index/resource_index/parent_prefix_path/buddy_arm_bringup
[0.372s] -- Up-to-date symlink: /home/primerobotics/BuddyArm/install/buddy_arm_bringup/share/buddy_arm_bringup/environment/ament_prefix_path.sh
[0.373s] -- Up-to-date symlink: /home/primerobotics/BuddyArm/install/buddy_arm_bringup/share/buddy_arm_bringup/environment/ament_prefix_path.dsv
[0.373s] -- Up-to-date symlink: /home/primerobotics/BuddyArm/install/buddy_arm_bringup/share/buddy_arm_bringup/environment/path.sh
[0.373s] -- Up-to-date symlink: /home/primerobotics/BuddyArm/install/buddy_arm_bringup/share/buddy_arm_bringup/environment/path.dsv
[0.374s] -- Up-to-date symlink: /home/primerobotics/BuddyArm/install/buddy_arm_bringup/share/buddy_arm_bringup/local_setup.bash
[0.374s] -- Up-to-date symlink: /home/primerobotics/BuddyArm/install/buddy_arm_bringup/share/buddy_arm_bringup/local_setup.sh
[0.376s] -- Up-to-date symlink: /home/primerobotics/BuddyArm/install/buddy_arm_bringup/share/buddy_arm_bringup/local_setup.zsh
[0.376s] -- Up-to-date symlink: /home/primerobotics/BuddyArm/install/buddy_arm_bringup/share/buddy_arm_bringup/local_setup.dsv
[0.376s] -- Symlinking: /home/primerobotics/BuddyArm/install/buddy_arm_bringup/share/buddy_arm_bringup/package.dsv
[0.416s] -- Up-to-date symlink: /home/primerobotics/BuddyArm/install/buddy_arm_bringup/share/ament_index/resource_index/packages/buddy_arm_bringup
[0.420s] -- Up-to-date symlink: /home/primerobotics/BuddyArm/install/buddy_arm_bringup/share/buddy_arm_bringup/cmake/buddy_arm_bringupConfig.cmake
[0.421s] -- Up-to-date symlink: /home/primerobotics/BuddyArm/install/buddy_arm_bringup/share/buddy_arm_bringup/cmake/buddy_arm_bringupConfig-version.cmake
[0.421s] -- Up-to-date symlink: /home/primerobotics/BuddyArm/install/buddy_arm_bringup/share/buddy_arm_bringup/package.xml
[0.431s] Invoked command in '/home/primerobotics/BuddyArm/build/buddy_arm_bringup' returned '0': CMAKE_PREFIX_PATH=/opt/ros/humble /usr/bin/cmake --install /home/primerobotics/BuddyArm/build/buddy_arm_bringup
