[0.042s] Invoking command in '/home/primerobotics/BuddyArm/build/buddy_firmware': CMAKE_PREFIX_PATH=/opt/ros/humble /usr/bin/cmake --build /home/primerobotics/BuddyArm/build/buddy_firmware -- -j3 -l3
[0.147s] Invoked command in '/home/primerobotics/BuddyArm/build/buddy_firmware' returned '0': CMAKE_PREFIX_PATH=/opt/ros/humble /usr/bin/cmake --build /home/primerobotics/BuddyArm/build/buddy_firmware -- -j3 -l3
[0.206s] Invoking command in '/home/primerobotics/BuddyArm/build/buddy_firmware': CMAKE_PREFIX_PATH=/opt/ros/humble /usr/bin/cmake --install /home/primerobotics/BuddyArm/build/buddy_firmware
[0.222s] -- Install configuration: ""
[0.224s] -- Execute custom install script
[0.226s] -- Up-to-date symlink: /home/primerobotics/BuddyArm/install/buddy_firmware/share/ament_index/resource_index/package_run_dependencies/buddy_firmware
[0.228s] -- Up-to-date symlink: /home/primerobotics/BuddyArm/install/buddy_firmware/share/ament_index/resource_index/parent_prefix_path/buddy_firmware
[0.231s] -- Up-to-date symlink: /home/primerobotics/BuddyArm/install/buddy_firmware/share/buddy_firmware/environment/ament_prefix_path.sh
[0.231s] -- Up-to-date symlink: /home/primerobotics/BuddyArm/install/buddy_firmware/share/buddy_firmware/environment/ament_prefix_path.dsv
[0.233s] -- Up-to-date symlink: /home/primerobotics/BuddyArm/install/buddy_firmware/share/buddy_firmware/environment/path.sh
[0.233s] -- Up-to-date symlink: /home/primerobotics/BuddyArm/install/buddy_firmware/share/buddy_firmware/environment/path.dsv
[0.234s] -- Up-to-date symlink: /home/primerobotics/BuddyArm/install/buddy_firmware/share/buddy_firmware/local_setup.bash
[0.236s] -- Up-to-date symlink: /home/primerobotics/BuddyArm/install/buddy_firmware/share/buddy_firmware/local_setup.sh
[0.238s] -- Up-to-date symlink: /home/primerobotics/BuddyArm/install/buddy_firmware/share/buddy_firmware/local_setup.zsh
[0.238s] -- Up-to-date symlink: /home/primerobotics/BuddyArm/install/buddy_firmware/share/buddy_firmware/local_setup.dsv
[0.239s] -- Symlinking: /home/primerobotics/BuddyArm/install/buddy_firmware/share/buddy_firmware/package.dsv
[0.257s] -- Up-to-date symlink: /home/primerobotics/BuddyArm/install/buddy_firmware/share/ament_index/resource_index/packages/buddy_firmware
[0.259s] -- Up-to-date symlink: /home/primerobotics/BuddyArm/install/buddy_firmware/share/buddy_firmware/cmake/buddy_firmwareConfig.cmake
[0.262s] -- Up-to-date symlink: /home/primerobotics/BuddyArm/install/buddy_firmware/share/buddy_firmware/cmake/buddy_firmwareConfig-version.cmake
[0.262s] -- Up-to-date symlink: /home/primerobotics/BuddyArm/install/buddy_firmware/share/buddy_firmware/package.xml
[0.288s] Invoked command in '/home/primerobotics/BuddyArm/build/buddy_firmware' returned '0': CMAKE_PREFIX_PATH=/opt/ros/humble /usr/bin/cmake --install /home/primerobotics/BuddyArm/build/buddy_firmware
