-- Found ament_cmake: 1.3.9 (/opt/ros/humble/share/ament_cmake/cmake)
-- Override CMake install command with custom implementation using symlinks instead of copying resources
-- Found rclcpp: 16.0.9 (/opt/ros/humble/share/rclcpp/cmake)
-- Found rosidl_generator_c: 3.1.5 (/opt/ros/humble/share/rosidl_generator_c/cmake)
-- Found rosidl_adapter: 3.1.5 (/opt/ros/humble/share/rosidl_adapter/cmake)
-- Found rosidl_generator_cpp: 3.1.5 (/opt/ros/humble/share/rosidl_generator_cpp/cmake)
-- Using all available rosidl_typesupport_c: rosidl_typesupport_fastrtps_c;rosidl_typesupport_introspection_c
-- Using all available rosidl_typesupport_cpp: rosidl_typesupport_fastrtps_cpp;rosidl_typesupport_introspection_cpp
-- Found rmw_implementation_cmake: 6.1.2 (/opt/ros/humble/share/rmw_implementation_cmake/cmake)
-- Found rmw_cyclonedds_cpp: 1.3.4 (/opt/ros/humble/share/rmw_cyclonedds_cpp/cmake)
-- Using RMW implementation 'rmw_cyclonedds_cpp' as default
-- Found moveit_ros_planning_interface: 2.5.5 (/opt/ros/humble/share/moveit_ros_planning_interface/cmake)
-- Found Boost: /usr/lib/x86_64-linux-gnu/cmake/Boost-1.74.0/BoostConfig.cmake (found version "1.74.0") found components: date_time filesystem program_options system thread 
-- Found Boost: /usr/lib/x86_64-linux-gnu/cmake/Boost-1.74.0/BoostConfig.cmake (found version "1.74.0") found components: chrono date_time filesystem iostreams program_options regex serialization system thread 
-- Found parameter_traits: 0.3.8 (/opt/ros/humble/share/parameter_traits/cmake)
-- Found rclcpp_lifecycle: 16.0.9 (/opt/ros/humble/share/rclcpp_lifecycle/cmake)
-- Found Boost: /usr/lib/x86_64-linux-gnu/cmake/Boost-1.74.0/BoostConfig.cmake (found version "1.74.0") found components: filesystem 
-- library: /usr/lib/x86_64-linux-gnu/libcurl.so
-- Ensuring Eigen3 include directory is part of orocos-kdl CMake target
-- Found Boost: /usr/lib/x86_64-linux-gnu/cmake/Boost-1.74.0/BoostConfig.cmake (found version "1.74.0") found components: system filesystem date_time program_options thread chrono 
-- Found Boost: /usr/lib/x86_64-linux-gnu/cmake/Boost-1.74.0/BoostConfig.cmake (found version "1.74.0") found components: thread system filesystem regex date_time program_options 
-- Found Boost: /usr/lib/x86_64-linux-gnu/cmake/Boost-1.74.0/BoostConfig.cmake (found version "1.74.0") found components: system filesystem date_time program_options thread 
-- Found interactive_markers: 2.3.2 (/opt/ros/humble/share/interactive_markers/cmake)
-- Found moveit_ros_perception: 2.5.5 (/opt/ros/humble/share/moveit_ros_perception/cmake)
-- Found Boost: /usr/lib/x86_64-linux-gnu/cmake/Boost-1.74.0/BoostConfig.cmake (found version "1.74.0") found components: thread 
[33mCMake Warning (dev) at /usr/share/cmake-3.22/Modules/FindOpenGL.cmake:315 (message):
  Policy CMP0072 is not set: FindOpenGL prefers GLVND by default when
  available.  Run "cmake --help-policy CMP0072" for policy details.  Use the
  cmake_policy command to set the policy and suppress this warning.

  FindOpenGL found both a legacy GL library:

    OPENGL_gl_LIBRARY: /usr/lib/x86_64-linux-gnu/libGL.so

  and GLVND libraries for OpenGL and GLX:

    OPENGL_opengl_LIBRARY: /usr/lib/x86_64-linux-gnu/libOpenGL.so
    OPENGL_glx_LIBRARY: /usr/lib/x86_64-linux-gnu/libGLX.so

  OpenGL_GL_PREFERENCE has not been set to "GLVND" or "LEGACY", so for
  compatibility with CMake 3.10 and below the legacy GL library will be used.
Call Stack (most recent call first):
  CMakeLists.txt:15 (find_package)
This warning is for project developers.  Use -Wno-dev to suppress it.
[0m
-- Found OpenGL: /usr/lib/x86_64-linux-gnu/libOpenGL.so   
-- Found PkgConfig: /usr/bin/pkg-config (found version "0.29.2") 
-- Checking for module 'glut'
--   No package 'glut' found
-- Found GLUT: /usr/lib/x86_64-linux-gnu/libglut.so  
-- Configuring done
-- Generating done
-- Build files have been written to: /home/primerobotics/BuddyArm/build/buddy_functionalities
[ 25%] [32mBuilding CXX object CMakeFiles/custom_path.dir/src/custom_path.cpp.o[0m
[ 50%] [32mBuilding CXX object CMakeFiles/random_path.dir/src/random_path.cpp.o[0m
[01m[K/home/primerobotics/BuddyArm/src/buddy_functionalities/src/random_path.cpp:[m[K In function ‘[01m[Kint main(int, char**)[m[K’:
[01m[K/home/primerobotics/BuddyArm/src/buddy_functionalities/src/random_path.cpp:33:93:[m[K [01;35m[Kwarning: [m[K‘[01m[Kusing MoveItErrorCode = class moveit::core::MoveItErrorCode[m[K’ is deprecated: Use moveit::core::MoveItErrorCode [[01;35m[K]8;;https://gcc.gnu.org/onlinedocs/gcc/Warning-Options.html#index-Wdeprecated-declarations-Wdeprecated-declarations]8;;[m[K]
   33 | (move_group->plan(my_plan) == moveit::planning_interface::MoveItErrorCode::[01;35m[KSUCCESS[m[K);
      |                                                                            [01;35m[K^~~~~~~[m[K

In file included from [01m[K/home/primerobotics/BuddyArm/src/buddy_functionalities/src/random_path.cpp:2[m[K:
[01m[K/opt/ros/humble/include/moveit/move_group_interface/move_group_interface.h:71:7:[m[K [01;36m[Knote: [m[Kdeclared here
   71 | using [01;36m[KMoveItErrorCode[m[K [[deprecated("Use moveit::core::MoveItErrorCode")]] = moveit::core::MoveItErrorCode;
      |       [01;36m[K^~~~~~~~~~~~~~~[m[K
[01m[K/home/primerobotics/BuddyArm/src/buddy_functionalities/src/custom_path.cpp:[m[K In function ‘[01m[Kint main(int, char**)[m[K’:
[01m[K/home/primerobotics/BuddyArm/src/buddy_functionalities/src/custom_path.cpp:48:63:[m[K [01;35m[Kwarning: [m[K‘[01m[Kusing MoveItErrorCode = class moveit::core::MoveItErrorCode[m[K’ is deprecated: Use moveit::core::MoveItErrorCode [[01;35m[K]8;;https://gcc.gnu.org/onlinedocs/gcc/Warning-Options.html#index-Wdeprecated-declarations-Wdeprecated-declarations]8;;[m[K]
   48 |   if (success == moveit::planning_interface::MoveItErrorCode::[01;35m[KSUCCESS[m[K) {
      |                                                               [01;35m[K^~~~~~~[m[K
In file included from [01m[K/home/primerobotics/BuddyArm/src/buddy_functionalities/src/custom_path.cpp:2[m[K:
[01m[K/opt/ros/humble/include/moveit/move_group_interface/move_group_interface.h:71:7:[m[K [01;36m[Knote: [m[Kdeclared here
   71 | using [01;36m[KMoveItErrorCode[m[K [[deprecated("Use moveit::core::MoveItErrorCode")]] = moveit::core::MoveItErrorCode;
      |       [01;36m[K^~~~~~~~~~~~~~~[m[K
[ 75%] [32m[1mLinking CXX executable random_path[0m
[ 75%] Built target random_path
[100%] [32m[1mLinking CXX executable custom_path[0m
[100%] Built target custom_path
-- Install configuration: ""
-- Execute custom install script
-- Symlinking: /home/primerobotics/BuddyArm/install/buddy_functionalities/lib/buddy_functionalities/random_path
-- Symlinking: /home/primerobotics/BuddyArm/install/buddy_functionalities/lib/buddy_functionalities/custom_path
-- Up-to-date symlink: /home/primerobotics/BuddyArm/install/buddy_functionalities/share/ament_index/resource_index/package_run_dependencies/buddy_functionalities
-- Up-to-date symlink: /home/primerobotics/BuddyArm/install/buddy_functionalities/share/ament_index/resource_index/parent_prefix_path/buddy_functionalities
-- Up-to-date symlink: /home/primerobotics/BuddyArm/install/buddy_functionalities/share/buddy_functionalities/environment/ament_prefix_path.sh
-- Up-to-date symlink: /home/primerobotics/BuddyArm/install/buddy_functionalities/share/buddy_functionalities/environment/ament_prefix_path.dsv
-- Up-to-date symlink: /home/primerobotics/BuddyArm/install/buddy_functionalities/share/buddy_functionalities/environment/path.sh
-- Up-to-date symlink: /home/primerobotics/BuddyArm/install/buddy_functionalities/share/buddy_functionalities/environment/path.dsv
-- Up-to-date symlink: /home/primerobotics/BuddyArm/install/buddy_functionalities/share/buddy_functionalities/local_setup.bash
-- Up-to-date symlink: /home/primerobotics/BuddyArm/install/buddy_functionalities/share/buddy_functionalities/local_setup.sh
-- Up-to-date symlink: /home/primerobotics/BuddyArm/install/buddy_functionalities/share/buddy_functionalities/local_setup.zsh
-- Up-to-date symlink: /home/primerobotics/BuddyArm/install/buddy_functionalities/share/buddy_functionalities/local_setup.dsv
-- Symlinking: /home/primerobotics/BuddyArm/install/buddy_functionalities/share/buddy_functionalities/package.dsv
-- Up-to-date symlink: /home/primerobotics/BuddyArm/install/buddy_functionalities/share/ament_index/resource_index/packages/buddy_functionalities
-- Up-to-date symlink: /home/primerobotics/BuddyArm/install/buddy_functionalities/share/buddy_functionalities/cmake/buddy_functionalitiesConfig.cmake
-- Up-to-date symlink: /home/primerobotics/BuddyArm/install/buddy_functionalities/share/buddy_functionalities/cmake/buddy_functionalitiesConfig-version.cmake
-- Up-to-date symlink: /home/primerobotics/BuddyArm/install/buddy_functionalities/share/buddy_functionalities/package.xml
