[0.063s] Invoking command in '/home/primerobotics/BuddyArm/build/buddy_functionalities': CMAKE_PREFIX_PATH=/opt/ros/humble /usr/bin/cmake --build /home/primerobotics/BuddyArm/build/buddy_functionalities -- -j3 -l3
[0.123s] -- Found ament_cmake: 1.3.9 (/opt/ros/humble/share/ament_cmake/cmake)
[0.457s] -- Override CMake install command with custom implementation using symlinks instead of copying resources
[0.473s] -- Found rclcpp: 16.0.9 (/opt/ros/humble/share/rclcpp/cmake)
[0.559s] -- Found rosidl_generator_c: 3.1.5 (/opt/ros/humble/share/rosidl_generator_c/cmake)
[0.574s] -- Found rosidl_adapter: 3.1.5 (/opt/ros/humble/share/rosidl_adapter/cmake)
[0.603s] -- Found rosidl_generator_cpp: 3.1.5 (/opt/ros/humble/share/rosidl_generator_cpp/cmake)
[0.671s] -- Using all available rosidl_typesupport_c: rosidl_typesupport_fastrtps_c;rosidl_typesupport_introspection_c
[0.746s] -- Using all available rosidl_typesupport_cpp: rosidl_typesupport_fastrtps_cpp;rosidl_typesupport_introspection_cpp
[0.933s] -- Found rmw_implementation_cmake: 6.1.2 (/opt/ros/humble/share/rmw_implementation_cmake/cmake)
[0.936s] -- Found rmw_cyclonedds_cpp: 1.3.4 (/opt/ros/humble/share/rmw_cyclonedds_cpp/cmake)
[1.013s] -- Using RMW implementation 'rmw_cyclonedds_cpp' as default
[1.427s] -- Found moveit_ros_planning_interface: 2.5.5 (/opt/ros/humble/share/moveit_ros_planning_interface/cmake)
[1.449s] -- Found Boost: /usr/lib/x86_64-linux-gnu/cmake/Boost-1.74.0/BoostConfig.cmake (found version "1.74.0") found components: date_time filesystem program_options system thread 
[3.511s] -- Found Boost: /usr/lib/x86_64-linux-gnu/cmake/Boost-1.74.0/BoostConfig.cmake (found version "1.74.0") found components: chrono date_time filesystem iostreams program_options regex serialization system thread 
[3.531s] -- Found parameter_traits: 0.3.8 (/opt/ros/humble/share/parameter_traits/cmake)
[3.563s] -- Found rclcpp_lifecycle: 16.0.9 (/opt/ros/humble/share/rclcpp_lifecycle/cmake)
[3.673s] -- Found Boost: /usr/lib/x86_64-linux-gnu/cmake/Boost-1.74.0/BoostConfig.cmake (found version "1.74.0") found components: filesystem 
[3.752s] -- library: /usr/lib/x86_64-linux-gnu/libcurl.so
[4.134s] -- Ensuring Eigen3 include directory is part of orocos-kdl CMake target
[5.390s] -- Found Boost: /usr/lib/x86_64-linux-gnu/cmake/Boost-1.74.0/BoostConfig.cmake (found version "1.74.0") found components: system filesystem date_time program_options thread chrono 
[6.642s] -- Found Boost: /usr/lib/x86_64-linux-gnu/cmake/Boost-1.74.0/BoostConfig.cmake (found version "1.74.0") found components: thread system filesystem regex date_time program_options 
[7.230s] -- Found Boost: /usr/lib/x86_64-linux-gnu/cmake/Boost-1.74.0/BoostConfig.cmake (found version "1.74.0") found components: system filesystem date_time program_options thread 
[8.228s] -- Found interactive_markers: 2.3.2 (/opt/ros/humble/share/interactive_markers/cmake)
[8.259s] -- Found moveit_ros_perception: 2.5.5 (/opt/ros/humble/share/moveit_ros_perception/cmake)
[8.266s] -- Found Boost: /usr/lib/x86_64-linux-gnu/cmake/Boost-1.74.0/BoostConfig.cmake (found version "1.74.0") found components: thread 
[9.027s] [33mCMake Warning (dev) at /usr/share/cmake-3.22/Modules/FindOpenGL.cmake:315 (message):
[9.027s]   Policy CMP0072 is not set: FindOpenGL prefers GLVND by default when
[9.028s]   available.  Run "cmake --help-policy CMP0072" for policy details.  Use the
[9.028s]   cmake_policy command to set the policy and suppress this warning.
[9.028s] 
[9.028s]   FindOpenGL found both a legacy GL library:
[9.028s] 
[9.028s]     OPENGL_gl_LIBRARY: /usr/lib/x86_64-linux-gnu/libGL.so
[9.029s] 
[9.029s]   and GLVND libraries for OpenGL and GLX:
[9.029s] 
[9.029s]     OPENGL_opengl_LIBRARY: /usr/lib/x86_64-linux-gnu/libOpenGL.so
[9.029s]     OPENGL_glx_LIBRARY: /usr/lib/x86_64-linux-gnu/libGLX.so
[9.029s] 
[9.030s]   OpenGL_GL_PREFERENCE has not been set to "GLVND" or "LEGACY", so for
[9.030s]   compatibility with CMake 3.10 and below the legacy GL library will be used.
[9.030s] Call Stack (most recent call first):
[9.030s]   CMakeLists.txt:15 (find_package)
[9.030s] This warning is for project developers.  Use -Wno-dev to suppress it.
[9.031s] [0m
[9.031s] -- Found OpenGL: /usr/lib/x86_64-linux-gnu/libOpenGL.so   
[9.040s] -- Found PkgConfig: /usr/bin/pkg-config (found version "0.29.2") 
[9.041s] -- Checking for module 'glut'
[9.045s] --   No package 'glut' found
[9.054s] -- Found GLUT: /usr/lib/x86_64-linux-gnu/libglut.so  
[9.221s] -- Configuring done
[9.373s] -- Generating done
[9.378s] -- Build files have been written to: /home/primerobotics/BuddyArm/build/buddy_functionalities
[9.447s] [ 25%] [32mBuilding CXX object CMakeFiles/custom_path.dir/src/custom_path.cpp.o[0m
[9.448s] [ 50%] [32mBuilding CXX object CMakeFiles/random_path.dir/src/random_path.cpp.o[0m
[20.256s] [01m[K/home/primerobotics/BuddyArm/src/buddy_functionalities/src/random_path.cpp:[m[K In function ‘[01m[Kint main(int, char**)[m[K’:
[20.256s] [01m[K/home/primerobotics/BuddyArm/src/buddy_functionalities/src/random_path.cpp:33:93:[m[K [01;35m[Kwarning: [m[K‘[01m[Kusing MoveItErrorCode = class moveit::core::MoveItErrorCode[m[K’ is deprecated: Use moveit::core::MoveItErrorCode [[01;35m[K]8;;https://gcc.gnu.org/onlinedocs/gcc/Warning-Options.html#index-Wdeprecated-declarations-Wdeprecated-declarations]8;;[m[K]
[20.256s]    33 | (move_group->plan(my_plan) == moveit::planning_interface::MoveItErrorCode::[01;35m[KSUCCESS[m[K);
[20.256s]       |                                                                            [01;35m[K^~~~~~~[m[K
[20.256s] 
[20.257s] In file included from [01m[K/home/primerobotics/BuddyArm/src/buddy_functionalities/src/random_path.cpp:2[m[K:
[20.257s] [01m[K/opt/ros/humble/include/moveit/move_group_interface/move_group_interface.h:71:7:[m[K [01;36m[Knote: [m[Kdeclared here
[20.258s]    71 | using [01;36m[KMoveItErrorCode[m[K [[deprecated("Use moveit::core::MoveItErrorCode")]] = moveit::core::MoveItErrorCode;
[20.258s]       |       [01;36m[K^~~~~~~~~~~~~~~[m[K
[20.344s] [01m[K/home/primerobotics/BuddyArm/src/buddy_functionalities/src/custom_path.cpp:[m[K In function ‘[01m[Kint main(int, char**)[m[K’:
[20.344s] [01m[K/home/primerobotics/BuddyArm/src/buddy_functionalities/src/custom_path.cpp:48:63:[m[K [01;35m[Kwarning: [m[K‘[01m[Kusing MoveItErrorCode = class moveit::core::MoveItErrorCode[m[K’ is deprecated: Use moveit::core::MoveItErrorCode [[01;35m[K]8;;https://gcc.gnu.org/onlinedocs/gcc/Warning-Options.html#index-Wdeprecated-declarations-Wdeprecated-declarations]8;;[m[K]
[20.345s]    48 |   if (success == moveit::planning_interface::MoveItErrorCode::[01;35m[KSUCCESS[m[K) {
[20.345s]       |                                                               [01;35m[K^~~~~~~[m[K
[20.345s] In file included from [01m[K/home/primerobotics/BuddyArm/src/buddy_functionalities/src/custom_path.cpp:2[m[K:
[20.345s] [01m[K/opt/ros/humble/include/moveit/move_group_interface/move_group_interface.h:71:7:[m[K [01;36m[Knote: [m[Kdeclared here
[20.345s]    71 | using [01;36m[KMoveItErrorCode[m[K [[deprecated("Use moveit::core::MoveItErrorCode")]] = moveit::core::MoveItErrorCode;
[20.346s]       |       [01;36m[K^~~~~~~~~~~~~~~[m[K
[26.271s] [ 75%] [32m[1mLinking CXX executable random_path[0m
[27.821s] [ 75%] Built target random_path
[28.543s] [100%] [32m[1mLinking CXX executable custom_path[0m
[29.447s] [100%] Built target custom_path
[29.465s] Invoked command in '/home/primerobotics/BuddyArm/build/buddy_functionalities' returned '0': CMAKE_PREFIX_PATH=/opt/ros/humble /usr/bin/cmake --build /home/primerobotics/BuddyArm/build/buddy_functionalities -- -j3 -l3
[29.506s] Invoking command in '/home/primerobotics/BuddyArm/build/buddy_functionalities': CMAKE_PREFIX_PATH=/opt/ros/humble /usr/bin/cmake --install /home/primerobotics/BuddyArm/build/buddy_functionalities
[29.515s] -- Install configuration: ""
[29.518s] -- Execute custom install script
[29.520s] -- Symlinking: /home/primerobotics/BuddyArm/install/buddy_functionalities/lib/buddy_functionalities/random_path
[29.530s] -- Symlinking: /home/primerobotics/BuddyArm/install/buddy_functionalities/lib/buddy_functionalities/custom_path
[29.544s] -- Up-to-date symlink: /home/primerobotics/BuddyArm/install/buddy_functionalities/share/ament_index/resource_index/package_run_dependencies/buddy_functionalities
[29.545s] -- Up-to-date symlink: /home/primerobotics/BuddyArm/install/buddy_functionalities/share/ament_index/resource_index/parent_prefix_path/buddy_functionalities
[29.545s] -- Up-to-date symlink: /home/primerobotics/BuddyArm/install/buddy_functionalities/share/buddy_functionalities/environment/ament_prefix_path.sh
[29.545s] -- Up-to-date symlink: /home/primerobotics/BuddyArm/install/buddy_functionalities/share/buddy_functionalities/environment/ament_prefix_path.dsv
[29.545s] -- Up-to-date symlink: /home/primerobotics/BuddyArm/install/buddy_functionalities/share/buddy_functionalities/environment/path.sh
[29.546s] -- Up-to-date symlink: /home/primerobotics/BuddyArm/install/buddy_functionalities/share/buddy_functionalities/environment/path.dsv
[29.546s] -- Up-to-date symlink: /home/primerobotics/BuddyArm/install/buddy_functionalities/share/buddy_functionalities/local_setup.bash
[29.547s] -- Up-to-date symlink: /home/primerobotics/BuddyArm/install/buddy_functionalities/share/buddy_functionalities/local_setup.sh
[29.548s] -- Up-to-date symlink: /home/primerobotics/BuddyArm/install/buddy_functionalities/share/buddy_functionalities/local_setup.zsh
[29.548s] -- Up-to-date symlink: /home/primerobotics/BuddyArm/install/buddy_functionalities/share/buddy_functionalities/local_setup.dsv
[29.548s] -- Symlinking: /home/primerobotics/BuddyArm/install/buddy_functionalities/share/buddy_functionalities/package.dsv
[29.563s] -- Up-to-date symlink: /home/primerobotics/BuddyArm/install/buddy_functionalities/share/ament_index/resource_index/packages/buddy_functionalities
[29.563s] -- Up-to-date symlink: /home/primerobotics/BuddyArm/install/buddy_functionalities/share/buddy_functionalities/cmake/buddy_functionalitiesConfig.cmake
[29.564s] -- Up-to-date symlink: /home/primerobotics/BuddyArm/install/buddy_functionalities/share/buddy_functionalities/cmake/buddy_functionalitiesConfig-version.cmake
[29.564s] -- Up-to-date symlink: /home/primerobotics/BuddyArm/install/buddy_functionalities/share/buddy_functionalities/package.xml
[29.570s] Invoked command in '/home/primerobotics/BuddyArm/build/buddy_functionalities' returned '0': CMAKE_PREFIX_PATH=/opt/ros/humble /usr/bin/cmake --install /home/primerobotics/BuddyArm/build/buddy_functionalities
