[0.052s] Invoking command in '/home/primerobotics/BuddyArm/build/buddy_functionalities': CMAKE_PREFIX_PATH=/opt/ros/humble /usr/bin/cmake --build /home/primerobotics/BuddyArm/build/buddy_functionalities -- -j3 -l3
[0.146s] [35m[1mConsolidate compiler generated dependencies of target custom_path[0m
[0.158s] [35m[1mConsolidate compiler generated dependencies of target random_path[0m
[0.233s] [ 75%] Built target custom_path
[0.235s] [100%] Built target random_path
[0.259s] Invoked command in '/home/primerobotics/BuddyArm/build/buddy_functionalities' returned '0': CMAKE_PREFIX_PATH=/opt/ros/humble /usr/bin/cmake --build /home/primerobotics/BuddyArm/build/buddy_functionalities -- -j3 -l3
[0.317s] Invoking command in '/home/primerobotics/BuddyArm/build/buddy_functionalities': CMAKE_PREFIX_PATH=/opt/ros/humble /usr/bin/cmake --install /home/primerobotics/BuddyArm/build/buddy_functionalities
[0.331s] -- Install configuration: ""
[0.336s] -- Execute custom install script
[0.339s] -- Up-to-date symlink: /home/primerobotics/BuddyArm/install/buddy_functionalities/lib/buddy_functionalities/random_path
[0.340s] -- Up-to-date symlink: /home/primerobotics/BuddyArm/install/buddy_functionalities/lib/buddy_functionalities/custom_path
[0.343s] -- Up-to-date symlink: /home/primerobotics/BuddyArm/install/buddy_functionalities/share/ament_index/resource_index/package_run_dependencies/buddy_functionalities
[0.345s] -- Up-to-date symlink: /home/primerobotics/BuddyArm/install/buddy_functionalities/share/ament_index/resource_index/parent_prefix_path/buddy_functionalities
[0.347s] -- Up-to-date symlink: /home/primerobotics/BuddyArm/install/buddy_functionalities/share/buddy_functionalities/environment/ament_prefix_path.sh
[0.349s] -- Up-to-date symlink: /home/primerobotics/BuddyArm/install/buddy_functionalities/share/buddy_functionalities/environment/ament_prefix_path.dsv
[0.351s] -- Up-to-date symlink: /home/primerobotics/BuddyArm/install/buddy_functionalities/share/buddy_functionalities/environment/path.sh
[0.353s] -- Up-to-date symlink: /home/primerobotics/BuddyArm/install/buddy_functionalities/share/buddy_functionalities/environment/path.dsv
[0.355s] -- Up-to-date symlink: /home/primerobotics/BuddyArm/install/buddy_functionalities/share/buddy_functionalities/local_setup.bash
[0.357s] -- Up-to-date symlink: /home/primerobotics/BuddyArm/install/buddy_functionalities/share/buddy_functionalities/local_setup.sh
[0.358s] -- Up-to-date symlink: /home/primerobotics/BuddyArm/install/buddy_functionalities/share/buddy_functionalities/local_setup.zsh
[0.359s] -- Up-to-date symlink: /home/primerobotics/BuddyArm/install/buddy_functionalities/share/buddy_functionalities/local_setup.dsv
[0.360s] -- Symlinking: /home/primerobotics/BuddyArm/install/buddy_functionalities/share/buddy_functionalities/package.dsv
[0.385s] -- Up-to-date symlink: /home/primerobotics/BuddyArm/install/buddy_functionalities/share/ament_index/resource_index/packages/buddy_functionalities
[0.386s] -- Up-to-date symlink: /home/primerobotics/BuddyArm/install/buddy_functionalities/share/buddy_functionalities/cmake/buddy_functionalitiesConfig.cmake
[0.387s] -- Up-to-date symlink: /home/primerobotics/BuddyArm/install/buddy_functionalities/share/buddy_functionalities/cmake/buddy_functionalitiesConfig-version.cmake
[0.388s] -- Up-to-date symlink: /home/primerobotics/BuddyArm/install/buddy_functionalities/share/buddy_functionalities/package.xml
[0.402s] Invoked command in '/home/primerobotics/BuddyArm/build/buddy_functionalities' returned '0': CMAKE_PREFIX_PATH=/opt/ros/humble /usr/bin/cmake --install /home/primerobotics/BuddyArm/build/buddy_functionalities
