-- The C compiler identification is GNU 11.4.0
-- The CXX compiler identification is GNU 11.4.0
-- Detecting C compiler ABI info
-- Detecting C compiler ABI info - done
-- Check for working C compiler: /usr/bin/cc - skipped
-- Detecting C compile features
-- Detecting C compile features - done
-- Detecting CXX compiler ABI info
-- Detecting CXX compiler ABI info - done
-- Check for working CXX compiler: /usr/bin/c++ - skipped
-- Detecting CXX compile features
-- Detecting CXX compile features - done
-- Found ament_cmake: 1.3.9 (/opt/ros/humble/share/ament_cmake/cmake)
-- Found Python3: /usr/bin/python3 (found version "3.10.12") found components: Interpreter 
-- Override CMake install command with custom implementation using symlinks instead of copying resources
-- Found hardware_interface: 2.41.0 (/opt/ros/humble/share/hardware_interface/cmake)
-- Found rosidl_generator_c: 3.1.5 (/opt/ros/humble/share/rosidl_generator_c/cmake)
-- Found rosidl_adapter: 3.1.5 (/opt/ros/humble/share/rosidl_adapter/cmake)
-- Found rosidl_generator_cpp: 3.1.5 (/opt/ros/humble/share/rosidl_generator_cpp/cmake)
-- Using all available rosidl_typesupport_c: rosidl_typesupport_fastrtps_c;rosidl_typesupport_introspection_c
-- Using all available rosidl_typesupport_cpp: rosidl_typesupport_fastrtps_cpp;rosidl_typesupport_introspection_cpp
-- Found rmw_implementation_cmake: 6.1.2 (/opt/ros/humble/share/rmw_implementation_cmake/cmake)
-- Found rmw_cyclonedds_cpp: 1.3.4 (/opt/ros/humble/share/rmw_cyclonedds_cpp/cmake)
-- Using RMW implementation 'rmw_cyclonedds_cpp' as default
-- Looking for pthread.h
-- Looking for pthread.h - found
-- Performing Test CMAKE_HAVE_LIBC_PTHREAD
-- Performing Test CMAKE_HAVE_LIBC_PTHREAD - Success
-- Found Threads: TRUE  
-- Found rclpy: 3.3.13 (/opt/ros/humble/share/rclpy/cmake)
-- Found PkgConfig: /usr/bin/pkg-config (found version "0.29.2") 
-- Checking for module 'libserial'
--   Found libserial, version 1.0.0
-- Configuring done
-- Generating done
-- Build files have been written to: /home/primerobotics/BuddyArm/build/arm_controller
[ 25%] [32mBuilding CXX object CMakeFiles/arm_controller.dir/src/arm_interface.cpp.o[0m
[ 50%] [32mBuilding CXX object CMakeFiles/slider_control.dir/src/slider.cpp.o[0m
[ 50%] Built target ament_cmake_python_symlink_arm_controller
running egg_info
creating arm_controller.egg-info
writing arm_controller.egg-info/PKG-INFO
writing dependency_links to arm_controller.egg-info/dependency_links.txt
writing top-level names to arm_controller.egg-info/top_level.txt
writing manifest file 'arm_controller.egg-info/SOURCES.txt'
reading manifest file 'arm_controller.egg-info/SOURCES.txt'
writing manifest file 'arm_controller.egg-info/SOURCES.txt'
[ 50%] Built target ament_cmake_python_build_arm_controller_egg
[ 75%] [32m[1mLinking CXX shared library libarm_controller.so[0m
[ 75%] Built target arm_controller
[100%] [32m[1mLinking CXX executable slider_control[0m
[100%] Built target slider_control
-- Install configuration: ""
-- Execute custom install script
-- Symlinking: /home/primerobotics/BuddyArm/install/arm_controller/share/arm_controller/environment/pythonpath.sh
-- Symlinking: /home/primerobotics/BuddyArm/install/arm_controller/share/arm_controller/environment/pythonpath.dsv
-- Symlinking: /home/primerobotics/BuddyArm/install/arm_controller/local/lib/python3.10/dist-packages/arm_controller-0.0.0-py3.10.egg-info/PKG-INFO
-- Symlinking: /home/primerobotics/BuddyArm/install/arm_controller/local/lib/python3.10/dist-packages/arm_controller-0.0.0-py3.10.egg-info/SOURCES.txt
-- Symlinking: /home/primerobotics/BuddyArm/install/arm_controller/local/lib/python3.10/dist-packages/arm_controller-0.0.0-py3.10.egg-info/dependency_links.txt
-- Symlinking: /home/primerobotics/BuddyArm/install/arm_controller/local/lib/python3.10/dist-packages/arm_controller-0.0.0-py3.10.egg-info/top_level.txt
-- Symlinking: /home/primerobotics/BuddyArm/install/arm_controller/local/lib/python3.10/dist-packages/arm_controller/__init__.py
-- Symlinking: /home/primerobotics/BuddyArm/install/arm_controller/local/lib/python3.10/dist-packages/arm_controller/joint_slider.py
-- Symlinking: /home/primerobotics/BuddyArm/install/arm_controller/lib/arm_controller/slider_control
-- Symlinking: /home/primerobotics/BuddyArm/install/arm_controller/lib/arm_controller/joint_slider.py
-- Symlinking: /home/primerobotics/BuddyArm/install/arm_controller/share/arm_controller//arm_controller.xml
-- Symlinking: /home/primerobotics/BuddyArm/install/arm_controller/lib/libarm_controller.so
-- Symlinking: /home/primerobotics/BuddyArm/install/arm_controller/include/arm_controller/arm_interface.hpp
-- Symlinking: /home/primerobotics/BuddyArm/install/arm_controller/include/arm_controller/visibility_control.h
-- Symlinking: /home/primerobotics/BuddyArm/install/arm_controller/share/arm_controller/config/robotarm_controllers.yaml
-- Symlinking: /home/primerobotics/BuddyArm/install/arm_controller/share/arm_controller/launch/controller.launch.py
-- Symlinking: /home/primerobotics/BuddyArm/install/arm_controller/share/arm_controller/launch/joint_slide.launch.py
-- Symlinking: /home/primerobotics/BuddyArm/install/arm_controller/share/arm_controller/environment/library_path.sh
-- Symlinking: /home/primerobotics/BuddyArm/install/arm_controller/share/arm_controller/environment/library_path.dsv
-- Symlinking: /home/primerobotics/BuddyArm/install/arm_controller/share/ament_index/resource_index/package_run_dependencies/arm_controller
-- Symlinking: /home/primerobotics/BuddyArm/install/arm_controller/share/ament_index/resource_index/parent_prefix_path/arm_controller
-- Symlinking: /home/primerobotics/BuddyArm/install/arm_controller/share/arm_controller/environment/ament_prefix_path.sh
-- Symlinking: /home/primerobotics/BuddyArm/install/arm_controller/share/arm_controller/environment/ament_prefix_path.dsv
-- Symlinking: /home/primerobotics/BuddyArm/install/arm_controller/share/arm_controller/environment/path.sh
-- Symlinking: /home/primerobotics/BuddyArm/install/arm_controller/share/arm_controller/environment/path.dsv
-- Symlinking: /home/primerobotics/BuddyArm/install/arm_controller/share/arm_controller/local_setup.bash
-- Symlinking: /home/primerobotics/BuddyArm/install/arm_controller/share/arm_controller/local_setup.sh
-- Symlinking: /home/primerobotics/BuddyArm/install/arm_controller/share/arm_controller/local_setup.zsh
-- Symlinking: /home/primerobotics/BuddyArm/install/arm_controller/share/arm_controller/local_setup.dsv
-- Symlinking: /home/primerobotics/BuddyArm/install/arm_controller/share/arm_controller/package.dsv
-- Symlinking: /home/primerobotics/BuddyArm/install/arm_controller/share/ament_index/resource_index/packages/arm_controller
-- Symlinking: /home/primerobotics/BuddyArm/install/arm_controller/share/ament_index/resource_index/hardware_interface__pluginlib__plugin/arm_controller
-- Symlinking: /home/primerobotics/BuddyArm/install/arm_controller/share/arm_controller/cmake/ament_cmake_export_include_directories-extras.cmake
-- Symlinking: /home/primerobotics/BuddyArm/install/arm_controller/share/arm_controller/cmake/ament_cmake_export_libraries-extras.cmake
-- Symlinking: /home/primerobotics/BuddyArm/install/arm_controller/share/arm_controller/cmake/ament_cmake_export_dependencies-extras.cmake
-- Symlinking: /home/primerobotics/BuddyArm/install/arm_controller/share/arm_controller/cmake/arm_controllerConfig.cmake
-- Symlinking: /home/primerobotics/BuddyArm/install/arm_controller/share/arm_controller/cmake/arm_controllerConfig-version.cmake
-- Symlinking: /home/primerobotics/BuddyArm/install/arm_controller/share/arm_controller/package.xml
Listing '/home/primerobotics/BuddyArm/install/arm_controller/local/lib/python3.10/dist-packages/arm_controller'...
Compiling '/home/primerobotics/BuddyArm/install/arm_controller/local/lib/python3.10/dist-packages/arm_controller/__init__.py'...
Compiling '/home/primerobotics/BuddyArm/install/arm_controller/local/lib/python3.10/dist-packages/arm_controller/joint_slider.py'...
