[0.062s] Invoking command in '/home/primerobotics/BuddyArm/build/buddy_arm_description': CMAKE_PREFIX_PATH=/opt/ros/humble /usr/bin/cmake --build /home/primerobotics/BuddyArm/build/buddy_arm_description -- -j3 -l3
[0.254s] Invoked command in '/home/primerobotics/BuddyArm/build/buddy_arm_description' returned '0': CMAKE_PREFIX_PATH=/opt/ros/humble /usr/bin/cmake --build /home/primerobotics/BuddyArm/build/buddy_arm_description -- -j3 -l3
[0.347s] Invoking command in '/home/primerobotics/BuddyArm/build/buddy_arm_description': CMAKE_PREFIX_PATH=/opt/ros/humble /usr/bin/cmake --install /home/primerobotics/BuddyArm/build/buddy_arm_description
[0.363s] -- Install configuration: ""
[0.366s] -- Execute custom install script
[0.369s] -- Up-to-date symlink: /home/primerobotics/BuddyArm/install/buddy_arm_description/share/buddy_arm_description/launch/display.launch.xml
[0.371s] -- Up-to-date symlink: /home/primerobotics/BuddyArm/install/buddy_arm_description/share/buddy_arm_description/launch/gazebo.launch.py
[0.374s] -- Up-to-date symlink: /home/primerobotics/BuddyArm/install/buddy_arm_description/share/buddy_arm_description/urdf/buddy_core.urdf.xacro
[0.376s] -- Up-to-date symlink: /home/primerobotics/BuddyArm/install/buddy_arm_description/share/buddy_arm_description/urdf/buddy_gazebo.urdf.xacro
[0.379s] -- Up-to-date symlink: /home/primerobotics/BuddyArm/install/buddy_arm_description/share/buddy_arm_description/urdf/buddy_inertia.urdf.xacro
[0.381s] -- Up-to-date symlink: /home/primerobotics/BuddyArm/install/buddy_arm_description/share/buddy_arm_description/urdf/buddy_ros2_control.urdf.xacro
[0.383s] -- Up-to-date symlink: /home/primerobotics/BuddyArm/install/buddy_arm_description/share/buddy_arm_description/urdf/main.urdf.xacro
[0.385s] -- Up-to-date symlink: /home/primerobotics/BuddyArm/install/buddy_arm_description/share/buddy_arm_description/meshes/left_finger.STL
[0.388s] -- Up-to-date symlink: /home/primerobotics/BuddyArm/install/buddy_arm_description/share/buddy_arm_description/meshes/right_finger.STL
[0.390s] -- Up-to-date symlink: /home/primerobotics/BuddyArm/install/buddy_arm_description/share/ament_index/resource_index/package_run_dependencies/buddy_arm_description
[0.392s] -- Up-to-date symlink: /home/primerobotics/BuddyArm/install/buddy_arm_description/share/ament_index/resource_index/parent_prefix_path/buddy_arm_description
[0.395s] -- Up-to-date symlink: /home/primerobotics/BuddyArm/install/buddy_arm_description/share/buddy_arm_description/environment/ament_prefix_path.sh
[0.397s] -- Up-to-date symlink: /home/primerobotics/BuddyArm/install/buddy_arm_description/share/buddy_arm_description/environment/ament_prefix_path.dsv
[0.399s] -- Up-to-date symlink: /home/primerobotics/BuddyArm/install/buddy_arm_description/share/buddy_arm_description/environment/path.sh
[0.402s] -- Up-to-date symlink: /home/primerobotics/BuddyArm/install/buddy_arm_description/share/buddy_arm_description/environment/path.dsv
[0.404s] -- Up-to-date symlink: /home/primerobotics/BuddyArm/install/buddy_arm_description/share/buddy_arm_description/local_setup.bash
[0.407s] -- Up-to-date symlink: /home/primerobotics/BuddyArm/install/buddy_arm_description/share/buddy_arm_description/local_setup.sh
[0.409s] -- Up-to-date symlink: /home/primerobotics/BuddyArm/install/buddy_arm_description/share/buddy_arm_description/local_setup.zsh
[0.415s] -- Up-to-date symlink: /home/primerobotics/BuddyArm/install/buddy_arm_description/share/buddy_arm_description/local_setup.dsv
[0.418s] -- Symlinking: /home/primerobotics/BuddyArm/install/buddy_arm_description/share/buddy_arm_description/package.dsv
[0.459s] -- Up-to-date symlink: /home/primerobotics/BuddyArm/install/buddy_arm_description/share/ament_index/resource_index/packages/buddy_arm_description
[0.462s] -- Up-to-date symlink: /home/primerobotics/BuddyArm/install/buddy_arm_description/share/buddy_arm_description/cmake/buddy_arm_descriptionConfig.cmake
[0.465s] -- Up-to-date symlink: /home/primerobotics/BuddyArm/install/buddy_arm_description/share/buddy_arm_description/cmake/buddy_arm_descriptionConfig-version.cmake
[0.467s] -- Up-to-date symlink: /home/primerobotics/BuddyArm/install/buddy_arm_description/share/buddy_arm_description/package.xml
[0.475s] Invoked command in '/home/primerobotics/BuddyArm/build/buddy_arm_description' returned '0': CMAKE_PREFIX_PATH=/opt/ros/humble /usr/bin/cmake --install /home/primerobotics/BuddyArm/build/buddy_arm_description
