-- The C compiler identification is GNU 11.4.0
-- The CXX compiler identification is GNU 11.4.0
-- Detecting C compiler ABI info
-- Detecting C compiler ABI info - done
-- Check for working C compiler: /usr/bin/cc - skipped
-- Detecting C compile features
-- Detecting C compile features - done
-- Detecting CXX compiler ABI info
-- Detecting CXX compiler ABI info - done
-- Check for working CXX compiler: /usr/bin/c++ - skipped
-- Detecting CXX compile features
-- Detecting CXX compile features - done
-- Found ament_cmake: 1.3.9 (/opt/ros/humble/share/ament_cmake/cmake)
-- Found Python3: /usr/bin/python3 (found version "3.10.12") found components: Interpreter 
-- Override CMake install command with custom implementation using symlinks instead of copying resources
-- Configuring done
-- Generating done
-- Build files have been written to: /home/primerobotics/BuddyArm/build/buddy_arm_description
-- Install configuration: ""
-- Execute custom install script
-- Symlinking: /home/primerobotics/BuddyArm/install/buddy_arm_description/share/buddy_arm_description/launch/display.launch.xml
-- Symlinking: /home/primerobotics/BuddyArm/install/buddy_arm_description/share/buddy_arm_description/launch/gazebo.launch.py
-- Symlinking: /home/primerobotics/BuddyArm/install/buddy_arm_description/share/buddy_arm_description/urdf/buddy_core.urdf.xacro
-- Symlinking: /home/primerobotics/BuddyArm/install/buddy_arm_description/share/buddy_arm_description/urdf/buddy_gazebo.urdf.xacro
-- Symlinking: /home/primerobotics/BuddyArm/install/buddy_arm_description/share/buddy_arm_description/urdf/buddy_inertia.urdf.xacro
-- Symlinking: /home/primerobotics/BuddyArm/install/buddy_arm_description/share/buddy_arm_description/urdf/buddy_ros2_control.urdf.xacro
-- Symlinking: /home/primerobotics/BuddyArm/install/buddy_arm_description/share/buddy_arm_description/urdf/main.urdf.xacro
-- Symlinking: /home/primerobotics/BuddyArm/install/buddy_arm_description/share/buddy_arm_description/meshes/left_finger.STL
-- Symlinking: /home/primerobotics/BuddyArm/install/buddy_arm_description/share/buddy_arm_description/meshes/right_finger.STL
-- Symlinking: /home/primerobotics/BuddyArm/install/buddy_arm_description/share/ament_index/resource_index/package_run_dependencies/buddy_arm_description
-- Symlinking: /home/primerobotics/BuddyArm/install/buddy_arm_description/share/ament_index/resource_index/parent_prefix_path/buddy_arm_description
-- Symlinking: /home/primerobotics/BuddyArm/install/buddy_arm_description/share/buddy_arm_description/environment/ament_prefix_path.sh
-- Symlinking: /home/primerobotics/BuddyArm/install/buddy_arm_description/share/buddy_arm_description/environment/ament_prefix_path.dsv
-- Symlinking: /home/primerobotics/BuddyArm/install/buddy_arm_description/share/buddy_arm_description/environment/path.sh
-- Symlinking: /home/primerobotics/BuddyArm/install/buddy_arm_description/share/buddy_arm_description/environment/path.dsv
-- Symlinking: /home/primerobotics/BuddyArm/install/buddy_arm_description/share/buddy_arm_description/local_setup.bash
-- Symlinking: /home/primerobotics/BuddyArm/install/buddy_arm_description/share/buddy_arm_description/local_setup.sh
-- Symlinking: /home/primerobotics/BuddyArm/install/buddy_arm_description/share/buddy_arm_description/local_setup.zsh
-- Symlinking: /home/primerobotics/BuddyArm/install/buddy_arm_description/share/buddy_arm_description/local_setup.dsv
-- Symlinking: /home/primerobotics/BuddyArm/install/buddy_arm_description/share/buddy_arm_description/package.dsv
-- Symlinking: /home/primerobotics/BuddyArm/install/buddy_arm_description/share/ament_index/resource_index/packages/buddy_arm_description
-- Symlinking: /home/primerobotics/BuddyArm/install/buddy_arm_description/share/buddy_arm_description/cmake/buddy_arm_descriptionConfig.cmake
-- Symlinking: /home/primerobotics/BuddyArm/install/buddy_arm_description/share/buddy_arm_description/cmake/buddy_arm_descriptionConfig-version.cmake
-- Symlinking: /home/primerobotics/BuddyArm/install/buddy_arm_description/share/buddy_arm_description/package.xml
