[0.047s] Invoking command in '/home/primerobotics/BuddyArm/build/buddy_arm_description': CMAKE_PREFIX_PATH=/opt/ros/humble /usr/bin/cmake /home/primerobotics/BuddyArm/src/buddy_arm_description -DAMENT_CMAKE_SYMLINK_INSTALL=1 -DCMAKE_INSTALL_PREFIX=/home/primerobotics/BuddyArm/install/buddy_arm_description
[0.449s] -- The C compiler identification is GNU 11.4.0
[0.784s] -- The CXX compiler identification is GNU 11.4.0
[0.826s] -- Detecting C compiler ABI info
[1.007s] -- Detecting C compiler ABI info - done
[1.041s] -- Check for working C compiler: /usr/bin/cc - skipped
[1.047s] -- Detecting C compile features
[1.050s] -- Detecting C compile features - done
[1.064s] -- Detecting CXX compiler ABI info
[1.327s] -- Detecting CXX compiler ABI info - done
[1.383s] -- Check for working CXX compiler: /usr/bin/c++ - skipped
[1.384s] -- Detecting CXX compile features
[1.386s] -- Detecting CXX compile features - done
[1.418s] -- Found ament_cmake: 1.3.9 (/opt/ros/humble/share/ament_cmake/cmake)
[1.848s] -- Found Python3: /usr/bin/python3 (found version "3.10.12") found components: Interpreter 
[2.090s] -- Override CMake install command with custom implementation using symlinks instead of copying resources
[2.522s] -- Configuring done
[2.532s] -- Generating done
[2.540s] -- Build files have been written to: /home/primerobotics/BuddyArm/build/buddy_arm_description
[2.572s] Invoked command in '/home/primerobotics/BuddyArm/build/buddy_arm_description' returned '0': CMAKE_PREFIX_PATH=/opt/ros/humble /usr/bin/cmake /home/primerobotics/BuddyArm/src/buddy_arm_description -DAMENT_CMAKE_SYMLINK_INSTALL=1 -DCMAKE_INSTALL_PREFIX=/home/primerobotics/BuddyArm/install/buddy_arm_description
[2.573s] Invoking command in '/home/primerobotics/BuddyArm/build/buddy_arm_description': CMAKE_PREFIX_PATH=/opt/ros/humble /usr/bin/cmake --build /home/primerobotics/BuddyArm/build/buddy_arm_description -- -j3 -l3
[2.684s] Invoked command in '/home/primerobotics/BuddyArm/build/buddy_arm_description' returned '0': CMAKE_PREFIX_PATH=/opt/ros/humble /usr/bin/cmake --build /home/primerobotics/BuddyArm/build/buddy_arm_description -- -j3 -l3
[2.780s] Invoking command in '/home/primerobotics/BuddyArm/build/buddy_arm_description': CMAKE_PREFIX_PATH=/opt/ros/humble /usr/bin/cmake --install /home/primerobotics/BuddyArm/build/buddy_arm_description
[2.799s] -- Install configuration: ""
[2.803s] -- Execute custom install script
[2.815s] -- Symlinking: /home/primerobotics/BuddyArm/install/buddy_arm_description/share/buddy_arm_description/launch/display.launch.xml
[2.845s] -- Symlinking: /home/primerobotics/BuddyArm/install/buddy_arm_description/share/buddy_arm_description/launch/gazebo.launch.py
[2.865s] -- Symlinking: /home/primerobotics/BuddyArm/install/buddy_arm_description/share/buddy_arm_description/urdf/buddy_core.urdf.xacro
[2.888s] -- Symlinking: /home/primerobotics/BuddyArm/install/buddy_arm_description/share/buddy_arm_description/urdf/buddy_gazebo.urdf.xacro
[2.923s] -- Symlinking: /home/primerobotics/BuddyArm/install/buddy_arm_description/share/buddy_arm_description/urdf/buddy_inertia.urdf.xacro
[2.946s] -- Symlinking: /home/primerobotics/BuddyArm/install/buddy_arm_description/share/buddy_arm_description/urdf/buddy_ros2_control.urdf.xacro
[2.968s] -- Symlinking: /home/primerobotics/BuddyArm/install/buddy_arm_description/share/buddy_arm_description/urdf/main.urdf.xacro
[2.991s] -- Symlinking: /home/primerobotics/BuddyArm/install/buddy_arm_description/share/buddy_arm_description/meshes/left_finger.STL
[3.014s] -- Symlinking: /home/primerobotics/BuddyArm/install/buddy_arm_description/share/buddy_arm_description/meshes/right_finger.STL
[3.042s] -- Symlinking: /home/primerobotics/BuddyArm/install/buddy_arm_description/share/ament_index/resource_index/package_run_dependencies/buddy_arm_description
[3.060s] -- Symlinking: /home/primerobotics/BuddyArm/install/buddy_arm_description/share/ament_index/resource_index/parent_prefix_path/buddy_arm_description
[3.082s] -- Symlinking: /home/primerobotics/BuddyArm/install/buddy_arm_description/share/buddy_arm_description/environment/ament_prefix_path.sh
[3.104s] -- Symlinking: /home/primerobotics/BuddyArm/install/buddy_arm_description/share/buddy_arm_description/environment/ament_prefix_path.dsv
[3.124s] -- Symlinking: /home/primerobotics/BuddyArm/install/buddy_arm_description/share/buddy_arm_description/environment/path.sh
[3.142s] -- Symlinking: /home/primerobotics/BuddyArm/install/buddy_arm_description/share/buddy_arm_description/environment/path.dsv
[3.179s] -- Symlinking: /home/primerobotics/BuddyArm/install/buddy_arm_description/share/buddy_arm_description/local_setup.bash
[3.192s] -- Symlinking: /home/primerobotics/BuddyArm/install/buddy_arm_description/share/buddy_arm_description/local_setup.sh
[3.211s] -- Symlinking: /home/primerobotics/BuddyArm/install/buddy_arm_description/share/buddy_arm_description/local_setup.zsh
[3.238s] -- Symlinking: /home/primerobotics/BuddyArm/install/buddy_arm_description/share/buddy_arm_description/local_setup.dsv
[3.259s] -- Symlinking: /home/primerobotics/BuddyArm/install/buddy_arm_description/share/buddy_arm_description/package.dsv
[3.278s] -- Symlinking: /home/primerobotics/BuddyArm/install/buddy_arm_description/share/ament_index/resource_index/packages/buddy_arm_description
[3.298s] -- Symlinking: /home/primerobotics/BuddyArm/install/buddy_arm_description/share/buddy_arm_description/cmake/buddy_arm_descriptionConfig.cmake
[3.317s] -- Symlinking: /home/primerobotics/BuddyArm/install/buddy_arm_description/share/buddy_arm_description/cmake/buddy_arm_descriptionConfig-version.cmake
[3.336s] -- Symlinking: /home/primerobotics/BuddyArm/install/buddy_arm_description/share/buddy_arm_description/package.xml
[3.359s] Invoked command in '/home/primerobotics/BuddyArm/build/buddy_arm_description' returned '0': CMAKE_PREFIX_PATH=/opt/ros/humble /usr/bin/cmake --install /home/primerobotics/BuddyArm/build/buddy_arm_description
