[0.241s] DEBUG:colcon:Command line arguments: ['/usr/bin/colcon', 'build', '--symlink-install']
[0.241s] DEBUG:colcon:Parsed command line arguments: Namespace(log_base=None, log_level=None, verb_name='build', build_base='build', install_base='install', merge_install=False, symlink_install=True, test_result_base=None, continue_on_error=False, executor='parallel', parallel_workers=2, event_handlers=None, ignore_user_meta=False, metas=['./colcon.meta'], base_paths=['.'], packages_ignore=None, packages_ignore_regex=None, paths=None, packages_up_to=None, packages_up_to_regex=None, packages_above=None, packages_above_and_dependencies=None, packages_above_depth=None, packages_select_by_dep=None, packages_skip_by_dep=None, packages_skip_up_to=None, packages_select_build_failed=False, packages_skip_build_finished=False, packages_select_test_failures=False, packages_skip_test_passed=False, packages_select=None, packages_skip=None, packages_select_regex=None, packages_skip_regex=None, packages_start=None, packages_end=None, allow_overriding=[], cmake_args=None, cmake_target=None, cmake_target_skip_unavailable=False, cmake_clean_cache=False, cmake_clean_first=False, cmake_force_configure=False, ament_cmake_args=None, catkin_cmake_args=None, catkin_skip_building_tests=False, verb_parser=<colcon_defaults.argument_parser.defaults.DefaultArgumentsDecorator object at 0x797b2f8342b0>, verb_extension=<colcon_core.verb.build.BuildVerb object at 0x797b2f9fbe20>, main=<bound method BuildVerb.main of <colcon_core.verb.build.BuildVerb object at 0x797b2f9fbe20>>)
[0.959s] Level 1:colcon.colcon_core.package_discovery:discover_packages(colcon_meta) check parameters
[0.960s] Level 1:colcon.colcon_core.package_discovery:discover_packages(recursive) check parameters
[0.960s] Level 1:colcon.colcon_core.package_discovery:discover_packages(ignore) check parameters
[0.961s] Level 1:colcon.colcon_core.package_discovery:discover_packages(path) check parameters
[0.961s] Level 1:colcon.colcon_core.package_discovery:discover_packages(colcon_meta) discover
[0.961s] Level 1:colcon.colcon_core.package_discovery:discover_packages(recursive) discover
[0.962s] INFO:colcon.colcon_core.package_discovery:Crawling recursively for packages in '/home/primerobotics/BuddyArm'
[0.962s] Level 1:colcon.colcon_core.package_identification:_identify(.) by extensions ['ignore', 'ignore_ament_install']
[0.962s] Level 1:colcon.colcon_core.package_identification:_identify(.) by extension 'ignore'
[0.963s] Level 1:colcon.colcon_core.package_identification:_identify(.) by extension 'ignore_ament_install'
[0.963s] Level 1:colcon.colcon_core.package_identification:_identify(.) by extensions ['colcon_pkg']
[0.964s] Level 1:colcon.colcon_core.package_identification:_identify(.) by extension 'colcon_pkg'
[0.964s] Level 1:colcon.colcon_core.package_identification:_identify(.) by extensions ['colcon_meta']
[0.964s] Level 1:colcon.colcon_core.package_identification:_identify(.) by extension 'colcon_meta'
[0.965s] Level 1:colcon.colcon_core.package_identification:_identify(.) by extensions ['ros']
[0.965s] Level 1:colcon.colcon_core.package_identification:_identify(.) by extension 'ros'
[0.993s] Level 1:colcon.colcon_core.package_identification:_identify(.) by extensions ['cmake', 'python']
[0.993s] Level 1:colcon.colcon_core.package_identification:_identify(.) by extension 'cmake'
[0.993s] Level 1:colcon.colcon_core.package_identification:_identify(.) by extension 'python'
[0.994s] Level 1:colcon.colcon_core.package_identification:_identify(.) by extensions ['python_setup_py']
[0.994s] Level 1:colcon.colcon_core.package_identification:_identify(.) by extension 'python_setup_py'
[0.995s] Level 1:colcon.colcon_core.package_identification:_identify(build) by extensions ['ignore', 'ignore_ament_install']
[0.995s] Level 1:colcon.colcon_core.package_identification:_identify(build) by extension 'ignore'
[0.995s] Level 1:colcon.colcon_core.package_identification:_identify(build) ignored
[0.996s] Level 1:colcon.colcon_core.package_identification:_identify(install) by extensions ['ignore', 'ignore_ament_install']
[0.996s] Level 1:colcon.colcon_core.package_identification:_identify(install) by extension 'ignore'
[0.997s] Level 1:colcon.colcon_core.package_identification:_identify(install) ignored
[0.997s] Level 1:colcon.colcon_core.package_identification:_identify(log) by extensions ['ignore', 'ignore_ament_install']
[0.998s] Level 1:colcon.colcon_core.package_identification:_identify(log) by extension 'ignore'
[0.998s] Level 1:colcon.colcon_core.package_identification:_identify(log) ignored
[0.999s] Level 1:colcon.colcon_core.package_identification:_identify(src) by extensions ['ignore', 'ignore_ament_install']
[0.999s] Level 1:colcon.colcon_core.package_identification:_identify(src) by extension 'ignore'
[1.000s] Level 1:colcon.colcon_core.package_identification:_identify(src) by extension 'ignore_ament_install'
[1.000s] Level 1:colcon.colcon_core.package_identification:_identify(src) by extensions ['colcon_pkg']
[1.000s] Level 1:colcon.colcon_core.package_identification:_identify(src) by extension 'colcon_pkg'
[1.001s] Level 1:colcon.colcon_core.package_identification:_identify(src) by extensions ['colcon_meta']
[1.001s] Level 1:colcon.colcon_core.package_identification:_identify(src) by extension 'colcon_meta'
[1.001s] Level 1:colcon.colcon_core.package_identification:_identify(src) by extensions ['ros']
[1.002s] Level 1:colcon.colcon_core.package_identification:_identify(src) by extension 'ros'
[1.002s] Level 1:colcon.colcon_core.package_identification:_identify(src) by extensions ['cmake', 'python']
[1.003s] Level 1:colcon.colcon_core.package_identification:_identify(src) by extension 'cmake'
[1.003s] Level 1:colcon.colcon_core.package_identification:_identify(src) by extension 'python'
[1.003s] Level 1:colcon.colcon_core.package_identification:_identify(src) by extensions ['python_setup_py']
[1.004s] Level 1:colcon.colcon_core.package_identification:_identify(src) by extension 'python_setup_py'
[1.004s] Level 1:colcon.colcon_core.package_identification:_identify(src/arm_controller) by extensions ['ignore', 'ignore_ament_install']
[1.004s] Level 1:colcon.colcon_core.package_identification:_identify(src/arm_controller) by extension 'ignore'
[1.005s] Level 1:colcon.colcon_core.package_identification:_identify(src/arm_controller) by extension 'ignore_ament_install'
[1.005s] Level 1:colcon.colcon_core.package_identification:_identify(src/arm_controller) by extensions ['colcon_pkg']
[1.005s] Level 1:colcon.colcon_core.package_identification:_identify(src/arm_controller) by extension 'colcon_pkg'
[1.006s] Level 1:colcon.colcon_core.package_identification:_identify(src/arm_controller) by extensions ['colcon_meta']
[1.006s] Level 1:colcon.colcon_core.package_identification:_identify(src/arm_controller) by extension 'colcon_meta'
[1.006s] Level 1:colcon.colcon_core.package_identification:_identify(src/arm_controller) by extensions ['ros']
[1.007s] Level 1:colcon.colcon_core.package_identification:_identify(src/arm_controller) by extension 'ros'
[1.014s] DEBUG:colcon.colcon_core.package_identification:Package 'src/arm_controller' with type 'ros.ament_cmake' and name 'arm_controller'
[1.015s] Level 1:colcon.colcon_core.package_identification:_identify(src/buddy_arm_bringup) by extensions ['ignore', 'ignore_ament_install']
[1.015s] Level 1:colcon.colcon_core.package_identification:_identify(src/buddy_arm_bringup) by extension 'ignore'
[1.016s] Level 1:colcon.colcon_core.package_identification:_identify(src/buddy_arm_bringup) by extension 'ignore_ament_install'
[1.016s] Level 1:colcon.colcon_core.package_identification:_identify(src/buddy_arm_bringup) by extensions ['colcon_pkg']
[1.016s] Level 1:colcon.colcon_core.package_identification:_identify(src/buddy_arm_bringup) by extension 'colcon_pkg'
[1.017s] Level 1:colcon.colcon_core.package_identification:_identify(src/buddy_arm_bringup) by extensions ['colcon_meta']
[1.017s] Level 1:colcon.colcon_core.package_identification:_identify(src/buddy_arm_bringup) by extension 'colcon_meta'
[1.017s] Level 1:colcon.colcon_core.package_identification:_identify(src/buddy_arm_bringup) by extensions ['ros']
[1.018s] Level 1:colcon.colcon_core.package_identification:_identify(src/buddy_arm_bringup) by extension 'ros'
[1.020s] DEBUG:colcon.colcon_core.package_identification:Package 'src/buddy_arm_bringup' with type 'ros.ament_cmake' and name 'buddy_arm_bringup'
[1.020s] Level 1:colcon.colcon_core.package_identification:_identify(src/buddy_arm_description) by extensions ['ignore', 'ignore_ament_install']
[1.021s] Level 1:colcon.colcon_core.package_identification:_identify(src/buddy_arm_description) by extension 'ignore'
[1.021s] Level 1:colcon.colcon_core.package_identification:_identify(src/buddy_arm_description) by extension 'ignore_ament_install'
[1.022s] Level 1:colcon.colcon_core.package_identification:_identify(src/buddy_arm_description) by extensions ['colcon_pkg']
[1.022s] Level 1:colcon.colcon_core.package_identification:_identify(src/buddy_arm_description) by extension 'colcon_pkg'
[1.022s] Level 1:colcon.colcon_core.package_identification:_identify(src/buddy_arm_description) by extensions ['colcon_meta']
[1.023s] Level 1:colcon.colcon_core.package_identification:_identify(src/buddy_arm_description) by extension 'colcon_meta'
[1.023s] Level 1:colcon.colcon_core.package_identification:_identify(src/buddy_arm_description) by extensions ['ros']
[1.023s] Level 1:colcon.colcon_core.package_identification:_identify(src/buddy_arm_description) by extension 'ros'
[1.026s] DEBUG:colcon.colcon_core.package_identification:Package 'src/buddy_arm_description' with type 'ros.ament_cmake' and name 'buddy_arm_description'
[1.027s] Level 1:colcon.colcon_core.package_identification:_identify(src/buddy_arm_moveit) by extensions ['ignore', 'ignore_ament_install']
[1.027s] Level 1:colcon.colcon_core.package_identification:_identify(src/buddy_arm_moveit) by extension 'ignore'
[1.027s] Level 1:colcon.colcon_core.package_identification:_identify(src/buddy_arm_moveit) by extension 'ignore_ament_install'
[1.028s] Level 1:colcon.colcon_core.package_identification:_identify(src/buddy_arm_moveit) by extensions ['colcon_pkg']
[1.028s] Level 1:colcon.colcon_core.package_identification:_identify(src/buddy_arm_moveit) by extension 'colcon_pkg'
[1.028s] Level 1:colcon.colcon_core.package_identification:_identify(src/buddy_arm_moveit) by extensions ['colcon_meta']
[1.029s] Level 1:colcon.colcon_core.package_identification:_identify(src/buddy_arm_moveit) by extension 'colcon_meta'
[1.029s] Level 1:colcon.colcon_core.package_identification:_identify(src/buddy_arm_moveit) by extensions ['ros']
[1.029s] Level 1:colcon.colcon_core.package_identification:_identify(src/buddy_arm_moveit) by extension 'ros'
[1.031s] DEBUG:colcon.colcon_core.package_identification:Package 'src/buddy_arm_moveit' with type 'ros.ament_cmake' and name 'buddy_arm_moveit'
[1.032s] Level 1:colcon.colcon_core.package_identification:_identify(src/buddy_firmware) by extensions ['ignore', 'ignore_ament_install']
[1.032s] Level 1:colcon.colcon_core.package_identification:_identify(src/buddy_firmware) by extension 'ignore'
[1.033s] Level 1:colcon.colcon_core.package_identification:_identify(src/buddy_firmware) by extension 'ignore_ament_install'
[1.033s] Level 1:colcon.colcon_core.package_identification:_identify(src/buddy_firmware) by extensions ['colcon_pkg']
[1.033s] Level 1:colcon.colcon_core.package_identification:_identify(src/buddy_firmware) by extension 'colcon_pkg'
[1.034s] Level 1:colcon.colcon_core.package_identification:_identify(src/buddy_firmware) by extensions ['colcon_meta']
[1.034s] Level 1:colcon.colcon_core.package_identification:_identify(src/buddy_firmware) by extension 'colcon_meta'
[1.034s] Level 1:colcon.colcon_core.package_identification:_identify(src/buddy_firmware) by extensions ['ros']
[1.035s] Level 1:colcon.colcon_core.package_identification:_identify(src/buddy_firmware) by extension 'ros'
[1.037s] DEBUG:colcon.colcon_core.package_identification:Package 'src/buddy_firmware' with type 'ros.ament_cmake' and name 'buddy_firmware'
[1.038s] Level 1:colcon.colcon_core.package_identification:_identify(src/buddy_functionalities) by extensions ['ignore', 'ignore_ament_install']
[1.039s] Level 1:colcon.colcon_core.package_identification:_identify(src/buddy_functionalities) by extension 'ignore'
[1.039s] Level 1:colcon.colcon_core.package_identification:_identify(src/buddy_functionalities) by extension 'ignore_ament_install'
[1.039s] Level 1:colcon.colcon_core.package_identification:_identify(src/buddy_functionalities) by extensions ['colcon_pkg']
[1.040s] Level 1:colcon.colcon_core.package_identification:_identify(src/buddy_functionalities) by extension 'colcon_pkg'
[1.040s] Level 1:colcon.colcon_core.package_identification:_identify(src/buddy_functionalities) by extensions ['colcon_meta']
[1.040s] Level 1:colcon.colcon_core.package_identification:_identify(src/buddy_functionalities) by extension 'colcon_meta'
[1.041s] Level 1:colcon.colcon_core.package_identification:_identify(src/buddy_functionalities) by extensions ['ros']
[1.041s] Level 1:colcon.colcon_core.package_identification:_identify(src/buddy_functionalities) by extension 'ros'
[1.044s] DEBUG:colcon.colcon_core.package_identification:Package 'src/buddy_functionalities' with type 'ros.ament_cmake' and name 'buddy_functionalities'
[1.044s] Level 1:colcon.colcon_core.package_discovery:discover_packages(recursive) using defaults
[1.044s] Level 1:colcon.colcon_core.package_discovery:discover_packages(ignore) discover
[1.045s] Level 1:colcon.colcon_core.package_discovery:discover_packages(ignore) using defaults
[1.045s] Level 1:colcon.colcon_core.package_discovery:discover_packages(path) discover
[1.045s] Level 1:colcon.colcon_core.package_discovery:discover_packages(path) using defaults
[1.117s] Level 1:colcon.colcon_core.package_discovery:discover_packages(prefix_path) check parameters
[1.118s] Level 1:colcon.colcon_core.package_discovery:discover_packages(prefix_path) discover
[1.132s] DEBUG:colcon.colcon_installed_package_information.package_discovery:Found 342 installed packages in /opt/ros/humble
[1.153s] Level 1:colcon.colcon_core.package_discovery:discover_packages(prefix_path) using defaults
[1.405s] Level 5:colcon.colcon_core.verb:set package 'arm_controller' build argument 'cmake_args' from command line to 'None'
[1.406s] Level 5:colcon.colcon_core.verb:set package 'arm_controller' build argument 'cmake_target' from command line to 'None'
[1.406s] Level 5:colcon.colcon_core.verb:set package 'arm_controller' build argument 'cmake_target_skip_unavailable' from command line to 'False'
[1.406s] Level 5:colcon.colcon_core.verb:set package 'arm_controller' build argument 'cmake_clean_cache' from command line to 'False'
[1.407s] Level 5:colcon.colcon_core.verb:set package 'arm_controller' build argument 'cmake_clean_first' from command line to 'False'
[1.407s] Level 5:colcon.colcon_core.verb:set package 'arm_controller' build argument 'cmake_force_configure' from command line to 'False'
[1.407s] Level 5:colcon.colcon_core.verb:set package 'arm_controller' build argument 'ament_cmake_args' from command line to 'None'
[1.408s] Level 5:colcon.colcon_core.verb:set package 'arm_controller' build argument 'catkin_cmake_args' from command line to 'None'
[1.408s] Level 5:colcon.colcon_core.verb:set package 'arm_controller' build argument 'catkin_skip_building_tests' from command line to 'False'
[1.408s] DEBUG:colcon.colcon_core.verb:Building package 'arm_controller' with the following arguments: {'ament_cmake_args': None, 'build_base': '/home/primerobotics/BuddyArm/build/arm_controller', 'catkin_cmake_args': None, 'catkin_skip_building_tests': False, 'cmake_args': None, 'cmake_clean_cache': False, 'cmake_clean_first': False, 'cmake_force_configure': False, 'cmake_target': None, 'cmake_target_skip_unavailable': False, 'install_base': '/home/primerobotics/BuddyArm/install/arm_controller', 'merge_install': False, 'path': '/home/primerobotics/BuddyArm/src/arm_controller', 'symlink_install': True, 'test_result_base': None}
[1.409s] Level 5:colcon.colcon_core.verb:set package 'buddy_arm_bringup' build argument 'cmake_args' from command line to 'None'
[1.410s] Level 5:colcon.colcon_core.verb:set package 'buddy_arm_bringup' build argument 'cmake_target' from command line to 'None'
[1.410s] Level 5:colcon.colcon_core.verb:set package 'buddy_arm_bringup' build argument 'cmake_target_skip_unavailable' from command line to 'False'
[1.410s] Level 5:colcon.colcon_core.verb:set package 'buddy_arm_bringup' build argument 'cmake_clean_cache' from command line to 'False'
[1.411s] Level 5:colcon.colcon_core.verb:set package 'buddy_arm_bringup' build argument 'cmake_clean_first' from command line to 'False'
[1.411s] Level 5:colcon.colcon_core.verb:set package 'buddy_arm_bringup' build argument 'cmake_force_configure' from command line to 'False'
[1.412s] Level 5:colcon.colcon_core.verb:set package 'buddy_arm_bringup' build argument 'ament_cmake_args' from command line to 'None'
[1.412s] Level 5:colcon.colcon_core.verb:set package 'buddy_arm_bringup' build argument 'catkin_cmake_args' from command line to 'None'
[1.412s] Level 5:colcon.colcon_core.verb:set package 'buddy_arm_bringup' build argument 'catkin_skip_building_tests' from command line to 'False'
[1.414s] DEBUG:colcon.colcon_core.verb:Building package 'buddy_arm_bringup' with the following arguments: {'ament_cmake_args': None, 'build_base': '/home/primerobotics/BuddyArm/build/buddy_arm_bringup', 'catkin_cmake_args': None, 'catkin_skip_building_tests': False, 'cmake_args': None, 'cmake_clean_cache': False, 'cmake_clean_first': False, 'cmake_force_configure': False, 'cmake_target': None, 'cmake_target_skip_unavailable': False, 'install_base': '/home/primerobotics/BuddyArm/install/buddy_arm_bringup', 'merge_install': False, 'path': '/home/primerobotics/BuddyArm/src/buddy_arm_bringup', 'symlink_install': True, 'test_result_base': None}
[1.416s] Level 5:colcon.colcon_core.verb:set package 'buddy_arm_description' build argument 'cmake_args' from command line to 'None'
[1.416s] Level 5:colcon.colcon_core.verb:set package 'buddy_arm_description' build argument 'cmake_target' from command line to 'None'
[1.416s] Level 5:colcon.colcon_core.verb:set package 'buddy_arm_description' build argument 'cmake_target_skip_unavailable' from command line to 'False'
[1.417s] Level 5:colcon.colcon_core.verb:set package 'buddy_arm_description' build argument 'cmake_clean_cache' from command line to 'False'
[1.417s] Level 5:colcon.colcon_core.verb:set package 'buddy_arm_description' build argument 'cmake_clean_first' from command line to 'False'
[1.417s] Level 5:colcon.colcon_core.verb:set package 'buddy_arm_description' build argument 'cmake_force_configure' from command line to 'False'
[1.418s] Level 5:colcon.colcon_core.verb:set package 'buddy_arm_description' build argument 'ament_cmake_args' from command line to 'None'
[1.418s] Level 5:colcon.colcon_core.verb:set package 'buddy_arm_description' build argument 'catkin_cmake_args' from command line to 'None'
[1.418s] Level 5:colcon.colcon_core.verb:set package 'buddy_arm_description' build argument 'catkin_skip_building_tests' from command line to 'False'
[1.419s] DEBUG:colcon.colcon_core.verb:Building package 'buddy_arm_description' with the following arguments: {'ament_cmake_args': None, 'build_base': '/home/primerobotics/BuddyArm/build/buddy_arm_description', 'catkin_cmake_args': None, 'catkin_skip_building_tests': False, 'cmake_args': None, 'cmake_clean_cache': False, 'cmake_clean_first': False, 'cmake_force_configure': False, 'cmake_target': None, 'cmake_target_skip_unavailable': False, 'install_base': '/home/primerobotics/BuddyArm/install/buddy_arm_description', 'merge_install': False, 'path': '/home/primerobotics/BuddyArm/src/buddy_arm_description', 'symlink_install': True, 'test_result_base': None}
[1.420s] Level 5:colcon.colcon_core.verb:set package 'buddy_arm_moveit' build argument 'cmake_args' from command line to 'None'
[1.420s] Level 5:colcon.colcon_core.verb:set package 'buddy_arm_moveit' build argument 'cmake_target' from command line to 'None'
[1.420s] Level 5:colcon.colcon_core.verb:set package 'buddy_arm_moveit' build argument 'cmake_target_skip_unavailable' from command line to 'False'
[1.421s] Level 5:colcon.colcon_core.verb:set package 'buddy_arm_moveit' build argument 'cmake_clean_cache' from command line to 'False'
[1.421s] Level 5:colcon.colcon_core.verb:set package 'buddy_arm_moveit' build argument 'cmake_clean_first' from command line to 'False'
[1.421s] Level 5:colcon.colcon_core.verb:set package 'buddy_arm_moveit' build argument 'cmake_force_configure' from command line to 'False'
[1.422s] Level 5:colcon.colcon_core.verb:set package 'buddy_arm_moveit' build argument 'ament_cmake_args' from command line to 'None'
[1.422s] Level 5:colcon.colcon_core.verb:set package 'buddy_arm_moveit' build argument 'catkin_cmake_args' from command line to 'None'
[1.422s] Level 5:colcon.colcon_core.verb:set package 'buddy_arm_moveit' build argument 'catkin_skip_building_tests' from command line to 'False'
[1.422s] DEBUG:colcon.colcon_core.verb:Building package 'buddy_arm_moveit' with the following arguments: {'ament_cmake_args': None, 'build_base': '/home/primerobotics/BuddyArm/build/buddy_arm_moveit', 'catkin_cmake_args': None, 'catkin_skip_building_tests': False, 'cmake_args': None, 'cmake_clean_cache': False, 'cmake_clean_first': False, 'cmake_force_configure': False, 'cmake_target': None, 'cmake_target_skip_unavailable': False, 'install_base': '/home/primerobotics/BuddyArm/install/buddy_arm_moveit', 'merge_install': False, 'path': '/home/primerobotics/BuddyArm/src/buddy_arm_moveit', 'symlink_install': True, 'test_result_base': None}
[1.423s] Level 5:colcon.colcon_core.verb:set package 'buddy_firmware' build argument 'cmake_args' from command line to 'None'
[1.423s] Level 5:colcon.colcon_core.verb:set package 'buddy_firmware' build argument 'cmake_target' from command line to 'None'
[1.423s] Level 5:colcon.colcon_core.verb:set package 'buddy_firmware' build argument 'cmake_target_skip_unavailable' from command line to 'False'
[1.423s] Level 5:colcon.colcon_core.verb:set package 'buddy_firmware' build argument 'cmake_clean_cache' from command line to 'False'
[1.423s] Level 5:colcon.colcon_core.verb:set package 'buddy_firmware' build argument 'cmake_clean_first' from command line to 'False'
[1.423s] Level 5:colcon.colcon_core.verb:set package 'buddy_firmware' build argument 'cmake_force_configure' from command line to 'False'
[1.423s] Level 5:colcon.colcon_core.verb:set package 'buddy_firmware' build argument 'ament_cmake_args' from command line to 'None'
[1.423s] Level 5:colcon.colcon_core.verb:set package 'buddy_firmware' build argument 'catkin_cmake_args' from command line to 'None'
[1.424s] Level 5:colcon.colcon_core.verb:set package 'buddy_firmware' build argument 'catkin_skip_building_tests' from command line to 'False'
[1.424s] DEBUG:colcon.colcon_core.verb:Building package 'buddy_firmware' with the following arguments: {'ament_cmake_args': None, 'build_base': '/home/primerobotics/BuddyArm/build/buddy_firmware', 'catkin_cmake_args': None, 'catkin_skip_building_tests': False, 'cmake_args': None, 'cmake_clean_cache': False, 'cmake_clean_first': False, 'cmake_force_configure': False, 'cmake_target': None, 'cmake_target_skip_unavailable': False, 'install_base': '/home/primerobotics/BuddyArm/install/buddy_firmware', 'merge_install': False, 'path': '/home/primerobotics/BuddyArm/src/buddy_firmware', 'symlink_install': True, 'test_result_base': None}
[1.425s] Level 5:colcon.colcon_core.verb:set package 'buddy_functionalities' build argument 'cmake_args' from command line to 'None'
[1.425s] Level 5:colcon.colcon_core.verb:set package 'buddy_functionalities' build argument 'cmake_target' from command line to 'None'
[1.425s] Level 5:colcon.colcon_core.verb:set package 'buddy_functionalities' build argument 'cmake_target_skip_unavailable' from command line to 'False'
[1.425s] Level 5:colcon.colcon_core.verb:set package 'buddy_functionalities' build argument 'cmake_clean_cache' from command line to 'False'
[1.425s] Level 5:colcon.colcon_core.verb:set package 'buddy_functionalities' build argument 'cmake_clean_first' from command line to 'False'
[1.425s] Level 5:colcon.colcon_core.verb:set package 'buddy_functionalities' build argument 'cmake_force_configure' from command line to 'False'
[1.425s] Level 5:colcon.colcon_core.verb:set package 'buddy_functionalities' build argument 'ament_cmake_args' from command line to 'None'
[1.425s] Level 5:colcon.colcon_core.verb:set package 'buddy_functionalities' build argument 'catkin_cmake_args' from command line to 'None'
[1.425s] Level 5:colcon.colcon_core.verb:set package 'buddy_functionalities' build argument 'catkin_skip_building_tests' from command line to 'False'
[1.425s] DEBUG:colcon.colcon_core.verb:Building package 'buddy_functionalities' with the following arguments: {'ament_cmake_args': None, 'build_base': '/home/primerobotics/BuddyArm/build/buddy_functionalities', 'catkin_cmake_args': None, 'catkin_skip_building_tests': False, 'cmake_args': None, 'cmake_clean_cache': False, 'cmake_clean_first': False, 'cmake_force_configure': False, 'cmake_target': None, 'cmake_target_skip_unavailable': False, 'install_base': '/home/primerobotics/BuddyArm/install/buddy_functionalities', 'merge_install': False, 'path': '/home/primerobotics/BuddyArm/src/buddy_functionalities', 'symlink_install': True, 'test_result_base': None}
[1.425s] INFO:colcon.colcon_core.executor:Executing jobs using 'parallel' executor
[1.427s] DEBUG:colcon.colcon_parallel_executor.executor.parallel:run_until_complete
[1.427s] INFO:colcon.colcon_ros.task.ament_cmake.build:Building ROS package in '/home/primerobotics/BuddyArm/src/arm_controller' with build type 'ament_cmake'
[1.428s] INFO:colcon.colcon_cmake.task.cmake.build:Building CMake package in '/home/primerobotics/BuddyArm/src/arm_controller'
[1.445s] INFO:colcon.colcon_core.plugin_system:Skipping extension 'colcon_core.shell.bat': Not used on non-Windows systems
[1.446s] INFO:colcon.colcon_core.shell:Skip shell extension 'powershell' for command environment: Not usable outside of PowerShell
[1.447s] DEBUG:colcon.colcon_core.shell:Skip shell extension 'dsv' for command environment
[1.457s] INFO:colcon.colcon_ros.task.ament_cmake.build:Building ROS package in '/home/primerobotics/BuddyArm/src/buddy_arm_bringup' with build type 'ament_cmake'
[1.457s] INFO:colcon.colcon_cmake.task.cmake.build:Building CMake package in '/home/primerobotics/BuddyArm/src/buddy_arm_bringup'
[1.458s] INFO:colcon.colcon_core.shell:Skip shell extension 'powershell' for command environment: Not usable outside of PowerShell
[1.458s] DEBUG:colcon.colcon_core.shell:Skip shell extension 'dsv' for command environment
[1.490s] DEBUG:colcon.colcon_core.event_handler.log_command:Invoking command in '/home/primerobotics/BuddyArm/build/arm_controller': CMAKE_PREFIX_PATH=/opt/ros/humble /usr/bin/cmake --build /home/primerobotics/BuddyArm/build/arm_controller -- -j2 -l2
[1.508s] DEBUG:colcon.colcon_core.event_handler.log_command:Invoking command in '/home/primerobotics/BuddyArm/build/buddy_arm_bringup': CMAKE_PREFIX_PATH=/opt/ros/humble /usr/bin/cmake --build /home/primerobotics/BuddyArm/build/buddy_arm_bringup -- -j2 -l2
[1.742s] DEBUG:colcon.colcon_core.event_handler.log_command:Invoked command in '/home/primerobotics/BuddyArm/build/buddy_arm_bringup' returned '0': CMAKE_PREFIX_PATH=/opt/ros/humble /usr/bin/cmake --build /home/primerobotics/BuddyArm/build/buddy_arm_bringup -- -j2 -l2
[1.828s] DEBUG:colcon.colcon_core.event_handler.log_command:Invoking command in '/home/primerobotics/BuddyArm/build/buddy_arm_bringup': CMAKE_PREFIX_PATH=/opt/ros/humble /usr/bin/cmake --install /home/primerobotics/BuddyArm/build/buddy_arm_bringup
[1.886s] Level 1:colcon.colcon_core.environment:create_environment_scripts_only(buddy_arm_bringup)
[1.888s] DEBUG:colcon.colcon_core.event_handler.log_command:Invoked command in '/home/primerobotics/BuddyArm/build/buddy_arm_bringup' returned '0': CMAKE_PREFIX_PATH=/opt/ros/humble /usr/bin/cmake --install /home/primerobotics/BuddyArm/build/buddy_arm_bringup
[1.911s] Level 1:colcon.colcon_core.environment:checking '/home/primerobotics/BuddyArm/install/buddy_arm_bringup' for CMake module files
[1.912s] Level 1:colcon.colcon_core.environment:checking '/home/primerobotics/BuddyArm/install/buddy_arm_bringup' for CMake config files
[1.912s] Level 1:colcon.colcon_core.shell:create_environment_hook('buddy_arm_bringup', 'cmake_prefix_path')
[1.913s] INFO:colcon.colcon_core.shell:Creating environment hook '/home/primerobotics/BuddyArm/install/buddy_arm_bringup/share/buddy_arm_bringup/hook/cmake_prefix_path.ps1'
[1.918s] INFO:colcon.colcon_core.shell:Creating environment descriptor '/home/primerobotics/BuddyArm/install/buddy_arm_bringup/share/buddy_arm_bringup/hook/cmake_prefix_path.dsv'
[1.921s] INFO:colcon.colcon_core.shell:Creating environment hook '/home/primerobotics/BuddyArm/install/buddy_arm_bringup/share/buddy_arm_bringup/hook/cmake_prefix_path.sh'
[1.924s] Level 1:colcon.colcon_core.environment:checking '/home/primerobotics/BuddyArm/install/buddy_arm_bringup/bin'
[1.925s] Level 1:colcon.colcon_core.environment:checking '/home/primerobotics/BuddyArm/install/buddy_arm_bringup/lib/pkgconfig/buddy_arm_bringup.pc'
[1.926s] Level 1:colcon.colcon_core.environment:checking '/home/primerobotics/BuddyArm/install/buddy_arm_bringup/lib/python3.10/site-packages'
[1.927s] Level 1:colcon.colcon_core.environment:checking '/home/primerobotics/BuddyArm/install/buddy_arm_bringup/bin'
[1.928s] INFO:colcon.colcon_core.shell:Creating package script '/home/primerobotics/BuddyArm/install/buddy_arm_bringup/share/buddy_arm_bringup/package.ps1'
[1.933s] INFO:colcon.colcon_core.shell:Creating package descriptor '/home/primerobotics/BuddyArm/install/buddy_arm_bringup/share/buddy_arm_bringup/package.dsv'
[1.939s] INFO:colcon.colcon_core.shell:Creating package script '/home/primerobotics/BuddyArm/install/buddy_arm_bringup/share/buddy_arm_bringup/package.sh'
[1.943s] INFO:colcon.colcon_core.shell:Creating package script '/home/primerobotics/BuddyArm/install/buddy_arm_bringup/share/buddy_arm_bringup/package.bash'
[1.947s] INFO:colcon.colcon_core.shell:Creating package script '/home/primerobotics/BuddyArm/install/buddy_arm_bringup/share/buddy_arm_bringup/package.zsh'
[1.951s] Level 1:colcon.colcon_core.environment:create_file_with_runtime_dependencies(/home/primerobotics/BuddyArm/install/buddy_arm_bringup/share/colcon-core/packages/buddy_arm_bringup)
[2.047s] Level 1:colcon.colcon_core.environment:create_environment_scripts_only(buddy_arm_bringup)
[2.049s] Level 1:colcon.colcon_core.environment:checking '/home/primerobotics/BuddyArm/install/buddy_arm_bringup' for CMake module files
[2.051s] Level 1:colcon.colcon_core.environment:checking '/home/primerobotics/BuddyArm/install/buddy_arm_bringup' for CMake config files
[2.052s] Level 1:colcon.colcon_core.shell:create_environment_hook('buddy_arm_bringup', 'cmake_prefix_path')
[2.053s] INFO:colcon.colcon_core.shell:Creating environment hook '/home/primerobotics/BuddyArm/install/buddy_arm_bringup/share/buddy_arm_bringup/hook/cmake_prefix_path.ps1'
[2.059s] INFO:colcon.colcon_core.shell:Creating environment descriptor '/home/primerobotics/BuddyArm/install/buddy_arm_bringup/share/buddy_arm_bringup/hook/cmake_prefix_path.dsv'
[2.067s] INFO:colcon.colcon_core.shell:Creating environment hook '/home/primerobotics/BuddyArm/install/buddy_arm_bringup/share/buddy_arm_bringup/hook/cmake_prefix_path.sh'
[2.073s] Level 1:colcon.colcon_core.environment:checking '/home/primerobotics/BuddyArm/install/buddy_arm_bringup/bin'
[2.074s] Level 1:colcon.colcon_core.environment:checking '/home/primerobotics/BuddyArm/install/buddy_arm_bringup/lib/pkgconfig/buddy_arm_bringup.pc'
[2.076s] Level 1:colcon.colcon_core.environment:checking '/home/primerobotics/BuddyArm/install/buddy_arm_bringup/lib/python3.10/site-packages'
[2.081s] Level 1:colcon.colcon_core.environment:checking '/home/primerobotics/BuddyArm/install/buddy_arm_bringup/bin'
[2.082s] INFO:colcon.colcon_core.shell:Creating package script '/home/primerobotics/BuddyArm/install/buddy_arm_bringup/share/buddy_arm_bringup/package.ps1'
[2.087s] INFO:colcon.colcon_core.shell:Creating package descriptor '/home/primerobotics/BuddyArm/install/buddy_arm_bringup/share/buddy_arm_bringup/package.dsv'
[2.094s] INFO:colcon.colcon_core.shell:Creating package script '/home/primerobotics/BuddyArm/install/buddy_arm_bringup/share/buddy_arm_bringup/package.sh'
[2.098s] INFO:colcon.colcon_core.shell:Creating package script '/home/primerobotics/BuddyArm/install/buddy_arm_bringup/share/buddy_arm_bringup/package.bash'
[2.102s] INFO:colcon.colcon_core.shell:Creating package script '/home/primerobotics/BuddyArm/install/buddy_arm_bringup/share/buddy_arm_bringup/package.zsh'
[2.105s] Level 1:colcon.colcon_core.environment:create_file_with_runtime_dependencies(/home/primerobotics/BuddyArm/install/buddy_arm_bringup/share/colcon-core/packages/buddy_arm_bringup)
[2.109s] INFO:colcon.colcon_ros.task.ament_cmake.build:Building ROS package in '/home/primerobotics/BuddyArm/src/buddy_arm_description' with build type 'ament_cmake'
[2.109s] INFO:colcon.colcon_cmake.task.cmake.build:Building CMake package in '/home/primerobotics/BuddyArm/src/buddy_arm_description'
[2.111s] INFO:colcon.colcon_core.shell:Skip shell extension 'powershell' for command environment: Not usable outside of PowerShell
[2.113s] DEBUG:colcon.colcon_core.shell:Skip shell extension 'dsv' for command environment
[2.182s] DEBUG:colcon.colcon_core.event_handler.log_command:Invoking command in '/home/primerobotics/BuddyArm/build/buddy_arm_description': CMAKE_PREFIX_PATH=/opt/ros/humble /usr/bin/cmake --build /home/primerobotics/BuddyArm/build/buddy_arm_description -- -j2 -l2
[2.291s] DEBUG:colcon.colcon_core.event_handler.log_command:Invoked command in '/home/primerobotics/BuddyArm/build/buddy_arm_description' returned '0': CMAKE_PREFIX_PATH=/opt/ros/humble /usr/bin/cmake --build /home/primerobotics/BuddyArm/build/buddy_arm_description -- -j2 -l2
[2.351s] DEBUG:colcon.colcon_core.event_handler.log_command:Invoking command in '/home/primerobotics/BuddyArm/build/buddy_arm_description': CMAKE_PREFIX_PATH=/opt/ros/humble /usr/bin/cmake --install /home/primerobotics/BuddyArm/build/buddy_arm_description
[2.452s] Level 1:colcon.colcon_core.environment:create_environment_scripts_only(buddy_arm_description)
[2.452s] DEBUG:colcon.colcon_core.event_handler.log_command:Invoked command in '/home/primerobotics/BuddyArm/build/buddy_arm_description' returned '0': CMAKE_PREFIX_PATH=/opt/ros/humble /usr/bin/cmake --install /home/primerobotics/BuddyArm/build/buddy_arm_description
[2.453s] Level 1:colcon.colcon_core.environment:checking '/home/primerobotics/BuddyArm/install/buddy_arm_description' for CMake module files
[2.455s] Level 1:colcon.colcon_core.environment:checking '/home/primerobotics/BuddyArm/install/buddy_arm_description' for CMake config files
[2.456s] Level 1:colcon.colcon_core.shell:create_environment_hook('buddy_arm_description', 'cmake_prefix_path')
[2.456s] INFO:colcon.colcon_core.shell:Creating environment hook '/home/primerobotics/BuddyArm/install/buddy_arm_description/share/buddy_arm_description/hook/cmake_prefix_path.ps1'
[2.457s] INFO:colcon.colcon_core.shell:Creating environment descriptor '/home/primerobotics/BuddyArm/install/buddy_arm_description/share/buddy_arm_description/hook/cmake_prefix_path.dsv'
[2.458s] INFO:colcon.colcon_core.shell:Creating environment hook '/home/primerobotics/BuddyArm/install/buddy_arm_description/share/buddy_arm_description/hook/cmake_prefix_path.sh'
[2.461s] Level 1:colcon.colcon_core.environment:checking '/home/primerobotics/BuddyArm/install/buddy_arm_description/bin'
[2.466s] Level 1:colcon.colcon_core.environment:checking '/home/primerobotics/BuddyArm/install/buddy_arm_description/lib/pkgconfig/buddy_arm_description.pc'
[2.467s] Level 1:colcon.colcon_core.environment:checking '/home/primerobotics/BuddyArm/install/buddy_arm_description/lib/python3.10/site-packages'
[2.467s] Level 1:colcon.colcon_core.environment:checking '/home/primerobotics/BuddyArm/install/buddy_arm_description/bin'
[2.468s] INFO:colcon.colcon_core.shell:Creating package script '/home/primerobotics/BuddyArm/install/buddy_arm_description/share/buddy_arm_description/package.ps1'
[2.469s] INFO:colcon.colcon_core.shell:Creating package descriptor '/home/primerobotics/BuddyArm/install/buddy_arm_description/share/buddy_arm_description/package.dsv'
[2.471s] INFO:colcon.colcon_core.shell:Creating package script '/home/primerobotics/BuddyArm/install/buddy_arm_description/share/buddy_arm_description/package.sh'
[2.479s] INFO:colcon.colcon_core.shell:Creating package script '/home/primerobotics/BuddyArm/install/buddy_arm_description/share/buddy_arm_description/package.bash'
[2.482s] INFO:colcon.colcon_core.shell:Creating package script '/home/primerobotics/BuddyArm/install/buddy_arm_description/share/buddy_arm_description/package.zsh'
[2.484s] Level 1:colcon.colcon_core.environment:create_file_with_runtime_dependencies(/home/primerobotics/BuddyArm/install/buddy_arm_description/share/colcon-core/packages/buddy_arm_description)
[2.650s] Level 1:colcon.colcon_core.environment:create_environment_scripts_only(buddy_arm_description)
[2.651s] Level 1:colcon.colcon_core.environment:checking '/home/primerobotics/BuddyArm/install/buddy_arm_description' for CMake module files
[2.655s] Level 1:colcon.colcon_core.environment:checking '/home/primerobotics/BuddyArm/install/buddy_arm_description' for CMake config files
[2.655s] Level 1:colcon.colcon_core.shell:create_environment_hook('buddy_arm_description', 'cmake_prefix_path')
[2.656s] INFO:colcon.colcon_core.shell:Creating environment hook '/home/primerobotics/BuddyArm/install/buddy_arm_description/share/buddy_arm_description/hook/cmake_prefix_path.ps1'
[2.658s] INFO:colcon.colcon_core.shell:Creating environment descriptor '/home/primerobotics/BuddyArm/install/buddy_arm_description/share/buddy_arm_description/hook/cmake_prefix_path.dsv'
[2.662s] INFO:colcon.colcon_core.shell:Creating environment hook '/home/primerobotics/BuddyArm/install/buddy_arm_description/share/buddy_arm_description/hook/cmake_prefix_path.sh'
[2.665s] Level 1:colcon.colcon_core.environment:checking '/home/primerobotics/BuddyArm/install/buddy_arm_description/bin'
[2.665s] Level 1:colcon.colcon_core.environment:checking '/home/primerobotics/BuddyArm/install/buddy_arm_description/lib/pkgconfig/buddy_arm_description.pc'
[2.667s] Level 1:colcon.colcon_core.environment:checking '/home/primerobotics/BuddyArm/install/buddy_arm_description/lib/python3.10/site-packages'
[2.676s] Level 1:colcon.colcon_core.environment:checking '/home/primerobotics/BuddyArm/install/buddy_arm_description/bin'
[2.680s] INFO:colcon.colcon_core.shell:Creating package script '/home/primerobotics/BuddyArm/install/buddy_arm_description/share/buddy_arm_description/package.ps1'
[2.681s] INFO:colcon.colcon_core.shell:Creating package descriptor '/home/primerobotics/BuddyArm/install/buddy_arm_description/share/buddy_arm_description/package.dsv'
[2.684s] INFO:colcon.colcon_core.shell:Creating package script '/home/primerobotics/BuddyArm/install/buddy_arm_description/share/buddy_arm_description/package.sh'
[2.688s] INFO:colcon.colcon_core.shell:Creating package script '/home/primerobotics/BuddyArm/install/buddy_arm_description/share/buddy_arm_description/package.bash'
[2.691s] INFO:colcon.colcon_core.shell:Creating package script '/home/primerobotics/BuddyArm/install/buddy_arm_description/share/buddy_arm_description/package.zsh'
[2.694s] Level 1:colcon.colcon_core.environment:create_file_with_runtime_dependencies(/home/primerobotics/BuddyArm/install/buddy_arm_description/share/colcon-core/packages/buddy_arm_description)
[2.698s] INFO:colcon.colcon_ros.task.ament_cmake.build:Building ROS package in '/home/primerobotics/BuddyArm/src/buddy_arm_moveit' with build type 'ament_cmake'
[2.704s] INFO:colcon.colcon_cmake.task.cmake.build:Building CMake package in '/home/primerobotics/BuddyArm/src/buddy_arm_moveit'
[2.704s] INFO:colcon.colcon_core.shell:Skip shell extension 'powershell' for command environment: Not usable outside of PowerShell
[2.705s] DEBUG:colcon.colcon_core.shell:Skip shell extension 'dsv' for command environment
[2.757s] DEBUG:colcon.colcon_core.event_handler.log_command:Invoking command in '/home/primerobotics/BuddyArm/build/buddy_arm_moveit': CMAKE_PREFIX_PATH=/opt/ros/humble /usr/bin/cmake --build /home/primerobotics/BuddyArm/build/buddy_arm_moveit -- -j2 -l2
[2.938s] DEBUG:colcon.colcon_core.event_handler.log_command:Invoked command in '/home/primerobotics/BuddyArm/build/buddy_arm_moveit' returned '0': CMAKE_PREFIX_PATH=/opt/ros/humble /usr/bin/cmake --build /home/primerobotics/BuddyArm/build/buddy_arm_moveit -- -j2 -l2
[2.998s] DEBUG:colcon.colcon_core.event_handler.log_command:Invoking command in '/home/primerobotics/BuddyArm/build/buddy_arm_moveit': CMAKE_PREFIX_PATH=/opt/ros/humble /usr/bin/cmake --install /home/primerobotics/BuddyArm/build/buddy_arm_moveit
[3.055s] Level 1:colcon.colcon_core.environment:create_environment_scripts_only(buddy_arm_moveit)
[3.055s] Level 1:colcon.colcon_core.environment:checking '/home/primerobotics/BuddyArm/install/buddy_arm_moveit' for CMake module files
[3.056s] Level 1:colcon.colcon_core.environment:checking '/home/primerobotics/BuddyArm/install/buddy_arm_moveit' for CMake config files
[3.057s] Level 1:colcon.colcon_core.shell:create_environment_hook('buddy_arm_moveit', 'cmake_prefix_path')
[3.057s] INFO:colcon.colcon_core.shell:Creating environment hook '/home/primerobotics/BuddyArm/install/buddy_arm_moveit/share/buddy_arm_moveit/hook/cmake_prefix_path.ps1'
[3.058s] INFO:colcon.colcon_core.shell:Creating environment descriptor '/home/primerobotics/BuddyArm/install/buddy_arm_moveit/share/buddy_arm_moveit/hook/cmake_prefix_path.dsv'
[3.058s] DEBUG:colcon.colcon_core.event_handler.log_command:Invoked command in '/home/primerobotics/BuddyArm/build/buddy_arm_moveit' returned '0': CMAKE_PREFIX_PATH=/opt/ros/humble /usr/bin/cmake --install /home/primerobotics/BuddyArm/build/buddy_arm_moveit
[3.059s] INFO:colcon.colcon_core.shell:Creating environment hook '/home/primerobotics/BuddyArm/install/buddy_arm_moveit/share/buddy_arm_moveit/hook/cmake_prefix_path.sh'
[3.060s] Level 1:colcon.colcon_core.environment:checking '/home/primerobotics/BuddyArm/install/buddy_arm_moveit/bin'
[3.061s] Level 1:colcon.colcon_core.environment:checking '/home/primerobotics/BuddyArm/install/buddy_arm_moveit/lib/pkgconfig/buddy_arm_moveit.pc'
[3.061s] Level 1:colcon.colcon_core.environment:checking '/home/primerobotics/BuddyArm/install/buddy_arm_moveit/lib/python3.10/site-packages'
[3.061s] Level 1:colcon.colcon_core.environment:checking '/home/primerobotics/BuddyArm/install/buddy_arm_moveit/bin'
[3.062s] INFO:colcon.colcon_core.shell:Creating package script '/home/primerobotics/BuddyArm/install/buddy_arm_moveit/share/buddy_arm_moveit/package.ps1'
[3.066s] INFO:colcon.colcon_core.shell:Creating package descriptor '/home/primerobotics/BuddyArm/install/buddy_arm_moveit/share/buddy_arm_moveit/package.dsv'
[3.067s] INFO:colcon.colcon_core.shell:Creating package script '/home/primerobotics/BuddyArm/install/buddy_arm_moveit/share/buddy_arm_moveit/package.sh'
[3.069s] INFO:colcon.colcon_core.shell:Creating package script '/home/primerobotics/BuddyArm/install/buddy_arm_moveit/share/buddy_arm_moveit/package.bash'
[3.073s] INFO:colcon.colcon_core.shell:Creating package script '/home/primerobotics/BuddyArm/install/buddy_arm_moveit/share/buddy_arm_moveit/package.zsh'
[3.076s] Level 1:colcon.colcon_core.environment:create_file_with_runtime_dependencies(/home/primerobotics/BuddyArm/install/buddy_arm_moveit/share/colcon-core/packages/buddy_arm_moveit)
[3.140s] Level 1:colcon.colcon_core.environment:create_environment_scripts_only(buddy_arm_moveit)
[3.141s] Level 1:colcon.colcon_core.environment:checking '/home/primerobotics/BuddyArm/install/buddy_arm_moveit' for CMake module files
[3.142s] Level 1:colcon.colcon_core.environment:checking '/home/primerobotics/BuddyArm/install/buddy_arm_moveit' for CMake config files
[3.143s] Level 1:colcon.colcon_core.shell:create_environment_hook('buddy_arm_moveit', 'cmake_prefix_path')
[3.143s] INFO:colcon.colcon_core.shell:Creating environment hook '/home/primerobotics/BuddyArm/install/buddy_arm_moveit/share/buddy_arm_moveit/hook/cmake_prefix_path.ps1'
[3.145s] INFO:colcon.colcon_core.shell:Creating environment descriptor '/home/primerobotics/BuddyArm/install/buddy_arm_moveit/share/buddy_arm_moveit/hook/cmake_prefix_path.dsv'
[3.147s] INFO:colcon.colcon_core.shell:Creating environment hook '/home/primerobotics/BuddyArm/install/buddy_arm_moveit/share/buddy_arm_moveit/hook/cmake_prefix_path.sh'
[3.148s] Level 1:colcon.colcon_core.environment:checking '/home/primerobotics/BuddyArm/install/buddy_arm_moveit/bin'
[3.148s] Level 1:colcon.colcon_core.environment:checking '/home/primerobotics/BuddyArm/install/buddy_arm_moveit/lib/pkgconfig/buddy_arm_moveit.pc'
[3.148s] Level 1:colcon.colcon_core.environment:checking '/home/primerobotics/BuddyArm/install/buddy_arm_moveit/lib/python3.10/site-packages'
[3.149s] Level 1:colcon.colcon_core.environment:checking '/home/primerobotics/BuddyArm/install/buddy_arm_moveit/bin'
[3.150s] INFO:colcon.colcon_core.shell:Creating package script '/home/primerobotics/BuddyArm/install/buddy_arm_moveit/share/buddy_arm_moveit/package.ps1'
[3.151s] INFO:colcon.colcon_core.shell:Creating package descriptor '/home/primerobotics/BuddyArm/install/buddy_arm_moveit/share/buddy_arm_moveit/package.dsv'
[3.152s] INFO:colcon.colcon_core.shell:Creating package script '/home/primerobotics/BuddyArm/install/buddy_arm_moveit/share/buddy_arm_moveit/package.sh'
[3.153s] INFO:colcon.colcon_core.shell:Creating package script '/home/primerobotics/BuddyArm/install/buddy_arm_moveit/share/buddy_arm_moveit/package.bash'
[3.153s] INFO:colcon.colcon_core.shell:Creating package script '/home/primerobotics/BuddyArm/install/buddy_arm_moveit/share/buddy_arm_moveit/package.zsh'
[3.155s] Level 1:colcon.colcon_core.environment:create_file_with_runtime_dependencies(/home/primerobotics/BuddyArm/install/buddy_arm_moveit/share/colcon-core/packages/buddy_arm_moveit)
[3.157s] INFO:colcon.colcon_ros.task.ament_cmake.build:Building ROS package in '/home/primerobotics/BuddyArm/src/buddy_firmware' with build type 'ament_cmake'
[3.158s] INFO:colcon.colcon_cmake.task.cmake.build:Building CMake package in '/home/primerobotics/BuddyArm/src/buddy_firmware'
[3.158s] INFO:colcon.colcon_core.shell:Skip shell extension 'powershell' for command environment: Not usable outside of PowerShell
[3.158s] DEBUG:colcon.colcon_core.shell:Skip shell extension 'dsv' for command environment
[3.181s] DEBUG:colcon.colcon_core.event_handler.log_command:Invoking command in '/home/primerobotics/BuddyArm/build/buddy_firmware': CMAKE_PREFIX_PATH=/opt/ros/humble /usr/bin/cmake --build /home/primerobotics/BuddyArm/build/buddy_firmware -- -j2 -l2
[3.275s] DEBUG:colcon.colcon_core.event_handler.log_command:Invoked command in '/home/primerobotics/BuddyArm/build/buddy_firmware' returned '0': CMAKE_PREFIX_PATH=/opt/ros/humble /usr/bin/cmake --build /home/primerobotics/BuddyArm/build/buddy_firmware -- -j2 -l2
[3.345s] DEBUG:colcon.colcon_core.event_handler.log_command:Invoking command in '/home/primerobotics/BuddyArm/build/buddy_firmware': CMAKE_PREFIX_PATH=/opt/ros/humble /usr/bin/cmake --install /home/primerobotics/BuddyArm/build/buddy_firmware
[3.419s] Level 1:colcon.colcon_core.environment:create_environment_scripts_only(buddy_firmware)
[3.420s] DEBUG:colcon.colcon_core.event_handler.log_command:Invoked command in '/home/primerobotics/BuddyArm/build/buddy_firmware' returned '0': CMAKE_PREFIX_PATH=/opt/ros/humble /usr/bin/cmake --install /home/primerobotics/BuddyArm/build/buddy_firmware
[3.422s] Level 1:colcon.colcon_core.environment:checking '/home/primerobotics/BuddyArm/install/buddy_firmware' for CMake module files
[3.423s] Level 1:colcon.colcon_core.environment:checking '/home/primerobotics/BuddyArm/install/buddy_firmware' for CMake config files
[3.424s] Level 1:colcon.colcon_core.shell:create_environment_hook('buddy_firmware', 'cmake_prefix_path')
[3.425s] INFO:colcon.colcon_core.shell:Creating environment hook '/home/primerobotics/BuddyArm/install/buddy_firmware/share/buddy_firmware/hook/cmake_prefix_path.ps1'
[3.427s] INFO:colcon.colcon_core.shell:Creating environment descriptor '/home/primerobotics/BuddyArm/install/buddy_firmware/share/buddy_firmware/hook/cmake_prefix_path.dsv'
[3.428s] INFO:colcon.colcon_core.shell:Creating environment hook '/home/primerobotics/BuddyArm/install/buddy_firmware/share/buddy_firmware/hook/cmake_prefix_path.sh'
[3.431s] Level 1:colcon.colcon_core.environment:checking '/home/primerobotics/BuddyArm/install/buddy_firmware/bin'
[3.432s] Level 1:colcon.colcon_core.environment:checking '/home/primerobotics/BuddyArm/install/buddy_firmware/lib/pkgconfig/buddy_firmware.pc'
[3.433s] Level 1:colcon.colcon_core.environment:checking '/home/primerobotics/BuddyArm/install/buddy_firmware/lib/python3.10/site-packages'
[3.434s] Level 1:colcon.colcon_core.environment:checking '/home/primerobotics/BuddyArm/install/buddy_firmware/bin'
[3.435s] INFO:colcon.colcon_core.shell:Creating package script '/home/primerobotics/BuddyArm/install/buddy_firmware/share/buddy_firmware/package.ps1'
[3.437s] INFO:colcon.colcon_core.shell:Creating package descriptor '/home/primerobotics/BuddyArm/install/buddy_firmware/share/buddy_firmware/package.dsv'
[3.440s] INFO:colcon.colcon_core.shell:Creating package script '/home/primerobotics/BuddyArm/install/buddy_firmware/share/buddy_firmware/package.sh'
[3.441s] INFO:colcon.colcon_core.shell:Creating package script '/home/primerobotics/BuddyArm/install/buddy_firmware/share/buddy_firmware/package.bash'
[3.443s] INFO:colcon.colcon_core.shell:Creating package script '/home/primerobotics/BuddyArm/install/buddy_firmware/share/buddy_firmware/package.zsh'
[3.445s] Level 1:colcon.colcon_core.environment:create_file_with_runtime_dependencies(/home/primerobotics/BuddyArm/install/buddy_firmware/share/colcon-core/packages/buddy_firmware)
[3.493s] Level 1:colcon.colcon_core.environment:create_environment_scripts_only(buddy_firmware)
[3.494s] Level 1:colcon.colcon_core.environment:checking '/home/primerobotics/BuddyArm/install/buddy_firmware' for CMake module files
[3.495s] Level 1:colcon.colcon_core.environment:checking '/home/primerobotics/BuddyArm/install/buddy_firmware' for CMake config files
[3.496s] Level 1:colcon.colcon_core.shell:create_environment_hook('buddy_firmware', 'cmake_prefix_path')
[3.497s] INFO:colcon.colcon_core.shell:Creating environment hook '/home/primerobotics/BuddyArm/install/buddy_firmware/share/buddy_firmware/hook/cmake_prefix_path.ps1'
[3.499s] INFO:colcon.colcon_core.shell:Creating environment descriptor '/home/primerobotics/BuddyArm/install/buddy_firmware/share/buddy_firmware/hook/cmake_prefix_path.dsv'
[3.502s] INFO:colcon.colcon_core.shell:Creating environment hook '/home/primerobotics/BuddyArm/install/buddy_firmware/share/buddy_firmware/hook/cmake_prefix_path.sh'
[3.506s] Level 1:colcon.colcon_core.environment:checking '/home/primerobotics/BuddyArm/install/buddy_firmware/bin'
[3.506s] Level 1:colcon.colcon_core.environment:checking '/home/primerobotics/BuddyArm/install/buddy_firmware/lib/pkgconfig/buddy_firmware.pc'
[3.507s] Level 1:colcon.colcon_core.environment:checking '/home/primerobotics/BuddyArm/install/buddy_firmware/lib/python3.10/site-packages'
[3.508s] Level 1:colcon.colcon_core.environment:checking '/home/primerobotics/BuddyArm/install/buddy_firmware/bin'
[3.508s] INFO:colcon.colcon_core.shell:Creating package script '/home/primerobotics/BuddyArm/install/buddy_firmware/share/buddy_firmware/package.ps1'
[3.512s] INFO:colcon.colcon_core.shell:Creating package descriptor '/home/primerobotics/BuddyArm/install/buddy_firmware/share/buddy_firmware/package.dsv'
[3.514s] INFO:colcon.colcon_core.shell:Creating package script '/home/primerobotics/BuddyArm/install/buddy_firmware/share/buddy_firmware/package.sh'
[3.517s] INFO:colcon.colcon_core.shell:Creating package script '/home/primerobotics/BuddyArm/install/buddy_firmware/share/buddy_firmware/package.bash'
[3.524s] INFO:colcon.colcon_core.shell:Creating package script '/home/primerobotics/BuddyArm/install/buddy_firmware/share/buddy_firmware/package.zsh'
[3.526s] Level 1:colcon.colcon_core.environment:create_file_with_runtime_dependencies(/home/primerobotics/BuddyArm/install/buddy_firmware/share/colcon-core/packages/buddy_firmware)
[3.527s] INFO:colcon.colcon_ros.task.ament_cmake.build:Building ROS package in '/home/primerobotics/BuddyArm/src/buddy_functionalities' with build type 'ament_cmake'
[3.528s] INFO:colcon.colcon_cmake.task.cmake.build:Building CMake package in '/home/primerobotics/BuddyArm/src/buddy_functionalities'
[3.529s] INFO:colcon.colcon_core.shell:Skip shell extension 'powershell' for command environment: Not usable outside of PowerShell
[3.530s] DEBUG:colcon.colcon_core.shell:Skip shell extension 'dsv' for command environment
[3.562s] DEBUG:colcon.colcon_core.event_handler.log_command:Invoking command in '/home/primerobotics/BuddyArm/build/buddy_functionalities': CMAKE_PREFIX_PATH=/opt/ros/humble /usr/bin/cmake --build /home/primerobotics/BuddyArm/build/buddy_functionalities -- -j2 -l2
[3.895s] DEBUG:colcon.colcon_core.event_handler.log_command:Invoked command in '/home/primerobotics/BuddyArm/build/buddy_functionalities' returned '0': CMAKE_PREFIX_PATH=/opt/ros/humble /usr/bin/cmake --build /home/primerobotics/BuddyArm/build/buddy_functionalities -- -j2 -l2
[3.958s] DEBUG:colcon.colcon_core.event_handler.log_command:Invoking command in '/home/primerobotics/BuddyArm/build/buddy_functionalities': CMAKE_PREFIX_PATH=/opt/ros/humble /usr/bin/cmake --install /home/primerobotics/BuddyArm/build/buddy_functionalities
[4.015s] Level 1:colcon.colcon_core.environment:create_environment_scripts_only(buddy_functionalities)
[4.015s] Level 1:colcon.colcon_core.environment:checking '/home/primerobotics/BuddyArm/install/buddy_functionalities' for CMake module files
[4.016s] Level 1:colcon.colcon_core.environment:checking '/home/primerobotics/BuddyArm/install/buddy_functionalities' for CMake config files
[4.017s] Level 1:colcon.colcon_core.shell:create_environment_hook('buddy_functionalities', 'cmake_prefix_path')
[4.017s] INFO:colcon.colcon_core.shell:Creating environment hook '/home/primerobotics/BuddyArm/install/buddy_functionalities/share/buddy_functionalities/hook/cmake_prefix_path.ps1'
[4.018s] DEBUG:colcon.colcon_core.event_handler.log_command:Invoked command in '/home/primerobotics/BuddyArm/build/buddy_functionalities' returned '0': CMAKE_PREFIX_PATH=/opt/ros/humble /usr/bin/cmake --install /home/primerobotics/BuddyArm/build/buddy_functionalities
[4.019s] INFO:colcon.colcon_core.shell:Creating environment descriptor '/home/primerobotics/BuddyArm/install/buddy_functionalities/share/buddy_functionalities/hook/cmake_prefix_path.dsv'
[4.021s] INFO:colcon.colcon_core.shell:Creating environment hook '/home/primerobotics/BuddyArm/install/buddy_functionalities/share/buddy_functionalities/hook/cmake_prefix_path.sh'
[4.022s] Level 1:colcon.colcon_core.environment:checking '/home/primerobotics/BuddyArm/install/buddy_functionalities/lib'
[4.022s] Level 1:colcon.colcon_core.environment:checking '/home/primerobotics/BuddyArm/install/buddy_functionalities/bin'
[4.023s] Level 1:colcon.colcon_core.environment:checking '/home/primerobotics/BuddyArm/install/buddy_functionalities/lib/pkgconfig/buddy_functionalities.pc'
[4.023s] Level 1:colcon.colcon_core.environment:checking '/home/primerobotics/BuddyArm/install/buddy_functionalities/lib/python3.10/site-packages'
[4.024s] Level 1:colcon.colcon_core.environment:checking '/home/primerobotics/BuddyArm/install/buddy_functionalities/bin'
[4.024s] INFO:colcon.colcon_core.shell:Creating package script '/home/primerobotics/BuddyArm/install/buddy_functionalities/share/buddy_functionalities/package.ps1'
[4.026s] INFO:colcon.colcon_core.shell:Creating package descriptor '/home/primerobotics/BuddyArm/install/buddy_functionalities/share/buddy_functionalities/package.dsv'
[4.027s] INFO:colcon.colcon_core.shell:Creating package script '/home/primerobotics/BuddyArm/install/buddy_functionalities/share/buddy_functionalities/package.sh'
[4.027s] INFO:colcon.colcon_core.shell:Creating package script '/home/primerobotics/BuddyArm/install/buddy_functionalities/share/buddy_functionalities/package.bash'
[4.028s] INFO:colcon.colcon_core.shell:Creating package script '/home/primerobotics/BuddyArm/install/buddy_functionalities/share/buddy_functionalities/package.zsh'
[4.028s] Level 1:colcon.colcon_core.environment:create_file_with_runtime_dependencies(/home/primerobotics/BuddyArm/install/buddy_functionalities/share/colcon-core/packages/buddy_functionalities)
[4.149s] Level 1:colcon.colcon_core.environment:create_environment_scripts_only(buddy_functionalities)
[4.149s] Level 1:colcon.colcon_core.environment:checking '/home/primerobotics/BuddyArm/install/buddy_functionalities' for CMake module files
[4.151s] Level 1:colcon.colcon_core.environment:checking '/home/primerobotics/BuddyArm/install/buddy_functionalities' for CMake config files
[4.151s] Level 1:colcon.colcon_core.shell:create_environment_hook('buddy_functionalities', 'cmake_prefix_path')
[4.151s] INFO:colcon.colcon_core.shell:Creating environment hook '/home/primerobotics/BuddyArm/install/buddy_functionalities/share/buddy_functionalities/hook/cmake_prefix_path.ps1'
[4.152s] INFO:colcon.colcon_core.shell:Creating environment descriptor '/home/primerobotics/BuddyArm/install/buddy_functionalities/share/buddy_functionalities/hook/cmake_prefix_path.dsv'
[4.154s] INFO:colcon.colcon_core.shell:Creating environment hook '/home/primerobotics/BuddyArm/install/buddy_functionalities/share/buddy_functionalities/hook/cmake_prefix_path.sh'
[4.155s] Level 1:colcon.colcon_core.environment:checking '/home/primerobotics/BuddyArm/install/buddy_functionalities/lib'
[4.155s] Level 1:colcon.colcon_core.environment:checking '/home/primerobotics/BuddyArm/install/buddy_functionalities/bin'
[4.155s] Level 1:colcon.colcon_core.environment:checking '/home/primerobotics/BuddyArm/install/buddy_functionalities/lib/pkgconfig/buddy_functionalities.pc'
[4.156s] Level 1:colcon.colcon_core.environment:checking '/home/primerobotics/BuddyArm/install/buddy_functionalities/lib/python3.10/site-packages'
[4.156s] Level 1:colcon.colcon_core.environment:checking '/home/primerobotics/BuddyArm/install/buddy_functionalities/bin'
[4.157s] INFO:colcon.colcon_core.shell:Creating package script '/home/primerobotics/BuddyArm/install/buddy_functionalities/share/buddy_functionalities/package.ps1'
[4.158s] INFO:colcon.colcon_core.shell:Creating package descriptor '/home/primerobotics/BuddyArm/install/buddy_functionalities/share/buddy_functionalities/package.dsv'
[4.159s] INFO:colcon.colcon_core.shell:Creating package script '/home/primerobotics/BuddyArm/install/buddy_functionalities/share/buddy_functionalities/package.sh'
[4.160s] INFO:colcon.colcon_core.shell:Creating package script '/home/primerobotics/BuddyArm/install/buddy_functionalities/share/buddy_functionalities/package.bash'
[4.161s] INFO:colcon.colcon_core.shell:Creating package script '/home/primerobotics/BuddyArm/install/buddy_functionalities/share/buddy_functionalities/package.zsh'
[4.161s] Level 1:colcon.colcon_core.environment:create_file_with_runtime_dependencies(/home/primerobotics/BuddyArm/install/buddy_functionalities/share/colcon-core/packages/buddy_functionalities)
[10.157s] DEBUG:colcon.colcon_core.event_handler.log_command:Invoked command in '/home/primerobotics/BuddyArm/build/arm_controller' returned '0': CMAKE_PREFIX_PATH=/opt/ros/humble /usr/bin/cmake --build /home/primerobotics/BuddyArm/build/arm_controller -- -j2 -l2
[10.203s] DEBUG:colcon.colcon_core.event_handler.log_command:Invoking command in '/home/primerobotics/BuddyArm/build/arm_controller': CMAKE_PREFIX_PATH=/opt/ros/humble /usr/bin/cmake --install /home/primerobotics/BuddyArm/build/arm_controller
[10.332s] Level 1:colcon.colcon_core.environment:create_environment_scripts_only(arm_controller)
[10.333s] Level 1:colcon.colcon_core.environment:checking '/home/primerobotics/BuddyArm/install/arm_controller' for CMake module files
[10.334s] DEBUG:colcon.colcon_core.event_handler.log_command:Invoked command in '/home/primerobotics/BuddyArm/build/arm_controller' returned '0': CMAKE_PREFIX_PATH=/opt/ros/humble /usr/bin/cmake --install /home/primerobotics/BuddyArm/build/arm_controller
[10.335s] Level 1:colcon.colcon_core.environment:checking '/home/primerobotics/BuddyArm/install/arm_controller' for CMake config files
[10.336s] Level 1:colcon.colcon_core.shell:create_environment_hook('arm_controller', 'cmake_prefix_path')
[10.336s] INFO:colcon.colcon_core.shell:Creating environment hook '/home/primerobotics/BuddyArm/install/arm_controller/share/arm_controller/hook/cmake_prefix_path.ps1'
[10.337s] INFO:colcon.colcon_core.shell:Creating environment descriptor '/home/primerobotics/BuddyArm/install/arm_controller/share/arm_controller/hook/cmake_prefix_path.dsv'
[10.337s] INFO:colcon.colcon_core.shell:Creating environment hook '/home/primerobotics/BuddyArm/install/arm_controller/share/arm_controller/hook/cmake_prefix_path.sh'
[10.338s] Level 1:colcon.colcon_core.environment:checking '/home/primerobotics/BuddyArm/install/arm_controller/lib'
[10.339s] Level 1:colcon.colcon_core.shell:create_environment_hook('arm_controller', 'ld_library_path_lib')
[10.339s] INFO:colcon.colcon_core.shell:Creating environment hook '/home/primerobotics/BuddyArm/install/arm_controller/share/arm_controller/hook/ld_library_path_lib.ps1'
[10.340s] INFO:colcon.colcon_core.shell:Creating environment descriptor '/home/primerobotics/BuddyArm/install/arm_controller/share/arm_controller/hook/ld_library_path_lib.dsv'
[10.341s] INFO:colcon.colcon_core.shell:Creating environment hook '/home/primerobotics/BuddyArm/install/arm_controller/share/arm_controller/hook/ld_library_path_lib.sh'
[10.341s] Level 1:colcon.colcon_core.environment:checking '/home/primerobotics/BuddyArm/install/arm_controller/bin'
[10.341s] Level 1:colcon.colcon_core.environment:checking '/home/primerobotics/BuddyArm/install/arm_controller/lib/pkgconfig/arm_controller.pc'
[10.350s] Level 1:colcon.colcon_core.environment:checking '/home/primerobotics/BuddyArm/install/arm_controller/lib/python3.10/site-packages'
[10.351s] Level 1:colcon.colcon_core.environment:checking '/home/primerobotics/BuddyArm/install/arm_controller/bin'
[10.352s] INFO:colcon.colcon_core.shell:Creating package script '/home/primerobotics/BuddyArm/install/arm_controller/share/arm_controller/package.ps1'
[10.353s] INFO:colcon.colcon_core.shell:Creating package descriptor '/home/primerobotics/BuddyArm/install/arm_controller/share/arm_controller/package.dsv'
[10.354s] INFO:colcon.colcon_core.shell:Creating package script '/home/primerobotics/BuddyArm/install/arm_controller/share/arm_controller/package.sh'
[10.355s] INFO:colcon.colcon_core.shell:Creating package script '/home/primerobotics/BuddyArm/install/arm_controller/share/arm_controller/package.bash'
[10.355s] INFO:colcon.colcon_core.shell:Creating package script '/home/primerobotics/BuddyArm/install/arm_controller/share/arm_controller/package.zsh'
[10.356s] Level 1:colcon.colcon_core.environment:create_file_with_runtime_dependencies(/home/primerobotics/BuddyArm/install/arm_controller/share/colcon-core/packages/arm_controller)
[10.401s] Level 1:colcon.colcon_core.environment:create_environment_scripts_only(arm_controller)
[10.401s] Level 1:colcon.colcon_core.environment:checking '/home/primerobotics/BuddyArm/install/arm_controller' for CMake module files
[10.403s] Level 1:colcon.colcon_core.environment:checking '/home/primerobotics/BuddyArm/install/arm_controller' for CMake config files
[10.403s] Level 1:colcon.colcon_core.shell:create_environment_hook('arm_controller', 'cmake_prefix_path')
[10.404s] INFO:colcon.colcon_core.shell:Creating environment hook '/home/primerobotics/BuddyArm/install/arm_controller/share/arm_controller/hook/cmake_prefix_path.ps1'
[10.405s] INFO:colcon.colcon_core.shell:Creating environment descriptor '/home/primerobotics/BuddyArm/install/arm_controller/share/arm_controller/hook/cmake_prefix_path.dsv'
[10.405s] INFO:colcon.colcon_core.shell:Creating environment hook '/home/primerobotics/BuddyArm/install/arm_controller/share/arm_controller/hook/cmake_prefix_path.sh'
[10.406s] Level 1:colcon.colcon_core.environment:checking '/home/primerobotics/BuddyArm/install/arm_controller/lib'
[10.406s] Level 1:colcon.colcon_core.shell:create_environment_hook('arm_controller', 'ld_library_path_lib')
[10.407s] INFO:colcon.colcon_core.shell:Creating environment hook '/home/primerobotics/BuddyArm/install/arm_controller/share/arm_controller/hook/ld_library_path_lib.ps1'
[10.408s] INFO:colcon.colcon_core.shell:Creating environment descriptor '/home/primerobotics/BuddyArm/install/arm_controller/share/arm_controller/hook/ld_library_path_lib.dsv'
[10.408s] INFO:colcon.colcon_core.shell:Creating environment hook '/home/primerobotics/BuddyArm/install/arm_controller/share/arm_controller/hook/ld_library_path_lib.sh'
[10.409s] Level 1:colcon.colcon_core.environment:checking '/home/primerobotics/BuddyArm/install/arm_controller/bin'
[10.409s] Level 1:colcon.colcon_core.environment:checking '/home/primerobotics/BuddyArm/install/arm_controller/lib/pkgconfig/arm_controller.pc'
[10.409s] Level 1:colcon.colcon_core.environment:checking '/home/primerobotics/BuddyArm/install/arm_controller/lib/python3.10/site-packages'
[10.410s] Level 1:colcon.colcon_core.environment:checking '/home/primerobotics/BuddyArm/install/arm_controller/bin'
[10.410s] INFO:colcon.colcon_core.shell:Creating package script '/home/primerobotics/BuddyArm/install/arm_controller/share/arm_controller/package.ps1'
[10.412s] INFO:colcon.colcon_core.shell:Creating package descriptor '/home/primerobotics/BuddyArm/install/arm_controller/share/arm_controller/package.dsv'
[10.413s] INFO:colcon.colcon_core.shell:Creating package script '/home/primerobotics/BuddyArm/install/arm_controller/share/arm_controller/package.sh'
[10.414s] INFO:colcon.colcon_core.shell:Creating package script '/home/primerobotics/BuddyArm/install/arm_controller/share/arm_controller/package.bash'
[10.415s] INFO:colcon.colcon_core.shell:Creating package script '/home/primerobotics/BuddyArm/install/arm_controller/share/arm_controller/package.zsh'
[10.416s] Level 1:colcon.colcon_core.environment:create_file_with_runtime_dependencies(/home/primerobotics/BuddyArm/install/arm_controller/share/colcon-core/packages/arm_controller)
[10.417s] DEBUG:colcon.colcon_parallel_executor.executor.parallel:closing loop
[10.418s] DEBUG:colcon.colcon_parallel_executor.executor.parallel:loop closed
[10.418s] DEBUG:colcon.colcon_parallel_executor.executor.parallel:run_until_complete finished with '0'
[10.418s] DEBUG:colcon.colcon_core.event_reactor:joining thread
[10.445s] INFO:colcon.colcon_core.plugin_system:Skipping extension 'colcon_notification.desktop_notification.terminal_notifier': Not used on non-Darwin systems
[10.445s] INFO:colcon.colcon_core.plugin_system:Skipping extension 'colcon_notification.desktop_notification.win32': Not used on non-Windows systems
[10.445s] INFO:colcon.colcon_notification.desktop_notification:Sending desktop notification using 'notify2'
[10.585s] DEBUG:colcon.colcon_core.event_reactor:joined thread
[10.586s] INFO:colcon.colcon_core.shell:Creating prefix script '/home/primerobotics/BuddyArm/install/local_setup.ps1'
[10.588s] INFO:colcon.colcon_core.shell:Creating prefix util module '/home/primerobotics/BuddyArm/install/_local_setup_util_ps1.py'
[10.593s] INFO:colcon.colcon_core.shell:Creating prefix chain script '/home/primerobotics/BuddyArm/install/setup.ps1'
[10.595s] INFO:colcon.colcon_core.shell:Creating prefix script '/home/primerobotics/BuddyArm/install/local_setup.sh'
[10.597s] INFO:colcon.colcon_core.shell:Creating prefix util module '/home/primerobotics/BuddyArm/install/_local_setup_util_sh.py'
[10.598s] INFO:colcon.colcon_core.shell:Creating prefix chain script '/home/primerobotics/BuddyArm/install/setup.sh'
[10.601s] INFO:colcon.colcon_core.shell:Creating prefix script '/home/primerobotics/BuddyArm/install/local_setup.bash'
[10.603s] INFO:colcon.colcon_core.shell:Creating prefix chain script '/home/primerobotics/BuddyArm/install/setup.bash'
[10.606s] INFO:colcon.colcon_core.shell:Creating prefix script '/home/primerobotics/BuddyArm/install/local_setup.zsh'
[10.609s] INFO:colcon.colcon_core.shell:Creating prefix chain script '/home/primerobotics/BuddyArm/install/setup.zsh'
