[0.223s] DEBUG:colcon:Command line arguments: ['/usr/bin/colcon', 'build', '--symlink-install']
[0.223s] DEBUG:colcon:Parsed command line arguments: Namespace(log_base=None, log_level=None, verb_name='build', build_base='build', install_base='install', merge_install=False, symlink_install=True, test_result_base=None, continue_on_error=False, executor='parallel', parallel_workers=3, event_handlers=None, ignore_user_meta=False, metas=['./colcon.meta'], base_paths=['.'], packages_ignore=None, packages_ignore_regex=None, paths=None, packages_up_to=None, packages_up_to_regex=None, packages_above=None, packages_above_and_dependencies=None, packages_above_depth=None, packages_select_by_dep=None, packages_skip_by_dep=None, packages_skip_up_to=None, packages_select_build_failed=False, packages_skip_build_finished=False, packages_select_test_failures=False, packages_skip_test_passed=False, packages_select=None, packages_skip=None, packages_select_regex=None, packages_skip_regex=None, packages_start=None, packages_end=None, allow_overriding=[], cmake_args=None, cmake_target=None, cmake_target_skip_unavailable=False, cmake_clean_cache=False, cmake_clean_first=False, cmake_force_configure=False, ament_cmake_args=None, catkin_cmake_args=None, catkin_skip_building_tests=False, verb_parser=<colcon_defaults.argument_parser.defaults.DefaultArgumentsDecorator object at 0x7807a5034040>, verb_extension=<colcon_core.verb.build.BuildVerb object at 0x7807a51fbbb0>, main=<bound method BuildVerb.main of <colcon_core.verb.build.BuildVerb object at 0x7807a51fbbb0>>)
[0.569s] Level 1:colcon.colcon_core.package_discovery:discover_packages(colcon_meta) check parameters
[0.570s] Level 1:colcon.colcon_core.package_discovery:discover_packages(recursive) check parameters
[0.570s] Level 1:colcon.colcon_core.package_discovery:discover_packages(ignore) check parameters
[0.570s] Level 1:colcon.colcon_core.package_discovery:discover_packages(path) check parameters
[0.570s] Level 1:colcon.colcon_core.package_discovery:discover_packages(colcon_meta) discover
[0.570s] Level 1:colcon.colcon_core.package_discovery:discover_packages(recursive) discover
[0.570s] INFO:colcon.colcon_core.package_discovery:Crawling recursively for packages in '/home/primerobotics/BuddyArm'
[0.570s] Level 1:colcon.colcon_core.package_identification:_identify(.) by extensions ['ignore', 'ignore_ament_install']
[0.570s] Level 1:colcon.colcon_core.package_identification:_identify(.) by extension 'ignore'
[0.571s] Level 1:colcon.colcon_core.package_identification:_identify(.) by extension 'ignore_ament_install'
[0.571s] Level 1:colcon.colcon_core.package_identification:_identify(.) by extensions ['colcon_pkg']
[0.571s] Level 1:colcon.colcon_core.package_identification:_identify(.) by extension 'colcon_pkg'
[0.571s] Level 1:colcon.colcon_core.package_identification:_identify(.) by extensions ['colcon_meta']
[0.571s] Level 1:colcon.colcon_core.package_identification:_identify(.) by extension 'colcon_meta'
[0.571s] Level 1:colcon.colcon_core.package_identification:_identify(.) by extensions ['ros']
[0.571s] Level 1:colcon.colcon_core.package_identification:_identify(.) by extension 'ros'
[0.594s] Level 1:colcon.colcon_core.package_identification:_identify(.) by extensions ['cmake', 'python']
[0.594s] Level 1:colcon.colcon_core.package_identification:_identify(.) by extension 'cmake'
[0.595s] Level 1:colcon.colcon_core.package_identification:_identify(.) by extension 'python'
[0.595s] Level 1:colcon.colcon_core.package_identification:_identify(.) by extensions ['python_setup_py']
[0.595s] Level 1:colcon.colcon_core.package_identification:_identify(.) by extension 'python_setup_py'
[0.595s] Level 1:colcon.colcon_core.package_identification:_identify(build) by extensions ['ignore', 'ignore_ament_install']
[0.595s] Level 1:colcon.colcon_core.package_identification:_identify(build) by extension 'ignore'
[0.595s] Level 1:colcon.colcon_core.package_identification:_identify(build) ignored
[0.595s] Level 1:colcon.colcon_core.package_identification:_identify(install) by extensions ['ignore', 'ignore_ament_install']
[0.596s] Level 1:colcon.colcon_core.package_identification:_identify(install) by extension 'ignore'
[0.596s] Level 1:colcon.colcon_core.package_identification:_identify(install) ignored
[0.596s] Level 1:colcon.colcon_core.package_identification:_identify(log) by extensions ['ignore', 'ignore_ament_install']
[0.596s] Level 1:colcon.colcon_core.package_identification:_identify(log) by extension 'ignore'
[0.596s] Level 1:colcon.colcon_core.package_identification:_identify(log) ignored
[0.596s] Level 1:colcon.colcon_core.package_identification:_identify(src) by extensions ['ignore', 'ignore_ament_install']
[0.596s] Level 1:colcon.colcon_core.package_identification:_identify(src) by extension 'ignore'
[0.597s] Level 1:colcon.colcon_core.package_identification:_identify(src) by extension 'ignore_ament_install'
[0.597s] Level 1:colcon.colcon_core.package_identification:_identify(src) by extensions ['colcon_pkg']
[0.597s] Level 1:colcon.colcon_core.package_identification:_identify(src) by extension 'colcon_pkg'
[0.597s] Level 1:colcon.colcon_core.package_identification:_identify(src) by extensions ['colcon_meta']
[0.597s] Level 1:colcon.colcon_core.package_identification:_identify(src) by extension 'colcon_meta'
[0.597s] Level 1:colcon.colcon_core.package_identification:_identify(src) by extensions ['ros']
[0.597s] Level 1:colcon.colcon_core.package_identification:_identify(src) by extension 'ros'
[0.597s] Level 1:colcon.colcon_core.package_identification:_identify(src) by extensions ['cmake', 'python']
[0.597s] Level 1:colcon.colcon_core.package_identification:_identify(src) by extension 'cmake'
[0.597s] Level 1:colcon.colcon_core.package_identification:_identify(src) by extension 'python'
[0.597s] Level 1:colcon.colcon_core.package_identification:_identify(src) by extensions ['python_setup_py']
[0.598s] Level 1:colcon.colcon_core.package_identification:_identify(src) by extension 'python_setup_py'
[0.598s] Level 1:colcon.colcon_core.package_identification:_identify(src/arm_controller) by extensions ['ignore', 'ignore_ament_install']
[0.598s] Level 1:colcon.colcon_core.package_identification:_identify(src/arm_controller) by extension 'ignore'
[0.598s] Level 1:colcon.colcon_core.package_identification:_identify(src/arm_controller) by extension 'ignore_ament_install'
[0.598s] Level 1:colcon.colcon_core.package_identification:_identify(src/arm_controller) by extensions ['colcon_pkg']
[0.598s] Level 1:colcon.colcon_core.package_identification:_identify(src/arm_controller) by extension 'colcon_pkg'
[0.598s] Level 1:colcon.colcon_core.package_identification:_identify(src/arm_controller) by extensions ['colcon_meta']
[0.598s] Level 1:colcon.colcon_core.package_identification:_identify(src/arm_controller) by extension 'colcon_meta'
[0.598s] Level 1:colcon.colcon_core.package_identification:_identify(src/arm_controller) by extensions ['ros']
[0.598s] Level 1:colcon.colcon_core.package_identification:_identify(src/arm_controller) by extension 'ros'
[0.603s] DEBUG:colcon.colcon_core.package_identification:Package 'src/arm_controller' with type 'ros.ament_cmake' and name 'arm_controller'
[0.604s] Level 1:colcon.colcon_core.package_identification:_identify(src/buddy_arm_bringup) by extensions ['ignore', 'ignore_ament_install']
[0.604s] Level 1:colcon.colcon_core.package_identification:_identify(src/buddy_arm_bringup) by extension 'ignore'
[0.604s] Level 1:colcon.colcon_core.package_identification:_identify(src/buddy_arm_bringup) by extension 'ignore_ament_install'
[0.604s] Level 1:colcon.colcon_core.package_identification:_identify(src/buddy_arm_bringup) by extensions ['colcon_pkg']
[0.604s] Level 1:colcon.colcon_core.package_identification:_identify(src/buddy_arm_bringup) by extension 'colcon_pkg'
[0.604s] Level 1:colcon.colcon_core.package_identification:_identify(src/buddy_arm_bringup) by extensions ['colcon_meta']
[0.604s] Level 1:colcon.colcon_core.package_identification:_identify(src/buddy_arm_bringup) by extension 'colcon_meta'
[0.604s] Level 1:colcon.colcon_core.package_identification:_identify(src/buddy_arm_bringup) by extensions ['ros']
[0.604s] Level 1:colcon.colcon_core.package_identification:_identify(src/buddy_arm_bringup) by extension 'ros'
[0.606s] DEBUG:colcon.colcon_core.package_identification:Package 'src/buddy_arm_bringup' with type 'ros.ament_cmake' and name 'buddy_arm_bringup'
[0.606s] Level 1:colcon.colcon_core.package_identification:_identify(src/buddy_arm_description) by extensions ['ignore', 'ignore_ament_install']
[0.606s] Level 1:colcon.colcon_core.package_identification:_identify(src/buddy_arm_description) by extension 'ignore'
[0.606s] Level 1:colcon.colcon_core.package_identification:_identify(src/buddy_arm_description) by extension 'ignore_ament_install'
[0.606s] Level 1:colcon.colcon_core.package_identification:_identify(src/buddy_arm_description) by extensions ['colcon_pkg']
[0.606s] Level 1:colcon.colcon_core.package_identification:_identify(src/buddy_arm_description) by extension 'colcon_pkg'
[0.607s] Level 1:colcon.colcon_core.package_identification:_identify(src/buddy_arm_description) by extensions ['colcon_meta']
[0.607s] Level 1:colcon.colcon_core.package_identification:_identify(src/buddy_arm_description) by extension 'colcon_meta'
[0.607s] Level 1:colcon.colcon_core.package_identification:_identify(src/buddy_arm_description) by extensions ['ros']
[0.607s] Level 1:colcon.colcon_core.package_identification:_identify(src/buddy_arm_description) by extension 'ros'
[0.608s] DEBUG:colcon.colcon_core.package_identification:Package 'src/buddy_arm_description' with type 'ros.ament_cmake' and name 'buddy_arm_description'
[0.609s] Level 1:colcon.colcon_core.package_identification:_identify(src/buddy_arm_moveit) by extensions ['ignore', 'ignore_ament_install']
[0.609s] Level 1:colcon.colcon_core.package_identification:_identify(src/buddy_arm_moveit) by extension 'ignore'
[0.609s] Level 1:colcon.colcon_core.package_identification:_identify(src/buddy_arm_moveit) by extension 'ignore_ament_install'
[0.609s] Level 1:colcon.colcon_core.package_identification:_identify(src/buddy_arm_moveit) by extensions ['colcon_pkg']
[0.609s] Level 1:colcon.colcon_core.package_identification:_identify(src/buddy_arm_moveit) by extension 'colcon_pkg'
[0.609s] Level 1:colcon.colcon_core.package_identification:_identify(src/buddy_arm_moveit) by extensions ['colcon_meta']
[0.609s] Level 1:colcon.colcon_core.package_identification:_identify(src/buddy_arm_moveit) by extension 'colcon_meta'
[0.609s] Level 1:colcon.colcon_core.package_identification:_identify(src/buddy_arm_moveit) by extensions ['ros']
[0.610s] Level 1:colcon.colcon_core.package_identification:_identify(src/buddy_arm_moveit) by extension 'ros'
[0.611s] DEBUG:colcon.colcon_core.package_identification:Package 'src/buddy_arm_moveit' with type 'ros.ament_cmake' and name 'buddy_arm_moveit'
[0.611s] Level 1:colcon.colcon_core.package_discovery:discover_packages(recursive) using defaults
[0.611s] Level 1:colcon.colcon_core.package_discovery:discover_packages(ignore) discover
[0.611s] Level 1:colcon.colcon_core.package_discovery:discover_packages(ignore) using defaults
[0.611s] Level 1:colcon.colcon_core.package_discovery:discover_packages(path) discover
[0.612s] Level 1:colcon.colcon_core.package_discovery:discover_packages(path) using defaults
[0.652s] Level 1:colcon.colcon_core.package_discovery:discover_packages(prefix_path) check parameters
[0.653s] Level 1:colcon.colcon_core.package_discovery:discover_packages(prefix_path) discover
[0.659s] DEBUG:colcon.colcon_installed_package_information.package_discovery:Found 341 installed packages in /opt/ros/humble
[0.667s] Level 1:colcon.colcon_core.package_discovery:discover_packages(prefix_path) using defaults
[0.794s] Level 5:colcon.colcon_core.verb:set package 'arm_controller' build argument 'cmake_args' from command line to 'None'
[0.795s] Level 5:colcon.colcon_core.verb:set package 'arm_controller' build argument 'cmake_target' from command line to 'None'
[0.795s] Level 5:colcon.colcon_core.verb:set package 'arm_controller' build argument 'cmake_target_skip_unavailable' from command line to 'False'
[0.795s] Level 5:colcon.colcon_core.verb:set package 'arm_controller' build argument 'cmake_clean_cache' from command line to 'False'
[0.795s] Level 5:colcon.colcon_core.verb:set package 'arm_controller' build argument 'cmake_clean_first' from command line to 'False'
[0.795s] Level 5:colcon.colcon_core.verb:set package 'arm_controller' build argument 'cmake_force_configure' from command line to 'False'
[0.795s] Level 5:colcon.colcon_core.verb:set package 'arm_controller' build argument 'ament_cmake_args' from command line to 'None'
[0.795s] Level 5:colcon.colcon_core.verb:set package 'arm_controller' build argument 'catkin_cmake_args' from command line to 'None'
[0.795s] Level 5:colcon.colcon_core.verb:set package 'arm_controller' build argument 'catkin_skip_building_tests' from command line to 'False'
[0.795s] DEBUG:colcon.colcon_core.verb:Building package 'arm_controller' with the following arguments: {'ament_cmake_args': None, 'build_base': '/home/primerobotics/BuddyArm/build/arm_controller', 'catkin_cmake_args': None, 'catkin_skip_building_tests': False, 'cmake_args': None, 'cmake_clean_cache': False, 'cmake_clean_first': False, 'cmake_force_configure': False, 'cmake_target': None, 'cmake_target_skip_unavailable': False, 'install_base': '/home/primerobotics/BuddyArm/install/arm_controller', 'merge_install': False, 'path': '/home/primerobotics/BuddyArm/src/arm_controller', 'symlink_install': True, 'test_result_base': None}
[0.796s] Level 5:colcon.colcon_core.verb:set package 'buddy_arm_bringup' build argument 'cmake_args' from command line to 'None'
[0.797s] Level 5:colcon.colcon_core.verb:set package 'buddy_arm_bringup' build argument 'cmake_target' from command line to 'None'
[0.797s] Level 5:colcon.colcon_core.verb:set package 'buddy_arm_bringup' build argument 'cmake_target_skip_unavailable' from command line to 'False'
[0.797s] Level 5:colcon.colcon_core.verb:set package 'buddy_arm_bringup' build argument 'cmake_clean_cache' from command line to 'False'
[0.797s] Level 5:colcon.colcon_core.verb:set package 'buddy_arm_bringup' build argument 'cmake_clean_first' from command line to 'False'
[0.797s] Level 5:colcon.colcon_core.verb:set package 'buddy_arm_bringup' build argument 'cmake_force_configure' from command line to 'False'
[0.797s] Level 5:colcon.colcon_core.verb:set package 'buddy_arm_bringup' build argument 'ament_cmake_args' from command line to 'None'
[0.797s] Level 5:colcon.colcon_core.verb:set package 'buddy_arm_bringup' build argument 'catkin_cmake_args' from command line to 'None'
[0.797s] Level 5:colcon.colcon_core.verb:set package 'buddy_arm_bringup' build argument 'catkin_skip_building_tests' from command line to 'False'
[0.797s] DEBUG:colcon.colcon_core.verb:Building package 'buddy_arm_bringup' with the following arguments: {'ament_cmake_args': None, 'build_base': '/home/primerobotics/BuddyArm/build/buddy_arm_bringup', 'catkin_cmake_args': None, 'catkin_skip_building_tests': False, 'cmake_args': None, 'cmake_clean_cache': False, 'cmake_clean_first': False, 'cmake_force_configure': False, 'cmake_target': None, 'cmake_target_skip_unavailable': False, 'install_base': '/home/primerobotics/BuddyArm/install/buddy_arm_bringup', 'merge_install': False, 'path': '/home/primerobotics/BuddyArm/src/buddy_arm_bringup', 'symlink_install': True, 'test_result_base': None}
[0.798s] Level 5:colcon.colcon_core.verb:set package 'buddy_arm_description' build argument 'cmake_args' from command line to 'None'
[0.798s] Level 5:colcon.colcon_core.verb:set package 'buddy_arm_description' build argument 'cmake_target' from command line to 'None'
[0.798s] Level 5:colcon.colcon_core.verb:set package 'buddy_arm_description' build argument 'cmake_target_skip_unavailable' from command line to 'False'
[0.798s] Level 5:colcon.colcon_core.verb:set package 'buddy_arm_description' build argument 'cmake_clean_cache' from command line to 'False'
[0.798s] Level 5:colcon.colcon_core.verb:set package 'buddy_arm_description' build argument 'cmake_clean_first' from command line to 'False'
[0.798s] Level 5:colcon.colcon_core.verb:set package 'buddy_arm_description' build argument 'cmake_force_configure' from command line to 'False'
[0.798s] Level 5:colcon.colcon_core.verb:set package 'buddy_arm_description' build argument 'ament_cmake_args' from command line to 'None'
[0.798s] Level 5:colcon.colcon_core.verb:set package 'buddy_arm_description' build argument 'catkin_cmake_args' from command line to 'None'
[0.798s] Level 5:colcon.colcon_core.verb:set package 'buddy_arm_description' build argument 'catkin_skip_building_tests' from command line to 'False'
[0.799s] DEBUG:colcon.colcon_core.verb:Building package 'buddy_arm_description' with the following arguments: {'ament_cmake_args': None, 'build_base': '/home/primerobotics/BuddyArm/build/buddy_arm_description', 'catkin_cmake_args': None, 'catkin_skip_building_tests': False, 'cmake_args': None, 'cmake_clean_cache': False, 'cmake_clean_first': False, 'cmake_force_configure': False, 'cmake_target': None, 'cmake_target_skip_unavailable': False, 'install_base': '/home/primerobotics/BuddyArm/install/buddy_arm_description', 'merge_install': False, 'path': '/home/primerobotics/BuddyArm/src/buddy_arm_description', 'symlink_install': True, 'test_result_base': None}
[0.799s] Level 5:colcon.colcon_core.verb:set package 'buddy_arm_moveit' build argument 'cmake_args' from command line to 'None'
[0.800s] Level 5:colcon.colcon_core.verb:set package 'buddy_arm_moveit' build argument 'cmake_target' from command line to 'None'
[0.800s] Level 5:colcon.colcon_core.verb:set package 'buddy_arm_moveit' build argument 'cmake_target_skip_unavailable' from command line to 'False'
[0.800s] Level 5:colcon.colcon_core.verb:set package 'buddy_arm_moveit' build argument 'cmake_clean_cache' from command line to 'False'
[0.800s] Level 5:colcon.colcon_core.verb:set package 'buddy_arm_moveit' build argument 'cmake_clean_first' from command line to 'False'
[0.800s] Level 5:colcon.colcon_core.verb:set package 'buddy_arm_moveit' build argument 'cmake_force_configure' from command line to 'False'
[0.800s] Level 5:colcon.colcon_core.verb:set package 'buddy_arm_moveit' build argument 'ament_cmake_args' from command line to 'None'
[0.800s] Level 5:colcon.colcon_core.verb:set package 'buddy_arm_moveit' build argument 'catkin_cmake_args' from command line to 'None'
[0.800s] Level 5:colcon.colcon_core.verb:set package 'buddy_arm_moveit' build argument 'catkin_skip_building_tests' from command line to 'False'
[0.800s] DEBUG:colcon.colcon_core.verb:Building package 'buddy_arm_moveit' with the following arguments: {'ament_cmake_args': None, 'build_base': '/home/primerobotics/BuddyArm/build/buddy_arm_moveit', 'catkin_cmake_args': None, 'catkin_skip_building_tests': False, 'cmake_args': None, 'cmake_clean_cache': False, 'cmake_clean_first': False, 'cmake_force_configure': False, 'cmake_target': None, 'cmake_target_skip_unavailable': False, 'install_base': '/home/primerobotics/BuddyArm/install/buddy_arm_moveit', 'merge_install': False, 'path': '/home/primerobotics/BuddyArm/src/buddy_arm_moveit', 'symlink_install': True, 'test_result_base': None}
[0.800s] INFO:colcon.colcon_core.executor:Executing jobs using 'parallel' executor
[0.802s] DEBUG:colcon.colcon_parallel_executor.executor.parallel:run_until_complete
[0.803s] INFO:colcon.colcon_ros.task.ament_cmake.build:Building ROS package in '/home/primerobotics/BuddyArm/src/arm_controller' with build type 'ament_cmake'
[0.803s] INFO:colcon.colcon_cmake.task.cmake.build:Building CMake package in '/home/primerobotics/BuddyArm/src/arm_controller'
[0.807s] INFO:colcon.colcon_core.plugin_system:Skipping extension 'colcon_core.shell.bat': Not used on non-Windows systems
[0.807s] INFO:colcon.colcon_core.shell:Skip shell extension 'powershell' for command environment: Not usable outside of PowerShell
[0.808s] DEBUG:colcon.colcon_core.shell:Skip shell extension 'dsv' for command environment
[0.814s] INFO:colcon.colcon_ros.task.ament_cmake.build:Building ROS package in '/home/primerobotics/BuddyArm/src/buddy_arm_bringup' with build type 'ament_cmake'
[0.815s] INFO:colcon.colcon_cmake.task.cmake.build:Building CMake package in '/home/primerobotics/BuddyArm/src/buddy_arm_bringup'
[0.815s] INFO:colcon.colcon_core.shell:Skip shell extension 'powershell' for command environment: Not usable outside of PowerShell
[0.816s] DEBUG:colcon.colcon_core.shell:Skip shell extension 'dsv' for command environment
[0.827s] INFO:colcon.colcon_ros.task.ament_cmake.build:Building ROS package in '/home/primerobotics/BuddyArm/src/buddy_arm_description' with build type 'ament_cmake'
[0.828s] INFO:colcon.colcon_cmake.task.cmake.build:Building CMake package in '/home/primerobotics/BuddyArm/src/buddy_arm_description'
[0.830s] INFO:colcon.colcon_core.shell:Skip shell extension 'powershell' for command environment: Not usable outside of PowerShell
[0.830s] DEBUG:colcon.colcon_core.shell:Skip shell extension 'dsv' for command environment
[0.856s] DEBUG:colcon.colcon_core.event_handler.log_command:Invoking command in '/home/primerobotics/BuddyArm/build/arm_controller': CMAKE_PREFIX_PATH=/opt/ros/humble /usr/bin/cmake --build /home/primerobotics/BuddyArm/build/arm_controller -- -j3 -l3
[0.866s] DEBUG:colcon.colcon_core.event_handler.log_command:Invoking command in '/home/primerobotics/BuddyArm/build/buddy_arm_bringup': CMAKE_PREFIX_PATH=/opt/ros/humble /usr/bin/cmake --build /home/primerobotics/BuddyArm/build/buddy_arm_bringup -- -j3 -l3
[0.882s] DEBUG:colcon.colcon_core.event_handler.log_command:Invoking command in '/home/primerobotics/BuddyArm/build/buddy_arm_description': CMAKE_PREFIX_PATH=/opt/ros/humble /usr/bin/cmake --build /home/primerobotics/BuddyArm/build/buddy_arm_description -- -j3 -l3
[0.974s] DEBUG:colcon.colcon_core.event_handler.log_command:Invoked command in '/home/primerobotics/BuddyArm/build/buddy_arm_description' returned '0': CMAKE_PREFIX_PATH=/opt/ros/humble /usr/bin/cmake --build /home/primerobotics/BuddyArm/build/buddy_arm_description -- -j3 -l3
[0.985s] DEBUG:colcon.colcon_core.event_handler.log_command:Invoked command in '/home/primerobotics/BuddyArm/build/buddy_arm_bringup' returned '0': CMAKE_PREFIX_PATH=/opt/ros/humble /usr/bin/cmake --build /home/primerobotics/BuddyArm/build/buddy_arm_bringup -- -j3 -l3
[1.046s] DEBUG:colcon.colcon_core.event_handler.log_command:Invoking command in '/home/primerobotics/BuddyArm/build/buddy_arm_description': CMAKE_PREFIX_PATH=/opt/ros/humble /usr/bin/cmake --install /home/primerobotics/BuddyArm/build/buddy_arm_description
[1.050s] DEBUG:colcon.colcon_core.event_handler.log_command:Invoking command in '/home/primerobotics/BuddyArm/build/buddy_arm_bringup': CMAKE_PREFIX_PATH=/opt/ros/humble /usr/bin/cmake --install /home/primerobotics/BuddyArm/build/buddy_arm_bringup
[1.121s] Level 1:colcon.colcon_core.environment:create_environment_scripts_only(buddy_arm_description)
[1.122s] DEBUG:colcon.colcon_core.event_handler.log_command:Invoked command in '/home/primerobotics/BuddyArm/build/buddy_arm_description' returned '0': CMAKE_PREFIX_PATH=/opt/ros/humble /usr/bin/cmake --install /home/primerobotics/BuddyArm/build/buddy_arm_description
[1.127s] Level 1:colcon.colcon_core.environment:checking '/home/primerobotics/BuddyArm/install/buddy_arm_description' for CMake module files
[1.128s] Level 1:colcon.colcon_core.environment:checking '/home/primerobotics/BuddyArm/install/buddy_arm_description' for CMake config files
[1.129s] Level 1:colcon.colcon_core.shell:create_environment_hook('buddy_arm_description', 'cmake_prefix_path')
[1.130s] INFO:colcon.colcon_core.shell:Creating environment hook '/home/primerobotics/BuddyArm/install/buddy_arm_description/share/buddy_arm_description/hook/cmake_prefix_path.ps1'
[1.132s] INFO:colcon.colcon_core.shell:Creating environment descriptor '/home/primerobotics/BuddyArm/install/buddy_arm_description/share/buddy_arm_description/hook/cmake_prefix_path.dsv'
[1.133s] INFO:colcon.colcon_core.shell:Creating environment hook '/home/primerobotics/BuddyArm/install/buddy_arm_description/share/buddy_arm_description/hook/cmake_prefix_path.sh'
[1.136s] Level 1:colcon.colcon_core.environment:checking '/home/primerobotics/BuddyArm/install/buddy_arm_description/bin'
[1.136s] Level 1:colcon.colcon_core.environment:checking '/home/primerobotics/BuddyArm/install/buddy_arm_description/lib/pkgconfig/buddy_arm_description.pc'
[1.137s] Level 1:colcon.colcon_core.environment:checking '/home/primerobotics/BuddyArm/install/buddy_arm_description/lib/python3.10/site-packages'
[1.137s] Level 1:colcon.colcon_core.environment:checking '/home/primerobotics/BuddyArm/install/buddy_arm_description/bin'
[1.138s] INFO:colcon.colcon_core.shell:Creating package script '/home/primerobotics/BuddyArm/install/buddy_arm_description/share/buddy_arm_description/package.ps1'
[1.141s] INFO:colcon.colcon_core.shell:Creating package descriptor '/home/primerobotics/BuddyArm/install/buddy_arm_description/share/buddy_arm_description/package.dsv'
[1.143s] INFO:colcon.colcon_core.shell:Creating package script '/home/primerobotics/BuddyArm/install/buddy_arm_description/share/buddy_arm_description/package.sh'
[1.150s] INFO:colcon.colcon_core.shell:Creating package script '/home/primerobotics/BuddyArm/install/buddy_arm_description/share/buddy_arm_description/package.bash'
[1.152s] INFO:colcon.colcon_core.shell:Creating package script '/home/primerobotics/BuddyArm/install/buddy_arm_description/share/buddy_arm_description/package.zsh'
[1.154s] Level 1:colcon.colcon_core.environment:create_file_with_runtime_dependencies(/home/primerobotics/BuddyArm/install/buddy_arm_description/share/colcon-core/packages/buddy_arm_description)
[1.164s] Level 1:colcon.colcon_core.environment:create_environment_scripts_only(buddy_arm_bringup)
[1.164s] DEBUG:colcon.colcon_core.event_handler.log_command:Invoked command in '/home/primerobotics/BuddyArm/build/buddy_arm_bringup' returned '0': CMAKE_PREFIX_PATH=/opt/ros/humble /usr/bin/cmake --install /home/primerobotics/BuddyArm/build/buddy_arm_bringup
[1.165s] Level 1:colcon.colcon_core.environment:checking '/home/primerobotics/BuddyArm/install/buddy_arm_bringup' for CMake module files
[1.167s] Level 1:colcon.colcon_core.environment:checking '/home/primerobotics/BuddyArm/install/buddy_arm_bringup' for CMake config files
[1.167s] Level 1:colcon.colcon_core.shell:create_environment_hook('buddy_arm_bringup', 'cmake_prefix_path')
[1.168s] INFO:colcon.colcon_core.shell:Creating environment hook '/home/primerobotics/BuddyArm/install/buddy_arm_bringup/share/buddy_arm_bringup/hook/cmake_prefix_path.ps1'
[1.169s] INFO:colcon.colcon_core.shell:Creating environment descriptor '/home/primerobotics/BuddyArm/install/buddy_arm_bringup/share/buddy_arm_bringup/hook/cmake_prefix_path.dsv'
[1.170s] INFO:colcon.colcon_core.shell:Creating environment hook '/home/primerobotics/BuddyArm/install/buddy_arm_bringup/share/buddy_arm_bringup/hook/cmake_prefix_path.sh'
[1.171s] Level 1:colcon.colcon_core.environment:checking '/home/primerobotics/BuddyArm/install/buddy_arm_bringup/bin'
[1.172s] Level 1:colcon.colcon_core.environment:checking '/home/primerobotics/BuddyArm/install/buddy_arm_bringup/lib/pkgconfig/buddy_arm_bringup.pc'
[1.172s] Level 1:colcon.colcon_core.environment:checking '/home/primerobotics/BuddyArm/install/buddy_arm_bringup/lib/python3.10/site-packages'
[1.173s] Level 1:colcon.colcon_core.environment:checking '/home/primerobotics/BuddyArm/install/buddy_arm_bringup/bin'
[1.174s] INFO:colcon.colcon_core.shell:Creating package script '/home/primerobotics/BuddyArm/install/buddy_arm_bringup/share/buddy_arm_bringup/package.ps1'
[1.175s] INFO:colcon.colcon_core.shell:Creating package descriptor '/home/primerobotics/BuddyArm/install/buddy_arm_bringup/share/buddy_arm_bringup/package.dsv'
[1.176s] INFO:colcon.colcon_core.shell:Creating package script '/home/primerobotics/BuddyArm/install/buddy_arm_bringup/share/buddy_arm_bringup/package.sh'
[1.178s] INFO:colcon.colcon_core.shell:Creating package script '/home/primerobotics/BuddyArm/install/buddy_arm_bringup/share/buddy_arm_bringup/package.bash'
[1.179s] INFO:colcon.colcon_core.shell:Creating package script '/home/primerobotics/BuddyArm/install/buddy_arm_bringup/share/buddy_arm_bringup/package.zsh'
[1.180s] Level 1:colcon.colcon_core.environment:create_file_with_runtime_dependencies(/home/primerobotics/BuddyArm/install/buddy_arm_bringup/share/colcon-core/packages/buddy_arm_bringup)
[1.221s] Level 1:colcon.colcon_core.environment:create_environment_scripts_only(buddy_arm_description)
[1.221s] Level 1:colcon.colcon_core.environment:checking '/home/primerobotics/BuddyArm/install/buddy_arm_description' for CMake module files
[1.222s] Level 1:colcon.colcon_core.environment:checking '/home/primerobotics/BuddyArm/install/buddy_arm_description' for CMake config files
[1.223s] Level 1:colcon.colcon_core.shell:create_environment_hook('buddy_arm_description', 'cmake_prefix_path')
[1.223s] INFO:colcon.colcon_core.shell:Creating environment hook '/home/primerobotics/BuddyArm/install/buddy_arm_description/share/buddy_arm_description/hook/cmake_prefix_path.ps1'
[1.224s] INFO:colcon.colcon_core.shell:Creating environment descriptor '/home/primerobotics/BuddyArm/install/buddy_arm_description/share/buddy_arm_description/hook/cmake_prefix_path.dsv'
[1.225s] INFO:colcon.colcon_core.shell:Creating environment hook '/home/primerobotics/BuddyArm/install/buddy_arm_description/share/buddy_arm_description/hook/cmake_prefix_path.sh'
[1.226s] Level 1:colcon.colcon_core.environment:checking '/home/primerobotics/BuddyArm/install/buddy_arm_description/bin'
[1.226s] Level 1:colcon.colcon_core.environment:checking '/home/primerobotics/BuddyArm/install/buddy_arm_description/lib/pkgconfig/buddy_arm_description.pc'
[1.227s] Level 1:colcon.colcon_core.environment:checking '/home/primerobotics/BuddyArm/install/buddy_arm_description/lib/python3.10/site-packages'
[1.227s] Level 1:colcon.colcon_core.environment:checking '/home/primerobotics/BuddyArm/install/buddy_arm_description/bin'
[1.228s] INFO:colcon.colcon_core.shell:Creating package script '/home/primerobotics/BuddyArm/install/buddy_arm_description/share/buddy_arm_description/package.ps1'
[1.230s] INFO:colcon.colcon_core.shell:Creating package descriptor '/home/primerobotics/BuddyArm/install/buddy_arm_description/share/buddy_arm_description/package.dsv'
[1.231s] INFO:colcon.colcon_core.shell:Creating package script '/home/primerobotics/BuddyArm/install/buddy_arm_description/share/buddy_arm_description/package.sh'
[1.232s] INFO:colcon.colcon_core.shell:Creating package script '/home/primerobotics/BuddyArm/install/buddy_arm_description/share/buddy_arm_description/package.bash'
[1.233s] INFO:colcon.colcon_core.shell:Creating package script '/home/primerobotics/BuddyArm/install/buddy_arm_description/share/buddy_arm_description/package.zsh'
[1.234s] Level 1:colcon.colcon_core.environment:create_file_with_runtime_dependencies(/home/primerobotics/BuddyArm/install/buddy_arm_description/share/colcon-core/packages/buddy_arm_description)
[1.234s] INFO:colcon.colcon_ros.task.ament_cmake.build:Building ROS package in '/home/primerobotics/BuddyArm/src/buddy_arm_moveit' with build type 'ament_cmake'
[1.235s] INFO:colcon.colcon_cmake.task.cmake.build:Building CMake package in '/home/primerobotics/BuddyArm/src/buddy_arm_moveit'
[1.235s] INFO:colcon.colcon_core.shell:Skip shell extension 'powershell' for command environment: Not usable outside of PowerShell
[1.235s] DEBUG:colcon.colcon_core.shell:Skip shell extension 'dsv' for command environment
[1.254s] Level 1:colcon.colcon_core.environment:create_environment_scripts_only(buddy_arm_bringup)
[1.254s] Level 1:colcon.colcon_core.environment:checking '/home/primerobotics/BuddyArm/install/buddy_arm_bringup' for CMake module files
[1.256s] Level 1:colcon.colcon_core.environment:checking '/home/primerobotics/BuddyArm/install/buddy_arm_bringup' for CMake config files
[1.256s] Level 1:colcon.colcon_core.shell:create_environment_hook('buddy_arm_bringup', 'cmake_prefix_path')
[1.257s] INFO:colcon.colcon_core.shell:Creating environment hook '/home/primerobotics/BuddyArm/install/buddy_arm_bringup/share/buddy_arm_bringup/hook/cmake_prefix_path.ps1'
[1.258s] INFO:colcon.colcon_core.shell:Creating environment descriptor '/home/primerobotics/BuddyArm/install/buddy_arm_bringup/share/buddy_arm_bringup/hook/cmake_prefix_path.dsv'
[1.259s] INFO:colcon.colcon_core.shell:Creating environment hook '/home/primerobotics/BuddyArm/install/buddy_arm_bringup/share/buddy_arm_bringup/hook/cmake_prefix_path.sh'
[1.261s] Level 1:colcon.colcon_core.environment:checking '/home/primerobotics/BuddyArm/install/buddy_arm_bringup/bin'
[1.261s] Level 1:colcon.colcon_core.environment:checking '/home/primerobotics/BuddyArm/install/buddy_arm_bringup/lib/pkgconfig/buddy_arm_bringup.pc'
[1.263s] Level 1:colcon.colcon_core.environment:checking '/home/primerobotics/BuddyArm/install/buddy_arm_bringup/lib/python3.10/site-packages'
[1.263s] Level 1:colcon.colcon_core.environment:checking '/home/primerobotics/BuddyArm/install/buddy_arm_bringup/bin'
[1.265s] INFO:colcon.colcon_core.shell:Creating package script '/home/primerobotics/BuddyArm/install/buddy_arm_bringup/share/buddy_arm_bringup/package.ps1'
[1.266s] INFO:colcon.colcon_core.shell:Creating package descriptor '/home/primerobotics/BuddyArm/install/buddy_arm_bringup/share/buddy_arm_bringup/package.dsv'
[1.278s] INFO:colcon.colcon_core.shell:Creating package script '/home/primerobotics/BuddyArm/install/buddy_arm_bringup/share/buddy_arm_bringup/package.sh'
[1.280s] INFO:colcon.colcon_core.shell:Creating package script '/home/primerobotics/BuddyArm/install/buddy_arm_bringup/share/buddy_arm_bringup/package.bash'
[1.285s] INFO:colcon.colcon_core.shell:Creating package script '/home/primerobotics/BuddyArm/install/buddy_arm_bringup/share/buddy_arm_bringup/package.zsh'
[1.286s] Level 1:colcon.colcon_core.environment:create_file_with_runtime_dependencies(/home/primerobotics/BuddyArm/install/buddy_arm_bringup/share/colcon-core/packages/buddy_arm_bringup)
[1.300s] DEBUG:colcon.colcon_core.event_handler.log_command:Invoking command in '/home/primerobotics/BuddyArm/build/buddy_arm_moveit': CMAKE_PREFIX_PATH=/opt/ros/humble /usr/bin/cmake --build /home/primerobotics/BuddyArm/build/buddy_arm_moveit -- -j3 -l3
[1.374s] DEBUG:colcon.colcon_core.event_handler.log_command:Invoked command in '/home/primerobotics/BuddyArm/build/buddy_arm_moveit' returned '0': CMAKE_PREFIX_PATH=/opt/ros/humble /usr/bin/cmake --build /home/primerobotics/BuddyArm/build/buddy_arm_moveit -- -j3 -l3
[1.413s] DEBUG:colcon.colcon_core.event_handler.log_command:Invoking command in '/home/primerobotics/BuddyArm/build/buddy_arm_moveit': CMAKE_PREFIX_PATH=/opt/ros/humble /usr/bin/cmake --install /home/primerobotics/BuddyArm/build/buddy_arm_moveit
[1.480s] Level 1:colcon.colcon_core.environment:create_environment_scripts_only(buddy_arm_moveit)
[1.481s] DEBUG:colcon.colcon_core.event_handler.log_command:Invoked command in '/home/primerobotics/BuddyArm/build/buddy_arm_moveit' returned '0': CMAKE_PREFIX_PATH=/opt/ros/humble /usr/bin/cmake --install /home/primerobotics/BuddyArm/build/buddy_arm_moveit
[1.482s] Level 1:colcon.colcon_core.environment:checking '/home/primerobotics/BuddyArm/install/buddy_arm_moveit' for CMake module files
[1.488s] Level 1:colcon.colcon_core.environment:checking '/home/primerobotics/BuddyArm/install/buddy_arm_moveit' for CMake config files
[1.489s] Level 1:colcon.colcon_core.shell:create_environment_hook('buddy_arm_moveit', 'cmake_prefix_path')
[1.490s] INFO:colcon.colcon_core.shell:Creating environment hook '/home/primerobotics/BuddyArm/install/buddy_arm_moveit/share/buddy_arm_moveit/hook/cmake_prefix_path.ps1'
[1.491s] INFO:colcon.colcon_core.shell:Creating environment descriptor '/home/primerobotics/BuddyArm/install/buddy_arm_moveit/share/buddy_arm_moveit/hook/cmake_prefix_path.dsv'
[1.495s] INFO:colcon.colcon_core.shell:Creating environment hook '/home/primerobotics/BuddyArm/install/buddy_arm_moveit/share/buddy_arm_moveit/hook/cmake_prefix_path.sh'
[1.497s] Level 1:colcon.colcon_core.environment:checking '/home/primerobotics/BuddyArm/install/buddy_arm_moveit/bin'
[1.497s] Level 1:colcon.colcon_core.environment:checking '/home/primerobotics/BuddyArm/install/buddy_arm_moveit/lib/pkgconfig/buddy_arm_moveit.pc'
[1.498s] Level 1:colcon.colcon_core.environment:checking '/home/primerobotics/BuddyArm/install/buddy_arm_moveit/lib/python3.10/site-packages'
[1.498s] Level 1:colcon.colcon_core.environment:checking '/home/primerobotics/BuddyArm/install/buddy_arm_moveit/bin'
[1.499s] INFO:colcon.colcon_core.shell:Creating package script '/home/primerobotics/BuddyArm/install/buddy_arm_moveit/share/buddy_arm_moveit/package.ps1'
[1.500s] INFO:colcon.colcon_core.shell:Creating package descriptor '/home/primerobotics/BuddyArm/install/buddy_arm_moveit/share/buddy_arm_moveit/package.dsv'
[1.501s] INFO:colcon.colcon_core.shell:Creating package script '/home/primerobotics/BuddyArm/install/buddy_arm_moveit/share/buddy_arm_moveit/package.sh'
[1.502s] INFO:colcon.colcon_core.shell:Creating package script '/home/primerobotics/BuddyArm/install/buddy_arm_moveit/share/buddy_arm_moveit/package.bash'
[1.503s] INFO:colcon.colcon_core.shell:Creating package script '/home/primerobotics/BuddyArm/install/buddy_arm_moveit/share/buddy_arm_moveit/package.zsh'
[1.504s] Level 1:colcon.colcon_core.environment:create_file_with_runtime_dependencies(/home/primerobotics/BuddyArm/install/buddy_arm_moveit/share/colcon-core/packages/buddy_arm_moveit)
[1.551s] Level 1:colcon.colcon_core.environment:create_environment_scripts_only(buddy_arm_moveit)
[1.551s] Level 1:colcon.colcon_core.environment:checking '/home/primerobotics/BuddyArm/install/buddy_arm_moveit' for CMake module files
[1.552s] Level 1:colcon.colcon_core.environment:checking '/home/primerobotics/BuddyArm/install/buddy_arm_moveit' for CMake config files
[1.553s] Level 1:colcon.colcon_core.shell:create_environment_hook('buddy_arm_moveit', 'cmake_prefix_path')
[1.553s] INFO:colcon.colcon_core.shell:Creating environment hook '/home/primerobotics/BuddyArm/install/buddy_arm_moveit/share/buddy_arm_moveit/hook/cmake_prefix_path.ps1'
[1.554s] INFO:colcon.colcon_core.shell:Creating environment descriptor '/home/primerobotics/BuddyArm/install/buddy_arm_moveit/share/buddy_arm_moveit/hook/cmake_prefix_path.dsv'
[1.555s] INFO:colcon.colcon_core.shell:Creating environment hook '/home/primerobotics/BuddyArm/install/buddy_arm_moveit/share/buddy_arm_moveit/hook/cmake_prefix_path.sh'
[1.556s] Level 1:colcon.colcon_core.environment:checking '/home/primerobotics/BuddyArm/install/buddy_arm_moveit/bin'
[1.556s] Level 1:colcon.colcon_core.environment:checking '/home/primerobotics/BuddyArm/install/buddy_arm_moveit/lib/pkgconfig/buddy_arm_moveit.pc'
[1.557s] Level 1:colcon.colcon_core.environment:checking '/home/primerobotics/BuddyArm/install/buddy_arm_moveit/lib/python3.10/site-packages'
[1.557s] Level 1:colcon.colcon_core.environment:checking '/home/primerobotics/BuddyArm/install/buddy_arm_moveit/bin'
[1.558s] INFO:colcon.colcon_core.shell:Creating package script '/home/primerobotics/BuddyArm/install/buddy_arm_moveit/share/buddy_arm_moveit/package.ps1'
[1.559s] INFO:colcon.colcon_core.shell:Creating package descriptor '/home/primerobotics/BuddyArm/install/buddy_arm_moveit/share/buddy_arm_moveit/package.dsv'
[1.561s] INFO:colcon.colcon_core.shell:Creating package script '/home/primerobotics/BuddyArm/install/buddy_arm_moveit/share/buddy_arm_moveit/package.sh'
[1.562s] INFO:colcon.colcon_core.shell:Creating package script '/home/primerobotics/BuddyArm/install/buddy_arm_moveit/share/buddy_arm_moveit/package.bash'
[1.563s] INFO:colcon.colcon_core.shell:Creating package script '/home/primerobotics/BuddyArm/install/buddy_arm_moveit/share/buddy_arm_moveit/package.zsh'
[1.564s] Level 1:colcon.colcon_core.environment:create_file_with_runtime_dependencies(/home/primerobotics/BuddyArm/install/buddy_arm_moveit/share/colcon-core/packages/buddy_arm_moveit)
[1.950s] DEBUG:colcon.colcon_core.event_handler.log_command:Invoked command in '/home/primerobotics/BuddyArm/build/arm_controller' returned '0': CMAKE_PREFIX_PATH=/opt/ros/humble /usr/bin/cmake --build /home/primerobotics/BuddyArm/build/arm_controller -- -j3 -l3
[2.003s] DEBUG:colcon.colcon_core.event_handler.log_command:Invoking command in '/home/primerobotics/BuddyArm/build/arm_controller': CMAKE_PREFIX_PATH=/opt/ros/humble /usr/bin/cmake --install /home/primerobotics/BuddyArm/build/arm_controller
[2.124s] Level 1:colcon.colcon_core.environment:create_environment_scripts_only(arm_controller)
[2.125s] Level 1:colcon.colcon_core.environment:checking '/home/primerobotics/BuddyArm/install/arm_controller' for CMake module files
[2.127s] Level 1:colcon.colcon_core.environment:checking '/home/primerobotics/BuddyArm/install/arm_controller' for CMake config files
[2.128s] Level 1:colcon.colcon_core.shell:create_environment_hook('arm_controller', 'cmake_prefix_path')
[2.128s] INFO:colcon.colcon_core.shell:Creating environment hook '/home/primerobotics/BuddyArm/install/arm_controller/share/arm_controller/hook/cmake_prefix_path.ps1'
[2.129s] DEBUG:colcon.colcon_core.event_handler.log_command:Invoked command in '/home/primerobotics/BuddyArm/build/arm_controller' returned '0': CMAKE_PREFIX_PATH=/opt/ros/humble /usr/bin/cmake --install /home/primerobotics/BuddyArm/build/arm_controller
[2.129s] INFO:colcon.colcon_core.shell:Creating environment descriptor '/home/primerobotics/BuddyArm/install/arm_controller/share/arm_controller/hook/cmake_prefix_path.dsv'
[2.131s] INFO:colcon.colcon_core.shell:Creating environment hook '/home/primerobotics/BuddyArm/install/arm_controller/share/arm_controller/hook/cmake_prefix_path.sh'
[2.132s] Level 1:colcon.colcon_core.environment:checking '/home/primerobotics/BuddyArm/install/arm_controller/lib'
[2.132s] Level 1:colcon.colcon_core.shell:create_environment_hook('arm_controller', 'ld_library_path_lib')
[2.133s] INFO:colcon.colcon_core.shell:Creating environment hook '/home/primerobotics/BuddyArm/install/arm_controller/share/arm_controller/hook/ld_library_path_lib.ps1'
[2.134s] INFO:colcon.colcon_core.shell:Creating environment descriptor '/home/primerobotics/BuddyArm/install/arm_controller/share/arm_controller/hook/ld_library_path_lib.dsv'
[2.135s] INFO:colcon.colcon_core.shell:Creating environment hook '/home/primerobotics/BuddyArm/install/arm_controller/share/arm_controller/hook/ld_library_path_lib.sh'
[2.136s] Level 1:colcon.colcon_core.environment:checking '/home/primerobotics/BuddyArm/install/arm_controller/bin'
[2.136s] Level 1:colcon.colcon_core.environment:checking '/home/primerobotics/BuddyArm/install/arm_controller/lib/pkgconfig/arm_controller.pc'
[2.137s] Level 1:colcon.colcon_core.environment:checking '/home/primerobotics/BuddyArm/install/arm_controller/lib/python3.10/site-packages'
[2.137s] Level 1:colcon.colcon_core.environment:checking '/home/primerobotics/BuddyArm/install/arm_controller/bin'
[2.139s] INFO:colcon.colcon_core.shell:Creating package script '/home/primerobotics/BuddyArm/install/arm_controller/share/arm_controller/package.ps1'
[2.140s] INFO:colcon.colcon_core.shell:Creating package descriptor '/home/primerobotics/BuddyArm/install/arm_controller/share/arm_controller/package.dsv'
[2.142s] INFO:colcon.colcon_core.shell:Creating package script '/home/primerobotics/BuddyArm/install/arm_controller/share/arm_controller/package.sh'
[2.143s] INFO:colcon.colcon_core.shell:Creating package script '/home/primerobotics/BuddyArm/install/arm_controller/share/arm_controller/package.bash'
[2.144s] INFO:colcon.colcon_core.shell:Creating package script '/home/primerobotics/BuddyArm/install/arm_controller/share/arm_controller/package.zsh'
[2.145s] Level 1:colcon.colcon_core.environment:create_file_with_runtime_dependencies(/home/primerobotics/BuddyArm/install/arm_controller/share/colcon-core/packages/arm_controller)
[2.221s] Level 1:colcon.colcon_core.environment:create_environment_scripts_only(arm_controller)
[2.222s] Level 1:colcon.colcon_core.environment:checking '/home/primerobotics/BuddyArm/install/arm_controller' for CMake module files
[2.223s] Level 1:colcon.colcon_core.environment:checking '/home/primerobotics/BuddyArm/install/arm_controller' for CMake config files
[2.224s] Level 1:colcon.colcon_core.shell:create_environment_hook('arm_controller', 'cmake_prefix_path')
[2.224s] INFO:colcon.colcon_core.shell:Creating environment hook '/home/primerobotics/BuddyArm/install/arm_controller/share/arm_controller/hook/cmake_prefix_path.ps1'
[2.225s] INFO:colcon.colcon_core.shell:Creating environment descriptor '/home/primerobotics/BuddyArm/install/arm_controller/share/arm_controller/hook/cmake_prefix_path.dsv'
[2.225s] INFO:colcon.colcon_core.shell:Creating environment hook '/home/primerobotics/BuddyArm/install/arm_controller/share/arm_controller/hook/cmake_prefix_path.sh'
[2.227s] Level 1:colcon.colcon_core.environment:checking '/home/primerobotics/BuddyArm/install/arm_controller/lib'
[2.227s] Level 1:colcon.colcon_core.shell:create_environment_hook('arm_controller', 'ld_library_path_lib')
[2.228s] INFO:colcon.colcon_core.shell:Creating environment hook '/home/primerobotics/BuddyArm/install/arm_controller/share/arm_controller/hook/ld_library_path_lib.ps1'
[2.229s] INFO:colcon.colcon_core.shell:Creating environment descriptor '/home/primerobotics/BuddyArm/install/arm_controller/share/arm_controller/hook/ld_library_path_lib.dsv'
[2.230s] INFO:colcon.colcon_core.shell:Creating environment hook '/home/primerobotics/BuddyArm/install/arm_controller/share/arm_controller/hook/ld_library_path_lib.sh'
[2.230s] Level 1:colcon.colcon_core.environment:checking '/home/primerobotics/BuddyArm/install/arm_controller/bin'
[2.231s] Level 1:colcon.colcon_core.environment:checking '/home/primerobotics/BuddyArm/install/arm_controller/lib/pkgconfig/arm_controller.pc'
[2.231s] Level 1:colcon.colcon_core.environment:checking '/home/primerobotics/BuddyArm/install/arm_controller/lib/python3.10/site-packages'
[2.232s] Level 1:colcon.colcon_core.environment:checking '/home/primerobotics/BuddyArm/install/arm_controller/bin'
[2.232s] INFO:colcon.colcon_core.shell:Creating package script '/home/primerobotics/BuddyArm/install/arm_controller/share/arm_controller/package.ps1'
[2.234s] INFO:colcon.colcon_core.shell:Creating package descriptor '/home/primerobotics/BuddyArm/install/arm_controller/share/arm_controller/package.dsv'
[2.236s] INFO:colcon.colcon_core.shell:Creating package script '/home/primerobotics/BuddyArm/install/arm_controller/share/arm_controller/package.sh'
[2.237s] INFO:colcon.colcon_core.shell:Creating package script '/home/primerobotics/BuddyArm/install/arm_controller/share/arm_controller/package.bash'
[2.238s] INFO:colcon.colcon_core.shell:Creating package script '/home/primerobotics/BuddyArm/install/arm_controller/share/arm_controller/package.zsh'
[2.239s] Level 1:colcon.colcon_core.environment:create_file_with_runtime_dependencies(/home/primerobotics/BuddyArm/install/arm_controller/share/colcon-core/packages/arm_controller)
[2.247s] DEBUG:colcon.colcon_parallel_executor.executor.parallel:closing loop
[2.248s] DEBUG:colcon.colcon_parallel_executor.executor.parallel:loop closed
[2.248s] DEBUG:colcon.colcon_parallel_executor.executor.parallel:run_until_complete finished with '0'
[2.248s] DEBUG:colcon.colcon_core.event_reactor:joining thread
[2.262s] INFO:colcon.colcon_core.plugin_system:Skipping extension 'colcon_notification.desktop_notification.terminal_notifier': Not used on non-Darwin systems
[2.262s] INFO:colcon.colcon_core.plugin_system:Skipping extension 'colcon_notification.desktop_notification.win32': Not used on non-Windows systems
[2.263s] INFO:colcon.colcon_notification.desktop_notification:Sending desktop notification using 'notify2'
[2.309s] DEBUG:colcon.colcon_core.event_reactor:joined thread
[2.311s] INFO:colcon.colcon_core.shell:Creating prefix script '/home/primerobotics/BuddyArm/install/local_setup.ps1'
[2.313s] INFO:colcon.colcon_core.shell:Creating prefix util module '/home/primerobotics/BuddyArm/install/_local_setup_util_ps1.py'
[2.317s] INFO:colcon.colcon_core.shell:Creating prefix chain script '/home/primerobotics/BuddyArm/install/setup.ps1'
[2.319s] INFO:colcon.colcon_core.shell:Creating prefix script '/home/primerobotics/BuddyArm/install/local_setup.sh'
[2.321s] INFO:colcon.colcon_core.shell:Creating prefix util module '/home/primerobotics/BuddyArm/install/_local_setup_util_sh.py'
[2.322s] INFO:colcon.colcon_core.shell:Creating prefix chain script '/home/primerobotics/BuddyArm/install/setup.sh'
[2.324s] INFO:colcon.colcon_core.shell:Creating prefix script '/home/primerobotics/BuddyArm/install/local_setup.bash'
[2.325s] INFO:colcon.colcon_core.shell:Creating prefix chain script '/home/primerobotics/BuddyArm/install/setup.bash'
[2.329s] INFO:colcon.colcon_core.shell:Creating prefix script '/home/primerobotics/BuddyArm/install/local_setup.zsh'
[2.330s] INFO:colcon.colcon_core.shell:Creating prefix chain script '/home/primerobotics/BuddyArm/install/setup.zsh'
