[0.070s] Invoking command in '/home/primerobotics/BuddyArm/build/buddy_arm_description': CMAKE_PREFIX_PATH=/opt/ros/humble /usr/bin/cmake --build /home/primerobotics/BuddyArm/build/buddy_arm_description -- -j2 -l2
[0.180s] Invoked command in '/home/primerobotics/BuddyArm/build/buddy_arm_description' returned '0': CMAKE_PREFIX_PATH=/opt/ros/humble /usr/bin/cmake --build /home/primerobotics/BuddyArm/build/buddy_arm_description -- -j2 -l2
[0.239s] Invoking command in '/home/primerobotics/BuddyArm/build/buddy_arm_description': CMAKE_PREFIX_PATH=/opt/ros/humble /usr/bin/cmake --install /home/primerobotics/BuddyArm/build/buddy_arm_description
[0.272s] -- Install configuration: ""
[0.278s] -- Execute custom install script
[0.281s] -- Up-to-date symlink: /home/primerobotics/BuddyArm/install/buddy_arm_description/share/buddy_arm_description/launch/display.launch.xml
[0.283s] -- Up-to-date symlink: /home/primerobotics/BuddyArm/install/buddy_arm_description/share/buddy_arm_description/launch/gazebo.launch.py
[0.288s] -- Up-to-date symlink: /home/primerobotics/BuddyArm/install/buddy_arm_description/share/buddy_arm_description/urdf/buddy_core.urdf.xacro
[0.288s] -- Up-to-date symlink: /home/primerobotics/BuddyArm/install/buddy_arm_description/share/buddy_arm_description/urdf/buddy_gazebo.urdf.xacro
[0.288s] -- Up-to-date symlink: /home/primerobotics/BuddyArm/install/buddy_arm_description/share/buddy_arm_description/urdf/buddy_inertia.urdf.xacro
[0.289s] -- Up-to-date symlink: /home/primerobotics/BuddyArm/install/buddy_arm_description/share/buddy_arm_description/urdf/buddy_ros2_control.urdf.xacro
[0.289s] -- Up-to-date symlink: /home/primerobotics/BuddyArm/install/buddy_arm_description/share/buddy_arm_description/urdf/main.urdf.xacro
[0.295s] -- Up-to-date symlink: /home/primerobotics/BuddyArm/install/buddy_arm_description/share/buddy_arm_description/meshes/left_finger.STL
[0.295s] -- Up-to-date symlink: /home/primerobotics/BuddyArm/install/buddy_arm_description/share/buddy_arm_description/meshes/right_finger.STL
[0.295s] -- Up-to-date symlink: /home/primerobotics/BuddyArm/install/buddy_arm_description/share/ament_index/resource_index/package_run_dependencies/buddy_arm_description
[0.295s] -- Up-to-date symlink: /home/primerobotics/BuddyArm/install/buddy_arm_description/share/ament_index/resource_index/parent_prefix_path/buddy_arm_description
[0.295s] -- Up-to-date symlink: /home/primerobotics/BuddyArm/install/buddy_arm_description/share/buddy_arm_description/environment/ament_prefix_path.sh
[0.296s] -- Up-to-date symlink: /home/primerobotics/BuddyArm/install/buddy_arm_description/share/buddy_arm_description/environment/ament_prefix_path.dsv
[0.303s] -- Up-to-date symlink: /home/primerobotics/BuddyArm/install/buddy_arm_description/share/buddy_arm_description/environment/path.sh
[0.303s] -- Up-to-date symlink: /home/primerobotics/BuddyArm/install/buddy_arm_description/share/buddy_arm_description/environment/path.dsv
[0.303s] -- Up-to-date symlink: /home/primerobotics/BuddyArm/install/buddy_arm_description/share/buddy_arm_description/local_setup.bash
[0.303s] -- Up-to-date symlink: /home/primerobotics/BuddyArm/install/buddy_arm_description/share/buddy_arm_description/local_setup.sh
[0.303s] -- Up-to-date symlink: /home/primerobotics/BuddyArm/install/buddy_arm_description/share/buddy_arm_description/local_setup.zsh
[0.304s] -- Up-to-date symlink: /home/primerobotics/BuddyArm/install/buddy_arm_description/share/buddy_arm_description/local_setup.dsv
[0.304s] -- Symlinking: /home/primerobotics/BuddyArm/install/buddy_arm_description/share/buddy_arm_description/package.dsv
[0.335s] -- Up-to-date symlink: /home/primerobotics/BuddyArm/install/buddy_arm_description/share/ament_index/resource_index/packages/buddy_arm_description
[0.335s] -- Up-to-date symlink: /home/primerobotics/BuddyArm/install/buddy_arm_description/share/buddy_arm_description/cmake/buddy_arm_descriptionConfig.cmake
[0.335s] -- Up-to-date symlink: /home/primerobotics/BuddyArm/install/buddy_arm_description/share/buddy_arm_description/cmake/buddy_arm_descriptionConfig-version.cmake
[0.335s] -- Up-to-date symlink: /home/primerobotics/BuddyArm/install/buddy_arm_description/share/buddy_arm_description/package.xml
[0.341s] Invoked command in '/home/primerobotics/BuddyArm/build/buddy_arm_description' returned '0': CMAKE_PREFIX_PATH=/opt/ros/humble /usr/bin/cmake --install /home/primerobotics/BuddyArm/build/buddy_arm_description
