[0.023s] Invoking command in '/home/primerobotics/BuddyArm/build/buddy_firmware': CMAKE_PREFIX_PATH=/opt/ros/humble /usr/bin/cmake --build /home/primerobotics/BuddyArm/build/buddy_firmware -- -j2 -l2
[0.117s] Invoked command in '/home/primerobotics/BuddyArm/build/buddy_firmware' returned '0': CMAKE_PREFIX_PATH=/opt/ros/humble /usr/bin/cmake --build /home/primerobotics/BuddyArm/build/buddy_firmware -- -j2 -l2
[0.187s] Invoking command in '/home/primerobotics/BuddyArm/build/buddy_firmware': CMAKE_PREFIX_PATH=/opt/ros/humble /usr/bin/cmake --install /home/primerobotics/BuddyArm/build/buddy_firmware
[0.201s] -- Install configuration: ""
[0.203s] -- Execute custom install script
[0.206s] -- Up-to-date symlink: /home/primerobotics/BuddyArm/install/buddy_firmware/share/ament_index/resource_index/package_run_dependencies/buddy_firmware
[0.209s] -- Up-to-date symlink: /home/primerobotics/BuddyArm/install/buddy_firmware/share/ament_index/resource_index/parent_prefix_path/buddy_firmware
[0.211s] -- Up-to-date symlink: /home/primerobotics/BuddyArm/install/buddy_firmware/share/buddy_firmware/environment/ament_prefix_path.sh
[0.213s] -- Up-to-date symlink: /home/primerobotics/BuddyArm/install/buddy_firmware/share/buddy_firmware/environment/ament_prefix_path.dsv
[0.217s] -- Up-to-date symlink: /home/primerobotics/BuddyArm/install/buddy_firmware/share/buddy_firmware/environment/path.sh
[0.218s] -- Up-to-date symlink: /home/primerobotics/BuddyArm/install/buddy_firmware/share/buddy_firmware/environment/path.dsv
[0.227s] -- Up-to-date symlink: /home/primerobotics/BuddyArm/install/buddy_firmware/share/buddy_firmware/local_setup.bash
[0.227s] -- Up-to-date symlink: /home/primerobotics/BuddyArm/install/buddy_firmware/share/buddy_firmware/local_setup.sh
[0.227s] -- Up-to-date symlink: /home/primerobotics/BuddyArm/install/buddy_firmware/share/buddy_firmware/local_setup.zsh
[0.228s] -- Up-to-date symlink: /home/primerobotics/BuddyArm/install/buddy_firmware/share/buddy_firmware/local_setup.dsv
[0.228s] -- Symlinking: /home/primerobotics/BuddyArm/install/buddy_firmware/share/buddy_firmware/package.dsv
[0.253s] -- Up-to-date symlink: /home/primerobotics/BuddyArm/install/buddy_firmware/share/ament_index/resource_index/packages/buddy_firmware
[0.255s] -- Up-to-date symlink: /home/primerobotics/BuddyArm/install/buddy_firmware/share/buddy_firmware/cmake/buddy_firmwareConfig.cmake
[0.257s] -- Up-to-date symlink: /home/primerobotics/BuddyArm/install/buddy_firmware/share/buddy_firmware/cmake/buddy_firmwareConfig-version.cmake
[0.258s] -- Up-to-date symlink: /home/primerobotics/BuddyArm/install/buddy_firmware/share/buddy_firmware/package.xml
[0.263s] Invoked command in '/home/primerobotics/BuddyArm/build/buddy_firmware' returned '0': CMAKE_PREFIX_PATH=/opt/ros/humble /usr/bin/cmake --install /home/primerobotics/BuddyArm/build/buddy_firmware
