[0.044s] Invoking command in '/home/primerobotics/BuddyArm/build/buddy_arm_description': CMAKE_PREFIX_PATH=/opt/ros/humble /usr/bin/cmake --build /home/primerobotics/BuddyArm/build/buddy_arm_description -- -j3 -l3
[0.131s] Invoked command in '/home/primerobotics/BuddyArm/build/buddy_arm_description' returned '0': CMAKE_PREFIX_PATH=/opt/ros/humble /usr/bin/cmake --build /home/primerobotics/BuddyArm/build/buddy_arm_description -- -j3 -l3
[0.221s] Invoking command in '/home/primerobotics/BuddyArm/build/buddy_arm_description': CMAKE_PREFIX_PATH=/opt/ros/humble /usr/bin/cmake --install /home/primerobotics/BuddyArm/build/buddy_arm_description
[0.237s] -- Install configuration: ""
[0.239s] -- Execute custom install script
[0.240s] -- Up-to-date symlink: /home/primerobotics/BuddyArm/install/buddy_arm_description/share/buddy_arm_description/launch/display.launch.xml
[0.242s] -- Up-to-date symlink: /home/primerobotics/BuddyArm/install/buddy_arm_description/share/buddy_arm_description/launch/gazebo.launch.py
[0.243s] -- Up-to-date symlink: /home/primerobotics/BuddyArm/install/buddy_arm_description/share/buddy_arm_description/urdf/buddy_core.urdf.xacro
[0.243s] -- Up-to-date symlink: /home/primerobotics/BuddyArm/install/buddy_arm_description/share/buddy_arm_description/urdf/buddy_gazebo.urdf.xacro
[0.244s] -- Up-to-date symlink: /home/primerobotics/BuddyArm/install/buddy_arm_description/share/buddy_arm_description/urdf/buddy_inertia.urdf.xacro
[0.245s] -- Up-to-date symlink: /home/primerobotics/BuddyArm/install/buddy_arm_description/share/buddy_arm_description/urdf/buddy_ros2_control.urdf.xacro
[0.247s] -- Up-to-date symlink: /home/primerobotics/BuddyArm/install/buddy_arm_description/share/buddy_arm_description/urdf/main.urdf.xacro
[0.250s] -- Up-to-date symlink: /home/primerobotics/BuddyArm/install/buddy_arm_description/share/buddy_arm_description/meshes/left_finger.STL
[0.251s] -- Up-to-date symlink: /home/primerobotics/BuddyArm/install/buddy_arm_description/share/buddy_arm_description/meshes/right_finger.STL
[0.252s] -- Up-to-date symlink: /home/primerobotics/BuddyArm/install/buddy_arm_description/share/ament_index/resource_index/package_run_dependencies/buddy_arm_description
[0.252s] -- Up-to-date symlink: /home/primerobotics/BuddyArm/install/buddy_arm_description/share/ament_index/resource_index/parent_prefix_path/buddy_arm_description
[0.253s] -- Up-to-date symlink: /home/primerobotics/BuddyArm/install/buddy_arm_description/share/buddy_arm_description/environment/ament_prefix_path.sh
[0.254s] -- Up-to-date symlink: /home/primerobotics/BuddyArm/install/buddy_arm_description/share/buddy_arm_description/environment/ament_prefix_path.dsv
[0.254s] -- Up-to-date symlink: /home/primerobotics/BuddyArm/install/buddy_arm_description/share/buddy_arm_description/environment/path.sh
[0.255s] -- Up-to-date symlink: /home/primerobotics/BuddyArm/install/buddy_arm_description/share/buddy_arm_description/environment/path.dsv
[0.255s] -- Up-to-date symlink: /home/primerobotics/BuddyArm/install/buddy_arm_description/share/buddy_arm_description/local_setup.bash
[0.256s] -- Up-to-date symlink: /home/primerobotics/BuddyArm/install/buddy_arm_description/share/buddy_arm_description/local_setup.sh
[0.257s] -- Up-to-date symlink: /home/primerobotics/BuddyArm/install/buddy_arm_description/share/buddy_arm_description/local_setup.zsh
[0.258s] -- Up-to-date symlink: /home/primerobotics/BuddyArm/install/buddy_arm_description/share/buddy_arm_description/local_setup.dsv
[0.258s] -- Symlinking: /home/primerobotics/BuddyArm/install/buddy_arm_description/share/buddy_arm_description/package.dsv
[0.284s] -- Up-to-date symlink: /home/primerobotics/BuddyArm/install/buddy_arm_description/share/ament_index/resource_index/packages/buddy_arm_description
[0.286s] -- Up-to-date symlink: /home/primerobotics/BuddyArm/install/buddy_arm_description/share/buddy_arm_description/cmake/buddy_arm_descriptionConfig.cmake
[0.286s] -- Up-to-date symlink: /home/primerobotics/BuddyArm/install/buddy_arm_description/share/buddy_arm_description/cmake/buddy_arm_descriptionConfig-version.cmake
[0.287s] -- Up-to-date symlink: /home/primerobotics/BuddyArm/install/buddy_arm_description/share/buddy_arm_description/package.xml
[0.291s] Invoked command in '/home/primerobotics/BuddyArm/build/buddy_arm_description' returned '0': CMAKE_PREFIX_PATH=/opt/ros/humble /usr/bin/cmake --install /home/primerobotics/BuddyArm/build/buddy_arm_description
