[0.055s] Invoking command in '/home/primerobotics/BuddyArm/build/arm_controller': CMAKE_PREFIX_PATH=/opt/ros/humble /usr/bin/cmake --build /home/primerobotics/BuddyArm/build/arm_controller -- -j3 -l3
[0.308s] [ 50%] Built target slider_control
[0.324s] [100%] Built target arm_controller
[0.341s] [100%] Built target ament_cmake_python_symlink_arm_controller
[1.244s] running egg_info
[1.247s] writing arm_controller.egg-info/PKG-INFO
[1.247s] writing dependency_links to arm_controller.egg-info/dependency_links.txt
[1.247s] writing top-level names to arm_controller.egg-info/top_level.txt
[1.254s] reading manifest file 'arm_controller.egg-info/SOURCES.txt'
[1.256s] writing manifest file 'arm_controller.egg-info/SOURCES.txt'
[1.302s] [100%] Built target ament_cmake_python_build_arm_controller_egg
[1.335s] Invoked command in '/home/primerobotics/BuddyArm/build/arm_controller' returned '0': CMAKE_PREFIX_PATH=/opt/ros/humble /usr/bin/cmake --build /home/primerobotics/BuddyArm/build/arm_controller -- -j3 -l3
[1.411s] Invoking command in '/home/primerobotics/BuddyArm/build/arm_controller': CMAKE_PREFIX_PATH=/opt/ros/humble /usr/bin/cmake --install /home/primerobotics/BuddyArm/build/arm_controller
[1.426s] -- Install configuration: ""
[1.426s] -- Execute custom install script
[1.430s] -- Up-to-date symlink: /home/primerobotics/BuddyArm/install/arm_controller/share/arm_controller/environment/pythonpath.sh
[1.430s] -- Up-to-date symlink: /home/primerobotics/BuddyArm/install/arm_controller/share/arm_controller/environment/pythonpath.dsv
[1.430s] -- Up-to-date symlink: /home/primerobotics/BuddyArm/install/arm_controller/local/lib/python3.10/dist-packages/arm_controller-0.0.0-py3.10.egg-info/PKG-INFO
[1.431s] -- Up-to-date symlink: /home/primerobotics/BuddyArm/install/arm_controller/local/lib/python3.10/dist-packages/arm_controller-0.0.0-py3.10.egg-info/SOURCES.txt
[1.432s] -- Up-to-date symlink: /home/primerobotics/BuddyArm/install/arm_controller/local/lib/python3.10/dist-packages/arm_controller-0.0.0-py3.10.egg-info/dependency_links.txt
[1.433s] -- Up-to-date symlink: /home/primerobotics/BuddyArm/install/arm_controller/local/lib/python3.10/dist-packages/arm_controller-0.0.0-py3.10.egg-info/top_level.txt
[1.438s] -- Up-to-date symlink: /home/primerobotics/BuddyArm/install/arm_controller/local/lib/python3.10/dist-packages/arm_controller/__init__.py
[1.438s] -- Up-to-date symlink: /home/primerobotics/BuddyArm/install/arm_controller/local/lib/python3.10/dist-packages/arm_controller/joint_slider.py
[1.439s] -- Up-to-date symlink: /home/primerobotics/BuddyArm/install/arm_controller/lib/arm_controller/slider_control
[1.439s] -- Up-to-date symlink: /home/primerobotics/BuddyArm/install/arm_controller/lib/arm_controller/joint_slider.py
[1.439s] -- Up-to-date symlink: /home/primerobotics/BuddyArm/install/arm_controller/share/arm_controller//arm_controller.xml
[1.440s] -- Up-to-date symlink: /home/primerobotics/BuddyArm/install/arm_controller/lib/libarm_controller.so
[1.442s] -- Up-to-date symlink: /home/primerobotics/BuddyArm/install/arm_controller/include/arm_controller/arm_interface.hpp
[1.443s] -- Up-to-date symlink: /home/primerobotics/BuddyArm/install/arm_controller/include/arm_controller/visibility_control.h
[1.445s] -- Up-to-date symlink: /home/primerobotics/BuddyArm/install/arm_controller/share/arm_controller/config/robotarm_controllers.yaml
[1.446s] -- Up-to-date symlink: /home/primerobotics/BuddyArm/install/arm_controller/share/arm_controller/launch/controller.launch.py
[1.448s] -- Up-to-date symlink: /home/primerobotics/BuddyArm/install/arm_controller/share/arm_controller/launch/joint_slide.launch.py
[1.449s] -- Up-to-date symlink: /home/primerobotics/BuddyArm/install/arm_controller/share/arm_controller/environment/library_path.sh
[1.450s] -- Up-to-date symlink: /home/primerobotics/BuddyArm/install/arm_controller/share/arm_controller/environment/library_path.dsv
[1.451s] -- Up-to-date symlink: /home/primerobotics/BuddyArm/install/arm_controller/share/ament_index/resource_index/package_run_dependencies/arm_controller
[1.452s] -- Up-to-date symlink: /home/primerobotics/BuddyArm/install/arm_controller/share/ament_index/resource_index/parent_prefix_path/arm_controller
[1.453s] -- Up-to-date symlink: /home/primerobotics/BuddyArm/install/arm_controller/share/arm_controller/environment/ament_prefix_path.sh
[1.454s] -- Up-to-date symlink: /home/primerobotics/BuddyArm/install/arm_controller/share/arm_controller/environment/ament_prefix_path.dsv
[1.454s] -- Up-to-date symlink: /home/primerobotics/BuddyArm/install/arm_controller/share/arm_controller/environment/path.sh
[1.455s] -- Up-to-date symlink: /home/primerobotics/BuddyArm/install/arm_controller/share/arm_controller/environment/path.dsv
[1.456s] -- Up-to-date symlink: /home/primerobotics/BuddyArm/install/arm_controller/share/arm_controller/local_setup.bash
[1.457s] -- Up-to-date symlink: /home/primerobotics/BuddyArm/install/arm_controller/share/arm_controller/local_setup.sh
[1.458s] -- Up-to-date symlink: /home/primerobotics/BuddyArm/install/arm_controller/share/arm_controller/local_setup.zsh
[1.459s] -- Up-to-date symlink: /home/primerobotics/BuddyArm/install/arm_controller/share/arm_controller/local_setup.dsv
[1.459s] -- Symlinking: /home/primerobotics/BuddyArm/install/arm_controller/share/arm_controller/package.dsv
[1.475s] -- Up-to-date symlink: /home/primerobotics/BuddyArm/install/arm_controller/share/ament_index/resource_index/packages/arm_controller
[1.476s] -- Up-to-date symlink: /home/primerobotics/BuddyArm/install/arm_controller/share/ament_index/resource_index/hardware_interface__pluginlib__plugin/arm_controller
[1.477s] -- Up-to-date symlink: /home/primerobotics/BuddyArm/install/arm_controller/share/arm_controller/cmake/ament_cmake_export_include_directories-extras.cmake
[1.478s] -- Up-to-date symlink: /home/primerobotics/BuddyArm/install/arm_controller/share/arm_controller/cmake/ament_cmake_export_libraries-extras.cmake
[1.479s] -- Up-to-date symlink: /home/primerobotics/BuddyArm/install/arm_controller/share/arm_controller/cmake/ament_cmake_export_dependencies-extras.cmake
[1.480s] -- Up-to-date symlink: /home/primerobotics/BuddyArm/install/arm_controller/share/arm_controller/cmake/arm_controllerConfig.cmake
[1.481s] -- Up-to-date symlink: /home/primerobotics/BuddyArm/install/arm_controller/share/arm_controller/cmake/arm_controllerConfig-version.cmake
[1.482s] -- Up-to-date symlink: /home/primerobotics/BuddyArm/install/arm_controller/share/arm_controller/package.xml
[1.570s] Listing '/home/primerobotics/BuddyArm/install/arm_controller/local/lib/python3.10/dist-packages/arm_controller'...
[1.585s] Invoked command in '/home/primerobotics/BuddyArm/build/arm_controller' returned '0': CMAKE_PREFIX_PATH=/opt/ros/humble /usr/bin/cmake --install /home/primerobotics/BuddyArm/build/arm_controller
