[0.059s] Invoking command in '/home/primerobotics/BuddyArm/build/buddy_arm_moveit': CMAKE_PREFIX_PATH=/opt/ros/humble /usr/bin/cmake --build /home/primerobotics/BuddyArm/build/buddy_arm_moveit -- -j3 -l3
[0.133s] Invoked command in '/home/primerobotics/BuddyArm/build/buddy_arm_moveit' returned '0': CMAKE_PREFIX_PATH=/opt/ros/humble /usr/bin/cmake --build /home/primerobotics/BuddyArm/build/buddy_arm_moveit -- -j3 -l3
[0.172s] Invoking command in '/home/primerobotics/BuddyArm/build/buddy_arm_moveit': CMAKE_PREFIX_PATH=/opt/ros/humble /usr/bin/cmake --install /home/primerobotics/BuddyArm/build/buddy_arm_moveit
[0.184s] -- Install configuration: ""
[0.187s] -- Execute custom install script
[0.189s] -- Up-to-date symlink: /home/primerobotics/BuddyArm/install/buddy_arm_moveit/share/buddy_arm_moveit/launch/moveit.launch.py
[0.205s] -- Up-to-date symlink: /home/primerobotics/BuddyArm/install/buddy_arm_moveit/share/buddy_arm_moveit/config/arm.srdf
[0.206s] -- Up-to-date symlink: /home/primerobotics/BuddyArm/install/buddy_arm_moveit/share/buddy_arm_moveit/config/initial_positions.yaml
[0.206s] -- Up-to-date symlink: /home/primerobotics/BuddyArm/install/buddy_arm_moveit/share/buddy_arm_moveit/config/joint_limits.yaml
[0.206s] -- Up-to-date symlink: /home/primerobotics/BuddyArm/install/buddy_arm_moveit/share/buddy_arm_moveit/config/kinematics.yaml
[0.206s] -- Up-to-date symlink: /home/primerobotics/BuddyArm/install/buddy_arm_moveit/share/buddy_arm_moveit/config/moveit.rviz
[0.206s] -- Up-to-date symlink: /home/primerobotics/BuddyArm/install/buddy_arm_moveit/share/buddy_arm_moveit/config/moveit_controllers.yaml
[0.206s] -- Up-to-date symlink: /home/primerobotics/BuddyArm/install/buddy_arm_moveit/share/buddy_arm_moveit/config/pilz_cartesian_limits.yaml
[0.206s] -- Up-to-date symlink: /home/primerobotics/BuddyArm/install/buddy_arm_moveit/share/ament_index/resource_index/package_run_dependencies/buddy_arm_moveit
[0.207s] -- Up-to-date symlink: /home/primerobotics/BuddyArm/install/buddy_arm_moveit/share/ament_index/resource_index/parent_prefix_path/buddy_arm_moveit
[0.207s] -- Up-to-date symlink: /home/primerobotics/BuddyArm/install/buddy_arm_moveit/share/buddy_arm_moveit/environment/ament_prefix_path.sh
[0.207s] -- Up-to-date symlink: /home/primerobotics/BuddyArm/install/buddy_arm_moveit/share/buddy_arm_moveit/environment/ament_prefix_path.dsv
[0.207s] -- Up-to-date symlink: /home/primerobotics/BuddyArm/install/buddy_arm_moveit/share/buddy_arm_moveit/environment/path.sh
[0.207s] -- Up-to-date symlink: /home/primerobotics/BuddyArm/install/buddy_arm_moveit/share/buddy_arm_moveit/environment/path.dsv
[0.207s] -- Up-to-date symlink: /home/primerobotics/BuddyArm/install/buddy_arm_moveit/share/buddy_arm_moveit/local_setup.bash
[0.207s] -- Up-to-date symlink: /home/primerobotics/BuddyArm/install/buddy_arm_moveit/share/buddy_arm_moveit/local_setup.sh
[0.208s] -- Up-to-date symlink: /home/primerobotics/BuddyArm/install/buddy_arm_moveit/share/buddy_arm_moveit/local_setup.zsh
[0.208s] -- Up-to-date symlink: /home/primerobotics/BuddyArm/install/buddy_arm_moveit/share/buddy_arm_moveit/local_setup.dsv
[0.208s] -- Symlinking: /home/primerobotics/BuddyArm/install/buddy_arm_moveit/share/buddy_arm_moveit/package.dsv
[0.234s] -- Up-to-date symlink: /home/primerobotics/BuddyArm/install/buddy_arm_moveit/share/ament_index/resource_index/packages/buddy_arm_moveit
[0.235s] -- Up-to-date symlink: /home/primerobotics/BuddyArm/install/buddy_arm_moveit/share/buddy_arm_moveit/cmake/buddy_arm_moveitConfig.cmake
[0.235s] -- Up-to-date symlink: /home/primerobotics/BuddyArm/install/buddy_arm_moveit/share/buddy_arm_moveit/cmake/buddy_arm_moveitConfig-version.cmake
[0.236s] -- Up-to-date symlink: /home/primerobotics/BuddyArm/install/buddy_arm_moveit/share/buddy_arm_moveit/package.xml
[0.240s] Invoked command in '/home/primerobotics/BuddyArm/build/buddy_arm_moveit' returned '0': CMAKE_PREFIX_PATH=/opt/ros/humble /usr/bin/cmake --install /home/primerobotics/BuddyArm/build/buddy_arm_moveit
