-- The C compiler identification is GNU 11.4.0
-- The CXX compiler identification is GNU 11.4.0
-- Detecting C compiler ABI info
-- Detecting C compiler ABI info - done
-- Check for working C compiler: /usr/bin/cc - skipped
-- Detecting C compile features
-- Detecting C compile features - done
-- Detecting CXX compiler ABI info
-- Detecting CXX compiler ABI info - done
-- Check for working CXX compiler: /usr/bin/c++ - skipped
-- Detecting CXX compile features
-- Detecting CXX compile features - done
-- Found ament_cmake: 1.3.9 (/opt/ros/humble/share/ament_cmake/cmake)
-- Found Python3: /usr/bin/python3 (found version "3.10.12") found components: Interpreter 
-- Override CMake install command with custom implementation using symlinks instead of copying resources
-- Configuring done
-- Generating done
-- Build files have been written to: /home/primerobotics/BuddyArm/build/buddy_arm_moveit
-- Install configuration: ""
-- Execute custom install script
-- Symlinking: /home/primerobotics/BuddyArm/install/buddy_arm_moveit/share/buddy_arm_moveit/launch/moveit.launch.py
-- Symlinking: /home/primerobotics/BuddyArm/install/buddy_arm_moveit/share/buddy_arm_moveit/config/arm.srdf
-- Symlinking: /home/primerobotics/BuddyArm/install/buddy_arm_moveit/share/buddy_arm_moveit/config/initial_positions.yaml
-- Symlinking: /home/primerobotics/BuddyArm/install/buddy_arm_moveit/share/buddy_arm_moveit/config/joint_limits.yaml
-- Symlinking: /home/primerobotics/BuddyArm/install/buddy_arm_moveit/share/buddy_arm_moveit/config/kinematics.yaml
-- Symlinking: /home/primerobotics/BuddyArm/install/buddy_arm_moveit/share/buddy_arm_moveit/config/moveit.rviz
-- Symlinking: /home/primerobotics/BuddyArm/install/buddy_arm_moveit/share/buddy_arm_moveit/config/moveit_controllers.yaml
-- Symlinking: /home/primerobotics/BuddyArm/install/buddy_arm_moveit/share/buddy_arm_moveit/config/pilz_cartesian_limits.yaml
-- Symlinking: /home/primerobotics/BuddyArm/install/buddy_arm_moveit/share/ament_index/resource_index/package_run_dependencies/buddy_arm_moveit
-- Symlinking: /home/primerobotics/BuddyArm/install/buddy_arm_moveit/share/ament_index/resource_index/parent_prefix_path/buddy_arm_moveit
-- Symlinking: /home/primerobotics/BuddyArm/install/buddy_arm_moveit/share/buddy_arm_moveit/environment/ament_prefix_path.sh
-- Symlinking: /home/primerobotics/BuddyArm/install/buddy_arm_moveit/share/buddy_arm_moveit/environment/ament_prefix_path.dsv
-- Symlinking: /home/primerobotics/BuddyArm/install/buddy_arm_moveit/share/buddy_arm_moveit/environment/path.sh
-- Symlinking: /home/primerobotics/BuddyArm/install/buddy_arm_moveit/share/buddy_arm_moveit/environment/path.dsv
-- Symlinking: /home/primerobotics/BuddyArm/install/buddy_arm_moveit/share/buddy_arm_moveit/local_setup.bash
-- Symlinking: /home/primerobotics/BuddyArm/install/buddy_arm_moveit/share/buddy_arm_moveit/local_setup.sh
-- Symlinking: /home/primerobotics/BuddyArm/install/buddy_arm_moveit/share/buddy_arm_moveit/local_setup.zsh
-- Symlinking: /home/primerobotics/BuddyArm/install/buddy_arm_moveit/share/buddy_arm_moveit/local_setup.dsv
-- Symlinking: /home/primerobotics/BuddyArm/install/buddy_arm_moveit/share/buddy_arm_moveit/package.dsv
-- Symlinking: /home/primerobotics/BuddyArm/install/buddy_arm_moveit/share/ament_index/resource_index/packages/buddy_arm_moveit
-- Symlinking: /home/primerobotics/BuddyArm/install/buddy_arm_moveit/share/buddy_arm_moveit/cmake/buddy_arm_moveitConfig.cmake
-- Symlinking: /home/primerobotics/BuddyArm/install/buddy_arm_moveit/share/buddy_arm_moveit/cmake/buddy_arm_moveitConfig-version.cmake
-- Symlinking: /home/primerobotics/BuddyArm/install/buddy_arm_moveit/share/buddy_arm_moveit/package.xml
