[0.038s] Invoking command in '/home/primerobotics/BuddyArm/build/buddy_arm_moveit': CMAKE_PREFIX_PATH=/opt/ros/humble /usr/bin/cmake /home/primerobotics/BuddyArm/src/buddy_arm_moveit -DAMENT_CMAKE_SYMLINK_INSTALL=1 -DCMAKE_INSTALL_PREFIX=/home/primerobotics/BuddyArm/install/buddy_arm_moveit
[0.249s] -- The C compiler identification is GNU 11.4.0
[0.386s] -- The CXX compiler identification is GNU 11.4.0
[0.402s] -- Detecting C compiler ABI info
[0.534s] -- Detecting C compiler ABI info - done
[0.563s] -- Check for working C compiler: /usr/bin/cc - skipped
[0.563s] -- Detecting C compile features
[0.564s] -- Detecting C compile features - done
[0.572s] -- Detecting CXX compiler ABI info
[0.793s] -- Detecting CXX compiler ABI info - done
[0.826s] -- Check for working CXX compiler: /usr/bin/c++ - skipped
[0.827s] -- Detecting CXX compile features
[0.829s] -- Detecting CXX compile features - done
[0.833s] -- Found ament_cmake: 1.3.9 (/opt/ros/humble/share/ament_cmake/cmake)
[1.256s] -- Found Python3: /usr/bin/python3 (found version "3.10.12") found components: Interpreter 
[1.402s] -- Override CMake install command with custom implementation using symlinks instead of copying resources
[1.625s] -- Configuring done
[1.630s] -- Generating done
[1.632s] -- Build files have been written to: /home/primerobotics/BuddyArm/build/buddy_arm_moveit
[1.656s] Invoked command in '/home/primerobotics/BuddyArm/build/buddy_arm_moveit' returned '0': CMAKE_PREFIX_PATH=/opt/ros/humble /usr/bin/cmake /home/primerobotics/BuddyArm/src/buddy_arm_moveit -DAMENT_CMAKE_SYMLINK_INSTALL=1 -DCMAKE_INSTALL_PREFIX=/home/primerobotics/BuddyArm/install/buddy_arm_moveit
[1.657s] Invoking command in '/home/primerobotics/BuddyArm/build/buddy_arm_moveit': CMAKE_PREFIX_PATH=/opt/ros/humble /usr/bin/cmake --build /home/primerobotics/BuddyArm/build/buddy_arm_moveit -- -j3 -l3
[1.747s] Invoked command in '/home/primerobotics/BuddyArm/build/buddy_arm_moveit' returned '0': CMAKE_PREFIX_PATH=/opt/ros/humble /usr/bin/cmake --build /home/primerobotics/BuddyArm/build/buddy_arm_moveit -- -j3 -l3
[1.804s] Invoking command in '/home/primerobotics/BuddyArm/build/buddy_arm_moveit': CMAKE_PREFIX_PATH=/opt/ros/humble /usr/bin/cmake --install /home/primerobotics/BuddyArm/build/buddy_arm_moveit
[1.818s] -- Install configuration: ""
[1.821s] -- Execute custom install script
[1.823s] -- Symlinking: /home/primerobotics/BuddyArm/install/buddy_arm_moveit/share/buddy_arm_moveit/launch/moveit.launch.py
[1.847s] -- Symlinking: /home/primerobotics/BuddyArm/install/buddy_arm_moveit/share/buddy_arm_moveit/config/arm.srdf
[1.863s] -- Symlinking: /home/primerobotics/BuddyArm/install/buddy_arm_moveit/share/buddy_arm_moveit/config/initial_positions.yaml
[1.886s] -- Symlinking: /home/primerobotics/BuddyArm/install/buddy_arm_moveit/share/buddy_arm_moveit/config/joint_limits.yaml
[1.903s] -- Symlinking: /home/primerobotics/BuddyArm/install/buddy_arm_moveit/share/buddy_arm_moveit/config/kinematics.yaml
[1.919s] -- Symlinking: /home/primerobotics/BuddyArm/install/buddy_arm_moveit/share/buddy_arm_moveit/config/moveit.rviz
[1.930s] -- Symlinking: /home/primerobotics/BuddyArm/install/buddy_arm_moveit/share/buddy_arm_moveit/config/moveit_controllers.yaml
[1.944s] -- Symlinking: /home/primerobotics/BuddyArm/install/buddy_arm_moveit/share/buddy_arm_moveit/config/pilz_cartesian_limits.yaml
[1.963s] -- Symlinking: /home/primerobotics/BuddyArm/install/buddy_arm_moveit/share/ament_index/resource_index/package_run_dependencies/buddy_arm_moveit
[1.988s] -- Symlinking: /home/primerobotics/BuddyArm/install/buddy_arm_moveit/share/ament_index/resource_index/parent_prefix_path/buddy_arm_moveit
[2.004s] -- Symlinking: /home/primerobotics/BuddyArm/install/buddy_arm_moveit/share/buddy_arm_moveit/environment/ament_prefix_path.sh
[2.027s] -- Symlinking: /home/primerobotics/BuddyArm/install/buddy_arm_moveit/share/buddy_arm_moveit/environment/ament_prefix_path.dsv
[2.040s] -- Symlinking: /home/primerobotics/BuddyArm/install/buddy_arm_moveit/share/buddy_arm_moveit/environment/path.sh
[2.059s] -- Symlinking: /home/primerobotics/BuddyArm/install/buddy_arm_moveit/share/buddy_arm_moveit/environment/path.dsv
[2.077s] -- Symlinking: /home/primerobotics/BuddyArm/install/buddy_arm_moveit/share/buddy_arm_moveit/local_setup.bash
[2.107s] -- Symlinking: /home/primerobotics/BuddyArm/install/buddy_arm_moveit/share/buddy_arm_moveit/local_setup.sh
[2.126s] -- Symlinking: /home/primerobotics/BuddyArm/install/buddy_arm_moveit/share/buddy_arm_moveit/local_setup.zsh
[2.144s] -- Symlinking: /home/primerobotics/BuddyArm/install/buddy_arm_moveit/share/buddy_arm_moveit/local_setup.dsv
[2.162s] -- Symlinking: /home/primerobotics/BuddyArm/install/buddy_arm_moveit/share/buddy_arm_moveit/package.dsv
[2.186s] -- Symlinking: /home/primerobotics/BuddyArm/install/buddy_arm_moveit/share/ament_index/resource_index/packages/buddy_arm_moveit
[2.206s] -- Symlinking: /home/primerobotics/BuddyArm/install/buddy_arm_moveit/share/buddy_arm_moveit/cmake/buddy_arm_moveitConfig.cmake
[2.226s] -- Symlinking: /home/primerobotics/BuddyArm/install/buddy_arm_moveit/share/buddy_arm_moveit/cmake/buddy_arm_moveitConfig-version.cmake
[2.241s] -- Symlinking: /home/primerobotics/BuddyArm/install/buddy_arm_moveit/share/buddy_arm_moveit/package.xml
[2.263s] Invoked command in '/home/primerobotics/BuddyArm/build/buddy_arm_moveit' returned '0': CMAKE_PREFIX_PATH=/opt/ros/humble /usr/bin/cmake --install /home/primerobotics/BuddyArm/build/buddy_arm_moveit
