[0.054s] Invoking command in '/home/primerobotics/BuddyArm/build/buddy_arm_bringup': CMAKE_PREFIX_PATH=/opt/ros/humble /usr/bin/cmake --build /home/primerobotics/BuddyArm/build/buddy_arm_bringup -- -j3 -l3
[0.187s] Invoked command in '/home/primerobotics/BuddyArm/build/buddy_arm_bringup' returned '0': CMAKE_PREFIX_PATH=/opt/ros/humble /usr/bin/cmake --build /home/primerobotics/BuddyArm/build/buddy_arm_bringup -- -j3 -l3
[0.359s] Invoking command in '/home/primerobotics/BuddyArm/build/buddy_arm_bringup': CMAKE_PREFIX_PATH=/opt/ros/humble /usr/bin/cmake --install /home/primerobotics/BuddyArm/build/buddy_arm_bringup
[0.398s] -- Install configuration: ""
[0.398s] -- Execute custom install script
[0.398s] -- Up-to-date symlink: /home/primerobotics/BuddyArm/install/buddy_arm_bringup/share/buddy_arm_bringup/launch/hardware.launch.py
[0.398s] -- Up-to-date symlink: /home/primerobotics/BuddyArm/install/buddy_arm_bringup/share/buddy_arm_bringup/launch/simulation.launch.py
[0.399s] -- Up-to-date symlink: /home/primerobotics/BuddyArm/install/buddy_arm_bringup/share/ament_index/resource_index/package_run_dependencies/buddy_arm_bringup
[0.401s] -- Up-to-date symlink: /home/primerobotics/BuddyArm/install/buddy_arm_bringup/share/ament_index/resource_index/parent_prefix_path/buddy_arm_bringup
[0.402s] -- Up-to-date symlink: /home/primerobotics/BuddyArm/install/buddy_arm_bringup/share/buddy_arm_bringup/environment/ament_prefix_path.sh
[0.402s] -- Up-to-date symlink: /home/primerobotics/BuddyArm/install/buddy_arm_bringup/share/buddy_arm_bringup/environment/ament_prefix_path.dsv
[0.403s] -- Up-to-date symlink: /home/primerobotics/BuddyArm/install/buddy_arm_bringup/share/buddy_arm_bringup/environment/path.sh
[0.403s] -- Up-to-date symlink: /home/primerobotics/BuddyArm/install/buddy_arm_bringup/share/buddy_arm_bringup/environment/path.dsv
[0.403s] -- Up-to-date symlink: /home/primerobotics/BuddyArm/install/buddy_arm_bringup/share/buddy_arm_bringup/local_setup.bash
[0.404s] -- Up-to-date symlink: /home/primerobotics/BuddyArm/install/buddy_arm_bringup/share/buddy_arm_bringup/local_setup.sh
[0.404s] -- Up-to-date symlink: /home/primerobotics/BuddyArm/install/buddy_arm_bringup/share/buddy_arm_bringup/local_setup.zsh
[0.405s] -- Up-to-date symlink: /home/primerobotics/BuddyArm/install/buddy_arm_bringup/share/buddy_arm_bringup/local_setup.dsv
[0.405s] -- Symlinking: /home/primerobotics/BuddyArm/install/buddy_arm_bringup/share/buddy_arm_bringup/package.dsv
[0.425s] -- Up-to-date symlink: /home/primerobotics/BuddyArm/install/buddy_arm_bringup/share/ament_index/resource_index/packages/buddy_arm_bringup
[0.425s] -- Up-to-date symlink: /home/primerobotics/BuddyArm/install/buddy_arm_bringup/share/buddy_arm_bringup/cmake/buddy_arm_bringupConfig.cmake
[0.426s] -- Up-to-date symlink: /home/primerobotics/BuddyArm/install/buddy_arm_bringup/share/buddy_arm_bringup/cmake/buddy_arm_bringupConfig-version.cmake
[0.426s] -- Up-to-date symlink: /home/primerobotics/BuddyArm/install/buddy_arm_bringup/share/buddy_arm_bringup/package.xml
[0.432s] Invoked command in '/home/primerobotics/BuddyArm/build/buddy_arm_bringup' returned '0': CMAKE_PREFIX_PATH=/opt/ros/humble /usr/bin/cmake --install /home/primerobotics/BuddyArm/build/buddy_arm_bringup
