-- The C compiler identification is GNU 11.4.0
-- The CXX compiler identification is GNU 11.4.0
-- Detecting C compiler ABI info
-- Detecting C compiler ABI info - done
-- Check for working C compiler: /usr/bin/cc - skipped
-- Detecting C compile features
-- Detecting C compile features - done
-- Detecting CXX compiler ABI info
-- Detecting CXX compiler ABI info - done
-- Check for working CXX compiler: /usr/bin/c++ - skipped
-- Detecting CXX compile features
-- Detecting CXX compile features - done
-- Found ament_cmake: 1.3.9 (/opt/ros/humble/share/ament_cmake/cmake)
-- Found Python3: /usr/bin/python3 (found version "3.10.12") found components: Interpreter 
-- Override CMake install command with custom implementation using symlinks instead of copying resources
-- Found ament_lint_auto: 0.12.11 (/opt/ros/humble/share/ament_lint_auto/cmake)
-- Added test 'lint_cmake' to check CMake code style
-- Added test 'xmllint' to check XML markup files
-- Configuring done
-- Generating done
-- Build files have been written to: /home/primerobotics/BuddyArm/build/buddy_functionalities
-- Install configuration: ""
-- Execute custom install script
-- Symlinking: /home/primerobotics/BuddyArm/install/buddy_functionalities/share/ament_index/resource_index/package_run_dependencies/buddy_functionalities
-- Symlinking: /home/primerobotics/BuddyArm/install/buddy_functionalities/share/ament_index/resource_index/parent_prefix_path/buddy_functionalities
-- Symlinking: /home/primerobotics/BuddyArm/install/buddy_functionalities/share/buddy_functionalities/environment/ament_prefix_path.sh
-- Symlinking: /home/primerobotics/BuddyArm/install/buddy_functionalities/share/buddy_functionalities/environment/ament_prefix_path.dsv
-- Symlinking: /home/primerobotics/BuddyArm/install/buddy_functionalities/share/buddy_functionalities/environment/path.sh
-- Symlinking: /home/primerobotics/BuddyArm/install/buddy_functionalities/share/buddy_functionalities/environment/path.dsv
-- Symlinking: /home/primerobotics/BuddyArm/install/buddy_functionalities/share/buddy_functionalities/local_setup.bash
-- Symlinking: /home/primerobotics/BuddyArm/install/buddy_functionalities/share/buddy_functionalities/local_setup.sh
-- Symlinking: /home/primerobotics/BuddyArm/install/buddy_functionalities/share/buddy_functionalities/local_setup.zsh
-- Symlinking: /home/primerobotics/BuddyArm/install/buddy_functionalities/share/buddy_functionalities/local_setup.dsv
-- Symlinking: /home/primerobotics/BuddyArm/install/buddy_functionalities/share/buddy_functionalities/package.dsv
-- Symlinking: /home/primerobotics/BuddyArm/install/buddy_functionalities/share/ament_index/resource_index/packages/buddy_functionalities
-- Symlinking: /home/primerobotics/BuddyArm/install/buddy_functionalities/share/buddy_functionalities/cmake/buddy_functionalitiesConfig.cmake
-- Symlinking: /home/primerobotics/BuddyArm/install/buddy_functionalities/share/buddy_functionalities/cmake/buddy_functionalitiesConfig-version.cmake
-- Symlinking: /home/primerobotics/BuddyArm/install/buddy_functionalities/share/buddy_functionalities/package.xml
