[0.222s] DEBUG:colcon:Command line arguments: ['/usr/bin/colcon', 'build', '--symlink-install']
[0.222s] DEBUG:colcon:Parsed command line arguments: Namespace(log_base=None, log_level=None, verb_name='build', build_base='build', install_base='install', merge_install=False, symlink_install=True, test_result_base=None, continue_on_error=False, executor='parallel', parallel_workers=3, event_handlers=None, ignore_user_meta=False, metas=['./colcon.meta'], base_paths=['.'], packages_ignore=None, packages_ignore_regex=None, paths=None, packages_up_to=None, packages_up_to_regex=None, packages_above=None, packages_above_and_dependencies=None, packages_above_depth=None, packages_select_by_dep=None, packages_skip_by_dep=None, packages_skip_up_to=None, packages_select_build_failed=False, packages_skip_build_finished=False, packages_select_test_failures=False, packages_skip_test_passed=False, packages_select=None, packages_skip=None, packages_select_regex=None, packages_skip_regex=None, packages_start=None, packages_end=None, allow_overriding=[], cmake_args=None, cmake_target=None, cmake_target_skip_unavailable=False, cmake_clean_cache=False, cmake_clean_first=False, cmake_force_configure=False, ament_cmake_args=None, catkin_cmake_args=None, catkin_skip_building_tests=False, verb_parser=<colcon_defaults.argument_parser.defaults.DefaultArgumentsDecorator object at 0x7568a3f3c040>, verb_extension=<colcon_core.verb.build.BuildVerb object at 0x7568a3f03bb0>, main=<bound method BuildVerb.main of <colcon_core.verb.build.BuildVerb object at 0x7568a3f03bb0>>)
[0.596s] Level 1:colcon.colcon_core.package_discovery:discover_packages(colcon_meta) check parameters
[0.597s] Level 1:colcon.colcon_core.package_discovery:discover_packages(recursive) check parameters
[0.597s] Level 1:colcon.colcon_core.package_discovery:discover_packages(ignore) check parameters
[0.597s] Level 1:colcon.colcon_core.package_discovery:discover_packages(path) check parameters
[0.597s] Level 1:colcon.colcon_core.package_discovery:discover_packages(colcon_meta) discover
[0.597s] Level 1:colcon.colcon_core.package_discovery:discover_packages(recursive) discover
[0.597s] INFO:colcon.colcon_core.package_discovery:Crawling recursively for packages in '/home/primerobotics/BuddyArm'
[0.597s] Level 1:colcon.colcon_core.package_identification:_identify(.) by extensions ['ignore', 'ignore_ament_install']
[0.597s] Level 1:colcon.colcon_core.package_identification:_identify(.) by extension 'ignore'
[0.598s] Level 1:colcon.colcon_core.package_identification:_identify(.) by extension 'ignore_ament_install'
[0.598s] Level 1:colcon.colcon_core.package_identification:_identify(.) by extensions ['colcon_pkg']
[0.598s] Level 1:colcon.colcon_core.package_identification:_identify(.) by extension 'colcon_pkg'
[0.598s] Level 1:colcon.colcon_core.package_identification:_identify(.) by extensions ['colcon_meta']
[0.598s] Level 1:colcon.colcon_core.package_identification:_identify(.) by extension 'colcon_meta'
[0.598s] Level 1:colcon.colcon_core.package_identification:_identify(.) by extensions ['ros']
[0.598s] Level 1:colcon.colcon_core.package_identification:_identify(.) by extension 'ros'
[0.619s] Level 1:colcon.colcon_core.package_identification:_identify(.) by extensions ['cmake', 'python']
[0.620s] Level 1:colcon.colcon_core.package_identification:_identify(.) by extension 'cmake'
[0.620s] Level 1:colcon.colcon_core.package_identification:_identify(.) by extension 'python'
[0.620s] Level 1:colcon.colcon_core.package_identification:_identify(.) by extensions ['python_setup_py']
[0.620s] Level 1:colcon.colcon_core.package_identification:_identify(.) by extension 'python_setup_py'
[0.620s] Level 1:colcon.colcon_core.package_identification:_identify(build) by extensions ['ignore', 'ignore_ament_install']
[0.620s] Level 1:colcon.colcon_core.package_identification:_identify(build) by extension 'ignore'
[0.620s] Level 1:colcon.colcon_core.package_identification:_identify(build) ignored
[0.620s] Level 1:colcon.colcon_core.package_identification:_identify(install) by extensions ['ignore', 'ignore_ament_install']
[0.621s] Level 1:colcon.colcon_core.package_identification:_identify(install) by extension 'ignore'
[0.621s] Level 1:colcon.colcon_core.package_identification:_identify(install) ignored
[0.621s] Level 1:colcon.colcon_core.package_identification:_identify(log) by extensions ['ignore', 'ignore_ament_install']
[0.621s] Level 1:colcon.colcon_core.package_identification:_identify(log) by extension 'ignore'
[0.621s] Level 1:colcon.colcon_core.package_identification:_identify(log) ignored
[0.621s] Level 1:colcon.colcon_core.package_identification:_identify(src) by extensions ['ignore', 'ignore_ament_install']
[0.621s] Level 1:colcon.colcon_core.package_identification:_identify(src) by extension 'ignore'
[0.621s] Level 1:colcon.colcon_core.package_identification:_identify(src) by extension 'ignore_ament_install'
[0.622s] Level 1:colcon.colcon_core.package_identification:_identify(src) by extensions ['colcon_pkg']
[0.622s] Level 1:colcon.colcon_core.package_identification:_identify(src) by extension 'colcon_pkg'
[0.622s] Level 1:colcon.colcon_core.package_identification:_identify(src) by extensions ['colcon_meta']
[0.622s] Level 1:colcon.colcon_core.package_identification:_identify(src) by extension 'colcon_meta'
[0.622s] Level 1:colcon.colcon_core.package_identification:_identify(src) by extensions ['ros']
[0.622s] Level 1:colcon.colcon_core.package_identification:_identify(src) by extension 'ros'
[0.622s] Level 1:colcon.colcon_core.package_identification:_identify(src) by extensions ['cmake', 'python']
[0.622s] Level 1:colcon.colcon_core.package_identification:_identify(src) by extension 'cmake'
[0.622s] Level 1:colcon.colcon_core.package_identification:_identify(src) by extension 'python'
[0.622s] Level 1:colcon.colcon_core.package_identification:_identify(src) by extensions ['python_setup_py']
[0.622s] Level 1:colcon.colcon_core.package_identification:_identify(src) by extension 'python_setup_py'
[0.622s] Level 1:colcon.colcon_core.package_identification:_identify(src/arm_controller) by extensions ['ignore', 'ignore_ament_install']
[0.623s] Level 1:colcon.colcon_core.package_identification:_identify(src/arm_controller) by extension 'ignore'
[0.623s] Level 1:colcon.colcon_core.package_identification:_identify(src/arm_controller) by extension 'ignore_ament_install'
[0.623s] Level 1:colcon.colcon_core.package_identification:_identify(src/arm_controller) by extensions ['colcon_pkg']
[0.623s] Level 1:colcon.colcon_core.package_identification:_identify(src/arm_controller) by extension 'colcon_pkg'
[0.623s] Level 1:colcon.colcon_core.package_identification:_identify(src/arm_controller) by extensions ['colcon_meta']
[0.623s] Level 1:colcon.colcon_core.package_identification:_identify(src/arm_controller) by extension 'colcon_meta'
[0.623s] Level 1:colcon.colcon_core.package_identification:_identify(src/arm_controller) by extensions ['ros']
[0.623s] Level 1:colcon.colcon_core.package_identification:_identify(src/arm_controller) by extension 'ros'
[0.628s] DEBUG:colcon.colcon_core.package_identification:Package 'src/arm_controller' with type 'ros.ament_cmake' and name 'arm_controller'
[0.628s] Level 1:colcon.colcon_core.package_identification:_identify(src/buddy_arm_bringup) by extensions ['ignore', 'ignore_ament_install']
[0.629s] Level 1:colcon.colcon_core.package_identification:_identify(src/buddy_arm_bringup) by extension 'ignore'
[0.629s] Level 1:colcon.colcon_core.package_identification:_identify(src/buddy_arm_bringup) by extension 'ignore_ament_install'
[0.629s] Level 1:colcon.colcon_core.package_identification:_identify(src/buddy_arm_bringup) by extensions ['colcon_pkg']
[0.629s] Level 1:colcon.colcon_core.package_identification:_identify(src/buddy_arm_bringup) by extension 'colcon_pkg'
[0.629s] Level 1:colcon.colcon_core.package_identification:_identify(src/buddy_arm_bringup) by extensions ['colcon_meta']
[0.629s] Level 1:colcon.colcon_core.package_identification:_identify(src/buddy_arm_bringup) by extension 'colcon_meta'
[0.629s] Level 1:colcon.colcon_core.package_identification:_identify(src/buddy_arm_bringup) by extensions ['ros']
[0.629s] Level 1:colcon.colcon_core.package_identification:_identify(src/buddy_arm_bringup) by extension 'ros'
[0.630s] DEBUG:colcon.colcon_core.package_identification:Package 'src/buddy_arm_bringup' with type 'ros.ament_cmake' and name 'buddy_arm_bringup'
[0.630s] Level 1:colcon.colcon_core.package_identification:_identify(src/buddy_arm_description) by extensions ['ignore', 'ignore_ament_install']
[0.630s] Level 1:colcon.colcon_core.package_identification:_identify(src/buddy_arm_description) by extension 'ignore'
[0.630s] Level 1:colcon.colcon_core.package_identification:_identify(src/buddy_arm_description) by extension 'ignore_ament_install'
[0.631s] Level 1:colcon.colcon_core.package_identification:_identify(src/buddy_arm_description) by extensions ['colcon_pkg']
[0.631s] Level 1:colcon.colcon_core.package_identification:_identify(src/buddy_arm_description) by extension 'colcon_pkg'
[0.631s] Level 1:colcon.colcon_core.package_identification:_identify(src/buddy_arm_description) by extensions ['colcon_meta']
[0.631s] Level 1:colcon.colcon_core.package_identification:_identify(src/buddy_arm_description) by extension 'colcon_meta'
[0.631s] Level 1:colcon.colcon_core.package_identification:_identify(src/buddy_arm_description) by extensions ['ros']
[0.631s] Level 1:colcon.colcon_core.package_identification:_identify(src/buddy_arm_description) by extension 'ros'
[0.632s] DEBUG:colcon.colcon_core.package_identification:Package 'src/buddy_arm_description' with type 'ros.ament_cmake' and name 'buddy_arm_description'
[0.633s] Level 1:colcon.colcon_core.package_identification:_identify(src/buddy_arm_moveit) by extensions ['ignore', 'ignore_ament_install']
[0.633s] Level 1:colcon.colcon_core.package_identification:_identify(src/buddy_arm_moveit) by extension 'ignore'
[0.633s] Level 1:colcon.colcon_core.package_identification:_identify(src/buddy_arm_moveit) by extension 'ignore_ament_install'
[0.633s] Level 1:colcon.colcon_core.package_identification:_identify(src/buddy_arm_moveit) by extensions ['colcon_pkg']
[0.633s] Level 1:colcon.colcon_core.package_identification:_identify(src/buddy_arm_moveit) by extension 'colcon_pkg'
[0.633s] Level 1:colcon.colcon_core.package_identification:_identify(src/buddy_arm_moveit) by extensions ['colcon_meta']
[0.633s] Level 1:colcon.colcon_core.package_identification:_identify(src/buddy_arm_moveit) by extension 'colcon_meta'
[0.633s] Level 1:colcon.colcon_core.package_identification:_identify(src/buddy_arm_moveit) by extensions ['ros']
[0.633s] Level 1:colcon.colcon_core.package_identification:_identify(src/buddy_arm_moveit) by extension 'ros'
[0.634s] DEBUG:colcon.colcon_core.package_identification:Package 'src/buddy_arm_moveit' with type 'ros.ament_cmake' and name 'buddy_arm_moveit'
[0.635s] Level 1:colcon.colcon_core.package_identification:_identify(src/buddy_firmware) by extensions ['ignore', 'ignore_ament_install']
[0.635s] Level 1:colcon.colcon_core.package_identification:_identify(src/buddy_firmware) by extension 'ignore'
[0.635s] Level 1:colcon.colcon_core.package_identification:_identify(src/buddy_firmware) by extension 'ignore_ament_install'
[0.635s] Level 1:colcon.colcon_core.package_identification:_identify(src/buddy_firmware) by extensions ['colcon_pkg']
[0.635s] Level 1:colcon.colcon_core.package_identification:_identify(src/buddy_firmware) by extension 'colcon_pkg'
[0.635s] Level 1:colcon.colcon_core.package_identification:_identify(src/buddy_firmware) by extensions ['colcon_meta']
[0.635s] Level 1:colcon.colcon_core.package_identification:_identify(src/buddy_firmware) by extension 'colcon_meta'
[0.636s] Level 1:colcon.colcon_core.package_identification:_identify(src/buddy_firmware) by extensions ['ros']
[0.636s] Level 1:colcon.colcon_core.package_identification:_identify(src/buddy_firmware) by extension 'ros'
[0.637s] DEBUG:colcon.colcon_core.package_identification:Package 'src/buddy_firmware' with type 'ros.ament_cmake' and name 'buddy_firmware'
[0.637s] Level 1:colcon.colcon_core.package_identification:_identify(src/buddy_functionalities) by extensions ['ignore', 'ignore_ament_install']
[0.637s] Level 1:colcon.colcon_core.package_identification:_identify(src/buddy_functionalities) by extension 'ignore'
[0.637s] Level 1:colcon.colcon_core.package_identification:_identify(src/buddy_functionalities) by extension 'ignore_ament_install'
[0.637s] Level 1:colcon.colcon_core.package_identification:_identify(src/buddy_functionalities) by extensions ['colcon_pkg']
[0.638s] Level 1:colcon.colcon_core.package_identification:_identify(src/buddy_functionalities) by extension 'colcon_pkg'
[0.638s] Level 1:colcon.colcon_core.package_identification:_identify(src/buddy_functionalities) by extensions ['colcon_meta']
[0.638s] Level 1:colcon.colcon_core.package_identification:_identify(src/buddy_functionalities) by extension 'colcon_meta'
[0.638s] Level 1:colcon.colcon_core.package_identification:_identify(src/buddy_functionalities) by extensions ['ros']
[0.638s] Level 1:colcon.colcon_core.package_identification:_identify(src/buddy_functionalities) by extension 'ros'
[0.640s] DEBUG:colcon.colcon_core.package_identification:Package 'src/buddy_functionalities' with type 'ros.ament_cmake' and name 'buddy_functionalities'
[0.640s] Level 1:colcon.colcon_core.package_discovery:discover_packages(recursive) using defaults
[0.641s] Level 1:colcon.colcon_core.package_discovery:discover_packages(ignore) discover
[0.641s] Level 1:colcon.colcon_core.package_discovery:discover_packages(ignore) using defaults
[0.641s] Level 1:colcon.colcon_core.package_discovery:discover_packages(path) discover
[0.641s] Level 1:colcon.colcon_core.package_discovery:discover_packages(path) using defaults
[0.681s] Level 1:colcon.colcon_core.package_discovery:discover_packages(prefix_path) check parameters
[0.681s] Level 1:colcon.colcon_core.package_discovery:discover_packages(prefix_path) discover
[0.689s] DEBUG:colcon.colcon_installed_package_information.package_discovery:Found 342 installed packages in /opt/ros/humble
[0.696s] Level 1:colcon.colcon_core.package_discovery:discover_packages(prefix_path) using defaults
[0.824s] Level 5:colcon.colcon_core.verb:set package 'arm_controller' build argument 'cmake_args' from command line to 'None'
[0.825s] Level 5:colcon.colcon_core.verb:set package 'arm_controller' build argument 'cmake_target' from command line to 'None'
[0.825s] Level 5:colcon.colcon_core.verb:set package 'arm_controller' build argument 'cmake_target_skip_unavailable' from command line to 'False'
[0.825s] Level 5:colcon.colcon_core.verb:set package 'arm_controller' build argument 'cmake_clean_cache' from command line to 'False'
[0.825s] Level 5:colcon.colcon_core.verb:set package 'arm_controller' build argument 'cmake_clean_first' from command line to 'False'
[0.825s] Level 5:colcon.colcon_core.verb:set package 'arm_controller' build argument 'cmake_force_configure' from command line to 'False'
[0.825s] Level 5:colcon.colcon_core.verb:set package 'arm_controller' build argument 'ament_cmake_args' from command line to 'None'
[0.825s] Level 5:colcon.colcon_core.verb:set package 'arm_controller' build argument 'catkin_cmake_args' from command line to 'None'
[0.825s] Level 5:colcon.colcon_core.verb:set package 'arm_controller' build argument 'catkin_skip_building_tests' from command line to 'False'
[0.825s] DEBUG:colcon.colcon_core.verb:Building package 'arm_controller' with the following arguments: {'ament_cmake_args': None, 'build_base': '/home/primerobotics/BuddyArm/build/arm_controller', 'catkin_cmake_args': None, 'catkin_skip_building_tests': False, 'cmake_args': None, 'cmake_clean_cache': False, 'cmake_clean_first': False, 'cmake_force_configure': False, 'cmake_target': None, 'cmake_target_skip_unavailable': False, 'install_base': '/home/primerobotics/BuddyArm/install/arm_controller', 'merge_install': False, 'path': '/home/primerobotics/BuddyArm/src/arm_controller', 'symlink_install': True, 'test_result_base': None}
[0.826s] Level 5:colcon.colcon_core.verb:set package 'buddy_arm_bringup' build argument 'cmake_args' from command line to 'None'
[0.827s] Level 5:colcon.colcon_core.verb:set package 'buddy_arm_bringup' build argument 'cmake_target' from command line to 'None'
[0.827s] Level 5:colcon.colcon_core.verb:set package 'buddy_arm_bringup' build argument 'cmake_target_skip_unavailable' from command line to 'False'
[0.827s] Level 5:colcon.colcon_core.verb:set package 'buddy_arm_bringup' build argument 'cmake_clean_cache' from command line to 'False'
[0.827s] Level 5:colcon.colcon_core.verb:set package 'buddy_arm_bringup' build argument 'cmake_clean_first' from command line to 'False'
[0.827s] Level 5:colcon.colcon_core.verb:set package 'buddy_arm_bringup' build argument 'cmake_force_configure' from command line to 'False'
[0.827s] Level 5:colcon.colcon_core.verb:set package 'buddy_arm_bringup' build argument 'ament_cmake_args' from command line to 'None'
[0.827s] Level 5:colcon.colcon_core.verb:set package 'buddy_arm_bringup' build argument 'catkin_cmake_args' from command line to 'None'
[0.827s] Level 5:colcon.colcon_core.verb:set package 'buddy_arm_bringup' build argument 'catkin_skip_building_tests' from command line to 'False'
[0.827s] DEBUG:colcon.colcon_core.verb:Building package 'buddy_arm_bringup' with the following arguments: {'ament_cmake_args': None, 'build_base': '/home/primerobotics/BuddyArm/build/buddy_arm_bringup', 'catkin_cmake_args': None, 'catkin_skip_building_tests': False, 'cmake_args': None, 'cmake_clean_cache': False, 'cmake_clean_first': False, 'cmake_force_configure': False, 'cmake_target': None, 'cmake_target_skip_unavailable': False, 'install_base': '/home/primerobotics/BuddyArm/install/buddy_arm_bringup', 'merge_install': False, 'path': '/home/primerobotics/BuddyArm/src/buddy_arm_bringup', 'symlink_install': True, 'test_result_base': None}
[0.828s] Level 5:colcon.colcon_core.verb:set package 'buddy_arm_description' build argument 'cmake_args' from command line to 'None'
[0.828s] Level 5:colcon.colcon_core.verb:set package 'buddy_arm_description' build argument 'cmake_target' from command line to 'None'
[0.828s] Level 5:colcon.colcon_core.verb:set package 'buddy_arm_description' build argument 'cmake_target_skip_unavailable' from command line to 'False'
[0.828s] Level 5:colcon.colcon_core.verb:set package 'buddy_arm_description' build argument 'cmake_clean_cache' from command line to 'False'
[0.828s] Level 5:colcon.colcon_core.verb:set package 'buddy_arm_description' build argument 'cmake_clean_first' from command line to 'False'
[0.828s] Level 5:colcon.colcon_core.verb:set package 'buddy_arm_description' build argument 'cmake_force_configure' from command line to 'False'
[0.829s] Level 5:colcon.colcon_core.verb:set package 'buddy_arm_description' build argument 'ament_cmake_args' from command line to 'None'
[0.829s] Level 5:colcon.colcon_core.verb:set package 'buddy_arm_description' build argument 'catkin_cmake_args' from command line to 'None'
[0.829s] Level 5:colcon.colcon_core.verb:set package 'buddy_arm_description' build argument 'catkin_skip_building_tests' from command line to 'False'
[0.829s] DEBUG:colcon.colcon_core.verb:Building package 'buddy_arm_description' with the following arguments: {'ament_cmake_args': None, 'build_base': '/home/primerobotics/BuddyArm/build/buddy_arm_description', 'catkin_cmake_args': None, 'catkin_skip_building_tests': False, 'cmake_args': None, 'cmake_clean_cache': False, 'cmake_clean_first': False, 'cmake_force_configure': False, 'cmake_target': None, 'cmake_target_skip_unavailable': False, 'install_base': '/home/primerobotics/BuddyArm/install/buddy_arm_description', 'merge_install': False, 'path': '/home/primerobotics/BuddyArm/src/buddy_arm_description', 'symlink_install': True, 'test_result_base': None}
[0.830s] Level 5:colcon.colcon_core.verb:set package 'buddy_arm_moveit' build argument 'cmake_args' from command line to 'None'
[0.830s] Level 5:colcon.colcon_core.verb:set package 'buddy_arm_moveit' build argument 'cmake_target' from command line to 'None'
[0.830s] Level 5:colcon.colcon_core.verb:set package 'buddy_arm_moveit' build argument 'cmake_target_skip_unavailable' from command line to 'False'
[0.830s] Level 5:colcon.colcon_core.verb:set package 'buddy_arm_moveit' build argument 'cmake_clean_cache' from command line to 'False'
[0.830s] Level 5:colcon.colcon_core.verb:set package 'buddy_arm_moveit' build argument 'cmake_clean_first' from command line to 'False'
[0.830s] Level 5:colcon.colcon_core.verb:set package 'buddy_arm_moveit' build argument 'cmake_force_configure' from command line to 'False'
[0.830s] Level 5:colcon.colcon_core.verb:set package 'buddy_arm_moveit' build argument 'ament_cmake_args' from command line to 'None'
[0.830s] Level 5:colcon.colcon_core.verb:set package 'buddy_arm_moveit' build argument 'catkin_cmake_args' from command line to 'None'
[0.830s] Level 5:colcon.colcon_core.verb:set package 'buddy_arm_moveit' build argument 'catkin_skip_building_tests' from command line to 'False'
[0.830s] DEBUG:colcon.colcon_core.verb:Building package 'buddy_arm_moveit' with the following arguments: {'ament_cmake_args': None, 'build_base': '/home/primerobotics/BuddyArm/build/buddy_arm_moveit', 'catkin_cmake_args': None, 'catkin_skip_building_tests': False, 'cmake_args': None, 'cmake_clean_cache': False, 'cmake_clean_first': False, 'cmake_force_configure': False, 'cmake_target': None, 'cmake_target_skip_unavailable': False, 'install_base': '/home/primerobotics/BuddyArm/install/buddy_arm_moveit', 'merge_install': False, 'path': '/home/primerobotics/BuddyArm/src/buddy_arm_moveit', 'symlink_install': True, 'test_result_base': None}
[0.831s] Level 5:colcon.colcon_core.verb:set package 'buddy_firmware' build argument 'cmake_args' from command line to 'None'
[0.831s] Level 5:colcon.colcon_core.verb:set package 'buddy_firmware' build argument 'cmake_target' from command line to 'None'
[0.831s] Level 5:colcon.colcon_core.verb:set package 'buddy_firmware' build argument 'cmake_target_skip_unavailable' from command line to 'False'
[0.831s] Level 5:colcon.colcon_core.verb:set package 'buddy_firmware' build argument 'cmake_clean_cache' from command line to 'False'
[0.832s] Level 5:colcon.colcon_core.verb:set package 'buddy_firmware' build argument 'cmake_clean_first' from command line to 'False'
[0.832s] Level 5:colcon.colcon_core.verb:set package 'buddy_firmware' build argument 'cmake_force_configure' from command line to 'False'
[0.832s] Level 5:colcon.colcon_core.verb:set package 'buddy_firmware' build argument 'ament_cmake_args' from command line to 'None'
[0.832s] Level 5:colcon.colcon_core.verb:set package 'buddy_firmware' build argument 'catkin_cmake_args' from command line to 'None'
[0.832s] Level 5:colcon.colcon_core.verb:set package 'buddy_firmware' build argument 'catkin_skip_building_tests' from command line to 'False'
[0.832s] DEBUG:colcon.colcon_core.verb:Building package 'buddy_firmware' with the following arguments: {'ament_cmake_args': None, 'build_base': '/home/primerobotics/BuddyArm/build/buddy_firmware', 'catkin_cmake_args': None, 'catkin_skip_building_tests': False, 'cmake_args': None, 'cmake_clean_cache': False, 'cmake_clean_first': False, 'cmake_force_configure': False, 'cmake_target': None, 'cmake_target_skip_unavailable': False, 'install_base': '/home/primerobotics/BuddyArm/install/buddy_firmware', 'merge_install': False, 'path': '/home/primerobotics/BuddyArm/src/buddy_firmware', 'symlink_install': True, 'test_result_base': None}
[0.833s] Level 5:colcon.colcon_core.verb:set package 'buddy_functionalities' build argument 'cmake_args' from command line to 'None'
[0.833s] Level 5:colcon.colcon_core.verb:set package 'buddy_functionalities' build argument 'cmake_target' from command line to 'None'
[0.833s] Level 5:colcon.colcon_core.verb:set package 'buddy_functionalities' build argument 'cmake_target_skip_unavailable' from command line to 'False'
[0.833s] Level 5:colcon.colcon_core.verb:set package 'buddy_functionalities' build argument 'cmake_clean_cache' from command line to 'False'
[0.833s] Level 5:colcon.colcon_core.verb:set package 'buddy_functionalities' build argument 'cmake_clean_first' from command line to 'False'
[0.833s] Level 5:colcon.colcon_core.verb:set package 'buddy_functionalities' build argument 'cmake_force_configure' from command line to 'False'
[0.833s] Level 5:colcon.colcon_core.verb:set package 'buddy_functionalities' build argument 'ament_cmake_args' from command line to 'None'
[0.833s] Level 5:colcon.colcon_core.verb:set package 'buddy_functionalities' build argument 'catkin_cmake_args' from command line to 'None'
[0.833s] Level 5:colcon.colcon_core.verb:set package 'buddy_functionalities' build argument 'catkin_skip_building_tests' from command line to 'False'
[0.833s] DEBUG:colcon.colcon_core.verb:Building package 'buddy_functionalities' with the following arguments: {'ament_cmake_args': None, 'build_base': '/home/primerobotics/BuddyArm/build/buddy_functionalities', 'catkin_cmake_args': None, 'catkin_skip_building_tests': False, 'cmake_args': None, 'cmake_clean_cache': False, 'cmake_clean_first': False, 'cmake_force_configure': False, 'cmake_target': None, 'cmake_target_skip_unavailable': False, 'install_base': '/home/primerobotics/BuddyArm/install/buddy_functionalities', 'merge_install': False, 'path': '/home/primerobotics/BuddyArm/src/buddy_functionalities', 'symlink_install': True, 'test_result_base': None}
[0.834s] INFO:colcon.colcon_core.executor:Executing jobs using 'parallel' executor
[0.835s] DEBUG:colcon.colcon_parallel_executor.executor.parallel:run_until_complete
[0.836s] INFO:colcon.colcon_ros.task.ament_cmake.build:Building ROS package in '/home/primerobotics/BuddyArm/src/arm_controller' with build type 'ament_cmake'
[0.836s] INFO:colcon.colcon_cmake.task.cmake.build:Building CMake package in '/home/primerobotics/BuddyArm/src/arm_controller'
[0.846s] INFO:colcon.colcon_core.plugin_system:Skipping extension 'colcon_core.shell.bat': Not used on non-Windows systems
[0.847s] INFO:colcon.colcon_core.shell:Skip shell extension 'powershell' for command environment: Not usable outside of PowerShell
[0.847s] DEBUG:colcon.colcon_core.shell:Skip shell extension 'dsv' for command environment
[0.853s] INFO:colcon.colcon_ros.task.ament_cmake.build:Building ROS package in '/home/primerobotics/BuddyArm/src/buddy_arm_bringup' with build type 'ament_cmake'
[0.854s] INFO:colcon.colcon_cmake.task.cmake.build:Building CMake package in '/home/primerobotics/BuddyArm/src/buddy_arm_bringup'
[0.854s] INFO:colcon.colcon_core.shell:Skip shell extension 'powershell' for command environment: Not usable outside of PowerShell
[0.854s] DEBUG:colcon.colcon_core.shell:Skip shell extension 'dsv' for command environment
[0.863s] INFO:colcon.colcon_ros.task.ament_cmake.build:Building ROS package in '/home/primerobotics/BuddyArm/src/buddy_arm_description' with build type 'ament_cmake'
[0.868s] INFO:colcon.colcon_cmake.task.cmake.build:Building CMake package in '/home/primerobotics/BuddyArm/src/buddy_arm_description'
[0.870s] INFO:colcon.colcon_core.shell:Skip shell extension 'powershell' for command environment: Not usable outside of PowerShell
[0.870s] DEBUG:colcon.colcon_core.shell:Skip shell extension 'dsv' for command environment
[0.894s] DEBUG:colcon.colcon_core.event_handler.log_command:Invoking command in '/home/primerobotics/BuddyArm/build/arm_controller': CMAKE_PREFIX_PATH=/opt/ros/humble /usr/bin/cmake --build /home/primerobotics/BuddyArm/build/arm_controller -- -j3 -l3
[0.910s] DEBUG:colcon.colcon_core.event_handler.log_command:Invoking command in '/home/primerobotics/BuddyArm/build/buddy_arm_bringup': CMAKE_PREFIX_PATH=/opt/ros/humble /usr/bin/cmake --build /home/primerobotics/BuddyArm/build/buddy_arm_bringup -- -j3 -l3
[0.930s] DEBUG:colcon.colcon_core.event_handler.log_command:Invoking command in '/home/primerobotics/BuddyArm/build/buddy_arm_description': CMAKE_PREFIX_PATH=/opt/ros/humble /usr/bin/cmake --build /home/primerobotics/BuddyArm/build/buddy_arm_description -- -j3 -l3
[1.043s] DEBUG:colcon.colcon_core.event_handler.log_command:Invoked command in '/home/primerobotics/BuddyArm/build/buddy_arm_bringup' returned '0': CMAKE_PREFIX_PATH=/opt/ros/humble /usr/bin/cmake --build /home/primerobotics/BuddyArm/build/buddy_arm_bringup -- -j3 -l3
[1.056s] DEBUG:colcon.colcon_core.event_handler.log_command:Invoked command in '/home/primerobotics/BuddyArm/build/buddy_arm_description' returned '0': CMAKE_PREFIX_PATH=/opt/ros/humble /usr/bin/cmake --build /home/primerobotics/BuddyArm/build/buddy_arm_description -- -j3 -l3
[1.201s] DEBUG:colcon.colcon_core.event_handler.log_command:Invoking command in '/home/primerobotics/BuddyArm/build/buddy_arm_description': CMAKE_PREFIX_PATH=/opt/ros/humble /usr/bin/cmake --install /home/primerobotics/BuddyArm/build/buddy_arm_description
[1.214s] DEBUG:colcon.colcon_core.event_handler.log_command:Invoking command in '/home/primerobotics/BuddyArm/build/buddy_arm_bringup': CMAKE_PREFIX_PATH=/opt/ros/humble /usr/bin/cmake --install /home/primerobotics/BuddyArm/build/buddy_arm_bringup
[1.286s] Level 1:colcon.colcon_core.environment:create_environment_scripts_only(buddy_arm_bringup)
[1.287s] DEBUG:colcon.colcon_core.event_handler.log_command:Invoked command in '/home/primerobotics/BuddyArm/build/buddy_arm_bringup' returned '0': CMAKE_PREFIX_PATH=/opt/ros/humble /usr/bin/cmake --install /home/primerobotics/BuddyArm/build/buddy_arm_bringup
[1.304s] Level 1:colcon.colcon_core.environment:checking '/home/primerobotics/BuddyArm/install/buddy_arm_bringup' for CMake module files
[1.306s] Level 1:colcon.colcon_core.environment:checking '/home/primerobotics/BuddyArm/install/buddy_arm_bringup' for CMake config files
[1.306s] Level 1:colcon.colcon_core.shell:create_environment_hook('buddy_arm_bringup', 'cmake_prefix_path')
[1.307s] INFO:colcon.colcon_core.shell:Creating environment hook '/home/primerobotics/BuddyArm/install/buddy_arm_bringup/share/buddy_arm_bringup/hook/cmake_prefix_path.ps1'
[1.309s] INFO:colcon.colcon_core.shell:Creating environment descriptor '/home/primerobotics/BuddyArm/install/buddy_arm_bringup/share/buddy_arm_bringup/hook/cmake_prefix_path.dsv'
[1.312s] INFO:colcon.colcon_core.shell:Creating environment hook '/home/primerobotics/BuddyArm/install/buddy_arm_bringup/share/buddy_arm_bringup/hook/cmake_prefix_path.sh'
[1.317s] Level 1:colcon.colcon_core.environment:checking '/home/primerobotics/BuddyArm/install/buddy_arm_bringup/bin'
[1.318s] Level 1:colcon.colcon_core.environment:checking '/home/primerobotics/BuddyArm/install/buddy_arm_bringup/lib/pkgconfig/buddy_arm_bringup.pc'
[1.318s] Level 1:colcon.colcon_core.environment:checking '/home/primerobotics/BuddyArm/install/buddy_arm_bringup/lib/python3.10/site-packages'
[1.319s] Level 1:colcon.colcon_core.environment:checking '/home/primerobotics/BuddyArm/install/buddy_arm_bringup/bin'
[1.322s] INFO:colcon.colcon_core.shell:Creating package script '/home/primerobotics/BuddyArm/install/buddy_arm_bringup/share/buddy_arm_bringup/package.ps1'
[1.327s] INFO:colcon.colcon_core.shell:Creating package descriptor '/home/primerobotics/BuddyArm/install/buddy_arm_bringup/share/buddy_arm_bringup/package.dsv'
[1.328s] INFO:colcon.colcon_core.shell:Creating package script '/home/primerobotics/BuddyArm/install/buddy_arm_bringup/share/buddy_arm_bringup/package.sh'
[1.331s] INFO:colcon.colcon_core.shell:Creating package script '/home/primerobotics/BuddyArm/install/buddy_arm_bringup/share/buddy_arm_bringup/package.bash'
[1.333s] INFO:colcon.colcon_core.shell:Creating package script '/home/primerobotics/BuddyArm/install/buddy_arm_bringup/share/buddy_arm_bringup/package.zsh'
[1.334s] Level 1:colcon.colcon_core.environment:create_file_with_runtime_dependencies(/home/primerobotics/BuddyArm/install/buddy_arm_bringup/share/colcon-core/packages/buddy_arm_bringup)
[1.338s] Level 1:colcon.colcon_core.environment:create_environment_scripts_only(buddy_arm_description)
[1.338s] Level 1:colcon.colcon_core.environment:checking '/home/primerobotics/BuddyArm/install/buddy_arm_description' for CMake module files
[1.339s] Level 1:colcon.colcon_core.environment:checking '/home/primerobotics/BuddyArm/install/buddy_arm_description' for CMake config files
[1.340s] Level 1:colcon.colcon_core.shell:create_environment_hook('buddy_arm_description', 'cmake_prefix_path')
[1.340s] INFO:colcon.colcon_core.shell:Creating environment hook '/home/primerobotics/BuddyArm/install/buddy_arm_description/share/buddy_arm_description/hook/cmake_prefix_path.ps1'
[1.341s] DEBUG:colcon.colcon_core.event_handler.log_command:Invoked command in '/home/primerobotics/BuddyArm/build/buddy_arm_description' returned '0': CMAKE_PREFIX_PATH=/opt/ros/humble /usr/bin/cmake --install /home/primerobotics/BuddyArm/build/buddy_arm_description
[1.342s] INFO:colcon.colcon_core.shell:Creating environment descriptor '/home/primerobotics/BuddyArm/install/buddy_arm_description/share/buddy_arm_description/hook/cmake_prefix_path.dsv'
[1.343s] INFO:colcon.colcon_core.shell:Creating environment hook '/home/primerobotics/BuddyArm/install/buddy_arm_description/share/buddy_arm_description/hook/cmake_prefix_path.sh'
[1.347s] Level 1:colcon.colcon_core.environment:checking '/home/primerobotics/BuddyArm/install/buddy_arm_description/bin'
[1.348s] Level 1:colcon.colcon_core.environment:checking '/home/primerobotics/BuddyArm/install/buddy_arm_description/lib/pkgconfig/buddy_arm_description.pc'
[1.348s] Level 1:colcon.colcon_core.environment:checking '/home/primerobotics/BuddyArm/install/buddy_arm_description/lib/python3.10/site-packages'
[1.349s] Level 1:colcon.colcon_core.environment:checking '/home/primerobotics/BuddyArm/install/buddy_arm_description/bin'
[1.350s] INFO:colcon.colcon_core.shell:Creating package script '/home/primerobotics/BuddyArm/install/buddy_arm_description/share/buddy_arm_description/package.ps1'
[1.351s] INFO:colcon.colcon_core.shell:Creating package descriptor '/home/primerobotics/BuddyArm/install/buddy_arm_description/share/buddy_arm_description/package.dsv'
[1.354s] INFO:colcon.colcon_core.shell:Creating package script '/home/primerobotics/BuddyArm/install/buddy_arm_description/share/buddy_arm_description/package.sh'
[1.357s] INFO:colcon.colcon_core.shell:Creating package script '/home/primerobotics/BuddyArm/install/buddy_arm_description/share/buddy_arm_description/package.bash'
[1.358s] INFO:colcon.colcon_core.shell:Creating package script '/home/primerobotics/BuddyArm/install/buddy_arm_description/share/buddy_arm_description/package.zsh'
[1.362s] Level 1:colcon.colcon_core.environment:create_file_with_runtime_dependencies(/home/primerobotics/BuddyArm/install/buddy_arm_description/share/colcon-core/packages/buddy_arm_description)
[1.423s] Level 1:colcon.colcon_core.environment:create_environment_scripts_only(buddy_arm_bringup)
[1.424s] Level 1:colcon.colcon_core.environment:checking '/home/primerobotics/BuddyArm/install/buddy_arm_bringup' for CMake module files
[1.427s] Level 1:colcon.colcon_core.environment:checking '/home/primerobotics/BuddyArm/install/buddy_arm_bringup' for CMake config files
[1.429s] Level 1:colcon.colcon_core.shell:create_environment_hook('buddy_arm_bringup', 'cmake_prefix_path')
[1.432s] INFO:colcon.colcon_core.shell:Creating environment hook '/home/primerobotics/BuddyArm/install/buddy_arm_bringup/share/buddy_arm_bringup/hook/cmake_prefix_path.ps1'
[1.435s] INFO:colcon.colcon_core.shell:Creating environment descriptor '/home/primerobotics/BuddyArm/install/buddy_arm_bringup/share/buddy_arm_bringup/hook/cmake_prefix_path.dsv'
[1.438s] INFO:colcon.colcon_core.shell:Creating environment hook '/home/primerobotics/BuddyArm/install/buddy_arm_bringup/share/buddy_arm_bringup/hook/cmake_prefix_path.sh'
[1.441s] Level 1:colcon.colcon_core.environment:checking '/home/primerobotics/BuddyArm/install/buddy_arm_bringup/bin'
[1.442s] Level 1:colcon.colcon_core.environment:checking '/home/primerobotics/BuddyArm/install/buddy_arm_bringup/lib/pkgconfig/buddy_arm_bringup.pc'
[1.443s] Level 1:colcon.colcon_core.environment:checking '/home/primerobotics/BuddyArm/install/buddy_arm_bringup/lib/python3.10/site-packages'
[1.445s] Level 1:colcon.colcon_core.environment:checking '/home/primerobotics/BuddyArm/install/buddy_arm_bringup/bin'
[1.446s] INFO:colcon.colcon_core.shell:Creating package script '/home/primerobotics/BuddyArm/install/buddy_arm_bringup/share/buddy_arm_bringup/package.ps1'
[1.449s] INFO:colcon.colcon_core.shell:Creating package descriptor '/home/primerobotics/BuddyArm/install/buddy_arm_bringup/share/buddy_arm_bringup/package.dsv'
[1.452s] INFO:colcon.colcon_core.shell:Creating package script '/home/primerobotics/BuddyArm/install/buddy_arm_bringup/share/buddy_arm_bringup/package.sh'
[1.454s] INFO:colcon.colcon_core.shell:Creating package script '/home/primerobotics/BuddyArm/install/buddy_arm_bringup/share/buddy_arm_bringup/package.bash'
[1.457s] INFO:colcon.colcon_core.shell:Creating package script '/home/primerobotics/BuddyArm/install/buddy_arm_bringup/share/buddy_arm_bringup/package.zsh'
[1.459s] Level 1:colcon.colcon_core.environment:create_file_with_runtime_dependencies(/home/primerobotics/BuddyArm/install/buddy_arm_bringup/share/colcon-core/packages/buddy_arm_bringup)
[1.462s] INFO:colcon.colcon_ros.task.ament_cmake.build:Building ROS package in '/home/primerobotics/BuddyArm/src/buddy_arm_moveit' with build type 'ament_cmake'
[1.463s] INFO:colcon.colcon_cmake.task.cmake.build:Building CMake package in '/home/primerobotics/BuddyArm/src/buddy_arm_moveit'
[1.464s] INFO:colcon.colcon_core.shell:Skip shell extension 'powershell' for command environment: Not usable outside of PowerShell
[1.465s] DEBUG:colcon.colcon_core.shell:Skip shell extension 'dsv' for command environment
[1.480s] Level 1:colcon.colcon_core.environment:create_environment_scripts_only(buddy_arm_description)
[1.481s] Level 1:colcon.colcon_core.environment:checking '/home/primerobotics/BuddyArm/install/buddy_arm_description' for CMake module files
[1.483s] Level 1:colcon.colcon_core.environment:checking '/home/primerobotics/BuddyArm/install/buddy_arm_description' for CMake config files
[1.484s] Level 1:colcon.colcon_core.shell:create_environment_hook('buddy_arm_description', 'cmake_prefix_path')
[1.485s] INFO:colcon.colcon_core.shell:Creating environment hook '/home/primerobotics/BuddyArm/install/buddy_arm_description/share/buddy_arm_description/hook/cmake_prefix_path.ps1'
[1.487s] INFO:colcon.colcon_core.shell:Creating environment descriptor '/home/primerobotics/BuddyArm/install/buddy_arm_description/share/buddy_arm_description/hook/cmake_prefix_path.dsv'
[1.490s] INFO:colcon.colcon_core.shell:Creating environment hook '/home/primerobotics/BuddyArm/install/buddy_arm_description/share/buddy_arm_description/hook/cmake_prefix_path.sh'
[1.499s] Level 1:colcon.colcon_core.environment:checking '/home/primerobotics/BuddyArm/install/buddy_arm_description/bin'
[1.499s] Level 1:colcon.colcon_core.environment:checking '/home/primerobotics/BuddyArm/install/buddy_arm_description/lib/pkgconfig/buddy_arm_description.pc'
[1.500s] Level 1:colcon.colcon_core.environment:checking '/home/primerobotics/BuddyArm/install/buddy_arm_description/lib/python3.10/site-packages'
[1.501s] Level 1:colcon.colcon_core.environment:checking '/home/primerobotics/BuddyArm/install/buddy_arm_description/bin'
[1.502s] INFO:colcon.colcon_core.shell:Creating package script '/home/primerobotics/BuddyArm/install/buddy_arm_description/share/buddy_arm_description/package.ps1'
[1.503s] INFO:colcon.colcon_core.shell:Creating package descriptor '/home/primerobotics/BuddyArm/install/buddy_arm_description/share/buddy_arm_description/package.dsv'
[1.504s] INFO:colcon.colcon_core.shell:Creating package script '/home/primerobotics/BuddyArm/install/buddy_arm_description/share/buddy_arm_description/package.sh'
[1.505s] INFO:colcon.colcon_core.shell:Creating package script '/home/primerobotics/BuddyArm/install/buddy_arm_description/share/buddy_arm_description/package.bash'
[1.505s] INFO:colcon.colcon_core.shell:Creating package script '/home/primerobotics/BuddyArm/install/buddy_arm_description/share/buddy_arm_description/package.zsh'
[1.506s] Level 1:colcon.colcon_core.environment:create_file_with_runtime_dependencies(/home/primerobotics/BuddyArm/install/buddy_arm_description/share/colcon-core/packages/buddy_arm_description)
[1.509s] INFO:colcon.colcon_ros.task.ament_cmake.build:Building ROS package in '/home/primerobotics/BuddyArm/src/buddy_firmware' with build type 'ament_cmake'
[1.509s] INFO:colcon.colcon_cmake.task.cmake.build:Building CMake package in '/home/primerobotics/BuddyArm/src/buddy_firmware'
[1.511s] INFO:colcon.colcon_core.shell:Skip shell extension 'powershell' for command environment: Not usable outside of PowerShell
[1.511s] DEBUG:colcon.colcon_core.shell:Skip shell extension 'dsv' for command environment
[1.533s] DEBUG:colcon.colcon_core.event_handler.log_command:Invoking command in '/home/primerobotics/BuddyArm/build/buddy_arm_moveit': CMAKE_PREFIX_PATH=/opt/ros/humble /usr/bin/cmake --build /home/primerobotics/BuddyArm/build/buddy_arm_moveit -- -j3 -l3
[1.551s] DEBUG:colcon.colcon_core.event_handler.log_command:Invoking command in '/home/primerobotics/BuddyArm/build/buddy_firmware': CMAKE_PREFIX_PATH=/opt/ros/humble /usr/bin/cmake --build /home/primerobotics/BuddyArm/build/buddy_firmware -- -j3 -l3
[1.632s] DEBUG:colcon.colcon_core.event_handler.log_command:Invoked command in '/home/primerobotics/BuddyArm/build/buddy_arm_moveit' returned '0': CMAKE_PREFIX_PATH=/opt/ros/humble /usr/bin/cmake --build /home/primerobotics/BuddyArm/build/buddy_arm_moveit -- -j3 -l3
[1.656s] DEBUG:colcon.colcon_core.event_handler.log_command:Invoked command in '/home/primerobotics/BuddyArm/build/buddy_firmware' returned '0': CMAKE_PREFIX_PATH=/opt/ros/humble /usr/bin/cmake --build /home/primerobotics/BuddyArm/build/buddy_firmware -- -j3 -l3
[1.682s] DEBUG:colcon.colcon_core.event_handler.log_command:Invoking command in '/home/primerobotics/BuddyArm/build/buddy_arm_moveit': CMAKE_PREFIX_PATH=/opt/ros/humble /usr/bin/cmake --install /home/primerobotics/BuddyArm/build/buddy_arm_moveit
[1.715s] DEBUG:colcon.colcon_core.event_handler.log_command:Invoking command in '/home/primerobotics/BuddyArm/build/buddy_firmware': CMAKE_PREFIX_PATH=/opt/ros/humble /usr/bin/cmake --install /home/primerobotics/BuddyArm/build/buddy_firmware
[1.769s] Level 1:colcon.colcon_core.environment:create_environment_scripts_only(buddy_arm_moveit)
[1.770s] Level 1:colcon.colcon_core.environment:checking '/home/primerobotics/BuddyArm/install/buddy_arm_moveit' for CMake module files
[1.773s] DEBUG:colcon.colcon_core.event_handler.log_command:Invoked command in '/home/primerobotics/BuddyArm/build/buddy_arm_moveit' returned '0': CMAKE_PREFIX_PATH=/opt/ros/humble /usr/bin/cmake --install /home/primerobotics/BuddyArm/build/buddy_arm_moveit
[1.774s] Level 1:colcon.colcon_core.environment:checking '/home/primerobotics/BuddyArm/install/buddy_arm_moveit' for CMake config files
[1.775s] Level 1:colcon.colcon_core.shell:create_environment_hook('buddy_arm_moveit', 'cmake_prefix_path')
[1.775s] INFO:colcon.colcon_core.shell:Creating environment hook '/home/primerobotics/BuddyArm/install/buddy_arm_moveit/share/buddy_arm_moveit/hook/cmake_prefix_path.ps1'
[1.776s] INFO:colcon.colcon_core.shell:Creating environment descriptor '/home/primerobotics/BuddyArm/install/buddy_arm_moveit/share/buddy_arm_moveit/hook/cmake_prefix_path.dsv'
[1.777s] INFO:colcon.colcon_core.shell:Creating environment hook '/home/primerobotics/BuddyArm/install/buddy_arm_moveit/share/buddy_arm_moveit/hook/cmake_prefix_path.sh'
[1.778s] Level 1:colcon.colcon_core.environment:checking '/home/primerobotics/BuddyArm/install/buddy_arm_moveit/bin'
[1.779s] Level 1:colcon.colcon_core.environment:checking '/home/primerobotics/BuddyArm/install/buddy_arm_moveit/lib/pkgconfig/buddy_arm_moveit.pc'
[1.779s] Level 1:colcon.colcon_core.environment:checking '/home/primerobotics/BuddyArm/install/buddy_arm_moveit/lib/python3.10/site-packages'
[1.780s] Level 1:colcon.colcon_core.environment:checking '/home/primerobotics/BuddyArm/install/buddy_arm_moveit/bin'
[1.785s] INFO:colcon.colcon_core.shell:Creating package script '/home/primerobotics/BuddyArm/install/buddy_arm_moveit/share/buddy_arm_moveit/package.ps1'
[1.787s] INFO:colcon.colcon_core.shell:Creating package descriptor '/home/primerobotics/BuddyArm/install/buddy_arm_moveit/share/buddy_arm_moveit/package.dsv'
[1.788s] INFO:colcon.colcon_core.shell:Creating package script '/home/primerobotics/BuddyArm/install/buddy_arm_moveit/share/buddy_arm_moveit/package.sh'
[1.789s] INFO:colcon.colcon_core.shell:Creating package script '/home/primerobotics/BuddyArm/install/buddy_arm_moveit/share/buddy_arm_moveit/package.bash'
[1.790s] INFO:colcon.colcon_core.shell:Creating package script '/home/primerobotics/BuddyArm/install/buddy_arm_moveit/share/buddy_arm_moveit/package.zsh'
[1.791s] Level 1:colcon.colcon_core.environment:create_file_with_runtime_dependencies(/home/primerobotics/BuddyArm/install/buddy_arm_moveit/share/colcon-core/packages/buddy_arm_moveit)
[1.794s] Level 1:colcon.colcon_core.environment:create_environment_scripts_only(buddy_firmware)
[1.795s] Level 1:colcon.colcon_core.environment:checking '/home/primerobotics/BuddyArm/install/buddy_firmware' for CMake module files
[1.797s] Level 1:colcon.colcon_core.environment:checking '/home/primerobotics/BuddyArm/install/buddy_firmware' for CMake config files
[1.797s] DEBUG:colcon.colcon_core.event_handler.log_command:Invoked command in '/home/primerobotics/BuddyArm/build/buddy_firmware' returned '0': CMAKE_PREFIX_PATH=/opt/ros/humble /usr/bin/cmake --install /home/primerobotics/BuddyArm/build/buddy_firmware
[1.798s] Level 1:colcon.colcon_core.shell:create_environment_hook('buddy_firmware', 'cmake_prefix_path')
[1.799s] INFO:colcon.colcon_core.shell:Creating environment hook '/home/primerobotics/BuddyArm/install/buddy_firmware/share/buddy_firmware/hook/cmake_prefix_path.ps1'
[1.800s] INFO:colcon.colcon_core.shell:Creating environment descriptor '/home/primerobotics/BuddyArm/install/buddy_firmware/share/buddy_firmware/hook/cmake_prefix_path.dsv'
[1.806s] INFO:colcon.colcon_core.shell:Creating environment hook '/home/primerobotics/BuddyArm/install/buddy_firmware/share/buddy_firmware/hook/cmake_prefix_path.sh'
[1.808s] Level 1:colcon.colcon_core.environment:checking '/home/primerobotics/BuddyArm/install/buddy_firmware/bin'
[1.809s] Level 1:colcon.colcon_core.environment:checking '/home/primerobotics/BuddyArm/install/buddy_firmware/lib/pkgconfig/buddy_firmware.pc'
[1.809s] Level 1:colcon.colcon_core.environment:checking '/home/primerobotics/BuddyArm/install/buddy_firmware/lib/python3.10/site-packages'
[1.810s] Level 1:colcon.colcon_core.environment:checking '/home/primerobotics/BuddyArm/install/buddy_firmware/bin'
[1.811s] INFO:colcon.colcon_core.shell:Creating package script '/home/primerobotics/BuddyArm/install/buddy_firmware/share/buddy_firmware/package.ps1'
[1.815s] INFO:colcon.colcon_core.shell:Creating package descriptor '/home/primerobotics/BuddyArm/install/buddy_firmware/share/buddy_firmware/package.dsv'
[1.817s] INFO:colcon.colcon_core.shell:Creating package script '/home/primerobotics/BuddyArm/install/buddy_firmware/share/buddy_firmware/package.sh'
[1.818s] INFO:colcon.colcon_core.shell:Creating package script '/home/primerobotics/BuddyArm/install/buddy_firmware/share/buddy_firmware/package.bash'
[1.821s] INFO:colcon.colcon_core.shell:Creating package script '/home/primerobotics/BuddyArm/install/buddy_firmware/share/buddy_firmware/package.zsh'
[1.823s] Level 1:colcon.colcon_core.environment:create_file_with_runtime_dependencies(/home/primerobotics/BuddyArm/install/buddy_firmware/share/colcon-core/packages/buddy_firmware)
[1.857s] Level 1:colcon.colcon_core.environment:create_environment_scripts_only(buddy_arm_moveit)
[1.858s] Level 1:colcon.colcon_core.environment:checking '/home/primerobotics/BuddyArm/install/buddy_arm_moveit' for CMake module files
[1.859s] Level 1:colcon.colcon_core.environment:checking '/home/primerobotics/BuddyArm/install/buddy_arm_moveit' for CMake config files
[1.860s] Level 1:colcon.colcon_core.shell:create_environment_hook('buddy_arm_moveit', 'cmake_prefix_path')
[1.861s] INFO:colcon.colcon_core.shell:Creating environment hook '/home/primerobotics/BuddyArm/install/buddy_arm_moveit/share/buddy_arm_moveit/hook/cmake_prefix_path.ps1'
[1.863s] INFO:colcon.colcon_core.shell:Creating environment descriptor '/home/primerobotics/BuddyArm/install/buddy_arm_moveit/share/buddy_arm_moveit/hook/cmake_prefix_path.dsv'
[1.865s] INFO:colcon.colcon_core.shell:Creating environment hook '/home/primerobotics/BuddyArm/install/buddy_arm_moveit/share/buddy_arm_moveit/hook/cmake_prefix_path.sh'
[1.867s] Level 1:colcon.colcon_core.environment:checking '/home/primerobotics/BuddyArm/install/buddy_arm_moveit/bin'
[1.867s] Level 1:colcon.colcon_core.environment:checking '/home/primerobotics/BuddyArm/install/buddy_arm_moveit/lib/pkgconfig/buddy_arm_moveit.pc'
[1.868s] Level 1:colcon.colcon_core.environment:checking '/home/primerobotics/BuddyArm/install/buddy_arm_moveit/lib/python3.10/site-packages'
[1.869s] Level 1:colcon.colcon_core.environment:checking '/home/primerobotics/BuddyArm/install/buddy_arm_moveit/bin'
[1.870s] INFO:colcon.colcon_core.shell:Creating package script '/home/primerobotics/BuddyArm/install/buddy_arm_moveit/share/buddy_arm_moveit/package.ps1'
[1.879s] INFO:colcon.colcon_core.shell:Creating package descriptor '/home/primerobotics/BuddyArm/install/buddy_arm_moveit/share/buddy_arm_moveit/package.dsv'
[1.879s] INFO:colcon.colcon_core.shell:Creating package script '/home/primerobotics/BuddyArm/install/buddy_arm_moveit/share/buddy_arm_moveit/package.sh'
[1.880s] INFO:colcon.colcon_core.shell:Creating package script '/home/primerobotics/BuddyArm/install/buddy_arm_moveit/share/buddy_arm_moveit/package.bash'
[1.883s] INFO:colcon.colcon_core.shell:Creating package script '/home/primerobotics/BuddyArm/install/buddy_arm_moveit/share/buddy_arm_moveit/package.zsh'
[1.885s] Level 1:colcon.colcon_core.environment:create_file_with_runtime_dependencies(/home/primerobotics/BuddyArm/install/buddy_arm_moveit/share/colcon-core/packages/buddy_arm_moveit)
[1.886s] INFO:colcon.colcon_ros.task.ament_cmake.build:Building ROS package in '/home/primerobotics/BuddyArm/src/buddy_functionalities' with build type 'ament_cmake'
[1.887s] INFO:colcon.colcon_cmake.task.cmake.build:Building CMake package in '/home/primerobotics/BuddyArm/src/buddy_functionalities'
[1.887s] INFO:colcon.colcon_core.shell:Skip shell extension 'powershell' for command environment: Not usable outside of PowerShell
[1.888s] DEBUG:colcon.colcon_core.shell:Skip shell extension 'dsv' for command environment
[1.896s] Level 1:colcon.colcon_core.environment:create_environment_scripts_only(buddy_firmware)
[1.897s] Level 1:colcon.colcon_core.environment:checking '/home/primerobotics/BuddyArm/install/buddy_firmware' for CMake module files
[1.898s] Level 1:colcon.colcon_core.environment:checking '/home/primerobotics/BuddyArm/install/buddy_firmware' for CMake config files
[1.899s] Level 1:colcon.colcon_core.shell:create_environment_hook('buddy_firmware', 'cmake_prefix_path')
[1.899s] INFO:colcon.colcon_core.shell:Creating environment hook '/home/primerobotics/BuddyArm/install/buddy_firmware/share/buddy_firmware/hook/cmake_prefix_path.ps1'
[1.900s] INFO:colcon.colcon_core.shell:Creating environment descriptor '/home/primerobotics/BuddyArm/install/buddy_firmware/share/buddy_firmware/hook/cmake_prefix_path.dsv'
[1.901s] INFO:colcon.colcon_core.shell:Creating environment hook '/home/primerobotics/BuddyArm/install/buddy_firmware/share/buddy_firmware/hook/cmake_prefix_path.sh'
[1.902s] Level 1:colcon.colcon_core.environment:checking '/home/primerobotics/BuddyArm/install/buddy_firmware/bin'
[1.903s] Level 1:colcon.colcon_core.environment:checking '/home/primerobotics/BuddyArm/install/buddy_firmware/lib/pkgconfig/buddy_firmware.pc'
[1.906s] Level 1:colcon.colcon_core.environment:checking '/home/primerobotics/BuddyArm/install/buddy_firmware/lib/python3.10/site-packages'
[1.907s] Level 1:colcon.colcon_core.environment:checking '/home/primerobotics/BuddyArm/install/buddy_firmware/bin'
[1.908s] INFO:colcon.colcon_core.shell:Creating package script '/home/primerobotics/BuddyArm/install/buddy_firmware/share/buddy_firmware/package.ps1'
[1.909s] INFO:colcon.colcon_core.shell:Creating package descriptor '/home/primerobotics/BuddyArm/install/buddy_firmware/share/buddy_firmware/package.dsv'
[1.912s] INFO:colcon.colcon_core.shell:Creating package script '/home/primerobotics/BuddyArm/install/buddy_firmware/share/buddy_firmware/package.sh'
[1.914s] INFO:colcon.colcon_core.shell:Creating package script '/home/primerobotics/BuddyArm/install/buddy_firmware/share/buddy_firmware/package.bash'
[1.915s] INFO:colcon.colcon_core.shell:Creating package script '/home/primerobotics/BuddyArm/install/buddy_firmware/share/buddy_firmware/package.zsh'
[1.916s] Level 1:colcon.colcon_core.environment:create_file_with_runtime_dependencies(/home/primerobotics/BuddyArm/install/buddy_firmware/share/colcon-core/packages/buddy_firmware)
[1.932s] DEBUG:colcon.colcon_core.event_handler.log_command:Invoking command in '/home/primerobotics/BuddyArm/build/buddy_functionalities': CMAKE_PREFIX_PATH=/opt/ros/humble /usr/bin/cmake --build /home/primerobotics/BuddyArm/build/buddy_functionalities -- -j3 -l3
[2.203s] DEBUG:colcon.colcon_core.event_handler.log_command:Invoked command in '/home/primerobotics/BuddyArm/build/buddy_functionalities' returned '0': CMAKE_PREFIX_PATH=/opt/ros/humble /usr/bin/cmake --build /home/primerobotics/BuddyArm/build/buddy_functionalities -- -j3 -l3
[2.227s] DEBUG:colcon.colcon_core.event_handler.log_command:Invoked command in '/home/primerobotics/BuddyArm/build/arm_controller' returned '0': CMAKE_PREFIX_PATH=/opt/ros/humble /usr/bin/cmake --build /home/primerobotics/BuddyArm/build/arm_controller -- -j3 -l3
[2.253s] DEBUG:colcon.colcon_core.event_handler.log_command:Invoking command in '/home/primerobotics/BuddyArm/build/buddy_functionalities': CMAKE_PREFIX_PATH=/opt/ros/humble /usr/bin/cmake --install /home/primerobotics/BuddyArm/build/buddy_functionalities
[2.303s] DEBUG:colcon.colcon_core.event_handler.log_command:Invoking command in '/home/primerobotics/BuddyArm/build/arm_controller': CMAKE_PREFIX_PATH=/opt/ros/humble /usr/bin/cmake --install /home/primerobotics/BuddyArm/build/arm_controller
[2.307s] Level 1:colcon.colcon_core.environment:create_environment_scripts_only(buddy_functionalities)
[2.308s] Level 1:colcon.colcon_core.environment:checking '/home/primerobotics/BuddyArm/install/buddy_functionalities' for CMake module files
[2.309s] Level 1:colcon.colcon_core.environment:checking '/home/primerobotics/BuddyArm/install/buddy_functionalities' for CMake config files
[2.310s] Level 1:colcon.colcon_core.shell:create_environment_hook('buddy_functionalities', 'cmake_prefix_path')
[2.311s] INFO:colcon.colcon_core.shell:Creating environment hook '/home/primerobotics/BuddyArm/install/buddy_functionalities/share/buddy_functionalities/hook/cmake_prefix_path.ps1'
[2.312s] INFO:colcon.colcon_core.shell:Creating environment descriptor '/home/primerobotics/BuddyArm/install/buddy_functionalities/share/buddy_functionalities/hook/cmake_prefix_path.dsv'
[2.315s] DEBUG:colcon.colcon_core.event_handler.log_command:Invoked command in '/home/primerobotics/BuddyArm/build/buddy_functionalities' returned '0': CMAKE_PREFIX_PATH=/opt/ros/humble /usr/bin/cmake --install /home/primerobotics/BuddyArm/build/buddy_functionalities
[2.316s] INFO:colcon.colcon_core.shell:Creating environment hook '/home/primerobotics/BuddyArm/install/buddy_functionalities/share/buddy_functionalities/hook/cmake_prefix_path.sh'
[2.318s] Level 1:colcon.colcon_core.environment:checking '/home/primerobotics/BuddyArm/install/buddy_functionalities/lib'
[2.319s] Level 1:colcon.colcon_core.environment:checking '/home/primerobotics/BuddyArm/install/buddy_functionalities/bin'
[2.319s] Level 1:colcon.colcon_core.environment:checking '/home/primerobotics/BuddyArm/install/buddy_functionalities/lib/pkgconfig/buddy_functionalities.pc'
[2.319s] Level 1:colcon.colcon_core.environment:checking '/home/primerobotics/BuddyArm/install/buddy_functionalities/lib/python3.10/site-packages'
[2.320s] Level 1:colcon.colcon_core.environment:checking '/home/primerobotics/BuddyArm/install/buddy_functionalities/bin'
[2.321s] INFO:colcon.colcon_core.shell:Creating package script '/home/primerobotics/BuddyArm/install/buddy_functionalities/share/buddy_functionalities/package.ps1'
[2.322s] INFO:colcon.colcon_core.shell:Creating package descriptor '/home/primerobotics/BuddyArm/install/buddy_functionalities/share/buddy_functionalities/package.dsv'
[2.324s] INFO:colcon.colcon_core.shell:Creating package script '/home/primerobotics/BuddyArm/install/buddy_functionalities/share/buddy_functionalities/package.sh'
[2.326s] INFO:colcon.colcon_core.shell:Creating package script '/home/primerobotics/BuddyArm/install/buddy_functionalities/share/buddy_functionalities/package.bash'
[2.329s] INFO:colcon.colcon_core.shell:Creating package script '/home/primerobotics/BuddyArm/install/buddy_functionalities/share/buddy_functionalities/package.zsh'
[2.330s] Level 1:colcon.colcon_core.environment:create_file_with_runtime_dependencies(/home/primerobotics/BuddyArm/install/buddy_functionalities/share/colcon-core/packages/buddy_functionalities)
[2.424s] Level 1:colcon.colcon_core.environment:create_environment_scripts_only(buddy_functionalities)
[2.424s] Level 1:colcon.colcon_core.environment:checking '/home/primerobotics/BuddyArm/install/buddy_functionalities' for CMake module files
[2.425s] Level 1:colcon.colcon_core.environment:checking '/home/primerobotics/BuddyArm/install/buddy_functionalities' for CMake config files
[2.426s] Level 1:colcon.colcon_core.shell:create_environment_hook('buddy_functionalities', 'cmake_prefix_path')
[2.426s] INFO:colcon.colcon_core.shell:Creating environment hook '/home/primerobotics/BuddyArm/install/buddy_functionalities/share/buddy_functionalities/hook/cmake_prefix_path.ps1'
[2.427s] INFO:colcon.colcon_core.shell:Creating environment descriptor '/home/primerobotics/BuddyArm/install/buddy_functionalities/share/buddy_functionalities/hook/cmake_prefix_path.dsv'
[2.428s] INFO:colcon.colcon_core.shell:Creating environment hook '/home/primerobotics/BuddyArm/install/buddy_functionalities/share/buddy_functionalities/hook/cmake_prefix_path.sh'
[2.429s] Level 1:colcon.colcon_core.environment:checking '/home/primerobotics/BuddyArm/install/buddy_functionalities/lib'
[2.429s] Level 1:colcon.colcon_core.environment:checking '/home/primerobotics/BuddyArm/install/buddy_functionalities/bin'
[2.430s] Level 1:colcon.colcon_core.environment:checking '/home/primerobotics/BuddyArm/install/buddy_functionalities/lib/pkgconfig/buddy_functionalities.pc'
[2.430s] Level 1:colcon.colcon_core.environment:checking '/home/primerobotics/BuddyArm/install/buddy_functionalities/lib/python3.10/site-packages'
[2.431s] Level 1:colcon.colcon_core.environment:checking '/home/primerobotics/BuddyArm/install/buddy_functionalities/bin'
[2.432s] INFO:colcon.colcon_core.shell:Creating package script '/home/primerobotics/BuddyArm/install/buddy_functionalities/share/buddy_functionalities/package.ps1'
[2.434s] INFO:colcon.colcon_core.shell:Creating package descriptor '/home/primerobotics/BuddyArm/install/buddy_functionalities/share/buddy_functionalities/package.dsv'
[2.439s] INFO:colcon.colcon_core.shell:Creating package script '/home/primerobotics/BuddyArm/install/buddy_functionalities/share/buddy_functionalities/package.sh'
[2.440s] INFO:colcon.colcon_core.shell:Creating package script '/home/primerobotics/BuddyArm/install/buddy_functionalities/share/buddy_functionalities/package.bash'
[2.442s] INFO:colcon.colcon_core.shell:Creating package script '/home/primerobotics/BuddyArm/install/buddy_functionalities/share/buddy_functionalities/package.zsh'
[2.443s] Level 1:colcon.colcon_core.environment:create_file_with_runtime_dependencies(/home/primerobotics/BuddyArm/install/buddy_functionalities/share/colcon-core/packages/buddy_functionalities)
[2.489s] Level 1:colcon.colcon_core.environment:create_environment_scripts_only(arm_controller)
[2.490s] Level 1:colcon.colcon_core.environment:checking '/home/primerobotics/BuddyArm/install/arm_controller' for CMake module files
[2.493s] DEBUG:colcon.colcon_core.event_handler.log_command:Invoked command in '/home/primerobotics/BuddyArm/build/arm_controller' returned '0': CMAKE_PREFIX_PATH=/opt/ros/humble /usr/bin/cmake --install /home/primerobotics/BuddyArm/build/arm_controller
[2.495s] Level 1:colcon.colcon_core.environment:checking '/home/primerobotics/BuddyArm/install/arm_controller' for CMake config files
[2.496s] Level 1:colcon.colcon_core.shell:create_environment_hook('arm_controller', 'cmake_prefix_path')
[2.497s] INFO:colcon.colcon_core.shell:Creating environment hook '/home/primerobotics/BuddyArm/install/arm_controller/share/arm_controller/hook/cmake_prefix_path.ps1'
[2.499s] INFO:colcon.colcon_core.shell:Creating environment descriptor '/home/primerobotics/BuddyArm/install/arm_controller/share/arm_controller/hook/cmake_prefix_path.dsv'
[2.500s] INFO:colcon.colcon_core.shell:Creating environment hook '/home/primerobotics/BuddyArm/install/arm_controller/share/arm_controller/hook/cmake_prefix_path.sh'
[2.502s] Level 1:colcon.colcon_core.environment:checking '/home/primerobotics/BuddyArm/install/arm_controller/lib'
[2.503s] Level 1:colcon.colcon_core.shell:create_environment_hook('arm_controller', 'ld_library_path_lib')
[2.504s] INFO:colcon.colcon_core.shell:Creating environment hook '/home/primerobotics/BuddyArm/install/arm_controller/share/arm_controller/hook/ld_library_path_lib.ps1'
[2.505s] INFO:colcon.colcon_core.shell:Creating environment descriptor '/home/primerobotics/BuddyArm/install/arm_controller/share/arm_controller/hook/ld_library_path_lib.dsv'
[2.507s] INFO:colcon.colcon_core.shell:Creating environment hook '/home/primerobotics/BuddyArm/install/arm_controller/share/arm_controller/hook/ld_library_path_lib.sh'
[2.509s] Level 1:colcon.colcon_core.environment:checking '/home/primerobotics/BuddyArm/install/arm_controller/bin'
[2.509s] Level 1:colcon.colcon_core.environment:checking '/home/primerobotics/BuddyArm/install/arm_controller/lib/pkgconfig/arm_controller.pc'
[2.510s] Level 1:colcon.colcon_core.environment:checking '/home/primerobotics/BuddyArm/install/arm_controller/lib/python3.10/site-packages'
[2.511s] Level 1:colcon.colcon_core.environment:checking '/home/primerobotics/BuddyArm/install/arm_controller/bin'
[2.513s] INFO:colcon.colcon_core.shell:Creating package script '/home/primerobotics/BuddyArm/install/arm_controller/share/arm_controller/package.ps1'
[2.516s] INFO:colcon.colcon_core.shell:Creating package descriptor '/home/primerobotics/BuddyArm/install/arm_controller/share/arm_controller/package.dsv'
[2.518s] INFO:colcon.colcon_core.shell:Creating package script '/home/primerobotics/BuddyArm/install/arm_controller/share/arm_controller/package.sh'
[2.520s] INFO:colcon.colcon_core.shell:Creating package script '/home/primerobotics/BuddyArm/install/arm_controller/share/arm_controller/package.bash'
[2.522s] INFO:colcon.colcon_core.shell:Creating package script '/home/primerobotics/BuddyArm/install/arm_controller/share/arm_controller/package.zsh'
[2.523s] Level 1:colcon.colcon_core.environment:create_file_with_runtime_dependencies(/home/primerobotics/BuddyArm/install/arm_controller/share/colcon-core/packages/arm_controller)
[2.565s] Level 1:colcon.colcon_core.environment:create_environment_scripts_only(arm_controller)
[2.566s] Level 1:colcon.colcon_core.environment:checking '/home/primerobotics/BuddyArm/install/arm_controller' for CMake module files
[2.567s] Level 1:colcon.colcon_core.environment:checking '/home/primerobotics/BuddyArm/install/arm_controller' for CMake config files
[2.568s] Level 1:colcon.colcon_core.shell:create_environment_hook('arm_controller', 'cmake_prefix_path')
[2.569s] INFO:colcon.colcon_core.shell:Creating environment hook '/home/primerobotics/BuddyArm/install/arm_controller/share/arm_controller/hook/cmake_prefix_path.ps1'
[2.570s] INFO:colcon.colcon_core.shell:Creating environment descriptor '/home/primerobotics/BuddyArm/install/arm_controller/share/arm_controller/hook/cmake_prefix_path.dsv'
[2.572s] INFO:colcon.colcon_core.shell:Creating environment hook '/home/primerobotics/BuddyArm/install/arm_controller/share/arm_controller/hook/cmake_prefix_path.sh'
[2.574s] Level 1:colcon.colcon_core.environment:checking '/home/primerobotics/BuddyArm/install/arm_controller/lib'
[2.574s] Level 1:colcon.colcon_core.shell:create_environment_hook('arm_controller', 'ld_library_path_lib')
[2.575s] INFO:colcon.colcon_core.shell:Creating environment hook '/home/primerobotics/BuddyArm/install/arm_controller/share/arm_controller/hook/ld_library_path_lib.ps1'
[2.577s] INFO:colcon.colcon_core.shell:Creating environment descriptor '/home/primerobotics/BuddyArm/install/arm_controller/share/arm_controller/hook/ld_library_path_lib.dsv'
[2.580s] INFO:colcon.colcon_core.shell:Creating environment hook '/home/primerobotics/BuddyArm/install/arm_controller/share/arm_controller/hook/ld_library_path_lib.sh'
[2.582s] Level 1:colcon.colcon_core.environment:checking '/home/primerobotics/BuddyArm/install/arm_controller/bin'
[2.582s] Level 1:colcon.colcon_core.environment:checking '/home/primerobotics/BuddyArm/install/arm_controller/lib/pkgconfig/arm_controller.pc'
[2.583s] Level 1:colcon.colcon_core.environment:checking '/home/primerobotics/BuddyArm/install/arm_controller/lib/python3.10/site-packages'
[2.584s] Level 1:colcon.colcon_core.environment:checking '/home/primerobotics/BuddyArm/install/arm_controller/bin'
[2.585s] INFO:colcon.colcon_core.shell:Creating package script '/home/primerobotics/BuddyArm/install/arm_controller/share/arm_controller/package.ps1'
[2.587s] INFO:colcon.colcon_core.shell:Creating package descriptor '/home/primerobotics/BuddyArm/install/arm_controller/share/arm_controller/package.dsv'
[2.589s] INFO:colcon.colcon_core.shell:Creating package script '/home/primerobotics/BuddyArm/install/arm_controller/share/arm_controller/package.sh'
[2.590s] INFO:colcon.colcon_core.shell:Creating package script '/home/primerobotics/BuddyArm/install/arm_controller/share/arm_controller/package.bash'
[2.592s] INFO:colcon.colcon_core.shell:Creating package script '/home/primerobotics/BuddyArm/install/arm_controller/share/arm_controller/package.zsh'
[2.594s] Level 1:colcon.colcon_core.environment:create_file_with_runtime_dependencies(/home/primerobotics/BuddyArm/install/arm_controller/share/colcon-core/packages/arm_controller)
[2.596s] DEBUG:colcon.colcon_parallel_executor.executor.parallel:closing loop
[2.597s] DEBUG:colcon.colcon_parallel_executor.executor.parallel:loop closed
[2.599s] DEBUG:colcon.colcon_parallel_executor.executor.parallel:run_until_complete finished with '0'
[2.599s] DEBUG:colcon.colcon_core.event_reactor:joining thread
[2.624s] INFO:colcon.colcon_core.plugin_system:Skipping extension 'colcon_notification.desktop_notification.terminal_notifier': Not used on non-Darwin systems
[2.624s] INFO:colcon.colcon_core.plugin_system:Skipping extension 'colcon_notification.desktop_notification.win32': Not used on non-Windows systems
[2.625s] INFO:colcon.colcon_notification.desktop_notification:Sending desktop notification using 'notify2'
[2.661s] DEBUG:colcon.colcon_core.event_reactor:joined thread
[2.663s] INFO:colcon.colcon_core.shell:Creating prefix script '/home/primerobotics/BuddyArm/install/local_setup.ps1'
[2.666s] INFO:colcon.colcon_core.shell:Creating prefix util module '/home/primerobotics/BuddyArm/install/_local_setup_util_ps1.py'
[2.672s] INFO:colcon.colcon_core.shell:Creating prefix chain script '/home/primerobotics/BuddyArm/install/setup.ps1'
[2.676s] INFO:colcon.colcon_core.shell:Creating prefix script '/home/primerobotics/BuddyArm/install/local_setup.sh'
[2.685s] INFO:colcon.colcon_core.shell:Creating prefix util module '/home/primerobotics/BuddyArm/install/_local_setup_util_sh.py'
[2.688s] INFO:colcon.colcon_core.shell:Creating prefix chain script '/home/primerobotics/BuddyArm/install/setup.sh'
[2.693s] INFO:colcon.colcon_core.shell:Creating prefix script '/home/primerobotics/BuddyArm/install/local_setup.bash'
[2.697s] INFO:colcon.colcon_core.shell:Creating prefix chain script '/home/primerobotics/BuddyArm/install/setup.bash'
[2.701s] INFO:colcon.colcon_core.shell:Creating prefix script '/home/primerobotics/BuddyArm/install/local_setup.zsh'
[2.704s] INFO:colcon.colcon_core.shell:Creating prefix chain script '/home/primerobotics/BuddyArm/install/setup.zsh'
