[0.034s] Invoking command in '/home/primerobotics/BuddyArm/build/buddy_functionalities': CMAKE_PREFIX_PATH=/opt/ros/humble /usr/bin/cmake --build /home/primerobotics/BuddyArm/build/buddy_functionalities -- -j2 -l2
[0.322s] [ 50%] Built target random_path
[0.334s] [100%] Built target custom_path
[0.367s] Invoked command in '/home/primerobotics/BuddyArm/build/buddy_functionalities' returned '0': CMAKE_PREFIX_PATH=/opt/ros/humble /usr/bin/cmake --build /home/primerobotics/BuddyArm/build/buddy_functionalities -- -j2 -l2
[0.430s] Invoking command in '/home/primerobotics/BuddyArm/build/buddy_functionalities': CMAKE_PREFIX_PATH=/opt/ros/humble /usr/bin/cmake --install /home/primerobotics/BuddyArm/build/buddy_functionalities
[0.443s] -- Install configuration: ""
[0.445s] -- Execute custom install script
[0.446s] -- Up-to-date symlink: /home/primerobotics/BuddyArm/install/buddy_functionalities/lib/buddy_functionalities/random_path
[0.447s] -- Up-to-date symlink: /home/primerobotics/BuddyArm/install/buddy_functionalities/lib/buddy_functionalities/custom_path
[0.448s] -- Up-to-date symlink: /home/primerobotics/BuddyArm/install/buddy_functionalities/share/ament_index/resource_index/package_run_dependencies/buddy_functionalities
[0.449s] -- Up-to-date symlink: /home/primerobotics/BuddyArm/install/buddy_functionalities/share/ament_index/resource_index/parent_prefix_path/buddy_functionalities
[0.450s] -- Up-to-date symlink: /home/primerobotics/BuddyArm/install/buddy_functionalities/share/buddy_functionalities/environment/ament_prefix_path.sh
[0.451s] -- Up-to-date symlink: /home/primerobotics/BuddyArm/install/buddy_functionalities/share/buddy_functionalities/environment/ament_prefix_path.dsv
[0.452s] -- Up-to-date symlink: /home/primerobotics/BuddyArm/install/buddy_functionalities/share/buddy_functionalities/environment/path.sh
[0.454s] -- Up-to-date symlink: /home/primerobotics/BuddyArm/install/buddy_functionalities/share/buddy_functionalities/environment/path.dsv
[0.457s] -- Up-to-date symlink: /home/primerobotics/BuddyArm/install/buddy_functionalities/share/buddy_functionalities/local_setup.bash
[0.459s] -- Up-to-date symlink: /home/primerobotics/BuddyArm/install/buddy_functionalities/share/buddy_functionalities/local_setup.sh
[0.460s] -- Up-to-date symlink: /home/primerobotics/BuddyArm/install/buddy_functionalities/share/buddy_functionalities/local_setup.zsh
[0.461s] -- Up-to-date symlink: /home/primerobotics/BuddyArm/install/buddy_functionalities/share/buddy_functionalities/local_setup.dsv
[0.461s] -- Symlinking: /home/primerobotics/BuddyArm/install/buddy_functionalities/share/buddy_functionalities/package.dsv
[0.481s] -- Up-to-date symlink: /home/primerobotics/BuddyArm/install/buddy_functionalities/share/ament_index/resource_index/packages/buddy_functionalities
[0.483s] -- Up-to-date symlink: /home/primerobotics/BuddyArm/install/buddy_functionalities/share/buddy_functionalities/cmake/buddy_functionalitiesConfig.cmake
[0.483s] -- Up-to-date symlink: /home/primerobotics/BuddyArm/install/buddy_functionalities/share/buddy_functionalities/cmake/buddy_functionalitiesConfig-version.cmake
[0.484s] -- Up-to-date symlink: /home/primerobotics/BuddyArm/install/buddy_functionalities/share/buddy_functionalities/package.xml
[0.490s] Invoked command in '/home/primerobotics/BuddyArm/build/buddy_functionalities' returned '0': CMAKE_PREFIX_PATH=/opt/ros/humble /usr/bin/cmake --install /home/primerobotics/BuddyArm/build/buddy_functionalities
