[0.234s] DEBUG:colcon:Command line arguments: ['/usr/bin/colcon', 'build', '--symlink-install']
[0.234s] DEBUG:colcon:Parsed command line arguments: Namespace(log_base=None, log_level=None, verb_name='build', build_base='build', install_base='install', merge_install=False, symlink_install=True, test_result_base=None, continue_on_error=False, executor='parallel', parallel_workers=3, event_handlers=None, ignore_user_meta=False, metas=['./colcon.meta'], base_paths=['.'], packages_ignore=None, packages_ignore_regex=None, paths=None, packages_up_to=None, packages_up_to_regex=None, packages_above=None, packages_above_and_dependencies=None, packages_above_depth=None, packages_select_by_dep=None, packages_skip_by_dep=None, packages_skip_up_to=None, packages_select_build_failed=False, packages_skip_build_finished=False, packages_select_test_failures=False, packages_skip_test_passed=False, packages_select=None, packages_skip=None, packages_select_regex=None, packages_skip_regex=None, packages_start=None, packages_end=None, allow_overriding=[], cmake_args=None, cmake_target=None, cmake_target_skip_unavailable=False, cmake_clean_cache=False, cmake_clean_first=False, cmake_force_configure=False, ament_cmake_args=None, catkin_cmake_args=None, catkin_skip_building_tests=False, verb_parser=<colcon_defaults.argument_parser.defaults.DefaultArgumentsDecorator object at 0x73b71aa34040>, verb_extension=<colcon_core.verb.build.BuildVerb object at 0x73b71abfbbb0>, main=<bound method BuildVerb.main of <colcon_core.verb.build.BuildVerb object at 0x73b71abfbbb0>>)
[0.635s] Level 1:colcon.colcon_core.package_discovery:discover_packages(colcon_meta) check parameters
[0.635s] Level 1:colcon.colcon_core.package_discovery:discover_packages(recursive) check parameters
[0.635s] Level 1:colcon.colcon_core.package_discovery:discover_packages(ignore) check parameters
[0.635s] Level 1:colcon.colcon_core.package_discovery:discover_packages(path) check parameters
[0.635s] Level 1:colcon.colcon_core.package_discovery:discover_packages(colcon_meta) discover
[0.635s] Level 1:colcon.colcon_core.package_discovery:discover_packages(recursive) discover
[0.635s] INFO:colcon.colcon_core.package_discovery:Crawling recursively for packages in '/home/primerobotics/BuddyArm'
[0.636s] Level 1:colcon.colcon_core.package_identification:_identify(.) by extensions ['ignore', 'ignore_ament_install']
[0.636s] Level 1:colcon.colcon_core.package_identification:_identify(.) by extension 'ignore'
[0.636s] Level 1:colcon.colcon_core.package_identification:_identify(.) by extension 'ignore_ament_install'
[0.636s] Level 1:colcon.colcon_core.package_identification:_identify(.) by extensions ['colcon_pkg']
[0.636s] Level 1:colcon.colcon_core.package_identification:_identify(.) by extension 'colcon_pkg'
[0.636s] Level 1:colcon.colcon_core.package_identification:_identify(.) by extensions ['colcon_meta']
[0.636s] Level 1:colcon.colcon_core.package_identification:_identify(.) by extension 'colcon_meta'
[0.636s] Level 1:colcon.colcon_core.package_identification:_identify(.) by extensions ['ros']
[0.636s] Level 1:colcon.colcon_core.package_identification:_identify(.) by extension 'ros'
[0.660s] Level 1:colcon.colcon_core.package_identification:_identify(.) by extensions ['cmake', 'python']
[0.660s] Level 1:colcon.colcon_core.package_identification:_identify(.) by extension 'cmake'
[0.660s] Level 1:colcon.colcon_core.package_identification:_identify(.) by extension 'python'
[0.660s] Level 1:colcon.colcon_core.package_identification:_identify(.) by extensions ['python_setup_py']
[0.660s] Level 1:colcon.colcon_core.package_identification:_identify(.) by extension 'python_setup_py'
[0.661s] Level 1:colcon.colcon_core.package_identification:_identify(build) by extensions ['ignore', 'ignore_ament_install']
[0.661s] Level 1:colcon.colcon_core.package_identification:_identify(build) by extension 'ignore'
[0.661s] Level 1:colcon.colcon_core.package_identification:_identify(build) ignored
[0.661s] Level 1:colcon.colcon_core.package_identification:_identify(install) by extensions ['ignore', 'ignore_ament_install']
[0.661s] Level 1:colcon.colcon_core.package_identification:_identify(install) by extension 'ignore'
[0.661s] Level 1:colcon.colcon_core.package_identification:_identify(install) ignored
[0.661s] Level 1:colcon.colcon_core.package_identification:_identify(log) by extensions ['ignore', 'ignore_ament_install']
[0.662s] Level 1:colcon.colcon_core.package_identification:_identify(log) by extension 'ignore'
[0.662s] Level 1:colcon.colcon_core.package_identification:_identify(log) ignored
[0.662s] Level 1:colcon.colcon_core.package_identification:_identify(src) by extensions ['ignore', 'ignore_ament_install']
[0.662s] Level 1:colcon.colcon_core.package_identification:_identify(src) by extension 'ignore'
[0.662s] Level 1:colcon.colcon_core.package_identification:_identify(src) by extension 'ignore_ament_install'
[0.662s] Level 1:colcon.colcon_core.package_identification:_identify(src) by extensions ['colcon_pkg']
[0.662s] Level 1:colcon.colcon_core.package_identification:_identify(src) by extension 'colcon_pkg'
[0.662s] Level 1:colcon.colcon_core.package_identification:_identify(src) by extensions ['colcon_meta']
[0.662s] Level 1:colcon.colcon_core.package_identification:_identify(src) by extension 'colcon_meta'
[0.662s] Level 1:colcon.colcon_core.package_identification:_identify(src) by extensions ['ros']
[0.662s] Level 1:colcon.colcon_core.package_identification:_identify(src) by extension 'ros'
[0.663s] Level 1:colcon.colcon_core.package_identification:_identify(src) by extensions ['cmake', 'python']
[0.663s] Level 1:colcon.colcon_core.package_identification:_identify(src) by extension 'cmake'
[0.663s] Level 1:colcon.colcon_core.package_identification:_identify(src) by extension 'python'
[0.663s] Level 1:colcon.colcon_core.package_identification:_identify(src) by extensions ['python_setup_py']
[0.663s] Level 1:colcon.colcon_core.package_identification:_identify(src) by extension 'python_setup_py'
[0.663s] Level 1:colcon.colcon_core.package_identification:_identify(src/arm_controller) by extensions ['ignore', 'ignore_ament_install']
[0.663s] Level 1:colcon.colcon_core.package_identification:_identify(src/arm_controller) by extension 'ignore'
[0.663s] Level 1:colcon.colcon_core.package_identification:_identify(src/arm_controller) by extension 'ignore_ament_install'
[0.663s] Level 1:colcon.colcon_core.package_identification:_identify(src/arm_controller) by extensions ['colcon_pkg']
[0.664s] Level 1:colcon.colcon_core.package_identification:_identify(src/arm_controller) by extension 'colcon_pkg'
[0.664s] Level 1:colcon.colcon_core.package_identification:_identify(src/arm_controller) by extensions ['colcon_meta']
[0.664s] Level 1:colcon.colcon_core.package_identification:_identify(src/arm_controller) by extension 'colcon_meta'
[0.664s] Level 1:colcon.colcon_core.package_identification:_identify(src/arm_controller) by extensions ['ros']
[0.664s] Level 1:colcon.colcon_core.package_identification:_identify(src/arm_controller) by extension 'ros'
[0.668s] DEBUG:colcon.colcon_core.package_identification:Package 'src/arm_controller' with type 'ros.ament_cmake' and name 'arm_controller'
[0.668s] Level 1:colcon.colcon_core.package_identification:_identify(src/buddy_arm_bringup) by extensions ['ignore', 'ignore_ament_install']
[0.669s] Level 1:colcon.colcon_core.package_identification:_identify(src/buddy_arm_bringup) by extension 'ignore'
[0.669s] Level 1:colcon.colcon_core.package_identification:_identify(src/buddy_arm_bringup) by extension 'ignore_ament_install'
[0.669s] Level 1:colcon.colcon_core.package_identification:_identify(src/buddy_arm_bringup) by extensions ['colcon_pkg']
[0.669s] Level 1:colcon.colcon_core.package_identification:_identify(src/buddy_arm_bringup) by extension 'colcon_pkg'
[0.669s] Level 1:colcon.colcon_core.package_identification:_identify(src/buddy_arm_bringup) by extensions ['colcon_meta']
[0.669s] Level 1:colcon.colcon_core.package_identification:_identify(src/buddy_arm_bringup) by extension 'colcon_meta'
[0.669s] Level 1:colcon.colcon_core.package_identification:_identify(src/buddy_arm_bringup) by extensions ['ros']
[0.669s] Level 1:colcon.colcon_core.package_identification:_identify(src/buddy_arm_bringup) by extension 'ros'
[0.670s] DEBUG:colcon.colcon_core.package_identification:Package 'src/buddy_arm_bringup' with type 'ros.ament_cmake' and name 'buddy_arm_bringup'
[0.670s] Level 1:colcon.colcon_core.package_identification:_identify(src/buddy_arm_description) by extensions ['ignore', 'ignore_ament_install']
[0.671s] Level 1:colcon.colcon_core.package_identification:_identify(src/buddy_arm_description) by extension 'ignore'
[0.671s] Level 1:colcon.colcon_core.package_identification:_identify(src/buddy_arm_description) by extension 'ignore_ament_install'
[0.671s] Level 1:colcon.colcon_core.package_identification:_identify(src/buddy_arm_description) by extensions ['colcon_pkg']
[0.671s] Level 1:colcon.colcon_core.package_identification:_identify(src/buddy_arm_description) by extension 'colcon_pkg'
[0.671s] Level 1:colcon.colcon_core.package_identification:_identify(src/buddy_arm_description) by extensions ['colcon_meta']
[0.671s] Level 1:colcon.colcon_core.package_identification:_identify(src/buddy_arm_description) by extension 'colcon_meta'
[0.671s] Level 1:colcon.colcon_core.package_identification:_identify(src/buddy_arm_description) by extensions ['ros']
[0.671s] Level 1:colcon.colcon_core.package_identification:_identify(src/buddy_arm_description) by extension 'ros'
[0.673s] DEBUG:colcon.colcon_core.package_identification:Package 'src/buddy_arm_description' with type 'ros.ament_cmake' and name 'buddy_arm_description'
[0.673s] Level 1:colcon.colcon_core.package_identification:_identify(src/buddy_arm_moveit) by extensions ['ignore', 'ignore_ament_install']
[0.674s] Level 1:colcon.colcon_core.package_identification:_identify(src/buddy_arm_moveit) by extension 'ignore'
[0.674s] Level 1:colcon.colcon_core.package_identification:_identify(src/buddy_arm_moveit) by extension 'ignore_ament_install'
[0.674s] Level 1:colcon.colcon_core.package_identification:_identify(src/buddy_arm_moveit) by extensions ['colcon_pkg']
[0.674s] Level 1:colcon.colcon_core.package_identification:_identify(src/buddy_arm_moveit) by extension 'colcon_pkg'
[0.674s] Level 1:colcon.colcon_core.package_identification:_identify(src/buddy_arm_moveit) by extensions ['colcon_meta']
[0.674s] Level 1:colcon.colcon_core.package_identification:_identify(src/buddy_arm_moveit) by extension 'colcon_meta'
[0.674s] Level 1:colcon.colcon_core.package_identification:_identify(src/buddy_arm_moveit) by extensions ['ros']
[0.674s] Level 1:colcon.colcon_core.package_identification:_identify(src/buddy_arm_moveit) by extension 'ros'
[0.675s] DEBUG:colcon.colcon_core.package_identification:Package 'src/buddy_arm_moveit' with type 'ros.ament_cmake' and name 'buddy_arm_moveit'
[0.676s] Level 1:colcon.colcon_core.package_discovery:discover_packages(recursive) using defaults
[0.676s] Level 1:colcon.colcon_core.package_discovery:discover_packages(ignore) discover
[0.676s] Level 1:colcon.colcon_core.package_discovery:discover_packages(ignore) using defaults
[0.676s] Level 1:colcon.colcon_core.package_discovery:discover_packages(path) discover
[0.676s] Level 1:colcon.colcon_core.package_discovery:discover_packages(path) using defaults
[0.731s] Level 1:colcon.colcon_core.package_discovery:discover_packages(prefix_path) check parameters
[0.732s] Level 1:colcon.colcon_core.package_discovery:discover_packages(prefix_path) discover
[0.742s] DEBUG:colcon.colcon_installed_package_information.package_discovery:Found 341 installed packages in /opt/ros/humble
[0.749s] Level 1:colcon.colcon_core.package_discovery:discover_packages(prefix_path) using defaults
[0.876s] Level 5:colcon.colcon_core.verb:set package 'arm_controller' build argument 'cmake_args' from command line to 'None'
[0.876s] Level 5:colcon.colcon_core.verb:set package 'arm_controller' build argument 'cmake_target' from command line to 'None'
[0.876s] Level 5:colcon.colcon_core.verb:set package 'arm_controller' build argument 'cmake_target_skip_unavailable' from command line to 'False'
[0.876s] Level 5:colcon.colcon_core.verb:set package 'arm_controller' build argument 'cmake_clean_cache' from command line to 'False'
[0.876s] Level 5:colcon.colcon_core.verb:set package 'arm_controller' build argument 'cmake_clean_first' from command line to 'False'
[0.876s] Level 5:colcon.colcon_core.verb:set package 'arm_controller' build argument 'cmake_force_configure' from command line to 'False'
[0.876s] Level 5:colcon.colcon_core.verb:set package 'arm_controller' build argument 'ament_cmake_args' from command line to 'None'
[0.877s] Level 5:colcon.colcon_core.verb:set package 'arm_controller' build argument 'catkin_cmake_args' from command line to 'None'
[0.877s] Level 5:colcon.colcon_core.verb:set package 'arm_controller' build argument 'catkin_skip_building_tests' from command line to 'False'
[0.877s] DEBUG:colcon.colcon_core.verb:Building package 'arm_controller' with the following arguments: {'ament_cmake_args': None, 'build_base': '/home/primerobotics/BuddyArm/build/arm_controller', 'catkin_cmake_args': None, 'catkin_skip_building_tests': False, 'cmake_args': None, 'cmake_clean_cache': False, 'cmake_clean_first': False, 'cmake_force_configure': False, 'cmake_target': None, 'cmake_target_skip_unavailable': False, 'install_base': '/home/primerobotics/BuddyArm/install/arm_controller', 'merge_install': False, 'path': '/home/primerobotics/BuddyArm/src/arm_controller', 'symlink_install': True, 'test_result_base': None}
[0.878s] Level 5:colcon.colcon_core.verb:set package 'buddy_arm_bringup' build argument 'cmake_args' from command line to 'None'
[0.878s] Level 5:colcon.colcon_core.verb:set package 'buddy_arm_bringup' build argument 'cmake_target' from command line to 'None'
[0.878s] Level 5:colcon.colcon_core.verb:set package 'buddy_arm_bringup' build argument 'cmake_target_skip_unavailable' from command line to 'False'
[0.878s] Level 5:colcon.colcon_core.verb:set package 'buddy_arm_bringup' build argument 'cmake_clean_cache' from command line to 'False'
[0.878s] Level 5:colcon.colcon_core.verb:set package 'buddy_arm_bringup' build argument 'cmake_clean_first' from command line to 'False'
[0.878s] Level 5:colcon.colcon_core.verb:set package 'buddy_arm_bringup' build argument 'cmake_force_configure' from command line to 'False'
[0.878s] Level 5:colcon.colcon_core.verb:set package 'buddy_arm_bringup' build argument 'ament_cmake_args' from command line to 'None'
[0.878s] Level 5:colcon.colcon_core.verb:set package 'buddy_arm_bringup' build argument 'catkin_cmake_args' from command line to 'None'
[0.878s] Level 5:colcon.colcon_core.verb:set package 'buddy_arm_bringup' build argument 'catkin_skip_building_tests' from command line to 'False'
[0.878s] DEBUG:colcon.colcon_core.verb:Building package 'buddy_arm_bringup' with the following arguments: {'ament_cmake_args': None, 'build_base': '/home/primerobotics/BuddyArm/build/buddy_arm_bringup', 'catkin_cmake_args': None, 'catkin_skip_building_tests': False, 'cmake_args': None, 'cmake_clean_cache': False, 'cmake_clean_first': False, 'cmake_force_configure': False, 'cmake_target': None, 'cmake_target_skip_unavailable': False, 'install_base': '/home/primerobotics/BuddyArm/install/buddy_arm_bringup', 'merge_install': False, 'path': '/home/primerobotics/BuddyArm/src/buddy_arm_bringup', 'symlink_install': True, 'test_result_base': None}
[0.879s] Level 5:colcon.colcon_core.verb:set package 'buddy_arm_description' build argument 'cmake_args' from command line to 'None'
[0.879s] Level 5:colcon.colcon_core.verb:set package 'buddy_arm_description' build argument 'cmake_target' from command line to 'None'
[0.879s] Level 5:colcon.colcon_core.verb:set package 'buddy_arm_description' build argument 'cmake_target_skip_unavailable' from command line to 'False'
[0.879s] Level 5:colcon.colcon_core.verb:set package 'buddy_arm_description' build argument 'cmake_clean_cache' from command line to 'False'
[0.879s] Level 5:colcon.colcon_core.verb:set package 'buddy_arm_description' build argument 'cmake_clean_first' from command line to 'False'
[0.879s] Level 5:colcon.colcon_core.verb:set package 'buddy_arm_description' build argument 'cmake_force_configure' from command line to 'False'
[0.879s] Level 5:colcon.colcon_core.verb:set package 'buddy_arm_description' build argument 'ament_cmake_args' from command line to 'None'
[0.879s] Level 5:colcon.colcon_core.verb:set package 'buddy_arm_description' build argument 'catkin_cmake_args' from command line to 'None'
[0.879s] Level 5:colcon.colcon_core.verb:set package 'buddy_arm_description' build argument 'catkin_skip_building_tests' from command line to 'False'
[0.879s] DEBUG:colcon.colcon_core.verb:Building package 'buddy_arm_description' with the following arguments: {'ament_cmake_args': None, 'build_base': '/home/primerobotics/BuddyArm/build/buddy_arm_description', 'catkin_cmake_args': None, 'catkin_skip_building_tests': False, 'cmake_args': None, 'cmake_clean_cache': False, 'cmake_clean_first': False, 'cmake_force_configure': False, 'cmake_target': None, 'cmake_target_skip_unavailable': False, 'install_base': '/home/primerobotics/BuddyArm/install/buddy_arm_description', 'merge_install': False, 'path': '/home/primerobotics/BuddyArm/src/buddy_arm_description', 'symlink_install': True, 'test_result_base': None}
[0.880s] Level 5:colcon.colcon_core.verb:set package 'buddy_arm_moveit' build argument 'cmake_args' from command line to 'None'
[0.881s] Level 5:colcon.colcon_core.verb:set package 'buddy_arm_moveit' build argument 'cmake_target' from command line to 'None'
[0.881s] Level 5:colcon.colcon_core.verb:set package 'buddy_arm_moveit' build argument 'cmake_target_skip_unavailable' from command line to 'False'
[0.881s] Level 5:colcon.colcon_core.verb:set package 'buddy_arm_moveit' build argument 'cmake_clean_cache' from command line to 'False'
[0.881s] Level 5:colcon.colcon_core.verb:set package 'buddy_arm_moveit' build argument 'cmake_clean_first' from command line to 'False'
[0.881s] Level 5:colcon.colcon_core.verb:set package 'buddy_arm_moveit' build argument 'cmake_force_configure' from command line to 'False'
[0.881s] Level 5:colcon.colcon_core.verb:set package 'buddy_arm_moveit' build argument 'ament_cmake_args' from command line to 'None'
[0.881s] Level 5:colcon.colcon_core.verb:set package 'buddy_arm_moveit' build argument 'catkin_cmake_args' from command line to 'None'
[0.881s] Level 5:colcon.colcon_core.verb:set package 'buddy_arm_moveit' build argument 'catkin_skip_building_tests' from command line to 'False'
[0.881s] DEBUG:colcon.colcon_core.verb:Building package 'buddy_arm_moveit' with the following arguments: {'ament_cmake_args': None, 'build_base': '/home/primerobotics/BuddyArm/build/buddy_arm_moveit', 'catkin_cmake_args': None, 'catkin_skip_building_tests': False, 'cmake_args': None, 'cmake_clean_cache': False, 'cmake_clean_first': False, 'cmake_force_configure': False, 'cmake_target': None, 'cmake_target_skip_unavailable': False, 'install_base': '/home/primerobotics/BuddyArm/install/buddy_arm_moveit', 'merge_install': False, 'path': '/home/primerobotics/BuddyArm/src/buddy_arm_moveit', 'symlink_install': True, 'test_result_base': None}
[0.881s] INFO:colcon.colcon_core.executor:Executing jobs using 'parallel' executor
[0.883s] DEBUG:colcon.colcon_parallel_executor.executor.parallel:run_until_complete
[0.884s] INFO:colcon.colcon_ros.task.ament_cmake.build:Building ROS package in '/home/primerobotics/BuddyArm/src/arm_controller' with build type 'ament_cmake'
[0.884s] INFO:colcon.colcon_cmake.task.cmake.build:Building CMake package in '/home/primerobotics/BuddyArm/src/arm_controller'
[0.897s] INFO:colcon.colcon_core.plugin_system:Skipping extension 'colcon_core.shell.bat': Not used on non-Windows systems
[0.898s] INFO:colcon.colcon_core.shell:Skip shell extension 'powershell' for command environment: Not usable outside of PowerShell
[0.898s] DEBUG:colcon.colcon_core.shell:Skip shell extension 'dsv' for command environment
[0.913s] INFO:colcon.colcon_ros.task.ament_cmake.build:Building ROS package in '/home/primerobotics/BuddyArm/src/buddy_arm_bringup' with build type 'ament_cmake'
[0.914s] INFO:colcon.colcon_cmake.task.cmake.build:Building CMake package in '/home/primerobotics/BuddyArm/src/buddy_arm_bringup'
[0.914s] INFO:colcon.colcon_core.shell:Skip shell extension 'powershell' for command environment: Not usable outside of PowerShell
[0.914s] DEBUG:colcon.colcon_core.shell:Skip shell extension 'dsv' for command environment
[0.924s] INFO:colcon.colcon_ros.task.ament_cmake.build:Building ROS package in '/home/primerobotics/BuddyArm/src/buddy_arm_description' with build type 'ament_cmake'
[0.925s] INFO:colcon.colcon_cmake.task.cmake.build:Building CMake package in '/home/primerobotics/BuddyArm/src/buddy_arm_description'
[0.926s] INFO:colcon.colcon_core.shell:Skip shell extension 'powershell' for command environment: Not usable outside of PowerShell
[0.926s] DEBUG:colcon.colcon_core.shell:Skip shell extension 'dsv' for command environment
[0.942s] DEBUG:colcon.colcon_core.event_handler.log_command:Invoking command in '/home/primerobotics/BuddyArm/build/arm_controller': CMAKE_PREFIX_PATH=/opt/ros/humble /usr/bin/cmake /home/primerobotics/BuddyArm/src/arm_controller -DAMENT_CMAKE_SYMLINK_INSTALL=1 -DCMAKE_INSTALL_PREFIX=/home/primerobotics/BuddyArm/install/arm_controller
[0.960s] DEBUG:colcon.colcon_core.event_handler.log_command:Invoking command in '/home/primerobotics/BuddyArm/build/buddy_arm_bringup': CMAKE_PREFIX_PATH=/opt/ros/humble /usr/bin/cmake /home/primerobotics/BuddyArm/src/buddy_arm_bringup -DAMENT_CMAKE_SYMLINK_INSTALL=1 -DCMAKE_INSTALL_PREFIX=/home/primerobotics/BuddyArm/install/buddy_arm_bringup
[0.974s] DEBUG:colcon.colcon_core.event_handler.log_command:Invoking command in '/home/primerobotics/BuddyArm/build/buddy_arm_description': CMAKE_PREFIX_PATH=/opt/ros/humble /usr/bin/cmake /home/primerobotics/BuddyArm/src/buddy_arm_description -DAMENT_CMAKE_SYMLINK_INSTALL=1 -DCMAKE_INSTALL_PREFIX=/home/primerobotics/BuddyArm/install/buddy_arm_description
[3.419s] DEBUG:colcon.colcon_core.event_handler.log_command:Invoked command in '/home/primerobotics/BuddyArm/build/buddy_arm_bringup' returned '0': CMAKE_PREFIX_PATH=/opt/ros/humble /usr/bin/cmake /home/primerobotics/BuddyArm/src/buddy_arm_bringup -DAMENT_CMAKE_SYMLINK_INSTALL=1 -DCMAKE_INSTALL_PREFIX=/home/primerobotics/BuddyArm/install/buddy_arm_bringup
[3.420s] DEBUG:colcon.colcon_core.event_handler.log_command:Invoking command in '/home/primerobotics/BuddyArm/build/buddy_arm_bringup': CMAKE_PREFIX_PATH=/opt/ros/humble /usr/bin/cmake --build /home/primerobotics/BuddyArm/build/buddy_arm_bringup -- -j3 -l3
[3.499s] DEBUG:colcon.colcon_core.event_handler.log_command:Invoked command in '/home/primerobotics/BuddyArm/build/buddy_arm_description' returned '0': CMAKE_PREFIX_PATH=/opt/ros/humble /usr/bin/cmake /home/primerobotics/BuddyArm/src/buddy_arm_description -DAMENT_CMAKE_SYMLINK_INSTALL=1 -DCMAKE_INSTALL_PREFIX=/home/primerobotics/BuddyArm/install/buddy_arm_description
[3.500s] DEBUG:colcon.colcon_core.event_handler.log_command:Invoking command in '/home/primerobotics/BuddyArm/build/buddy_arm_description': CMAKE_PREFIX_PATH=/opt/ros/humble /usr/bin/cmake --build /home/primerobotics/BuddyArm/build/buddy_arm_description -- -j3 -l3
[3.525s] DEBUG:colcon.colcon_core.event_handler.log_command:Invoked command in '/home/primerobotics/BuddyArm/build/buddy_arm_bringup' returned '0': CMAKE_PREFIX_PATH=/opt/ros/humble /usr/bin/cmake --build /home/primerobotics/BuddyArm/build/buddy_arm_bringup -- -j3 -l3
[3.602s] DEBUG:colcon.colcon_core.event_handler.log_command:Invoking command in '/home/primerobotics/BuddyArm/build/buddy_arm_bringup': CMAKE_PREFIX_PATH=/opt/ros/humble /usr/bin/cmake --install /home/primerobotics/BuddyArm/build/buddy_arm_bringup
[3.611s] DEBUG:colcon.colcon_core.event_handler.log_command:Invoked command in '/home/primerobotics/BuddyArm/build/buddy_arm_description' returned '0': CMAKE_PREFIX_PATH=/opt/ros/humble /usr/bin/cmake --build /home/primerobotics/BuddyArm/build/buddy_arm_description -- -j3 -l3
[3.707s] DEBUG:colcon.colcon_core.event_handler.log_command:Invoking command in '/home/primerobotics/BuddyArm/build/buddy_arm_description': CMAKE_PREFIX_PATH=/opt/ros/humble /usr/bin/cmake --install /home/primerobotics/BuddyArm/build/buddy_arm_description
[3.949s] Level 1:colcon.colcon_core.environment:create_environment_scripts_only(buddy_arm_bringup)
[3.950s] DEBUG:colcon.colcon_core.event_handler.log_command:Invoked command in '/home/primerobotics/BuddyArm/build/buddy_arm_bringup' returned '0': CMAKE_PREFIX_PATH=/opt/ros/humble /usr/bin/cmake --install /home/primerobotics/BuddyArm/build/buddy_arm_bringup
[3.963s] Level 1:colcon.colcon_core.environment:checking '/home/primerobotics/BuddyArm/install/buddy_arm_bringup' for CMake module files
[3.965s] Level 1:colcon.colcon_core.environment:checking '/home/primerobotics/BuddyArm/install/buddy_arm_bringup' for CMake config files
[3.966s] Level 1:colcon.colcon_core.shell:create_environment_hook('buddy_arm_bringup', 'cmake_prefix_path')
[3.972s] INFO:colcon.colcon_core.shell:Creating environment hook '/home/primerobotics/BuddyArm/install/buddy_arm_bringup/share/buddy_arm_bringup/hook/cmake_prefix_path.ps1'
[3.974s] INFO:colcon.colcon_core.shell:Creating environment descriptor '/home/primerobotics/BuddyArm/install/buddy_arm_bringup/share/buddy_arm_bringup/hook/cmake_prefix_path.dsv'
[3.976s] INFO:colcon.colcon_core.shell:Creating environment hook '/home/primerobotics/BuddyArm/install/buddy_arm_bringup/share/buddy_arm_bringup/hook/cmake_prefix_path.sh'
[3.979s] Level 1:colcon.colcon_core.environment:checking '/home/primerobotics/BuddyArm/install/buddy_arm_bringup/bin'
[3.979s] Level 1:colcon.colcon_core.environment:checking '/home/primerobotics/BuddyArm/install/buddy_arm_bringup/lib/pkgconfig/buddy_arm_bringup.pc'
[3.980s] Level 1:colcon.colcon_core.environment:checking '/home/primerobotics/BuddyArm/install/buddy_arm_bringup/lib/python3.10/site-packages'
[3.981s] Level 1:colcon.colcon_core.environment:checking '/home/primerobotics/BuddyArm/install/buddy_arm_bringup/bin'
[3.982s] INFO:colcon.colcon_core.shell:Creating package script '/home/primerobotics/BuddyArm/install/buddy_arm_bringup/share/buddy_arm_bringup/package.ps1'
[3.985s] INFO:colcon.colcon_core.shell:Creating package descriptor '/home/primerobotics/BuddyArm/install/buddy_arm_bringup/share/buddy_arm_bringup/package.dsv'
[3.990s] INFO:colcon.colcon_core.shell:Creating package script '/home/primerobotics/BuddyArm/install/buddy_arm_bringup/share/buddy_arm_bringup/package.sh'
[3.993s] INFO:colcon.colcon_core.shell:Creating package script '/home/primerobotics/BuddyArm/install/buddy_arm_bringup/share/buddy_arm_bringup/package.bash'
[3.995s] INFO:colcon.colcon_core.shell:Creating package script '/home/primerobotics/BuddyArm/install/buddy_arm_bringup/share/buddy_arm_bringup/package.zsh'
[3.998s] Level 1:colcon.colcon_core.environment:create_file_with_runtime_dependencies(/home/primerobotics/BuddyArm/install/buddy_arm_bringup/share/colcon-core/packages/buddy_arm_bringup)
[4.082s] Level 1:colcon.colcon_core.environment:create_environment_scripts_only(buddy_arm_bringup)
[4.083s] Level 1:colcon.colcon_core.environment:checking '/home/primerobotics/BuddyArm/install/buddy_arm_bringup' for CMake module files
[4.085s] Level 1:colcon.colcon_core.environment:checking '/home/primerobotics/BuddyArm/install/buddy_arm_bringup' for CMake config files
[4.086s] Level 1:colcon.colcon_core.shell:create_environment_hook('buddy_arm_bringup', 'cmake_prefix_path')
[4.087s] INFO:colcon.colcon_core.shell:Creating environment hook '/home/primerobotics/BuddyArm/install/buddy_arm_bringup/share/buddy_arm_bringup/hook/cmake_prefix_path.ps1'
[4.089s] INFO:colcon.colcon_core.shell:Creating environment descriptor '/home/primerobotics/BuddyArm/install/buddy_arm_bringup/share/buddy_arm_bringup/hook/cmake_prefix_path.dsv'
[4.090s] INFO:colcon.colcon_core.shell:Creating environment hook '/home/primerobotics/BuddyArm/install/buddy_arm_bringup/share/buddy_arm_bringup/hook/cmake_prefix_path.sh'
[4.091s] Level 1:colcon.colcon_core.environment:checking '/home/primerobotics/BuddyArm/install/buddy_arm_bringup/bin'
[4.092s] Level 1:colcon.colcon_core.environment:checking '/home/primerobotics/BuddyArm/install/buddy_arm_bringup/lib/pkgconfig/buddy_arm_bringup.pc'
[4.092s] Level 1:colcon.colcon_core.environment:checking '/home/primerobotics/BuddyArm/install/buddy_arm_bringup/lib/python3.10/site-packages'
[4.093s] Level 1:colcon.colcon_core.environment:checking '/home/primerobotics/BuddyArm/install/buddy_arm_bringup/bin'
[4.094s] INFO:colcon.colcon_core.shell:Creating package script '/home/primerobotics/BuddyArm/install/buddy_arm_bringup/share/buddy_arm_bringup/package.ps1'
[4.095s] INFO:colcon.colcon_core.shell:Creating package descriptor '/home/primerobotics/BuddyArm/install/buddy_arm_bringup/share/buddy_arm_bringup/package.dsv'
[4.097s] INFO:colcon.colcon_core.shell:Creating package script '/home/primerobotics/BuddyArm/install/buddy_arm_bringup/share/buddy_arm_bringup/package.sh'
[4.099s] INFO:colcon.colcon_core.shell:Creating package script '/home/primerobotics/BuddyArm/install/buddy_arm_bringup/share/buddy_arm_bringup/package.bash'
[4.100s] INFO:colcon.colcon_core.shell:Creating package script '/home/primerobotics/BuddyArm/install/buddy_arm_bringup/share/buddy_arm_bringup/package.zsh'
[4.101s] Level 1:colcon.colcon_core.environment:create_file_with_runtime_dependencies(/home/primerobotics/BuddyArm/install/buddy_arm_bringup/share/colcon-core/packages/buddy_arm_bringup)
[4.104s] INFO:colcon.colcon_ros.task.ament_cmake.build:Building ROS package in '/home/primerobotics/BuddyArm/src/buddy_arm_moveit' with build type 'ament_cmake'
[4.105s] INFO:colcon.colcon_cmake.task.cmake.build:Building CMake package in '/home/primerobotics/BuddyArm/src/buddy_arm_moveit'
[4.108s] INFO:colcon.colcon_core.shell:Skip shell extension 'powershell' for command environment: Not usable outside of PowerShell
[4.109s] DEBUG:colcon.colcon_core.shell:Skip shell extension 'dsv' for command environment
[4.165s] DEBUG:colcon.colcon_core.event_handler.log_command:Invoking command in '/home/primerobotics/BuddyArm/build/buddy_arm_moveit': CMAKE_PREFIX_PATH=/opt/ros/humble /usr/bin/cmake /home/primerobotics/BuddyArm/src/buddy_arm_moveit -DAMENT_CMAKE_SYMLINK_INSTALL=1 -DCMAKE_INSTALL_PREFIX=/home/primerobotics/BuddyArm/install/buddy_arm_moveit
[4.285s] Level 1:colcon.colcon_core.environment:create_environment_scripts_only(buddy_arm_description)
[4.286s] DEBUG:colcon.colcon_core.event_handler.log_command:Invoked command in '/home/primerobotics/BuddyArm/build/buddy_arm_description' returned '0': CMAKE_PREFIX_PATH=/opt/ros/humble /usr/bin/cmake --install /home/primerobotics/BuddyArm/build/buddy_arm_description
[4.289s] Level 1:colcon.colcon_core.environment:checking '/home/primerobotics/BuddyArm/install/buddy_arm_description' for CMake module files
[4.291s] Level 1:colcon.colcon_core.environment:checking '/home/primerobotics/BuddyArm/install/buddy_arm_description' for CMake config files
[4.292s] Level 1:colcon.colcon_core.shell:create_environment_hook('buddy_arm_description', 'cmake_prefix_path')
[4.293s] INFO:colcon.colcon_core.shell:Creating environment hook '/home/primerobotics/BuddyArm/install/buddy_arm_description/share/buddy_arm_description/hook/cmake_prefix_path.ps1'
[4.297s] INFO:colcon.colcon_core.shell:Creating environment descriptor '/home/primerobotics/BuddyArm/install/buddy_arm_description/share/buddy_arm_description/hook/cmake_prefix_path.dsv'
[4.300s] INFO:colcon.colcon_core.shell:Creating environment hook '/home/primerobotics/BuddyArm/install/buddy_arm_description/share/buddy_arm_description/hook/cmake_prefix_path.sh'
[4.304s] Level 1:colcon.colcon_core.environment:checking '/home/primerobotics/BuddyArm/install/buddy_arm_description/bin'
[4.304s] Level 1:colcon.colcon_core.environment:checking '/home/primerobotics/BuddyArm/install/buddy_arm_description/lib/pkgconfig/buddy_arm_description.pc'
[4.306s] Level 1:colcon.colcon_core.environment:checking '/home/primerobotics/BuddyArm/install/buddy_arm_description/lib/python3.10/site-packages'
[4.307s] Level 1:colcon.colcon_core.environment:checking '/home/primerobotics/BuddyArm/install/buddy_arm_description/bin'
[4.308s] INFO:colcon.colcon_core.shell:Creating package script '/home/primerobotics/BuddyArm/install/buddy_arm_description/share/buddy_arm_description/package.ps1'
[4.311s] INFO:colcon.colcon_core.shell:Creating package descriptor '/home/primerobotics/BuddyArm/install/buddy_arm_description/share/buddy_arm_description/package.dsv'
[4.313s] INFO:colcon.colcon_core.shell:Creating package script '/home/primerobotics/BuddyArm/install/buddy_arm_description/share/buddy_arm_description/package.sh'
[4.316s] INFO:colcon.colcon_core.shell:Creating package script '/home/primerobotics/BuddyArm/install/buddy_arm_description/share/buddy_arm_description/package.bash'
[4.322s] INFO:colcon.colcon_core.shell:Creating package script '/home/primerobotics/BuddyArm/install/buddy_arm_description/share/buddy_arm_description/package.zsh'
[4.324s] Level 1:colcon.colcon_core.environment:create_file_with_runtime_dependencies(/home/primerobotics/BuddyArm/install/buddy_arm_description/share/colcon-core/packages/buddy_arm_description)
[4.409s] Level 1:colcon.colcon_core.environment:create_environment_scripts_only(buddy_arm_description)
[4.410s] Level 1:colcon.colcon_core.environment:checking '/home/primerobotics/BuddyArm/install/buddy_arm_description' for CMake module files
[4.411s] Level 1:colcon.colcon_core.environment:checking '/home/primerobotics/BuddyArm/install/buddy_arm_description' for CMake config files
[4.412s] Level 1:colcon.colcon_core.shell:create_environment_hook('buddy_arm_description', 'cmake_prefix_path')
[4.413s] INFO:colcon.colcon_core.shell:Creating environment hook '/home/primerobotics/BuddyArm/install/buddy_arm_description/share/buddy_arm_description/hook/cmake_prefix_path.ps1'
[4.415s] INFO:colcon.colcon_core.shell:Creating environment descriptor '/home/primerobotics/BuddyArm/install/buddy_arm_description/share/buddy_arm_description/hook/cmake_prefix_path.dsv'
[4.418s] INFO:colcon.colcon_core.shell:Creating environment hook '/home/primerobotics/BuddyArm/install/buddy_arm_description/share/buddy_arm_description/hook/cmake_prefix_path.sh'
[4.420s] Level 1:colcon.colcon_core.environment:checking '/home/primerobotics/BuddyArm/install/buddy_arm_description/bin'
[4.421s] Level 1:colcon.colcon_core.environment:checking '/home/primerobotics/BuddyArm/install/buddy_arm_description/lib/pkgconfig/buddy_arm_description.pc'
[4.422s] Level 1:colcon.colcon_core.environment:checking '/home/primerobotics/BuddyArm/install/buddy_arm_description/lib/python3.10/site-packages'
[4.422s] Level 1:colcon.colcon_core.environment:checking '/home/primerobotics/BuddyArm/install/buddy_arm_description/bin'
[4.423s] INFO:colcon.colcon_core.shell:Creating package script '/home/primerobotics/BuddyArm/install/buddy_arm_description/share/buddy_arm_description/package.ps1'
[4.426s] INFO:colcon.colcon_core.shell:Creating package descriptor '/home/primerobotics/BuddyArm/install/buddy_arm_description/share/buddy_arm_description/package.dsv'
[4.428s] INFO:colcon.colcon_core.shell:Creating package script '/home/primerobotics/BuddyArm/install/buddy_arm_description/share/buddy_arm_description/package.sh'
[4.430s] INFO:colcon.colcon_core.shell:Creating package script '/home/primerobotics/BuddyArm/install/buddy_arm_description/share/buddy_arm_description/package.bash'
[4.432s] INFO:colcon.colcon_core.shell:Creating package script '/home/primerobotics/BuddyArm/install/buddy_arm_description/share/buddy_arm_description/package.zsh'
[4.442s] Level 1:colcon.colcon_core.environment:create_file_with_runtime_dependencies(/home/primerobotics/BuddyArm/install/buddy_arm_description/share/colcon-core/packages/buddy_arm_description)
[5.674s] DEBUG:colcon.colcon_core.event_handler.log_command:Invoked command in '/home/primerobotics/BuddyArm/build/buddy_arm_moveit' returned '0': CMAKE_PREFIX_PATH=/opt/ros/humble /usr/bin/cmake /home/primerobotics/BuddyArm/src/buddy_arm_moveit -DAMENT_CMAKE_SYMLINK_INSTALL=1 -DCMAKE_INSTALL_PREFIX=/home/primerobotics/BuddyArm/install/buddy_arm_moveit
[5.677s] DEBUG:colcon.colcon_core.event_handler.log_command:Invoking command in '/home/primerobotics/BuddyArm/build/buddy_arm_moveit': CMAKE_PREFIX_PATH=/opt/ros/humble /usr/bin/cmake --build /home/primerobotics/BuddyArm/build/buddy_arm_moveit -- -j3 -l3
[5.752s] DEBUG:colcon.colcon_core.event_handler.log_command:Invoked command in '/home/primerobotics/BuddyArm/build/buddy_arm_moveit' returned '0': CMAKE_PREFIX_PATH=/opt/ros/humble /usr/bin/cmake --build /home/primerobotics/BuddyArm/build/buddy_arm_moveit -- -j3 -l3
[5.806s] DEBUG:colcon.colcon_core.event_handler.log_command:Invoking command in '/home/primerobotics/BuddyArm/build/buddy_arm_moveit': CMAKE_PREFIX_PATH=/opt/ros/humble /usr/bin/cmake --install /home/primerobotics/BuddyArm/build/buddy_arm_moveit
[6.237s] Level 1:colcon.colcon_core.environment:create_environment_scripts_only(buddy_arm_moveit)
[6.238s] Level 1:colcon.colcon_core.environment:checking '/home/primerobotics/BuddyArm/install/buddy_arm_moveit' for CMake module files
[6.239s] DEBUG:colcon.colcon_core.event_handler.log_command:Invoked command in '/home/primerobotics/BuddyArm/build/buddy_arm_moveit' returned '0': CMAKE_PREFIX_PATH=/opt/ros/humble /usr/bin/cmake --install /home/primerobotics/BuddyArm/build/buddy_arm_moveit
[6.244s] Level 1:colcon.colcon_core.environment:checking '/home/primerobotics/BuddyArm/install/buddy_arm_moveit' for CMake config files
[6.245s] Level 1:colcon.colcon_core.shell:create_environment_hook('buddy_arm_moveit', 'cmake_prefix_path')
[6.246s] INFO:colcon.colcon_core.shell:Creating environment hook '/home/primerobotics/BuddyArm/install/buddy_arm_moveit/share/buddy_arm_moveit/hook/cmake_prefix_path.ps1'
[6.249s] INFO:colcon.colcon_core.shell:Creating environment descriptor '/home/primerobotics/BuddyArm/install/buddy_arm_moveit/share/buddy_arm_moveit/hook/cmake_prefix_path.dsv'
[6.251s] INFO:colcon.colcon_core.shell:Creating environment hook '/home/primerobotics/BuddyArm/install/buddy_arm_moveit/share/buddy_arm_moveit/hook/cmake_prefix_path.sh'
[6.254s] Level 1:colcon.colcon_core.environment:checking '/home/primerobotics/BuddyArm/install/buddy_arm_moveit/bin'
[6.254s] Level 1:colcon.colcon_core.environment:checking '/home/primerobotics/BuddyArm/install/buddy_arm_moveit/lib/pkgconfig/buddy_arm_moveit.pc'
[6.255s] Level 1:colcon.colcon_core.environment:checking '/home/primerobotics/BuddyArm/install/buddy_arm_moveit/lib/python3.10/site-packages'
[6.256s] Level 1:colcon.colcon_core.environment:checking '/home/primerobotics/BuddyArm/install/buddy_arm_moveit/bin'
[6.259s] INFO:colcon.colcon_core.shell:Creating package script '/home/primerobotics/BuddyArm/install/buddy_arm_moveit/share/buddy_arm_moveit/package.ps1'
[6.261s] INFO:colcon.colcon_core.shell:Creating package descriptor '/home/primerobotics/BuddyArm/install/buddy_arm_moveit/share/buddy_arm_moveit/package.dsv'
[6.264s] INFO:colcon.colcon_core.shell:Creating package script '/home/primerobotics/BuddyArm/install/buddy_arm_moveit/share/buddy_arm_moveit/package.sh'
[6.266s] INFO:colcon.colcon_core.shell:Creating package script '/home/primerobotics/BuddyArm/install/buddy_arm_moveit/share/buddy_arm_moveit/package.bash'
[6.268s] INFO:colcon.colcon_core.shell:Creating package script '/home/primerobotics/BuddyArm/install/buddy_arm_moveit/share/buddy_arm_moveit/package.zsh'
[6.270s] Level 1:colcon.colcon_core.environment:create_file_with_runtime_dependencies(/home/primerobotics/BuddyArm/install/buddy_arm_moveit/share/colcon-core/packages/buddy_arm_moveit)
[6.329s] Level 1:colcon.colcon_core.environment:create_environment_scripts_only(buddy_arm_moveit)
[6.329s] Level 1:colcon.colcon_core.environment:checking '/home/primerobotics/BuddyArm/install/buddy_arm_moveit' for CMake module files
[6.331s] Level 1:colcon.colcon_core.environment:checking '/home/primerobotics/BuddyArm/install/buddy_arm_moveit' for CMake config files
[6.331s] Level 1:colcon.colcon_core.shell:create_environment_hook('buddy_arm_moveit', 'cmake_prefix_path')
[6.332s] INFO:colcon.colcon_core.shell:Creating environment hook '/home/primerobotics/BuddyArm/install/buddy_arm_moveit/share/buddy_arm_moveit/hook/cmake_prefix_path.ps1'
[6.333s] INFO:colcon.colcon_core.shell:Creating environment descriptor '/home/primerobotics/BuddyArm/install/buddy_arm_moveit/share/buddy_arm_moveit/hook/cmake_prefix_path.dsv'
[6.334s] INFO:colcon.colcon_core.shell:Creating environment hook '/home/primerobotics/BuddyArm/install/buddy_arm_moveit/share/buddy_arm_moveit/hook/cmake_prefix_path.sh'
[6.335s] Level 1:colcon.colcon_core.environment:checking '/home/primerobotics/BuddyArm/install/buddy_arm_moveit/bin'
[6.336s] Level 1:colcon.colcon_core.environment:checking '/home/primerobotics/BuddyArm/install/buddy_arm_moveit/lib/pkgconfig/buddy_arm_moveit.pc'
[6.336s] Level 1:colcon.colcon_core.environment:checking '/home/primerobotics/BuddyArm/install/buddy_arm_moveit/lib/python3.10/site-packages'
[6.337s] Level 1:colcon.colcon_core.environment:checking '/home/primerobotics/BuddyArm/install/buddy_arm_moveit/bin'
[6.338s] INFO:colcon.colcon_core.shell:Creating package script '/home/primerobotics/BuddyArm/install/buddy_arm_moveit/share/buddy_arm_moveit/package.ps1'
[6.339s] INFO:colcon.colcon_core.shell:Creating package descriptor '/home/primerobotics/BuddyArm/install/buddy_arm_moveit/share/buddy_arm_moveit/package.dsv'
[6.341s] INFO:colcon.colcon_core.shell:Creating package script '/home/primerobotics/BuddyArm/install/buddy_arm_moveit/share/buddy_arm_moveit/package.sh'
[6.345s] INFO:colcon.colcon_core.shell:Creating package script '/home/primerobotics/BuddyArm/install/buddy_arm_moveit/share/buddy_arm_moveit/package.bash'
[6.346s] INFO:colcon.colcon_core.shell:Creating package script '/home/primerobotics/BuddyArm/install/buddy_arm_moveit/share/buddy_arm_moveit/package.zsh'
[6.347s] Level 1:colcon.colcon_core.environment:create_file_with_runtime_dependencies(/home/primerobotics/BuddyArm/install/buddy_arm_moveit/share/colcon-core/packages/buddy_arm_moveit)
[8.034s] DEBUG:colcon.colcon_core.event_handler.log_command:Invoked command in '/home/primerobotics/BuddyArm/build/arm_controller' returned '0': CMAKE_PREFIX_PATH=/opt/ros/humble /usr/bin/cmake /home/primerobotics/BuddyArm/src/arm_controller -DAMENT_CMAKE_SYMLINK_INSTALL=1 -DCMAKE_INSTALL_PREFIX=/home/primerobotics/BuddyArm/install/arm_controller
[8.037s] DEBUG:colcon.colcon_core.event_handler.log_command:Invoking command in '/home/primerobotics/BuddyArm/build/arm_controller': CMAKE_PREFIX_PATH=/opt/ros/humble /usr/bin/cmake --build /home/primerobotics/BuddyArm/build/arm_controller -- -j3 -l3
[28.406s] DEBUG:colcon.colcon_core.event_handler.log_command:Invoked command in '/home/primerobotics/BuddyArm/build/arm_controller' returned '0': CMAKE_PREFIX_PATH=/opt/ros/humble /usr/bin/cmake --build /home/primerobotics/BuddyArm/build/arm_controller -- -j3 -l3
[28.460s] DEBUG:colcon.colcon_core.event_handler.log_command:Invoking command in '/home/primerobotics/BuddyArm/build/arm_controller': CMAKE_PREFIX_PATH=/opt/ros/humble /usr/bin/cmake --install /home/primerobotics/BuddyArm/build/arm_controller
[29.187s] Level 1:colcon.colcon_core.environment:create_environment_scripts_only(arm_controller)
[29.189s] Level 1:colcon.colcon_core.environment:checking '/home/primerobotics/BuddyArm/install/arm_controller' for CMake module files
[29.190s] DEBUG:colcon.colcon_core.event_handler.log_command:Invoked command in '/home/primerobotics/BuddyArm/build/arm_controller' returned '0': CMAKE_PREFIX_PATH=/opt/ros/humble /usr/bin/cmake --install /home/primerobotics/BuddyArm/build/arm_controller
[29.191s] Level 1:colcon.colcon_core.environment:checking '/home/primerobotics/BuddyArm/install/arm_controller' for CMake config files
[29.191s] Level 1:colcon.colcon_core.shell:create_environment_hook('arm_controller', 'cmake_prefix_path')
[29.192s] INFO:colcon.colcon_core.shell:Creating environment hook '/home/primerobotics/BuddyArm/install/arm_controller/share/arm_controller/hook/cmake_prefix_path.ps1'
[29.193s] INFO:colcon.colcon_core.shell:Creating environment descriptor '/home/primerobotics/BuddyArm/install/arm_controller/share/arm_controller/hook/cmake_prefix_path.dsv'
[29.194s] INFO:colcon.colcon_core.shell:Creating environment hook '/home/primerobotics/BuddyArm/install/arm_controller/share/arm_controller/hook/cmake_prefix_path.sh'
[29.195s] Level 1:colcon.colcon_core.environment:checking '/home/primerobotics/BuddyArm/install/arm_controller/lib'
[29.195s] Level 1:colcon.colcon_core.shell:create_environment_hook('arm_controller', 'ld_library_path_lib')
[29.196s] INFO:colcon.colcon_core.shell:Creating environment hook '/home/primerobotics/BuddyArm/install/arm_controller/share/arm_controller/hook/ld_library_path_lib.ps1'
[29.196s] INFO:colcon.colcon_core.shell:Creating environment descriptor '/home/primerobotics/BuddyArm/install/arm_controller/share/arm_controller/hook/ld_library_path_lib.dsv'
[29.197s] INFO:colcon.colcon_core.shell:Creating environment hook '/home/primerobotics/BuddyArm/install/arm_controller/share/arm_controller/hook/ld_library_path_lib.sh'
[29.198s] Level 1:colcon.colcon_core.environment:checking '/home/primerobotics/BuddyArm/install/arm_controller/bin'
[29.198s] Level 1:colcon.colcon_core.environment:checking '/home/primerobotics/BuddyArm/install/arm_controller/lib/pkgconfig/arm_controller.pc'
[29.199s] Level 1:colcon.colcon_core.environment:checking '/home/primerobotics/BuddyArm/install/arm_controller/lib/python3.10/site-packages'
[29.199s] Level 1:colcon.colcon_core.environment:checking '/home/primerobotics/BuddyArm/install/arm_controller/bin'
[29.200s] INFO:colcon.colcon_core.shell:Creating package script '/home/primerobotics/BuddyArm/install/arm_controller/share/arm_controller/package.ps1'
[29.201s] INFO:colcon.colcon_core.shell:Creating package descriptor '/home/primerobotics/BuddyArm/install/arm_controller/share/arm_controller/package.dsv'
[29.202s] INFO:colcon.colcon_core.shell:Creating package script '/home/primerobotics/BuddyArm/install/arm_controller/share/arm_controller/package.sh'
[29.203s] INFO:colcon.colcon_core.shell:Creating package script '/home/primerobotics/BuddyArm/install/arm_controller/share/arm_controller/package.bash'
[29.203s] INFO:colcon.colcon_core.shell:Creating package script '/home/primerobotics/BuddyArm/install/arm_controller/share/arm_controller/package.zsh'
[29.204s] Level 1:colcon.colcon_core.environment:create_file_with_runtime_dependencies(/home/primerobotics/BuddyArm/install/arm_controller/share/colcon-core/packages/arm_controller)
[29.267s] Level 1:colcon.colcon_core.environment:create_environment_scripts_only(arm_controller)
[29.268s] Level 1:colcon.colcon_core.environment:checking '/home/primerobotics/BuddyArm/install/arm_controller' for CMake module files
[29.270s] Level 1:colcon.colcon_core.environment:checking '/home/primerobotics/BuddyArm/install/arm_controller' for CMake config files
[29.270s] Level 1:colcon.colcon_core.shell:create_environment_hook('arm_controller', 'cmake_prefix_path')
[29.271s] INFO:colcon.colcon_core.shell:Creating environment hook '/home/primerobotics/BuddyArm/install/arm_controller/share/arm_controller/hook/cmake_prefix_path.ps1'
[29.272s] INFO:colcon.colcon_core.shell:Creating environment descriptor '/home/primerobotics/BuddyArm/install/arm_controller/share/arm_controller/hook/cmake_prefix_path.dsv'
[29.273s] INFO:colcon.colcon_core.shell:Creating environment hook '/home/primerobotics/BuddyArm/install/arm_controller/share/arm_controller/hook/cmake_prefix_path.sh'
[29.274s] Level 1:colcon.colcon_core.environment:checking '/home/primerobotics/BuddyArm/install/arm_controller/lib'
[29.274s] Level 1:colcon.colcon_core.shell:create_environment_hook('arm_controller', 'ld_library_path_lib')
[29.275s] INFO:colcon.colcon_core.shell:Creating environment hook '/home/primerobotics/BuddyArm/install/arm_controller/share/arm_controller/hook/ld_library_path_lib.ps1'
[29.276s] INFO:colcon.colcon_core.shell:Creating environment descriptor '/home/primerobotics/BuddyArm/install/arm_controller/share/arm_controller/hook/ld_library_path_lib.dsv'
[29.276s] INFO:colcon.colcon_core.shell:Creating environment hook '/home/primerobotics/BuddyArm/install/arm_controller/share/arm_controller/hook/ld_library_path_lib.sh'
[29.277s] Level 1:colcon.colcon_core.environment:checking '/home/primerobotics/BuddyArm/install/arm_controller/bin'
[29.277s] Level 1:colcon.colcon_core.environment:checking '/home/primerobotics/BuddyArm/install/arm_controller/lib/pkgconfig/arm_controller.pc'
[29.278s] Level 1:colcon.colcon_core.environment:checking '/home/primerobotics/BuddyArm/install/arm_controller/lib/python3.10/site-packages'
[29.279s] Level 1:colcon.colcon_core.environment:checking '/home/primerobotics/BuddyArm/install/arm_controller/bin'
[29.279s] INFO:colcon.colcon_core.shell:Creating package script '/home/primerobotics/BuddyArm/install/arm_controller/share/arm_controller/package.ps1'
[29.281s] INFO:colcon.colcon_core.shell:Creating package descriptor '/home/primerobotics/BuddyArm/install/arm_controller/share/arm_controller/package.dsv'
[29.282s] INFO:colcon.colcon_core.shell:Creating package script '/home/primerobotics/BuddyArm/install/arm_controller/share/arm_controller/package.sh'
[29.283s] INFO:colcon.colcon_core.shell:Creating package script '/home/primerobotics/BuddyArm/install/arm_controller/share/arm_controller/package.bash'
[29.284s] INFO:colcon.colcon_core.shell:Creating package script '/home/primerobotics/BuddyArm/install/arm_controller/share/arm_controller/package.zsh'
[29.285s] Level 1:colcon.colcon_core.environment:create_file_with_runtime_dependencies(/home/primerobotics/BuddyArm/install/arm_controller/share/colcon-core/packages/arm_controller)
[29.286s] DEBUG:colcon.colcon_parallel_executor.executor.parallel:closing loop
[29.286s] DEBUG:colcon.colcon_parallel_executor.executor.parallel:loop closed
[29.287s] DEBUG:colcon.colcon_parallel_executor.executor.parallel:run_until_complete finished with '0'
[29.287s] DEBUG:colcon.colcon_core.event_reactor:joining thread
[29.318s] INFO:colcon.colcon_core.plugin_system:Skipping extension 'colcon_notification.desktop_notification.terminal_notifier': Not used on non-Darwin systems
[29.318s] INFO:colcon.colcon_core.plugin_system:Skipping extension 'colcon_notification.desktop_notification.win32': Not used on non-Windows systems
[29.318s] INFO:colcon.colcon_notification.desktop_notification:Sending desktop notification using 'notify2'
[29.355s] DEBUG:colcon.colcon_core.event_reactor:joined thread
[29.356s] INFO:colcon.colcon_core.shell:Creating prefix script '/home/primerobotics/BuddyArm/install/local_setup.ps1'
[29.358s] INFO:colcon.colcon_core.shell:Creating prefix util module '/home/primerobotics/BuddyArm/install/_local_setup_util_ps1.py'
[29.362s] INFO:colcon.colcon_core.shell:Creating prefix chain script '/home/primerobotics/BuddyArm/install/setup.ps1'
[29.366s] INFO:colcon.colcon_core.shell:Creating prefix script '/home/primerobotics/BuddyArm/install/local_setup.sh'
[29.369s] INFO:colcon.colcon_core.shell:Creating prefix util module '/home/primerobotics/BuddyArm/install/_local_setup_util_sh.py'
[29.370s] INFO:colcon.colcon_core.shell:Creating prefix chain script '/home/primerobotics/BuddyArm/install/setup.sh'
[29.374s] INFO:colcon.colcon_core.shell:Creating prefix script '/home/primerobotics/BuddyArm/install/local_setup.bash'
[29.375s] INFO:colcon.colcon_core.shell:Creating prefix chain script '/home/primerobotics/BuddyArm/install/setup.bash'
[29.382s] INFO:colcon.colcon_core.shell:Creating prefix script '/home/primerobotics/BuddyArm/install/local_setup.zsh'
[29.384s] INFO:colcon.colcon_core.shell:Creating prefix chain script '/home/primerobotics/BuddyArm/install/setup.zsh'
