[0.070s] Invoking command in '/home/primerobotics/BuddyArm/build/buddy_arm_moveit': CMAKE_PREFIX_PATH=/opt/ros/humble /usr/bin/cmake --build /home/primerobotics/BuddyArm/build/buddy_arm_moveit -- -j3 -l3
[0.169s] Invoked command in '/home/primerobotics/BuddyArm/build/buddy_arm_moveit' returned '0': CMAKE_PREFIX_PATH=/opt/ros/humble /usr/bin/cmake --build /home/primerobotics/BuddyArm/build/buddy_arm_moveit -- -j3 -l3
[0.219s] Invoking command in '/home/primerobotics/BuddyArm/build/buddy_arm_moveit': CMAKE_PREFIX_PATH=/opt/ros/humble /usr/bin/cmake --install /home/primerobotics/BuddyArm/build/buddy_arm_moveit
[0.252s] -- Install configuration: ""
[0.253s] -- Execute custom install script
[0.254s] -- Up-to-date symlink: /home/primerobotics/BuddyArm/install/buddy_arm_moveit/share/buddy_arm_moveit/launch/moveit.launch.py
[0.255s] -- Up-to-date symlink: /home/primerobotics/BuddyArm/install/buddy_arm_moveit/share/buddy_arm_moveit/config/arm.srdf
[0.256s] -- Up-to-date symlink: /home/primerobotics/BuddyArm/install/buddy_arm_moveit/share/buddy_arm_moveit/config/initial_positions.yaml
[0.256s] -- Up-to-date symlink: /home/primerobotics/BuddyArm/install/buddy_arm_moveit/share/buddy_arm_moveit/config/joint_limits.yaml
[0.257s] -- Up-to-date symlink: /home/primerobotics/BuddyArm/install/buddy_arm_moveit/share/buddy_arm_moveit/config/kinematics.yaml
[0.257s] -- Up-to-date symlink: /home/primerobotics/BuddyArm/install/buddy_arm_moveit/share/buddy_arm_moveit/config/moveit.rviz
[0.258s] -- Up-to-date symlink: /home/primerobotics/BuddyArm/install/buddy_arm_moveit/share/buddy_arm_moveit/config/moveit_controllers.yaml
[0.258s] -- Up-to-date symlink: /home/primerobotics/BuddyArm/install/buddy_arm_moveit/share/buddy_arm_moveit/config/pilz_cartesian_limits.yaml
[0.260s] -- Up-to-date symlink: /home/primerobotics/BuddyArm/install/buddy_arm_moveit/share/ament_index/resource_index/package_run_dependencies/buddy_arm_moveit
[0.262s] -- Up-to-date symlink: /home/primerobotics/BuddyArm/install/buddy_arm_moveit/share/ament_index/resource_index/parent_prefix_path/buddy_arm_moveit
[0.263s] -- Up-to-date symlink: /home/primerobotics/BuddyArm/install/buddy_arm_moveit/share/buddy_arm_moveit/environment/ament_prefix_path.sh
[0.264s] -- Up-to-date symlink: /home/primerobotics/BuddyArm/install/buddy_arm_moveit/share/buddy_arm_moveit/environment/ament_prefix_path.dsv
[0.267s] -- Up-to-date symlink: /home/primerobotics/BuddyArm/install/buddy_arm_moveit/share/buddy_arm_moveit/environment/path.sh
[0.268s] -- Up-to-date symlink: /home/primerobotics/BuddyArm/install/buddy_arm_moveit/share/buddy_arm_moveit/environment/path.dsv
[0.269s] -- Up-to-date symlink: /home/primerobotics/BuddyArm/install/buddy_arm_moveit/share/buddy_arm_moveit/local_setup.bash
[0.271s] -- Up-to-date symlink: /home/primerobotics/BuddyArm/install/buddy_arm_moveit/share/buddy_arm_moveit/local_setup.sh
[0.273s] -- Up-to-date symlink: /home/primerobotics/BuddyArm/install/buddy_arm_moveit/share/buddy_arm_moveit/local_setup.zsh
[0.274s] -- Up-to-date symlink: /home/primerobotics/BuddyArm/install/buddy_arm_moveit/share/buddy_arm_moveit/local_setup.dsv
[0.274s] -- Symlinking: /home/primerobotics/BuddyArm/install/buddy_arm_moveit/share/buddy_arm_moveit/package.dsv
[0.297s] -- Up-to-date symlink: /home/primerobotics/BuddyArm/install/buddy_arm_moveit/share/ament_index/resource_index/packages/buddy_arm_moveit
[0.299s] -- Up-to-date symlink: /home/primerobotics/BuddyArm/install/buddy_arm_moveit/share/buddy_arm_moveit/cmake/buddy_arm_moveitConfig.cmake
[0.303s] -- Up-to-date symlink: /home/primerobotics/BuddyArm/install/buddy_arm_moveit/share/buddy_arm_moveit/cmake/buddy_arm_moveitConfig-version.cmake
[0.303s] -- Up-to-date symlink: /home/primerobotics/BuddyArm/install/buddy_arm_moveit/share/buddy_arm_moveit/package.xml
[0.309s] Invoked command in '/home/primerobotics/BuddyArm/build/buddy_arm_moveit' returned '0': CMAKE_PREFIX_PATH=/opt/ros/humble /usr/bin/cmake --install /home/primerobotics/BuddyArm/build/buddy_arm_moveit
